[ 2015-04-24T16:19:01+08:00 ] 192.168.33.1 /Admin/Rbac/listrole.html
INFO: [ route_check ] --START--
INFO: CheckRoute Behavior ::run [ RunTime:0.007669s ]
INFO: [ route_check ] --END-- [ RunTime:0.007755s ]
INFO: [ app_begin ] --START--
INFO: ReadHtmlCache Behavior ::run [ RunTime:0.006371s ]
INFO: [ app_begin ] --END-- [ RunTime:0.006485s ]
SQL: SHOW COLUMNS FROM `blog_role` [ RunTime:0.001979s ]
SQL: SELECT COUNT(*) AS tp_count FROM `blog_role` LIMIT 1   [ RunTime:0.000220s ]
NOTIC: [8] Undefined property: Page::$fristRow /data/www/blog/App/Modules/Admin/Action/RbacAction.class.php 第 45 行.
NOTIC: [8] Undefined property: Page::$listRow /data/www/blog/App/Modules/Admin/Action/RbacAction.class.php 第 45 行.
SQL: SELECT * FROM `blog_role`  [ RunTime:0.001518s ]
INFO: [ view_parse ] --START--
INFO: ParseTemplate Behavior ::run [ RunTime:0.085202s ]
INFO: [ view_parse ] --END-- [ RunTime:0.085294s ]
INFO: [ view_filter ] --START--
INFO: ContentReplace Behavior ::run [ RunTime:0.007385s ]
INFO: TokenBuild Behavior ::run [ RunTime:0.005816s ]
INFO: WriteHtmlCache Behavior ::run [ RunTime:0.005957s ]
INFO: ShowRuntime Behavior ::run [ RunTime:0.006218s ]
INFO: [ view_filter ] --END-- [ RunTime:0.025707s ]
INFO: [ view_end ] --START--
INFO: ShowPageTrace Behavior ::run [ RunTime:0.007654s ]
INFO: [ view_end ] --END-- [ RunTime:0.007721s ]

[ 2015-04-24T16:19:03+08:00 ] 192.168.33.1 /Admin/Rbac/listuser.html
INFO: [ route_check ] --START--
INFO: CheckRoute Behavior ::run [ RunTime:0.007318s ]
INFO: [ route_check ] --END-- [ RunTime:0.007377s ]
INFO: [ app_begin ] --START--
INFO: ReadHtmlCache Behavior ::run [ RunTime:0.008380s ]
INFO: [ app_begin ] --END-- [ RunTime:0.008481s ]
SQL: SHOW COLUMNS FROM `blog_user` [ RunTime:0.009395s ]
SQL: SELECT COUNT(*) AS tp_count FROM `blog_user` LIMIT 1   [ RunTime:0.000252s ]
NOTIC: [8] Undefined property: Page::$fristRow /data/www/blog/App/Modules/Admin/Action/RbacAction.class.php 第 211 行.
NOTIC: [8] Undefined property: Page::$listRow /data/www/blog/App/Modules/Admin/Action/RbacAction.class.php 第 211 行.
SQL: SHOW COLUMNS FROM `blog_user` [ RunTime:0.000684s ]
SQL: SELECT `id`,`username`,`realname`,`last_login_ip`,`email`,`last_login_time`,`token`,`phone`,`code`,`content` FROM `blog_user`  [ RunTime:0.001100s ]
SQL: SHOW COLUMNS FROM `blog_role` [ RunTime:0.000553s ]
NOTIC: [8] Undefined index: mapping_order /data/www/blog/ThinkPHP/Extend/Model/RelationModel.class.php 第 188 行.
NOTIC: [8] Undefined index: mapping_limit /data/www/blog/ThinkPHP/Extend/Model/RelationModel.class.php 第 189 行.
NOTIC: [8] Undefined index: relation_foreign_key /data/www/blog/ThinkPHP/Extend/Model/RelationModel.class.php 第 190 行.
SQL: SELECT b.id,name,remark FROM blog_role_user AS a, blog_role AS b WHERE a.role_id = b.id AND a. user_id='1' [ RunTime:0.000790s ]
NOTIC: [8] Undefined index: mapping_order /data/www/blog/ThinkPHP/Extend/Model/RelationModel.class.php 第 188 行.
NOTIC: [8] Undefined index: mapping_limit /data/www/blog/ThinkPHP/Extend/Model/RelationModel.class.php 第 189 行.
NOTIC: [8] Undefined index: relation_foreign_key /data/www/blog/ThinkPHP/Extend/Model/RelationModel.class.php 第 190 行.
SQL: SELECT b.id,name,remark FROM blog_role_user AS a, blog_role AS b WHERE a.role_id = b.id AND a. user_id='2' [ RunTime:0.001682s ]
NOTIC: [8] Undefined index: mapping_order /data/www/blog/ThinkPHP/Extend/Model/RelationModel.class.php 第 188 行.
NOTIC: [8] Undefined index: mapping_limit /data/www/blog/ThinkPHP/Extend/Model/RelationModel.class.php 第 189 行.
NOTIC: [8] Undefined index: relation_foreign_key /data/www/blog/ThinkPHP/Extend/Model/RelationModel.class.php 第 190 行.
SQL: SELECT b.id,name,remark FROM blog_role_user AS a, blog_role AS b WHERE a.role_id = b.id AND a. user_id='8' [ RunTime:0.000253s ]
NOTIC: [8] Undefined index: mapping_order /data/www/blog/ThinkPHP/Extend/Model/RelationModel.class.php 第 188 行.
NOTIC: [8] Undefined index: mapping_limit /data/www/blog/ThinkPHP/Extend/Model/RelationModel.class.php 第 189 行.
NOTIC: [8] Undefined index: relation_foreign_key /data/www/blog/ThinkPHP/Extend/Model/RelationModel.class.php 第 190 行.
SQL: SELECT b.id,name,remark FROM blog_role_user AS a, blog_role AS b WHERE a.role_id = b.id AND a. user_id='5' [ RunTime:0.000188s ]
NOTIC: [8] Undefined index: mapping_order /data/www/blog/ThinkPHP/Extend/Model/RelationModel.class.php 第 188 行.
NOTIC: [8] Undefined index: mapping_limit /data/www/blog/ThinkPHP/Extend/Model/RelationModel.class.php 第 189 行.
NOTIC: [8] Undefined index: relation_foreign_key /data/www/blog/ThinkPHP/Extend/Model/RelationModel.class.php 第 190 行.
SQL: SELECT b.id,name,remark FROM blog_role_user AS a, blog_role AS b WHERE a.role_id = b.id AND a. user_id='6' [ RunTime:0.000177s ]
NOTIC: [8] Undefined index: mapping_order /data/www/blog/ThinkPHP/Extend/Model/RelationModel.class.php 第 188 行.
NOTIC: [8] Undefined index: mapping_limit /data/www/blog/ThinkPHP/Extend/Model/RelationModel.class.php 第 189 行.
NOTIC: [8] Undefined index: relation_foreign_key /data/www/blog/ThinkPHP/Extend/Model/RelationModel.class.php 第 190 行.
SQL: SELECT b.id,name,remark FROM blog_role_user AS a, blog_role AS b WHERE a.role_id = b.id AND a. user_id='7' [ RunTime:0.000172s ]
INFO: [ view_parse ] --START--
INFO: ParseTemplate Behavior ::run [ RunTime:0.082862s ]
INFO: [ view_parse ] --END-- [ RunTime:0.082952s ]
INFO: [ view_filter ] --START--
INFO: ContentReplace Behavior ::run [ RunTime:0.006673s ]
INFO: TokenBuild Behavior ::run [ RunTime:0.005082s ]
INFO: WriteHtmlCache Behavior ::run [ RunTime:0.005487s ]
INFO: ShowRuntime Behavior ::run [ RunTime:0.005572s ]
INFO: [ view_filter ] --END-- [ RunTime:0.023028s ]
INFO: [ view_end ] --START--
INFO: ShowPageTrace Behavior ::run [ RunTime:0.006018s ]
INFO: [ view_end ] --END-- [ RunTime:0.006086s ]

[ 2015-04-24T16:19:06+08:00 ] 192.168.33.1 /Admin/Rbac/listuser.html
INFO: [ route_check ] --START--
INFO: CheckRoute Behavior ::run [ RunTime:0.006083s ]
INFO: [ route_check ] --END-- [ RunTime:0.006181s ]
INFO: [ app_begin ] --START--
INFO: ReadHtmlCache Behavior ::run [ RunTime:0.006608s ]
INFO: [ app_begin ] --END-- [ RunTime:0.006704s ]
SQL: SHOW COLUMNS FROM `blog_user` [ RunTime:0.000766s ]
SQL: SELECT COUNT(*) AS tp_count FROM `blog_user` LIMIT 1   [ RunTime:0.000056s ]
NOTIC: [8] Undefined property: Page::$fristRow /data/www/blog/App/Modules/Admin/Action/RbacAction.class.php 第 211 行.
NOTIC: [8] Undefined property: Page::$listRow /data/www/blog/App/Modules/Admin/Action/RbacAction.class.php 第 211 行.
SQL: SHOW COLUMNS FROM `blog_user` [ RunTime:0.000575s ]
SQL: SELECT `id`,`username`,`realname`,`last_login_ip`,`email`,`last_login_time`,`token`,`phone`,`code`,`content` FROM `blog_user`  [ RunTime:0.000058s ]
SQL: SHOW COLUMNS FROM `blog_role` [ RunTime:0.001370s ]
NOTIC: [8] Undefined index: mapping_order /data/www/blog/ThinkPHP/Extend/Model/RelationModel.class.php 第 188 行.
NOTIC: [8] Undefined index: mapping_limit /data/www/blog/ThinkPHP/Extend/Model/RelationModel.class.php 第 189 行.
NOTIC: [8] Undefined index: relation_foreign_key /data/www/blog/ThinkPHP/Extend/Model/RelationModel.class.php 第 190 行.
SQL: SELECT b.id,name,remark FROM blog_role_user AS a, blog_role AS b WHERE a.role_id = b.id AND a. user_id='1' [ RunTime:0.000122s ]
NOTIC: [8] Undefined index: mapping_order /data/www/blog/ThinkPHP/Extend/Model/RelationModel.class.php 第 188 行.
NOTIC: [8] Undefined index: mapping_limit /data/www/blog/ThinkPHP/Extend/Model/RelationModel.class.php 第 189 行.
NOTIC: [8] Undefined index: relation_foreign_key /data/www/blog/ThinkPHP/Extend/Model/RelationModel.class.php 第 190 行.
SQL: SELECT b.id,name,remark FROM blog_role_user AS a, blog_role AS b WHERE a.role_id = b.id AND a. user_id='2' [ RunTime:0.000071s ]
NOTIC: [8] Undefined index: mapping_order /data/www/blog/ThinkPHP/Extend/Model/RelationModel.class.php 第 188 行.
NOTIC: [8] Undefined index: mapping_limit /data/www/blog/ThinkPHP/Extend/Model/RelationModel.class.php 第 189 行.
NOTIC: [8] Undefined index: relation_foreign_key /data/www/blog/ThinkPHP/Extend/Model/RelationModel.class.php 第 190 行.
SQL: SELECT b.id,name,remark FROM blog_role_user AS a, blog_role AS b WHERE a.role_id = b.id AND a. user_id='8' [ RunTime:0.000101s ]
NOTIC: [8] Undefined index: mapping_order /data/www/blog/ThinkPHP/Extend/Model/RelationModel.class.php 第 188 行.
NOTIC: [8] Undefined index: mapping_limit /data/www/blog/ThinkPHP/Extend/Model/RelationModel.class.php 第 189 行.
NOTIC: [8] Undefined index: relation_foreign_key /data/www/blog/ThinkPHP/Extend/Model/RelationModel.class.php 第 190 行.
SQL: SELECT b.id,name,remark FROM blog_role_user AS a, blog_role AS b WHERE a.role_id = b.id AND a. user_id='5' [ RunTime:0.000075s ]
NOTIC: [8] Undefined index: mapping_order /data/www/blog/ThinkPHP/Extend/Model/RelationModel.class.php 第 188 行.
NOTIC: [8] Undefined index: mapping_limit /data/www/blog/ThinkPHP/Extend/Model/RelationModel.class.php 第 189 行.
NOTIC: [8] Undefined index: relation_foreign_key /data/www/blog/ThinkPHP/Extend/Model/RelationModel.class.php 第 190 行.
SQL: SELECT b.id,name,remark FROM blog_role_user AS a, blog_role AS b WHERE a.role_id = b.id AND a. user_id='6' [ RunTime:0.000047s ]
NOTIC: [8] Undefined index: mapping_order /data/www/blog/ThinkPHP/Extend/Model/RelationModel.class.php 第 188 行.
NOTIC: [8] Undefined index: mapping_limit /data/www/blog/ThinkPHP/Extend/Model/RelationModel.class.php 第 189 行.
NOTIC: [8] Undefined index: relation_foreign_key /data/www/blog/ThinkPHP/Extend/Model/RelationModel.class.php 第 190 行.
SQL: SELECT b.id,name,remark FROM blog_role_user AS a, blog_role AS b WHERE a.role_id = b.id AND a. user_id='7' [ RunTime:0.000045s ]
INFO: [ view_parse ] --START--
INFO: ParseTemplate Behavior ::run [ RunTime:0.093400s ]
INFO: [ view_parse ] --END-- [ RunTime:0.093506s ]
INFO: [ view_filter ] --START--
INFO: ContentReplace Behavior ::run [ RunTime:0.009007s ]
INFO: TokenBuild Behavior ::run [ RunTime:0.006760s ]
INFO: WriteHtmlCache Behavior ::run [ RunTime:0.005911s ]
INFO: ShowRuntime Behavior ::run [ RunTime:0.006469s ]
INFO: [ view_filter ] --END-- [ RunTime:0.028384s ]
INFO: [ view_end ] --START--
INFO: ShowPageTrace Behavior ::run [ RunTime:0.005137s ]
INFO: [ view_end ] --END-- [ RunTime:0.005197s ]

[ 2015-04-24T16:19:08+08:00 ] 192.168.33.1 /Admin/Rbac/listrole.html
INFO: [ route_check ] --START--
INFO: CheckRoute Behavior ::run [ RunTime:0.006007s ]
INFO: [ route_check ] --END-- [ RunTime:0.006103s ]
INFO: [ app_begin ] --START--
INFO: ReadHtmlCache Behavior ::run [ RunTime:0.004121s ]
INFO: [ app_begin ] --END-- [ RunTime:0.004204s ]
SQL: SHOW COLUMNS FROM `blog_role` [ RunTime:0.000416s ]
SQL: SELECT COUNT(*) AS tp_count FROM `blog_role` LIMIT 1   [ RunTime:0.000142s ]
NOTIC: [8] Undefined property: Page::$fristRow /data/www/blog/App/Modules/Admin/Action/RbacAction.class.php 第 45 行.
NOTIC: [8] Undefined property: Page::$listRow /data/www/blog/App/Modules/Admin/Action/RbacAction.class.php 第 45 行.
SQL: SELECT * FROM `blog_role`  [ RunTime:0.000077s ]
INFO: [ view_parse ] --START--
INFO: ParseTemplate Behavior ::run [ RunTime:0.062143s ]
INFO: [ view_parse ] --END-- [ RunTime:0.062219s ]
INFO: [ view_filter ] --START--
INFO: ContentReplace Behavior ::run [ RunTime:0.003816s ]
INFO: TokenBuild Behavior ::run [ RunTime:0.005007s ]
INFO: WriteHtmlCache Behavior ::run [ RunTime:0.004103s ]
INFO: ShowRuntime Behavior ::run [ RunTime:0.004802s ]
INFO: [ view_filter ] --END-- [ RunTime:0.017954s ]
INFO: [ view_end ] --START--
INFO: ShowPageTrace Behavior ::run [ RunTime:0.004799s ]
INFO: [ view_end ] --END-- [ RunTime:0.004875s ]

[ 2015-04-24T16:19:10+08:00 ] 192.168.33.1 /Admin/Rbac/access/id/8.html
INFO: [ route_check ] --START--
INFO: CheckRoute Behavior ::run [ RunTime:0.007893s ]
INFO: [ route_check ] --END-- [ RunTime:0.007993s ]
INFO: [ app_begin ] --START--
INFO: ReadHtmlCache Behavior ::run [ RunTime:0.005158s ]
INFO: [ app_begin ] --END-- [ RunTime:0.005249s ]
SQL: SHOW COLUMNS FROM `blog_node` [ RunTime:0.000493s ]
SQL: SELECT `id`,`name`,`title`,`pid` FROM `blog_node`  [ RunTime:0.008697s ]
SQL: SHOW COLUMNS FROM `blog_access` [ RunTime:0.000547s ]
SQL: SELECT `node_id` FROM `blog_access` WHERE ( `role_id` = 8 )  [ RunTime:0.000573s ]
INFO: [ view_parse ] --START--
INFO: ParseTemplate Behavior ::run [ RunTime:0.079893s ]
INFO: [ view_parse ] --END-- [ RunTime:0.079996s ]
INFO: [ view_filter ] --START--
INFO: ContentReplace Behavior ::run [ RunTime:0.005208s ]
INFO: TokenBuild Behavior ::run [ RunTime:0.005869s ]
INFO: WriteHtmlCache Behavior ::run [ RunTime:0.007043s ]
INFO: ShowRuntime Behavior ::run [ RunTime:0.004990s ]
INFO: [ view_filter ] --END-- [ RunTime:0.023420s ]
INFO: [ view_end ] --START--
INFO: ShowPageTrace Behavior ::run [ RunTime:0.006405s ]
INFO: [ view_end ] --END-- [ RunTime:0.006468s ]

[ 2015-04-24T16:35:52+08:00 ] 192.168.33.1 /Admin/Rbac/listrole.html
INFO: [ route_check ] --START--
INFO: CheckRoute Behavior ::run [ RunTime:0.009011s ]
INFO: [ route_check ] --END-- [ RunTime:0.009145s ]
INFO: [ app_begin ] --START--
INFO: ReadHtmlCache Behavior ::run [ RunTime:0.006590s ]
INFO: [ app_begin ] --END-- [ RunTime:0.006685s ]
SQL: SHOW COLUMNS FROM `blog_role` [ RunTime:0.000553s ]
SQL: SELECT COUNT(*) AS tp_count FROM `blog_role` LIMIT 1   [ RunTime:0.000067s ]
NOTIC: [8] Undefined property: Page::$fristRow /data/www/blog/App/Modules/Admin/Action/RbacAction.class.php 第 45 行.
NOTIC: [8] Undefined property: Page::$listRow /data/www/blog/App/Modules/Admin/Action/RbacAction.class.php 第 45 行.
SQL: SELECT * FROM `blog_role`  [ RunTime:0.000059s ]
INFO: [ view_parse ] --START--
INFO: ParseTemplate Behavior ::run [ RunTime:0.078556s ]
INFO: [ view_parse ] --END-- [ RunTime:0.078648s ]
INFO: [ view_filter ] --START--
INFO: ContentReplace Behavior ::run [ RunTime:0.007605s ]
INFO: TokenBuild Behavior ::run [ RunTime:0.006825s ]
INFO: WriteHtmlCache Behavior ::run [ RunTime:0.006188s ]
INFO: ShowRuntime Behavior ::run [ RunTime:0.009051s ]
INFO: [ view_filter ] --END-- [ RunTime:0.029973s ]
INFO: [ view_end ] --START--
INFO: ShowPageTrace Behavior ::run [ RunTime:0.008359s ]
INFO: [ view_end ] --END-- [ RunTime:0.008442s ]

[ 2015-04-24T16:36:02+08:00 ] 192.168.33.1 /Admin/Rbac/access/id/8.html
INFO: [ route_check ] --START--
INFO: CheckRoute Behavior ::run [ RunTime:0.008747s ]
INFO: [ route_check ] --END-- [ RunTime:0.008862s ]
INFO: [ app_begin ] --START--
INFO: ReadHtmlCache Behavior ::run [ RunTime:0.005513s ]
INFO: [ app_begin ] --END-- [ RunTime:0.005610s ]
SQL: SHOW COLUMNS FROM `blog_node` [ RunTime:0.000578s ]
SQL: SELECT `id`,`name`,`title`,`pid` FROM `blog_node`  [ RunTime:0.000067s ]
SQL: SHOW COLUMNS FROM `blog_access` [ RunTime:0.000534s ]
SQL: SELECT `node_id` FROM `blog_access` WHERE ( `role_id` = 8 )  [ RunTime:0.000068s ]
INFO: [ view_parse ] --START--
INFO: ParseTemplate Behavior ::run [ RunTime:0.057653s ]
INFO: [ view_parse ] --END-- [ RunTime:0.057736s ]
INFO: [ view_filter ] --START--
INFO: ContentReplace Behavior ::run [ RunTime:0.005311s ]
INFO: TokenBuild Behavior ::run [ RunTime:0.005343s ]
INFO: WriteHtmlCache Behavior ::run [ RunTime:0.005052s ]
INFO: ShowRuntime Behavior ::run [ RunTime:0.005295s ]
INFO: [ view_filter ] --END-- [ RunTime:0.021262s ]
INFO: [ view_end ] --START--
INFO: ShowPageTrace Behavior ::run [ RunTime:0.007258s ]
INFO: [ view_end ] --END-- [ RunTime:0.007330s ]

