[ 2015-05-10T09:48:16+08:00 ] 192.168.33.1 /15.html
INFO: [ route_check ] --START--
INFO: CheckRoute Behavior ::run [ RunTime:0.012786s ]
INFO: [ route_check ] --END-- [ RunTime:0.012914s ]
INFO: [ app_begin ] --START--
INFO: ReadHtmlCache Behavior ::run [ RunTime:0.008201s ]
INFO: [ app_begin ] --END-- [ RunTime:0.008293s ]
SQL: SHOW COLUMNS FROM `blog_content` [ RunTime:0.000622s ]
SQL: SELECT * FROM `blog_content` WHERE ( `id` = 15 ) LIMIT 1   [ RunTime:0.001001s ]
SQL: SHOW COLUMNS FROM `blog_cate` [ RunTime:0.000461s ]
SQL: SELECT * FROM `blog_cate`  [ RunTime:0.000094s ]
SQL: SHOW COLUMNS FROM `blog_evaluate` [ RunTime:0.000974s ]
SQL: SELECT COUNT(*) AS tp_count FROM `blog_evaluate` WHERE ( `target_uid` = 15 ) AND ( `target_id` = 0 ) LIMIT 1   [ RunTime:0.000110s ]
SQL: SELECT * FROM `blog_evaluate` WHERE ( `target_uid` = 15 ) AND ( `target_id` = 0 ) LIMIT 0,5   [ RunTime:0.000159s ]
INFO: [ view_parse ] --START--
NOTIC: [8] Undefined variable: title /data/www/blog/App/Runtime/Cache/Home/0e5084fc0722bdeca7772e9f1781d893.php 第 8 行.
SQL: SHOW COLUMNS FROM `blog_cate` [ RunTime:0.000858s ]
SQL: SELECT * FROM `blog_cate` WHERE ( `is_show` = 1 ) ORDER BY sort ASC LIMIT 100   [ RunTime:0.000053s ]
SQL: SELECT * FROM `blog_evaluate` WHERE (  ( `target_uid` = '15' ) AND ( `target_id` = 0 ) AND ( `status` = 0 ) ) LIMIT 0,5   [ RunTime:0.000146s ]
SQL: SHOW COLUMNS FROM `blog_member` [ RunTime:0.000919s ]
SQL: SELECT `top_pic` FROM `blog_member` WHERE ( `member_id` = 2 ) LIMIT 1   [ RunTime:0.000068s ]
SQL: SELECT `member_name` FROM `blog_member` WHERE ( `member_id` = 2 ) LIMIT 1   [ RunTime:0.000058s ]
SQL: SELECT `top_pic` FROM `blog_member` WHERE ( `member_id` = 2 ) LIMIT 1   [ RunTime:0.000054s ]
SQL: SELECT `member_name` FROM `blog_member` WHERE ( `member_id` = 2 ) LIMIT 1   [ RunTime:0.000046s ]
NOTIC: [8] Undefined index: uid /data/www/blog/App/Runtime/Cache/Home/f1105984bfefe3f9c6c6b0aed51b5873.php 第 25 行.
SQL: SELECT `id`,`title`,`click` FROM `blog_content` ORDER BY click desc LIMIT 5   [ RunTime:0.000391s ]
NOTIC: [8] Undefined variable: order /data/www/blog/App/Runtime/Cache/Home/82fde19a6a150571f89c227782947b1d.php 第 3 行.
SQL: SELECT `id`,`title`,`click` FROM `blog_content` ORDER BY add_time desc LIMIT 5   [ RunTime:0.000490s ]
NOTIC: [8] Undefined variable: order /data/www/blog/App/Runtime/Cache/Home/82fde19a6a150571f89c227782947b1d.php 第 3 行.
SQL: SHOW COLUMNS FROM `blog_link` [ RunTime:0.000372s ]
SQL: SELECT `name`,`link` FROM `blog_link` ORDER BY sort  [ RunTime:0.000085s ]
INFO: ParseTemplate Behavior ::run [ RunTime:0.651690s ]
INFO: [ view_parse ] --END-- [ RunTime:0.651798s ]
INFO: [ view_filter ] --START--
INFO: ContentReplace Behavior ::run [ RunTime:0.007930s ]
INFO: TokenBuild Behavior ::run [ RunTime:0.006081s ]
INFO: WriteHtmlCache Behavior ::run [ RunTime:0.011318s ]
INFO: ShowRuntime Behavior ::run [ RunTime:0.007667s ]
INFO: [ view_filter ] --END-- [ RunTime:0.033325s ]
INFO: [ view_end ] --START--
INFO: ShowPageTrace Behavior ::run [ RunTime:0.010616s ]
INFO: [ view_end ] --END-- [ RunTime:0.010751s ]

[ 2015-05-10T09:48:16+08:00 ] 192.168.33.1 /Home/Detail/clicknum/id/15.html
INFO: [ route_check ] --START--
INFO: CheckRoute Behavior ::run [ RunTime:0.008478s ]
INFO: [ route_check ] --END-- [ RunTime:0.008581s ]
INFO: [ app_begin ] --START--
INFO: ReadHtmlCache Behavior ::run [ RunTime:0.006258s ]
INFO: [ app_begin ] --END-- [ RunTime:0.006363s ]
SQL: SHOW COLUMNS FROM `blog_content` [ RunTime:0.000436s ]
SQL: SELECT `click` FROM `blog_content` WHERE ( `id` = 15 ) LIMIT 1   [ RunTime:0.000150s ]
SQL: UPDATE `blog_content` SET `click`=click+1 WHERE ( `id` = 15 ) [ RunTime:0.006094s ]

[ 2015-05-10T10:02:41+08:00 ] 192.168.33.1 /
INFO: [ app_begin ] --START--
INFO: ReadHtmlCache Behavior ::run [ RunTime:0.006568s ]
INFO: [ app_begin ] --END-- [ RunTime:0.006669s ]
SQL: SHOW COLUMNS FROM `blog_cate` [ RunTime:0.000468s ]
SQL: SELECT * FROM `blog_cate` WHERE ( `pid` = 0 ) ORDER BY sort asc  [ RunTime:0.000079s ]
SQL: SELECT * FROM `blog_cate`  [ RunTime:0.000055s ]
SQL: SHOW COLUMNS FROM `blog_content` [ RunTime:0.000521s ]
SQL: SELECT `id`,`title`,`add_time` FROM `blog_content` WHERE ( `cate_id` IN ('4','2') ) AND ( `status` = 0 ) ORDER BY add_time desc LIMIT 8   [ RunTime:0.000674s ]
SQL: SELECT `id`,`title`,`add_time` FROM `blog_content` WHERE ( `cate_id` IN ('3') ) AND ( `status` = 0 ) ORDER BY add_time desc LIMIT 8   [ RunTime:0.000340s ]
SQL: SELECT `id`,`title`,`add_time` FROM `blog_content` WHERE ( `cate_id` IN ('9','10','15','11','20','21','5') ) AND ( `status` = 0 ) ORDER BY add_time desc LIMIT 8   [ RunTime:0.000307s ]
SQL: SELECT `id`,`title`,`add_time` FROM `blog_content` WHERE ( `cate_id` IN ('22','23','16') ) AND ( `status` = 0 ) ORDER BY add_time desc LIMIT 8   [ RunTime:0.000204s ]
SQL: SELECT `id`,`title`,`add_time` FROM `blog_content` WHERE ( `cate_id` IN ('8','14','1') ) AND ( `status` = 0 ) ORDER BY add_time desc LIMIT 8   [ RunTime:0.000338s ]
SQL: SELECT `id`,`title`,`add_time` FROM `blog_content` WHERE ( `cate_id` IN ('12','13','18','6') ) AND ( `status` = 0 ) ORDER BY add_time desc LIMIT 8   [ RunTime:0.000381s ]
SQL: SELECT `id`,`title`,`add_time` FROM `blog_content` WHERE ( `cate_id` IN ('17') ) AND ( `status` = 0 ) ORDER BY add_time desc LIMIT 8   [ RunTime:0.000326s ]
SQL: SELECT `id`,`title`,`add_time` FROM `blog_content` WHERE ( `cate_id` IN ('7') ) AND ( `status` = 0 ) ORDER BY add_time desc LIMIT 8   [ RunTime:0.000322s ]
SQL: SELECT `id`,`title`,`add_time` FROM `blog_content` WHERE ( `cate_id` IN ('19') ) AND ( `status` = 0 ) ORDER BY add_time desc LIMIT 8   [ RunTime:0.000310s ]
INFO: [ view_parse ] --START--
NOTIC: [8] Undefined variable: keywords /data/www/blog/App/Runtime/Cache/Home/dfbde131d3dce021e47f060addf3b2af.php 第 6 行.
NOTIC: [8] Undefined variable: description /data/www/blog/App/Runtime/Cache/Home/dfbde131d3dce021e47f060addf3b2af.php 第 7 行.
NOTIC: [8] Undefined variable: title /data/www/blog/App/Runtime/Cache/Home/dfbde131d3dce021e47f060addf3b2af.php 第 8 行.
SQL: SHOW COLUMNS FROM `blog_cate` [ RunTime:0.000504s ]
SQL: SELECT * FROM `blog_cate` WHERE ( `is_show` = 1 ) ORDER BY sort ASC LIMIT 100   [ RunTime:0.000067s ]
SQL: SELECT `id`,`title`,`click` FROM `blog_content` ORDER BY click desc LIMIT 5   [ RunTime:0.000324s ]
NOTIC: [8] Undefined variable: order /data/www/blog/App/Runtime/Cache/Home/82fde19a6a150571f89c227782947b1d.php 第 3 行.
SQL: SELECT `id`,`title`,`click` FROM `blog_content` ORDER BY add_time desc LIMIT 5   [ RunTime:0.000672s ]
NOTIC: [8] Undefined variable: order /data/www/blog/App/Runtime/Cache/Home/82fde19a6a150571f89c227782947b1d.php 第 3 行.
SQL: SHOW COLUMNS FROM `blog_link` [ RunTime:0.000696s ]
SQL: SELECT `name`,`link` FROM `blog_link` ORDER BY sort  [ RunTime:0.000067s ]
INFO: ParseTemplate Behavior ::run [ RunTime:0.165741s ]
INFO: [ view_parse ] --END-- [ RunTime:0.165833s ]
INFO: [ view_filter ] --START--
INFO: ContentReplace Behavior ::run [ RunTime:0.003889s ]
INFO: TokenBuild Behavior ::run [ RunTime:0.004503s ]
INFO: WriteHtmlCache Behavior ::run [ RunTime:0.003633s ]
INFO: ShowRuntime Behavior ::run [ RunTime:0.005271s ]
INFO: [ view_filter ] --END-- [ RunTime:0.017571s ]
INFO: [ view_end ] --START--
INFO: ShowPageTrace Behavior ::run [ RunTime:0.005374s ]
INFO: [ view_end ] --END-- [ RunTime:0.005505s ]

[ 2015-05-10T10:05:37+08:00 ] 192.168.33.1 /15.html
INFO: [ route_check ] --START--
INFO: CheckRoute Behavior ::run [ RunTime:0.011532s ]
INFO: [ route_check ] --END-- [ RunTime:0.011635s ]
INFO: [ app_begin ] --START--
INFO: ReadHtmlCache Behavior ::run [ RunTime:0.010542s ]
INFO: [ app_begin ] --END-- [ RunTime:0.010640s ]
SQL: SHOW COLUMNS FROM `blog_content` [ RunTime:0.000457s ]
SQL: SELECT * FROM `blog_content` WHERE ( `id` = 15 ) LIMIT 1   [ RunTime:0.000229s ]
SQL: SHOW COLUMNS FROM `blog_cate` [ RunTime:0.000428s ]
SQL: SELECT * FROM `blog_cate`  [ RunTime:0.000052s ]
SQL: SHOW COLUMNS FROM `blog_evaluate` [ RunTime:0.000526s ]
SQL: SELECT COUNT(*) AS tp_count FROM `blog_evaluate` WHERE ( `target_uid` = 15 ) AND ( `target_id` = 0 ) LIMIT 1   [ RunTime:0.000055s ]
SQL: SELECT * FROM `blog_evaluate` WHERE ( `target_uid` = 15 ) AND ( `target_id` = 0 ) LIMIT 0,5   [ RunTime:0.000049s ]
INFO: [ view_parse ] --START--
NOTIC: [8] Undefined variable: title /data/www/blog/App/Runtime/Cache/Home/0e5084fc0722bdeca7772e9f1781d893.php 第 8 行.
SQL: SHOW COLUMNS FROM `blog_cate` [ RunTime:0.000496s ]
SQL: SELECT * FROM `blog_cate` WHERE ( `is_show` = 1 ) ORDER BY sort ASC LIMIT 100   [ RunTime:0.000067s ]
SQL: SELECT * FROM `blog_evaluate` WHERE (  ( `target_uid` = '15' ) AND ( `target_id` = 0 ) AND ( `status` = 0 ) ) LIMIT 0,5   [ RunTime:0.000159s ]
SQL: SHOW COLUMNS FROM `blog_member` [ RunTime:0.000702s ]
SQL: SELECT `top_pic` FROM `blog_member` WHERE ( `member_id` = 2 ) LIMIT 1   [ RunTime:0.000070s ]
SQL: SELECT `member_name` FROM `blog_member` WHERE ( `member_id` = 2 ) LIMIT 1   [ RunTime:0.000055s ]
SQL: SELECT `top_pic` FROM `blog_member` WHERE ( `member_id` = 2 ) LIMIT 1   [ RunTime:0.000045s ]
SQL: SELECT `member_name` FROM `blog_member` WHERE ( `member_id` = 2 ) LIMIT 1   [ RunTime:0.000043s ]
NOTIC: [8] Undefined index: uid /data/www/blog/App/Runtime/Cache/Home/f1105984bfefe3f9c6c6b0aed51b5873.php 第 25 行.
SQL: SELECT `id`,`title`,`click` FROM `blog_content` ORDER BY click desc LIMIT 5   [ RunTime:0.000132s ]
NOTIC: [8] Undefined variable: order /data/www/blog/App/Runtime/Cache/Home/82fde19a6a150571f89c227782947b1d.php 第 3 行.
SQL: SELECT `id`,`title`,`click` FROM `blog_content` ORDER BY add_time desc LIMIT 5   [ RunTime:0.000108s ]
NOTIC: [8] Undefined variable: order /data/www/blog/App/Runtime/Cache/Home/82fde19a6a150571f89c227782947b1d.php 第 3 行.
SQL: SHOW COLUMNS FROM `blog_link` [ RunTime:0.001295s ]
SQL: SELECT `name`,`link` FROM `blog_link` ORDER BY sort  [ RunTime:0.000066s ]
INFO: ParseTemplate Behavior ::run [ RunTime:0.277790s ]
INFO: [ view_parse ] --END-- [ RunTime:0.277953s ]
INFO: [ view_filter ] --START--
INFO: ContentReplace Behavior ::run [ RunTime:0.005536s ]
INFO: TokenBuild Behavior ::run [ RunTime:0.004607s ]
INFO: WriteHtmlCache Behavior ::run [ RunTime:0.010823s ]
INFO: ShowRuntime Behavior ::run [ RunTime:0.006297s ]
INFO: [ view_filter ] --END-- [ RunTime:0.027576s ]
INFO: [ view_end ] --START--
INFO: ShowPageTrace Behavior ::run [ RunTime:0.009502s ]
INFO: [ view_end ] --END-- [ RunTime:0.009681s ]

[ 2015-05-10T10:05:37+08:00 ] 192.168.33.1 /Home/Detail/clicknum/id/15.html
INFO: [ route_check ] --START--
INFO: CheckRoute Behavior ::run [ RunTime:0.008522s ]
INFO: [ route_check ] --END-- [ RunTime:0.008645s ]
INFO: [ app_begin ] --START--
INFO: ReadHtmlCache Behavior ::run [ RunTime:0.006373s ]
INFO: [ app_begin ] --END-- [ RunTime:0.006513s ]
SQL: SHOW COLUMNS FROM `blog_content` [ RunTime:0.000498s ]
SQL: SELECT `click` FROM `blog_content` WHERE ( `id` = 15 ) LIMIT 1   [ RunTime:0.000207s ]
SQL: UPDATE `blog_content` SET `click`=click+1 WHERE ( `id` = 15 ) [ RunTime:0.012750s ]

[ 2015-05-10T10:07:12+08:00 ] 192.168.33.1 /15.html
INFO: [ route_check ] --START--
INFO: CheckRoute Behavior ::run [ RunTime:0.009175s ]
INFO: [ route_check ] --END-- [ RunTime:0.009296s ]
INFO: [ app_begin ] --START--
INFO: ReadHtmlCache Behavior ::run [ RunTime:0.009406s ]
INFO: [ app_begin ] --END-- [ RunTime:0.009525s ]
SQL: SHOW COLUMNS FROM `blog_content` [ RunTime:0.002198s ]
SQL: SELECT * FROM `blog_content` WHERE ( `id` = 15 ) LIMIT 1   [ RunTime:0.000376s ]
SQL: SHOW COLUMNS FROM `blog_cate` [ RunTime:0.000838s ]
SQL: SELECT * FROM `blog_cate`  [ RunTime:0.000101s ]
SQL: SHOW COLUMNS FROM `blog_evaluate` [ RunTime:0.001824s ]
SQL: SELECT COUNT(*) AS tp_count FROM `blog_evaluate` WHERE ( `target_uid` = 15 ) AND ( `target_id` = 0 ) LIMIT 1   [ RunTime:0.000104s ]
SQL: SELECT * FROM `blog_evaluate` WHERE ( `target_uid` = 15 ) AND ( `target_id` = 0 ) LIMIT 0,5   [ RunTime:0.000094s ]
INFO: [ view_parse ] --START--
NOTIC: [8] Undefined variable: title /data/www/blog/App/Runtime/Cache/Home/0e5084fc0722bdeca7772e9f1781d893.php 第 8 行.
SQL: SHOW COLUMNS FROM `blog_cate` [ RunTime:0.001271s ]
SQL: SELECT * FROM `blog_cate` WHERE ( `is_show` = 1 ) ORDER BY sort ASC LIMIT 100   [ RunTime:0.000057s ]
SQL: SELECT * FROM `blog_evaluate` WHERE (  ( `target_uid` = '15' ) AND ( `target_id` = 0 ) AND ( `status` = 0 ) ) LIMIT 0,5   [ RunTime:0.000110s ]
SQL: SHOW COLUMNS FROM `blog_member` [ RunTime:0.001666s ]
SQL: SELECT `top_pic` FROM `blog_member` WHERE ( `member_id` = 2 ) LIMIT 1   [ RunTime:0.000146s ]
SQL: SELECT `member_name` FROM `blog_member` WHERE ( `member_id` = 2 ) LIMIT 1   [ RunTime:0.000164s ]
SQL: SELECT `top_pic` FROM `blog_member` WHERE ( `member_id` = 2 ) LIMIT 1   [ RunTime:0.000163s ]
SQL: SELECT `member_name` FROM `blog_member` WHERE ( `member_id` = 2 ) LIMIT 1   [ RunTime:0.000046s ]
NOTIC: [8] Undefined index: uid /data/www/blog/App/Runtime/Cache/Home/f1105984bfefe3f9c6c6b0aed51b5873.php 第 25 行.
SQL: SELECT `id`,`title`,`click` FROM `blog_content` ORDER BY click desc LIMIT 5   [ RunTime:0.000508s ]
NOTIC: [8] Undefined variable: order /data/www/blog/App/Runtime/Cache/Home/82fde19a6a150571f89c227782947b1d.php 第 3 行.
SQL: SELECT `id`,`title`,`click` FROM `blog_content` ORDER BY add_time desc LIMIT 5   [ RunTime:0.000295s ]
NOTIC: [8] Undefined variable: order /data/www/blog/App/Runtime/Cache/Home/82fde19a6a150571f89c227782947b1d.php 第 3 行.
SQL: SHOW COLUMNS FROM `blog_link` [ RunTime:0.000938s ]
SQL: SELECT `name`,`link` FROM `blog_link` ORDER BY sort  [ RunTime:0.000057s ]
INFO: ParseTemplate Behavior ::run [ RunTime:0.351560s ]
INFO: [ view_parse ] --END-- [ RunTime:0.351666s ]
INFO: [ view_filter ] --START--
INFO: ContentReplace Behavior ::run [ RunTime:0.008867s ]
INFO: TokenBuild Behavior ::run [ RunTime:0.004583s ]
INFO: WriteHtmlCache Behavior ::run [ RunTime:0.014415s ]
INFO: ShowRuntime Behavior ::run [ RunTime:0.007443s ]
INFO: [ view_filter ] --END-- [ RunTime:0.035635s ]
INFO: [ view_end ] --START--
INFO: ShowPageTrace Behavior ::run [ RunTime:0.009584s ]
INFO: [ view_end ] --END-- [ RunTime:0.009847s ]

[ 2015-05-10T10:07:12+08:00 ] 192.168.33.1 /Home/Detail/clicknum/id/15.html
INFO: [ route_check ] --START--
INFO: CheckRoute Behavior ::run [ RunTime:0.008247s ]
INFO: [ route_check ] --END-- [ RunTime:0.008333s ]
INFO: [ app_begin ] --START--
INFO: ReadHtmlCache Behavior ::run [ RunTime:0.006805s ]
INFO: [ app_begin ] --END-- [ RunTime:0.006891s ]
SQL: SHOW COLUMNS FROM `blog_content` [ RunTime:0.000721s ]
SQL: SELECT `click` FROM `blog_content` WHERE ( `id` = 15 ) LIMIT 1   [ RunTime:0.000169s ]
SQL: UPDATE `blog_content` SET `click`=click+1 WHERE ( `id` = 15 ) [ RunTime:0.013921s ]

[ 2015-05-10T10:10:52+08:00 ] 192.168.33.1 /15.html
INFO: [ route_check ] --START--
INFO: CheckRoute Behavior ::run [ RunTime:0.012248s ]
INFO: [ route_check ] --END-- [ RunTime:0.012344s ]
INFO: [ app_begin ] --START--
INFO: ReadHtmlCache Behavior ::run [ RunTime:0.014070s ]
INFO: [ app_begin ] --END-- [ RunTime:0.014183s ]
SQL: SHOW COLUMNS FROM `blog_content` [ RunTime:0.000514s ]
SQL: SELECT * FROM `blog_content` WHERE ( `id` = 15 ) LIMIT 1   [ RunTime:0.000295s ]
SQL: SHOW COLUMNS FROM `blog_cate` [ RunTime:0.000443s ]
SQL: SELECT * FROM `blog_cate`  [ RunTime:0.000078s ]
SQL: SHOW COLUMNS FROM `blog_evaluate` [ RunTime:0.000675s ]
SQL: SELECT COUNT(*) AS tp_count FROM `blog_evaluate` WHERE ( `target_uid` = 15 ) AND ( `target_id` = 0 ) LIMIT 1   [ RunTime:0.000068s ]
SQL: SELECT * FROM `blog_evaluate` WHERE ( `target_uid` = 15 ) AND ( `target_id` = 0 ) LIMIT 0,5   [ RunTime:0.000073s ]
INFO: [ view_parse ] --START--
NOTIC: [8] Undefined variable: title /data/www/blog/App/Runtime/Cache/Home/0e5084fc0722bdeca7772e9f1781d893.php 第 8 行.
SQL: SHOW COLUMNS FROM `blog_cate` [ RunTime:0.000956s ]
SQL: SELECT * FROM `blog_cate` WHERE ( `is_show` = 1 ) ORDER BY sort ASC LIMIT 100   [ RunTime:0.000144s ]
SQL: SELECT * FROM `blog_evaluate` WHERE (  ( `target_uid` = '15' ) AND ( `target_id` = 0 ) AND ( `status` = 0 ) ) LIMIT 0,5   [ RunTime:0.000135s ]
SQL: SHOW COLUMNS FROM `blog_member` [ RunTime:0.001354s ]
SQL: SELECT `top_pic` FROM `blog_member` WHERE ( `member_id` = 2 ) LIMIT 1   [ RunTime:0.000078s ]
SQL: SELECT `member_name` FROM `blog_member` WHERE ( `member_id` = 2 ) LIMIT 1   [ RunTime:0.000050s ]
SQL: SELECT `top_pic` FROM `blog_member` WHERE ( `member_id` = 2 ) LIMIT 1   [ RunTime:0.000045s ]
SQL: SELECT `member_name` FROM `blog_member` WHERE ( `member_id` = 2 ) LIMIT 1   [ RunTime:0.000045s ]
NOTIC: [8] Undefined index: uid /data/www/blog/App/Runtime/Cache/Home/f1105984bfefe3f9c6c6b0aed51b5873.php 第 25 行.
SQL: SELECT `id`,`title`,`click` FROM `blog_content` ORDER BY click desc LIMIT 5   [ RunTime:0.000485s ]
NOTIC: [8] Undefined variable: order /data/www/blog/App/Runtime/Cache/Home/82fde19a6a150571f89c227782947b1d.php 第 3 行.
SQL: SELECT `id`,`title`,`click` FROM `blog_content` ORDER BY add_time desc LIMIT 5   [ RunTime:0.000410s ]
NOTIC: [8] Undefined variable: order /data/www/blog/App/Runtime/Cache/Home/82fde19a6a150571f89c227782947b1d.php 第 3 行.
SQL: SHOW COLUMNS FROM `blog_link` [ RunTime:0.000631s ]
SQL: SELECT `name`,`link` FROM `blog_link` ORDER BY sort  [ RunTime:0.000000s ]
INFO: ParseTemplate Behavior ::run [ RunTime:0.309387s ]
INFO: [ view_parse ] --END-- [ RunTime:0.309489s ]
INFO: [ view_filter ] --START--
INFO: ContentReplace Behavior ::run [ RunTime:0.006912s ]
INFO: TokenBuild Behavior ::run [ RunTime:0.004990s ]
INFO: WriteHtmlCache Behavior ::run [ RunTime:0.012490s ]
INFO: ShowRuntime Behavior ::run [ RunTime:0.006501s ]
INFO: [ view_filter ] --END-- [ RunTime:0.031204s ]
INFO: [ view_end ] --START--
INFO: ShowPageTrace Behavior ::run [ RunTime:0.009348s ]
INFO: [ view_end ] --END-- [ RunTime:0.009566s ]

[ 2015-05-10T10:10:52+08:00 ] 192.168.33.1 /Home/Detail/clicknum/id/15.html
INFO: [ route_check ] --START--
INFO: CheckRoute Behavior ::run [ RunTime:0.008268s ]
INFO: [ route_check ] --END-- [ RunTime:0.008376s ]
INFO: [ app_begin ] --START--
INFO: ReadHtmlCache Behavior ::run [ RunTime:0.006191s ]
INFO: [ app_begin ] --END-- [ RunTime:0.006309s ]
SQL: SHOW COLUMNS FROM `blog_content` [ RunTime:0.000878s ]
SQL: SELECT `click` FROM `blog_content` WHERE ( `id` = 15 ) LIMIT 1   [ RunTime:0.000410s ]
SQL: UPDATE `blog_content` SET `click`=click+1 WHERE ( `id` = 15 ) [ RunTime:0.012264s ]

[ 2015-05-10T10:17:17+08:00 ] 192.168.33.1 /15.html
INFO: [ route_check ] --START--
INFO: CheckRoute Behavior ::run [ RunTime:0.012642s ]
INFO: [ route_check ] --END-- [ RunTime:0.012788s ]
INFO: [ app_begin ] --START--
INFO: ReadHtmlCache Behavior ::run [ RunTime:0.011121s ]
INFO: [ app_begin ] --END-- [ RunTime:0.011269s ]
SQL: SHOW COLUMNS FROM `blog_content` [ RunTime:0.001663s ]
SQL: SELECT * FROM `blog_content` WHERE ( `id` = 15 ) LIMIT 1   [ RunTime:0.000524s ]
SQL: SHOW COLUMNS FROM `blog_cate` [ RunTime:0.000569s ]
SQL: SELECT * FROM `blog_cate`  [ RunTime:0.000058s ]
SQL: SHOW COLUMNS FROM `blog_evaluate` [ RunTime:0.000517s ]
SQL: SELECT COUNT(*) AS tp_count FROM `blog_evaluate` WHERE ( `target_uid` = 15 ) AND ( `target_id` = 0 ) LIMIT 1   [ RunTime:0.000134s ]
SQL: SELECT * FROM `blog_evaluate` WHERE ( `target_uid` = 15 ) AND ( `target_id` = 0 ) LIMIT 0,5   [ RunTime:0.000000s ]
INFO: [ view_parse ] --START--
NOTIC: [8] Undefined variable: title /data/www/blog/App/Runtime/Cache/Home/0e5084fc0722bdeca7772e9f1781d893.php 第 8 行.
SQL: SHOW COLUMNS FROM `blog_cate` [ RunTime:0.001034s ]
SQL: SELECT * FROM `blog_cate` WHERE ( `is_show` = 1 ) ORDER BY sort ASC LIMIT 100   [ RunTime:0.000118s ]
SQL: SELECT * FROM `blog_evaluate` WHERE (  ( `target_uid` = '15' ) AND ( `target_id` = 0 ) AND ( `status` = 0 ) ) LIMIT 0,5   [ RunTime:0.000127s ]
SQL: SHOW COLUMNS FROM `blog_member` [ RunTime:0.000569s ]
SQL: SELECT `top_pic` FROM `blog_member` WHERE ( `member_id` = 2 ) LIMIT 1   [ RunTime:0.000097s ]
SQL: SELECT `member_name` FROM `blog_member` WHERE ( `member_id` = 2 ) LIMIT 1   [ RunTime:0.000057s ]
SQL: SELECT `top_pic` FROM `blog_member` WHERE ( `member_id` = 2 ) LIMIT 1   [ RunTime:0.000049s ]
SQL: SELECT `member_name` FROM `blog_member` WHERE ( `member_id` = 2 ) LIMIT 1   [ RunTime:0.000053s ]
NOTIC: [8] Undefined index: uid /data/www/blog/App/Runtime/Cache/Home/f1105984bfefe3f9c6c6b0aed51b5873.php 第 25 行.
SQL: SELECT `id`,`title`,`click` FROM `blog_content` ORDER BY click desc LIMIT 5   [ RunTime:0.000288s ]
NOTIC: [8] Undefined variable: order /data/www/blog/App/Runtime/Cache/Home/82fde19a6a150571f89c227782947b1d.php 第 3 行.
SQL: SELECT `id`,`title`,`click` FROM `blog_content` ORDER BY add_time desc LIMIT 5   [ RunTime:0.000359s ]
NOTIC: [8] Undefined variable: order /data/www/blog/App/Runtime/Cache/Home/82fde19a6a150571f89c227782947b1d.php 第 3 行.
SQL: SHOW COLUMNS FROM `blog_link` [ RunTime:0.000651s ]
SQL: SELECT `name`,`link` FROM `blog_link` ORDER BY sort  [ RunTime:0.000065s ]
INFO: ParseTemplate Behavior ::run [ RunTime:0.307316s ]
INFO: [ view_parse ] --END-- [ RunTime:0.307424s ]
INFO: [ view_filter ] --START--
INFO: ContentReplace Behavior ::run [ RunTime:0.008163s ]
INFO: TokenBuild Behavior ::run [ RunTime:0.005651s ]
INFO: WriteHtmlCache Behavior ::run [ RunTime:0.015028s ]
INFO: ShowRuntime Behavior ::run [ RunTime:0.006111s ]
INFO: [ view_filter ] --END-- [ RunTime:0.035244s ]
INFO: [ view_end ] --START--
INFO: ShowPageTrace Behavior ::run [ RunTime:0.010718s ]
INFO: [ view_end ] --END-- [ RunTime:0.010873s ]

[ 2015-05-10T10:17:17+08:00 ] 192.168.33.1 /Home/Detail/clicknum/id/15.html
INFO: [ route_check ] --START--
INFO: CheckRoute Behavior ::run [ RunTime:0.008663s ]
INFO: [ route_check ] --END-- [ RunTime:0.008754s ]
INFO: [ app_begin ] --START--
INFO: ReadHtmlCache Behavior ::run [ RunTime:0.008838s ]
INFO: [ app_begin ] --END-- [ RunTime:0.008943s ]
SQL: SHOW COLUMNS FROM `blog_content` [ RunTime:0.001193s ]
SQL: SELECT `click` FROM `blog_content` WHERE ( `id` = 15 ) LIMIT 1   [ RunTime:0.000313s ]
SQL: UPDATE `blog_content` SET `click`=click+1 WHERE ( `id` = 15 ) [ RunTime:0.016923s ]

