[ 2015-05-07T19:26:00+08:00 ] 192.168.33.1 /
INFO: [ app_begin ] --START--
INFO: ReadHtmlCache Behavior ::run [ RunTime:0.009692s ]
INFO: [ app_begin ] --END-- [ RunTime:0.009805s ]
SQL: SHOW COLUMNS FROM `blog_cate` [ RunTime:0.007306s ]
SQL: SELECT * FROM `blog_cate` WHERE ( `pid` = 0 ) ORDER BY sort asc  [ RunTime:0.001496s ]
SQL: SELECT * FROM `blog_cate`  [ RunTime:0.000069s ]
SQL: SHOW COLUMNS FROM `blog_content` [ RunTime:0.018519s ]
SQL: SELECT `id`,`title`,`add_time` FROM `blog_content` WHERE ( `cate_id` IN ('4','2') ) AND ( `status` = 0 ) ORDER BY add_time desc LIMIT 8   [ RunTime:0.003410s ]
SQL: SELECT `id`,`title`,`add_time` FROM `blog_content` WHERE ( `cate_id` IN ('3') ) AND ( `status` = 0 ) ORDER BY add_time desc LIMIT 8   [ RunTime:0.000615s ]
SQL: SELECT `id`,`title`,`add_time` FROM `blog_content` WHERE ( `cate_id` IN ('9','10','15','11','20','21','5') ) AND ( `status` = 0 ) ORDER BY add_time desc LIMIT 8   [ RunTime:0.000433s ]
SQL: SELECT `id`,`title`,`add_time` FROM `blog_content` WHERE ( `cate_id` IN ('22','23','16') ) AND ( `status` = 0 ) ORDER BY add_time desc LIMIT 8   [ RunTime:0.000460s ]
SQL: SELECT `id`,`title`,`add_time` FROM `blog_content` WHERE ( `cate_id` IN ('8','14','1') ) AND ( `status` = 0 ) ORDER BY add_time desc LIMIT 8   [ RunTime:0.000599s ]
SQL: SELECT `id`,`title`,`add_time` FROM `blog_content` WHERE ( `cate_id` IN ('12','13','18','6') ) AND ( `status` = 0 ) ORDER BY add_time desc LIMIT 8   [ RunTime:0.001055s ]
SQL: SELECT `id`,`title`,`add_time` FROM `blog_content` WHERE ( `cate_id` IN ('17') ) AND ( `status` = 0 ) ORDER BY add_time desc LIMIT 8   [ RunTime:0.000595s ]
SQL: SELECT `id`,`title`,`add_time` FROM `blog_content` WHERE ( `cate_id` IN ('7') ) AND ( `status` = 0 ) ORDER BY add_time desc LIMIT 8   [ RunTime:0.000610s ]
SQL: SELECT `id`,`title`,`add_time` FROM `blog_content` WHERE ( `cate_id` IN ('19') ) AND ( `status` = 0 ) ORDER BY add_time desc LIMIT 8   [ RunTime:0.000274s ]
INFO: [ view_parse ] --START--
NOTIC: [8] Undefined variable: keywords /data/www/blog/App/Runtime/Cache/Home/dfbde131d3dce021e47f060addf3b2af.php 第 6 行.
NOTIC: [8] Undefined variable: description /data/www/blog/App/Runtime/Cache/Home/dfbde131d3dce021e47f060addf3b2af.php 第 7 行.
NOTIC: [8] Undefined variable: title /data/www/blog/App/Runtime/Cache/Home/dfbde131d3dce021e47f060addf3b2af.php 第 8 行.
SQL: SHOW COLUMNS FROM `blog_cate` [ RunTime:0.000556s ]
SQL: SELECT * FROM `blog_cate` WHERE ( `is_show` = 1 ) ORDER BY sort ASC LIMIT 100   [ RunTime:0.000210s ]
SQL: SELECT `id`,`title`,`click` FROM `blog_content` ORDER BY click desc LIMIT 5   [ RunTime:0.000388s ]
NOTIC: [8] Undefined variable: order /data/www/blog/App/Runtime/Cache/Home/82fde19a6a150571f89c227782947b1d.php 第 3 行.
SQL: SELECT `id`,`title`,`click` FROM `blog_content` ORDER BY add_time desc LIMIT 5   [ RunTime:0.000346s ]
NOTIC: [8] Undefined variable: order /data/www/blog/App/Runtime/Cache/Home/82fde19a6a150571f89c227782947b1d.php 第 3 行.
SQL: SHOW COLUMNS FROM `blog_link` [ RunTime:0.002962s ]
SQL: SELECT `name`,`link` FROM `blog_link` ORDER BY sort  [ RunTime:0.000220s ]
INFO: ParseTemplate Behavior ::run [ RunTime:0.124151s ]
INFO: [ view_parse ] --END-- [ RunTime:0.124249s ]
INFO: [ view_filter ] --START--
INFO: ContentReplace Behavior ::run [ RunTime:0.004217s ]
INFO: TokenBuild Behavior ::run [ RunTime:0.005161s ]
INFO: WriteHtmlCache Behavior ::run [ RunTime:0.005754s ]
INFO: ShowRuntime Behavior ::run [ RunTime:0.006507s ]
INFO: [ view_filter ] --END-- [ RunTime:0.021895s ]
INFO: [ view_end ] --START--
INFO: ShowPageTrace Behavior ::run [ RunTime:0.004932s ]
INFO: [ view_end ] --END-- [ RunTime:0.005030s ]

[ 2015-05-07T19:26:03+08:00 ] 192.168.33.1 /35.html
INFO: [ route_check ] --START--
INFO: CheckRoute Behavior ::run [ RunTime:0.017978s ]
INFO: [ route_check ] --END-- [ RunTime:0.018113s ]
INFO: [ app_begin ] --START--
INFO: ReadHtmlCache Behavior ::run [ RunTime:0.008207s ]
INFO: [ app_begin ] --END-- [ RunTime:0.008305s ]
SQL: SHOW COLUMNS FROM `blog_content` [ RunTime:0.000419s ]
SQL: SELECT * FROM `blog_content` WHERE ( `id` = 35 ) LIMIT 1   [ RunTime:0.000226s ]
SQL: SHOW COLUMNS FROM `blog_cate` [ RunTime:0.000564s ]
SQL: SELECT * FROM `blog_cate`  [ RunTime:0.000066s ]
SQL: SHOW COLUMNS FROM `blog_evaluate` [ RunTime:0.001988s ]
SQL: SELECT COUNT(*) AS tp_count FROM `blog_evaluate` WHERE ( `target_uid` = 35 ) AND ( `target_id` = 0 ) LIMIT 1   [ RunTime:0.002123s ]
SQL: SELECT * FROM `blog_evaluate` WHERE ( `target_uid` = 35 ) AND ( `target_id` = 0 ) LIMIT 0,5   [ RunTime:0.000331s ]
INFO: [ view_parse ] --START--
NOTIC: [8] Undefined variable: title /data/www/blog/App/Runtime/Cache/Home/0e5084fc0722bdeca7772e9f1781d893.php 第 8 行.
SQL: SHOW COLUMNS FROM `blog_cate` [ RunTime:0.000451s ]
SQL: SELECT * FROM `blog_cate` WHERE ( `is_show` = 1 ) ORDER BY sort ASC LIMIT 100   [ RunTime:0.000132s ]
SQL: SELECT * FROM `blog_evaluate` WHERE (  ( `target_uid` = '35' ) AND ( `target_id` = 0 ) AND ( `status` = 0 ) ) LIMIT 0,5   [ RunTime:0.000385s ]
NOTIC: [8] Undefined index: uid /data/www/blog/App/Runtime/Cache/Home/f1105984bfefe3f9c6c6b0aed51b5873.php 第 25 行.
SQL: SELECT `id`,`title`,`click` FROM `blog_content` ORDER BY click desc LIMIT 5   [ RunTime:0.000123s ]
NOTIC: [8] Undefined variable: order /data/www/blog/App/Runtime/Cache/Home/82fde19a6a150571f89c227782947b1d.php 第 3 行.
SQL: SELECT `id`,`title`,`click` FROM `blog_content` ORDER BY add_time desc LIMIT 5   [ RunTime:0.000123s ]
NOTIC: [8] Undefined variable: order /data/www/blog/App/Runtime/Cache/Home/82fde19a6a150571f89c227782947b1d.php 第 3 行.
SQL: SHOW COLUMNS FROM `blog_link` [ RunTime:0.001016s ]
SQL: SELECT `name`,`link` FROM `blog_link` ORDER BY sort  [ RunTime:0.000065s ]
INFO: ParseTemplate Behavior ::run [ RunTime:0.284309s ]
INFO: [ view_parse ] --END-- [ RunTime:0.284404s ]
INFO: [ view_filter ] --START--
INFO: ContentReplace Behavior ::run [ RunTime:0.006728s ]
INFO: TokenBuild Behavior ::run [ RunTime:0.004739s ]
INFO: WriteHtmlCache Behavior ::run [ RunTime:0.009722s ]
INFO: ShowRuntime Behavior ::run [ RunTime:0.007232s ]
INFO: [ view_filter ] --END-- [ RunTime:0.028667s ]
INFO: [ view_end ] --START--
INFO: ShowPageTrace Behavior ::run [ RunTime:0.008300s ]
INFO: [ view_end ] --END-- [ RunTime:0.008382s ]

[ 2015-05-07T19:26:04+08:00 ] 192.168.33.1 /Home/Detail/clicknum/id/35.html
INFO: [ route_check ] --START--
INFO: CheckRoute Behavior ::run [ RunTime:0.008729s ]
INFO: [ route_check ] --END-- [ RunTime:0.008816s ]
INFO: [ app_begin ] --START--
INFO: ReadHtmlCache Behavior ::run [ RunTime:0.009122s ]
INFO: [ app_begin ] --END-- [ RunTime:0.009231s ]
SQL: SHOW COLUMNS FROM `blog_content` [ RunTime:0.000539s ]
SQL: SELECT `click` FROM `blog_content` WHERE ( `id` = 35 ) LIMIT 1   [ RunTime:0.000001s ]
SQL: UPDATE `blog_content` SET `click`=click+1 WHERE ( `id` = 35 ) [ RunTime:0.015793s ]

[ 2015-05-07T19:30:44+08:00 ] 192.168.33.1 /15.html
INFO: [ route_check ] --START--
INFO: CheckRoute Behavior ::run [ RunTime:0.009069s ]
INFO: [ route_check ] --END-- [ RunTime:0.009235s ]
INFO: [ app_begin ] --START--
INFO: ReadHtmlCache Behavior ::run [ RunTime:0.012317s ]
INFO: [ app_begin ] --END-- [ RunTime:0.012427s ]
SQL: SHOW COLUMNS FROM `blog_content` [ RunTime:0.001302s ]
SQL: SELECT * FROM `blog_content` WHERE ( `id` = 15 ) LIMIT 1   [ RunTime:0.000366s ]
SQL: SHOW COLUMNS FROM `blog_cate` [ RunTime:0.000998s ]
SQL: SELECT * FROM `blog_cate`  [ RunTime:0.000074s ]
SQL: SHOW COLUMNS FROM `blog_evaluate` [ RunTime:0.000849s ]
SQL: SELECT COUNT(*) AS tp_count FROM `blog_evaluate` WHERE ( `target_uid` = 15 ) AND ( `target_id` = 0 ) LIMIT 1   [ RunTime:0.000203s ]
SQL: SELECT * FROM `blog_evaluate` WHERE ( `target_uid` = 15 ) AND ( `target_id` = 0 ) LIMIT 0,5   [ RunTime:0.000519s ]
INFO: [ view_parse ] --START--
NOTIC: [8] Undefined variable: title /data/www/blog/App/Runtime/Cache/Home/0e5084fc0722bdeca7772e9f1781d893.php 第 8 行.
SQL: SHOW COLUMNS FROM `blog_cate` [ RunTime:0.001583s ]
SQL: SELECT * FROM `blog_cate` WHERE ( `is_show` = 1 ) ORDER BY sort ASC LIMIT 100   [ RunTime:0.000161s ]
SQL: SELECT * FROM `blog_evaluate` WHERE (  ( `target_uid` = '15' ) AND ( `target_id` = 0 ) AND ( `status` = 0 ) ) LIMIT 0,5   [ RunTime:0.000283s ]
SQL: SHOW COLUMNS FROM `blog_member` [ RunTime:0.001549s ]
SQL: SELECT `top_pic` FROM `blog_member` WHERE ( `member_id` = 2 ) LIMIT 1   [ RunTime:0.000191s ]
SQL: SELECT `member_name` FROM `blog_member` WHERE ( `member_id` = 2 ) LIMIT 1   [ RunTime:0.000496s ]
SQL: SELECT `top_pic` FROM `blog_member` WHERE ( `member_id` = 2 ) LIMIT 1   [ RunTime:0.000022s ]
SQL: SELECT `member_name` FROM `blog_member` WHERE ( `member_id` = 2 ) LIMIT 1   [ RunTime:0.000046s ]
NOTIC: [8] Undefined index: uid /data/www/blog/App/Runtime/Cache/Home/f1105984bfefe3f9c6c6b0aed51b5873.php 第 25 行.
SQL: SELECT `id`,`title`,`click` FROM `blog_content` ORDER BY click desc LIMIT 5   [ RunTime:0.000262s ]
NOTIC: [8] Undefined variable: order /data/www/blog/App/Runtime/Cache/Home/82fde19a6a150571f89c227782947b1d.php 第 3 行.
SQL: SELECT `id`,`title`,`click` FROM `blog_content` ORDER BY add_time desc LIMIT 5   [ RunTime:0.000307s ]
NOTIC: [8] Undefined variable: order /data/www/blog/App/Runtime/Cache/Home/82fde19a6a150571f89c227782947b1d.php 第 3 行.
SQL: SHOW COLUMNS FROM `blog_link` [ RunTime:0.000613s ]
SQL: SELECT `name`,`link` FROM `blog_link` ORDER BY sort  [ RunTime:0.000120s ]
INFO: ParseTemplate Behavior ::run [ RunTime:0.291848s ]
INFO: [ view_parse ] --END-- [ RunTime:0.291950s ]
INFO: [ view_filter ] --START--
INFO: ContentReplace Behavior ::run [ RunTime:0.005897s ]
INFO: TokenBuild Behavior ::run [ RunTime:0.006194s ]
INFO: WriteHtmlCache Behavior ::run [ RunTime:0.009589s ]
INFO: ShowRuntime Behavior ::run [ RunTime:0.005393s ]
INFO: [ view_filter ] --END-- [ RunTime:0.027326s ]
INFO: [ view_end ] --START--
INFO: ShowPageTrace Behavior ::run [ RunTime:0.005444s ]
INFO: [ view_end ] --END-- [ RunTime:0.005556s ]

[ 2015-05-07T19:30:45+08:00 ] 192.168.33.1 /Home/Detail/clicknum/id/15.html
INFO: [ route_check ] --START--
INFO: CheckRoute Behavior ::run [ RunTime:0.009319s ]
INFO: [ route_check ] --END-- [ RunTime:0.009511s ]
INFO: [ app_begin ] --START--
INFO: ReadHtmlCache Behavior ::run [ RunTime:0.009070s ]
INFO: [ app_begin ] --END-- [ RunTime:0.009171s ]
SQL: SHOW COLUMNS FROM `blog_content` [ RunTime:0.000598s ]
SQL: SELECT `click` FROM `blog_content` WHERE ( `id` = 15 ) LIMIT 1   [ RunTime:0.000098s ]
SQL: UPDATE `blog_content` SET `click`=click+1 WHERE ( `id` = 15 ) [ RunTime:0.019655s ]

[ 2015-05-07T19:32:06+08:00 ] 192.168.33.1 /15.html
INFO: [ route_check ] --START--
INFO: CheckRoute Behavior ::run [ RunTime:0.007290s ]
INFO: [ route_check ] --END-- [ RunTime:0.007386s ]
INFO: [ app_begin ] --START--
INFO: ReadHtmlCache Behavior ::run [ RunTime:0.010806s ]
INFO: [ app_begin ] --END-- [ RunTime:0.010888s ]
SQL: SHOW COLUMNS FROM `blog_content` [ RunTime:0.001114s ]
SQL: SELECT * FROM `blog_content` WHERE ( `id` = 15 ) LIMIT 1   [ RunTime:0.000269s ]
SQL: SHOW COLUMNS FROM `blog_cate` [ RunTime:0.000400s ]
SQL: SELECT * FROM `blog_cate`  [ RunTime:0.000005s ]
SQL: SHOW COLUMNS FROM `blog_evaluate` [ RunTime:0.000565s ]
SQL: SELECT COUNT(*) AS tp_count FROM `blog_evaluate` WHERE ( `target_uid` = 15 ) AND ( `target_id` = 0 ) LIMIT 1   [ RunTime:0.000057s ]
SQL: SELECT * FROM `blog_evaluate` WHERE ( `target_uid` = 15 ) AND ( `target_id` = 0 ) LIMIT 0,5   [ RunTime:0.000053s ]
INFO: [ view_parse ] --START--
NOTIC: [8] Undefined variable: title /data/www/blog/App/Runtime/Cache/Home/0e5084fc0722bdeca7772e9f1781d893.php 第 8 行.
SQL: SHOW COLUMNS FROM `blog_cate` [ RunTime:0.000577s ]
SQL: SELECT * FROM `blog_cate` WHERE ( `is_show` = 1 ) ORDER BY sort ASC LIMIT 100   [ RunTime:0.000054s ]
SQL: SELECT * FROM `blog_evaluate` WHERE (  ( `target_uid` = '15' ) AND ( `target_id` = 0 ) AND ( `status` = 0 ) ) LIMIT 0,5   [ RunTime:0.000151s ]
SQL: SHOW COLUMNS FROM `blog_member` [ RunTime:0.000517s ]
SQL: SELECT `top_pic` FROM `blog_member` WHERE ( `member_id` = 2 ) LIMIT 1   [ RunTime:0.000058s ]
SQL: SELECT `member_name` FROM `blog_member` WHERE ( `member_id` = 2 ) LIMIT 1   [ RunTime:0.000046s ]
SQL: SELECT `top_pic` FROM `blog_member` WHERE ( `member_id` = 2 ) LIMIT 1   [ RunTime:0.000084s ]
SQL: SELECT `member_name` FROM `blog_member` WHERE ( `member_id` = 2 ) LIMIT 1   [ RunTime:0.000043s ]
NOTIC: [8] Undefined index: uid /data/www/blog/App/Runtime/Cache/Home/f1105984bfefe3f9c6c6b0aed51b5873.php 第 25 行.
SQL: SELECT `id`,`title`,`click` FROM `blog_content` ORDER BY click desc LIMIT 5   [ RunTime:0.000424s ]
NOTIC: [8] Undefined variable: order /data/www/blog/App/Runtime/Cache/Home/82fde19a6a150571f89c227782947b1d.php 第 3 行.
SQL: SELECT `id`,`title`,`click` FROM `blog_content` ORDER BY add_time desc LIMIT 5   [ RunTime:0.000304s ]
NOTIC: [8] Undefined variable: order /data/www/blog/App/Runtime/Cache/Home/82fde19a6a150571f89c227782947b1d.php 第 3 行.
SQL: SHOW COLUMNS FROM `blog_link` [ RunTime:0.000681s ]
SQL: SELECT `name`,`link` FROM `blog_link` ORDER BY sort  [ RunTime:0.000049s ]
INFO: ParseTemplate Behavior ::run [ RunTime:0.283179s ]
INFO: [ view_parse ] --END-- [ RunTime:0.283321s ]
INFO: [ view_filter ] --START--
INFO: ContentReplace Behavior ::run [ RunTime:0.004748s ]
INFO: TokenBuild Behavior ::run [ RunTime:0.006743s ]
INFO: WriteHtmlCache Behavior ::run [ RunTime:0.013035s ]
INFO: ShowRuntime Behavior ::run [ RunTime:0.004995s ]
INFO: [ view_filter ] --END-- [ RunTime:0.029793s ]
INFO: [ view_end ] --START--
INFO: ShowPageTrace Behavior ::run [ RunTime:0.009955s ]
INFO: [ view_end ] --END-- [ RunTime:0.010082s ]

[ 2015-05-07T19:32:06+08:00 ] 192.168.33.1 /Home/Detail/clicknum/id/15.html
INFO: [ route_check ] --START--
INFO: CheckRoute Behavior ::run [ RunTime:0.005055s ]
INFO: [ route_check ] --END-- [ RunTime:0.005132s ]
INFO: [ app_begin ] --START--
INFO: ReadHtmlCache Behavior ::run [ RunTime:0.008329s ]
INFO: [ app_begin ] --END-- [ RunTime:0.008406s ]
SQL: SHOW COLUMNS FROM `blog_content` [ RunTime:0.000373s ]
SQL: SELECT `click` FROM `blog_content` WHERE ( `id` = 15 ) LIMIT 1   [ RunTime:0.000155s ]
SQL: UPDATE `blog_content` SET `click`=click+1 WHERE ( `id` = 15 ) [ RunTime:0.017333s ]

[ 2015-05-07T19:46:30+08:00 ] 192.168.33.1 /15.html
INFO: [ route_check ] --START--
INFO: CheckRoute Behavior ::run [ RunTime:0.010548s ]
INFO: [ route_check ] --END-- [ RunTime:0.010655s ]
INFO: [ app_begin ] --START--
INFO: ReadHtmlCache Behavior ::run [ RunTime:0.009460s ]
INFO: [ app_begin ] --END-- [ RunTime:0.009553s ]
SQL: SHOW COLUMNS FROM `blog_content` [ RunTime:0.000484s ]
SQL: SELECT * FROM `blog_content` WHERE ( `id` = 15 ) LIMIT 1   [ RunTime:0.000233s ]
SQL: SHOW COLUMNS FROM `blog_cate` [ RunTime:0.000447s ]
SQL: SELECT * FROM `blog_cate`  [ RunTime:0.000051s ]
SQL: SHOW COLUMNS FROM `blog_evaluate` [ RunTime:0.000653s ]
SQL: SELECT COUNT(*) AS tp_count FROM `blog_evaluate` WHERE ( `target_uid` = 15 ) AND ( `target_id` = 0 ) LIMIT 1   [ RunTime:0.000068s ]
SQL: SELECT * FROM `blog_evaluate` WHERE ( `target_uid` = 15 ) AND ( `target_id` = 0 ) LIMIT 0,5   [ RunTime:0.000058s ]
INFO: [ view_parse ] --START--
NOTIC: [8] Undefined variable: title /data/www/blog/App/Runtime/Cache/Home/0e5084fc0722bdeca7772e9f1781d893.php 第 8 行.
SQL: SHOW COLUMNS FROM `blog_cate` [ RunTime:0.000505s ]
SQL: SELECT * FROM `blog_cate` WHERE ( `is_show` = 1 ) ORDER BY sort ASC LIMIT 100   [ RunTime:0.000063s ]
SQL: SELECT * FROM `blog_evaluate` WHERE (  ( `target_uid` = '15' ) AND ( `target_id` = 0 ) AND ( `status` = 0 ) ) LIMIT 0,5   [ RunTime:0.000129s ]
SQL: SHOW COLUMNS FROM `blog_member` [ RunTime:0.000707s ]
SQL: SELECT `top_pic` FROM `blog_member` WHERE ( `member_id` = 2 ) LIMIT 1   [ RunTime:0.000117s ]
SQL: SELECT `member_name` FROM `blog_member` WHERE ( `member_id` = 2 ) LIMIT 1   [ RunTime:0.000098s ]
SQL: SELECT `top_pic` FROM `blog_member` WHERE ( `member_id` = 2 ) LIMIT 1   [ RunTime:0.000096s ]
SQL: SELECT `member_name` FROM `blog_member` WHERE ( `member_id` = 2 ) LIMIT 1   [ RunTime:0.000792s ]
NOTIC: [8] Undefined index: uid /data/www/blog/App/Runtime/Cache/Home/f1105984bfefe3f9c6c6b0aed51b5873.php 第 25 行.
SQL: SELECT `id`,`title`,`click` FROM `blog_content` ORDER BY click desc LIMIT 5   [ RunTime:0.000620s ]
NOTIC: [8] Undefined variable: order /data/www/blog/App/Runtime/Cache/Home/82fde19a6a150571f89c227782947b1d.php 第 3 行.
SQL: SELECT `id`,`title`,`click` FROM `blog_content` ORDER BY add_time desc LIMIT 5   [ RunTime:0.000289s ]
NOTIC: [8] Undefined variable: order /data/www/blog/App/Runtime/Cache/Home/82fde19a6a150571f89c227782947b1d.php 第 3 行.
SQL: SHOW COLUMNS FROM `blog_link` [ RunTime:0.000719s ]
SQL: SELECT `name`,`link` FROM `blog_link` ORDER BY sort  [ RunTime:0.000685s ]
INFO: ParseTemplate Behavior ::run [ RunTime:0.256023s ]
INFO: [ view_parse ] --END-- [ RunTime:0.256131s ]
INFO: [ view_filter ] --START--
INFO: ContentReplace Behavior ::run [ RunTime:0.004240s ]
INFO: TokenBuild Behavior ::run [ RunTime:0.004564s ]
INFO: WriteHtmlCache Behavior ::run [ RunTime:0.011988s ]
INFO: ShowRuntime Behavior ::run [ RunTime:0.006790s ]
INFO: [ view_filter ] --END-- [ RunTime:0.027853s ]
INFO: [ view_end ] --START--
INFO: ShowPageTrace Behavior ::run [ RunTime:0.005644s ]
INFO: [ view_end ] --END-- [ RunTime:0.005757s ]

[ 2015-05-07T19:46:31+08:00 ] 192.168.33.1 /Home/Detail/clicknum/id/15.html
INFO: [ route_check ] --START--
INFO: CheckRoute Behavior ::run [ RunTime:0.009654s ]
INFO: [ route_check ] --END-- [ RunTime:0.009726s ]
INFO: [ app_begin ] --START--
INFO: ReadHtmlCache Behavior ::run [ RunTime:0.008783s ]
INFO: [ app_begin ] --END-- [ RunTime:0.008878s ]
SQL: SHOW COLUMNS FROM `blog_content` [ RunTime:0.000561s ]
SQL: SELECT `click` FROM `blog_content` WHERE ( `id` = 15 ) LIMIT 1   [ RunTime:0.000157s ]
SQL: UPDATE `blog_content` SET `click`=click+1 WHERE ( `id` = 15 ) [ RunTime:0.014273s ]

[ 2015-05-07T19:49:42+08:00 ] 192.168.33.1 /15.html
INFO: [ route_check ] --START--
INFO: CheckRoute Behavior ::run [ RunTime:0.006281s ]
INFO: [ route_check ] --END-- [ RunTime:0.006357s ]
INFO: [ app_begin ] --START--
INFO: ReadHtmlCache Behavior ::run [ RunTime:0.010077s ]
INFO: [ app_begin ] --END-- [ RunTime:0.010162s ]
SQL: SHOW COLUMNS FROM `blog_content` [ RunTime:0.000451s ]
SQL: SELECT * FROM `blog_content` WHERE ( `id` = 15 ) LIMIT 1   [ RunTime:0.000258s ]
SQL: SHOW COLUMNS FROM `blog_cate` [ RunTime:0.000714s ]
SQL: SELECT * FROM `blog_cate`  [ RunTime:0.000067s ]
SQL: SHOW COLUMNS FROM `blog_evaluate` [ RunTime:0.000690s ]
SQL: SELECT COUNT(*) AS tp_count FROM `blog_evaluate` WHERE ( `target_uid` = 15 ) AND ( `target_id` = 0 ) LIMIT 1   [ RunTime:0.000057s ]
SQL: SELECT * FROM `blog_evaluate` WHERE ( `target_uid` = 15 ) AND ( `target_id` = 0 ) LIMIT 0,5   [ RunTime:0.000048s ]
INFO: [ view_parse ] --START--
NOTIC: [8] Undefined variable: title /data/www/blog/App/Runtime/Cache/Home/0e5084fc0722bdeca7772e9f1781d893.php 第 8 行.
SQL: SHOW COLUMNS FROM `blog_cate` [ RunTime:0.001301s ]
SQL: SELECT * FROM `blog_cate` WHERE ( `is_show` = 1 ) ORDER BY sort ASC LIMIT 100   [ RunTime:0.000095s ]
SQL: SELECT * FROM `blog_evaluate` WHERE (  ( `target_uid` = '15' ) AND ( `target_id` = 0 ) AND ( `status` = 0 ) ) LIMIT 0,5   [ RunTime:0.000124s ]
SQL: SHOW COLUMNS FROM `blog_member` [ RunTime:0.000834s ]
SQL: SELECT `top_pic` FROM `blog_member` WHERE ( `member_id` = 2 ) LIMIT 1   [ RunTime:0.000060s ]
SQL: SELECT `member_name` FROM `blog_member` WHERE ( `member_id` = 2 ) LIMIT 1   [ RunTime:0.000043s ]
SQL: SELECT `top_pic` FROM `blog_member` WHERE ( `member_id` = 2 ) LIMIT 1   [ RunTime:0.000094s ]
SQL: SELECT `member_name` FROM `blog_member` WHERE ( `member_id` = 2 ) LIMIT 1   [ RunTime:0.000071s ]
NOTIC: [8] Undefined index: uid /data/www/blog/App/Runtime/Cache/Home/f1105984bfefe3f9c6c6b0aed51b5873.php 第 25 行.
SQL: SELECT `id`,`title`,`click` FROM `blog_content` ORDER BY click desc LIMIT 5   [ RunTime:0.000331s ]
NOTIC: [8] Undefined variable: order /data/www/blog/App/Runtime/Cache/Home/82fde19a6a150571f89c227782947b1d.php 第 3 行.
SQL: SELECT `id`,`title`,`click` FROM `blog_content` ORDER BY add_time desc LIMIT 5   [ RunTime:0.000291s ]
NOTIC: [8] Undefined variable: order /data/www/blog/App/Runtime/Cache/Home/82fde19a6a150571f89c227782947b1d.php 第 3 行.
SQL: SHOW COLUMNS FROM `blog_link` [ RunTime:0.000958s ]
SQL: SELECT `name`,`link` FROM `blog_link` ORDER BY sort  [ RunTime:0.000053s ]
INFO: ParseTemplate Behavior ::run [ RunTime:0.274791s ]
INFO: [ view_parse ] --END-- [ RunTime:0.274876s ]
INFO: [ view_filter ] --START--
INFO: ContentReplace Behavior ::run [ RunTime:0.010321s ]
INFO: TokenBuild Behavior ::run [ RunTime:0.006235s ]
INFO: WriteHtmlCache Behavior ::run [ RunTime:0.016152s ]
INFO: ShowRuntime Behavior ::run [ RunTime:0.010212s ]
INFO: [ view_filter ] --END-- [ RunTime:0.043217s ]
INFO: [ view_end ] --START--
INFO: ShowPageTrace Behavior ::run [ RunTime:0.007384s ]
INFO: [ view_end ] --END-- [ RunTime:0.007677s ]

[ 2015-05-07T19:49:43+08:00 ] 192.168.33.1 /Home/Detail/clicknum/id/15.html
INFO: [ route_check ] --START--
INFO: CheckRoute Behavior ::run [ RunTime:0.014369s ]
INFO: [ route_check ] --END-- [ RunTime:0.014489s ]
INFO: [ app_begin ] --START--
INFO: ReadHtmlCache Behavior ::run [ RunTime:0.012431s ]
INFO: [ app_begin ] --END-- [ RunTime:0.012543s ]
SQL: SHOW COLUMNS FROM `blog_content` [ RunTime:0.001380s ]
SQL: SELECT `click` FROM `blog_content` WHERE ( `id` = 15 ) LIMIT 1   [ RunTime:0.000293s ]
SQL: UPDATE `blog_content` SET `click`=click+1 WHERE ( `id` = 15 ) [ RunTime:0.003071s ]

[ 2015-05-07T19:50:53+08:00 ] 192.168.33.1 /15.html
INFO: [ route_check ] --START--
INFO: CheckRoute Behavior ::run [ RunTime:0.005728s ]
INFO: [ route_check ] --END-- [ RunTime:0.005810s ]
INFO: [ app_begin ] --START--
INFO: ReadHtmlCache Behavior ::run [ RunTime:0.009285s ]
INFO: [ app_begin ] --END-- [ RunTime:0.009381s ]
SQL: SHOW COLUMNS FROM `blog_content` [ RunTime:0.000298s ]
SQL: SELECT * FROM `blog_content` WHERE ( `id` = 15 ) LIMIT 1   [ RunTime:0.000351s ]
SQL: SHOW COLUMNS FROM `blog_cate` [ RunTime:0.000670s ]
SQL: SELECT * FROM `blog_cate`  [ RunTime:0.000053s ]
SQL: SHOW COLUMNS FROM `blog_evaluate` [ RunTime:0.000657s ]
SQL: SELECT COUNT(*) AS tp_count FROM `blog_evaluate` WHERE ( `target_uid` = 15 ) AND ( `target_id` = 0 ) LIMIT 1   [ RunTime:0.000057s ]
SQL: SELECT * FROM `blog_evaluate` WHERE ( `target_uid` = 15 ) AND ( `target_id` = 0 ) LIMIT 0,5   [ RunTime:0.000048s ]
INFO: [ view_parse ] --START--
NOTIC: [8] Undefined variable: title /data/www/blog/App/Runtime/Cache/Home/0e5084fc0722bdeca7772e9f1781d893.php 第 8 行.
SQL: SHOW COLUMNS FROM `blog_cate` [ RunTime:0.000889s ]
SQL: SELECT * FROM `blog_cate` WHERE ( `is_show` = 1 ) ORDER BY sort ASC LIMIT 100   [ RunTime:0.000094s ]
SQL: SELECT * FROM `blog_evaluate` WHERE (  ( `target_uid` = '15' ) AND ( `target_id` = 0 ) AND ( `status` = 0 ) ) LIMIT 0,5   [ RunTime:0.000114s ]
SQL: SHOW COLUMNS FROM `blog_member` [ RunTime:0.000611s ]
SQL: SELECT `top_pic` FROM `blog_member` WHERE ( `member_id` = 2 ) LIMIT 1   [ RunTime:0.000051s ]
SQL: SELECT `member_name` FROM `blog_member` WHERE ( `member_id` = 2 ) LIMIT 1   [ RunTime:0.000047s ]
SQL: SELECT `top_pic` FROM `blog_member` WHERE ( `member_id` = 2 ) LIMIT 1   [ RunTime:0.000039s ]
SQL: SELECT `member_name` FROM `blog_member` WHERE ( `member_id` = 2 ) LIMIT 1   [ RunTime:0.000038s ]
NOTIC: [8] Undefined index: uid /data/www/blog/App/Runtime/Cache/Home/f1105984bfefe3f9c6c6b0aed51b5873.php 第 25 行.
SQL: SELECT `id`,`title`,`click` FROM `blog_content` ORDER BY click desc LIMIT 5   [ RunTime:0.000272s ]
NOTIC: [8] Undefined variable: order /data/www/blog/App/Runtime/Cache/Home/82fde19a6a150571f89c227782947b1d.php 第 3 行.
SQL: SELECT `id`,`title`,`click` FROM `blog_content` ORDER BY add_time desc LIMIT 5   [ RunTime:0.000416s ]
NOTIC: [8] Undefined variable: order /data/www/blog/App/Runtime/Cache/Home/82fde19a6a150571f89c227782947b1d.php 第 3 行.
SQL: SHOW COLUMNS FROM `blog_link` [ RunTime:0.000487s ]
SQL: SELECT `name`,`link` FROM `blog_link` ORDER BY sort  [ RunTime:0.000062s ]
INFO: ParseTemplate Behavior ::run [ RunTime:0.269933s ]
INFO: [ view_parse ] --END-- [ RunTime:0.270027s ]
INFO: [ view_filter ] --START--
INFO: ContentReplace Behavior ::run [ RunTime:0.006309s ]
INFO: TokenBuild Behavior ::run [ RunTime:0.004287s ]
INFO: WriteHtmlCache Behavior ::run [ RunTime:0.008550s ]
INFO: ShowRuntime Behavior ::run [ RunTime:0.007767s ]
INFO: [ view_filter ] --END-- [ RunTime:0.027161s ]
INFO: [ view_end ] --START--
INFO: ShowPageTrace Behavior ::run [ RunTime:0.005203s ]
INFO: [ view_end ] --END-- [ RunTime:0.005311s ]

[ 2015-05-07T19:50:53+08:00 ] 192.168.33.1 /Home/Detail/clicknum/id/15.html
INFO: [ route_check ] --START--
INFO: CheckRoute Behavior ::run [ RunTime:0.007713s ]
INFO: [ route_check ] --END-- [ RunTime:0.007796s ]
INFO: [ app_begin ] --START--
INFO: ReadHtmlCache Behavior ::run [ RunTime:0.006017s ]
INFO: [ app_begin ] --END-- [ RunTime:0.006104s ]
SQL: SHOW COLUMNS FROM `blog_content` [ RunTime:0.000265s ]
SQL: SELECT `click` FROM `blog_content` WHERE ( `id` = 15 ) LIMIT 1   [ RunTime:0.000169s ]
SQL: UPDATE `blog_content` SET `click`=click+1 WHERE ( `id` = 15 ) [ RunTime:0.013989s ]

[ 2015-05-07T19:51:28+08:00 ] 192.168.33.1 /15.html
INFO: [ route_check ] --START--
INFO: CheckRoute Behavior ::run [ RunTime:0.009148s ]
INFO: [ route_check ] --END-- [ RunTime:0.009237s ]
INFO: [ app_begin ] --START--
INFO: ReadHtmlCache Behavior ::run [ RunTime:0.011703s ]
INFO: [ app_begin ] --END-- [ RunTime:0.011810s ]
SQL: SHOW COLUMNS FROM `blog_content` [ RunTime:0.000428s ]
SQL: SELECT * FROM `blog_content` WHERE ( `id` = 15 ) LIMIT 1   [ RunTime:0.000498s ]
SQL: SHOW COLUMNS FROM `blog_cate` [ RunTime:0.000590s ]
SQL: SELECT * FROM `blog_cate`  [ RunTime:0.000077s ]
SQL: SHOW COLUMNS FROM `blog_evaluate` [ RunTime:0.000852s ]
SQL: SELECT COUNT(*) AS tp_count FROM `blog_evaluate` WHERE ( `target_uid` = 15 ) AND ( `target_id` = 0 ) LIMIT 1   [ RunTime:0.000265s ]
SQL: SELECT * FROM `blog_evaluate` WHERE ( `target_uid` = 15 ) AND ( `target_id` = 0 ) LIMIT 0,5   [ RunTime:0.000142s ]
INFO: [ view_parse ] --START--
NOTIC: [8] Undefined variable: title /data/www/blog/App/Runtime/Cache/Home/0e5084fc0722bdeca7772e9f1781d893.php 第 8 行.
SQL: SHOW COLUMNS FROM `blog_cate` [ RunTime:0.001551s ]
SQL: SELECT * FROM `blog_cate` WHERE ( `is_show` = 1 ) ORDER BY sort ASC LIMIT 100   [ RunTime:0.000209s ]
SQL: SELECT * FROM `blog_evaluate` WHERE (  ( `target_uid` = '15' ) AND ( `target_id` = 0 ) AND ( `status` = 0 ) ) LIMIT 0,5   [ RunTime:0.000099s ]
SQL: SHOW COLUMNS FROM `blog_member` [ RunTime:0.000728s ]
SQL: SELECT `top_pic` FROM `blog_member` WHERE ( `member_id` = 2 ) LIMIT 1   [ RunTime:0.000056s ]
SQL: SELECT `member_name` FROM `blog_member` WHERE ( `member_id` = 2 ) LIMIT 1   [ RunTime:0.000041s ]
SQL: SELECT `top_pic` FROM `blog_member` WHERE ( `member_id` = 2 ) LIMIT 1   [ RunTime:0.000039s ]
SQL: SELECT `member_name` FROM `blog_member` WHERE ( `member_id` = 2 ) LIMIT 1   [ RunTime:0.000038s ]
NOTIC: [8] Undefined index: uid /data/www/blog/App/Runtime/Cache/Home/f1105984bfefe3f9c6c6b0aed51b5873.php 第 25 行.
SQL: SELECT `id`,`title`,`click` FROM `blog_content` ORDER BY click desc LIMIT 5   [ RunTime:0.000270s ]
NOTIC: [8] Undefined variable: order /data/www/blog/App/Runtime/Cache/Home/82fde19a6a150571f89c227782947b1d.php 第 3 行.
SQL: SELECT `id`,`title`,`click` FROM `blog_content` ORDER BY add_time desc LIMIT 5   [ RunTime:0.000275s ]
NOTIC: [8] Undefined variable: order /data/www/blog/App/Runtime/Cache/Home/82fde19a6a150571f89c227782947b1d.php 第 3 行.
SQL: SHOW COLUMNS FROM `blog_link` [ RunTime:0.000432s ]
SQL: SELECT `name`,`link` FROM `blog_link` ORDER BY sort  [ RunTime:0.000047s ]
INFO: ParseTemplate Behavior ::run [ RunTime:0.264921s ]
INFO: [ view_parse ] --END-- [ RunTime:0.265040s ]
INFO: [ view_filter ] --START--
INFO: ContentReplace Behavior ::run [ RunTime:0.006876s ]
INFO: TokenBuild Behavior ::run [ RunTime:0.005108s ]
INFO: WriteHtmlCache Behavior ::run [ RunTime:0.012569s ]
INFO: ShowRuntime Behavior ::run [ RunTime:0.003504s ]
INFO: [ view_filter ] --END-- [ RunTime:0.028269s ]
INFO: [ view_end ] --START--
INFO: ShowPageTrace Behavior ::run [ RunTime:0.005764s ]
INFO: [ view_end ] --END-- [ RunTime:0.006015s ]

[ 2015-05-07T19:51:28+08:00 ] 192.168.33.1 /Home/Detail/clicknum/id/15.html
INFO: [ route_check ] --START--
INFO: CheckRoute Behavior ::run [ RunTime:0.004986s ]
INFO: [ route_check ] --END-- [ RunTime:0.005058s ]
INFO: [ app_begin ] --START--
INFO: ReadHtmlCache Behavior ::run [ RunTime:0.006869s ]
INFO: [ app_begin ] --END-- [ RunTime:0.006967s ]
SQL: SHOW COLUMNS FROM `blog_content` [ RunTime:0.000531s ]
SQL: SELECT `click` FROM `blog_content` WHERE ( `id` = 15 ) LIMIT 1   [ RunTime:0.000192s ]
SQL: UPDATE `blog_content` SET `click`=click+1 WHERE ( `id` = 15 ) [ RunTime:0.011948s ]

[ 2015-05-07T19:54:48+08:00 ] 192.168.33.1 /15.html
INFO: [ route_check ] --START--
INFO: CheckRoute Behavior ::run [ RunTime:0.008855s ]
INFO: [ route_check ] --END-- [ RunTime:0.008944s ]
INFO: [ app_begin ] --START--
INFO: ReadHtmlCache Behavior ::run [ RunTime:0.011007s ]
INFO: [ app_begin ] --END-- [ RunTime:0.011094s ]
SQL: SHOW COLUMNS FROM `blog_content` [ RunTime:0.000989s ]
SQL: SELECT * FROM `blog_content` WHERE ( `id` = 15 ) LIMIT 1   [ RunTime:0.000221s ]
SQL: SHOW COLUMNS FROM `blog_cate` [ RunTime:0.000719s ]
SQL: SELECT * FROM `blog_cate`  [ RunTime:0.000090s ]
SQL: SHOW COLUMNS FROM `blog_evaluate` [ RunTime:0.000580s ]
SQL: SELECT COUNT(*) AS tp_count FROM `blog_evaluate` WHERE ( `target_uid` = 15 ) AND ( `target_id` = 0 ) LIMIT 1   [ RunTime:0.000065s ]
SQL: SELECT * FROM `blog_evaluate` WHERE ( `target_uid` = 15 ) AND ( `target_id` = 0 ) LIMIT 0,5   [ RunTime:0.000065s ]
INFO: [ view_parse ] --START--
NOTIC: [8] Undefined variable: title /data/www/blog/App/Runtime/Cache/Home/0e5084fc0722bdeca7772e9f1781d893.php 第 8 行.
SQL: SHOW COLUMNS FROM `blog_cate` [ RunTime:0.001502s ]
SQL: SELECT * FROM `blog_cate` WHERE ( `is_show` = 1 ) ORDER BY sort ASC LIMIT 100   [ RunTime:0.000264s ]
SQL: SELECT * FROM `blog_evaluate` WHERE (  ( `target_uid` = '15' ) AND ( `target_id` = 0 ) AND ( `status` = 0 ) ) LIMIT 0,5   [ RunTime:0.000098s ]
SQL: SHOW COLUMNS FROM `blog_member` [ RunTime:0.000888s ]
SQL: SELECT `top_pic` FROM `blog_member` WHERE ( `member_id` = 2 ) LIMIT 1   [ RunTime:0.000052s ]
SQL: SELECT `member_name` FROM `blog_member` WHERE ( `member_id` = 2 ) LIMIT 1   [ RunTime:0.000041s ]
SQL: SELECT `top_pic` FROM `blog_member` WHERE ( `member_id` = 2 ) LIMIT 1   [ RunTime:0.000040s ]
SQL: SELECT `member_name` FROM `blog_member` WHERE ( `member_id` = 2 ) LIMIT 1   [ RunTime:0.000038s ]
NOTIC: [8] Undefined index: uid /data/www/blog/App/Runtime/Cache/Home/f1105984bfefe3f9c6c6b0aed51b5873.php 第 25 行.
SQL: SELECT `id`,`title`,`click` FROM `blog_content` ORDER BY click desc LIMIT 5   [ RunTime:0.000259s ]
NOTIC: [8] Undefined variable: order /data/www/blog/App/Runtime/Cache/Home/82fde19a6a150571f89c227782947b1d.php 第 3 行.
SQL: SELECT `id`,`title`,`click` FROM `blog_content` ORDER BY add_time desc LIMIT 5   [ RunTime:0.000092s ]
NOTIC: [8] Undefined variable: order /data/www/blog/App/Runtime/Cache/Home/82fde19a6a150571f89c227782947b1d.php 第 3 行.
SQL: SHOW COLUMNS FROM `blog_link` [ RunTime:0.000520s ]
SQL: SELECT `name`,`link` FROM `blog_link` ORDER BY sort  [ RunTime:0.000049s ]
INFO: ParseTemplate Behavior ::run [ RunTime:0.297720s ]
INFO: [ view_parse ] --END-- [ RunTime:0.297845s ]
INFO: [ view_filter ] --START--
INFO: ContentReplace Behavior ::run [ RunTime:0.006968s ]
INFO: TokenBuild Behavior ::run [ RunTime:0.004874s ]
INFO: WriteHtmlCache Behavior ::run [ RunTime:0.009596s ]
INFO: ShowRuntime Behavior ::run [ RunTime:0.003911s ]
INFO: [ view_filter ] --END-- [ RunTime:0.025561s ]
INFO: [ view_end ] --START--
INFO: ShowPageTrace Behavior ::run [ RunTime:0.005554s ]
INFO: [ view_end ] --END-- [ RunTime:0.005641s ]

[ 2015-05-07T19:54:48+08:00 ] 192.168.33.1 /Home/Detail/clicknum/id/15.html
INFO: [ route_check ] --START--
INFO: CheckRoute Behavior ::run [ RunTime:0.005006s ]
INFO: [ route_check ] --END-- [ RunTime:0.005082s ]
INFO: [ app_begin ] --START--
INFO: ReadHtmlCache Behavior ::run [ RunTime:0.005297s ]
INFO: [ app_begin ] --END-- [ RunTime:0.005393s ]
SQL: SHOW COLUMNS FROM `blog_content` [ RunTime:0.000414s ]
SQL: SELECT `click` FROM `blog_content` WHERE ( `id` = 15 ) LIMIT 1   [ RunTime:0.000149s ]
SQL: UPDATE `blog_content` SET `click`=click+1 WHERE ( `id` = 15 ) [ RunTime:0.004625s ]

[ 2015-05-07T19:55:38+08:00 ] 192.168.33.1 /15.html
INFO: [ route_check ] --START--
INFO: CheckRoute Behavior ::run [ RunTime:0.007809s ]
INFO: [ route_check ] --END-- [ RunTime:0.007875s ]
INFO: [ app_begin ] --START--
INFO: ReadHtmlCache Behavior ::run [ RunTime:0.011764s ]
INFO: [ app_begin ] --END-- [ RunTime:0.011844s ]
SQL: SHOW COLUMNS FROM `blog_content` [ RunTime:0.000470s ]
SQL: SELECT * FROM `blog_content` WHERE ( `id` = 15 ) LIMIT 1   [ RunTime:0.000279s ]
SQL: SHOW COLUMNS FROM `blog_cate` [ RunTime:0.000373s ]
SQL: SELECT * FROM `blog_cate`  [ RunTime:0.000057s ]
SQL: SHOW COLUMNS FROM `blog_evaluate` [ RunTime:0.000418s ]
SQL: SELECT COUNT(*) AS tp_count FROM `blog_evaluate` WHERE ( `target_uid` = 15 ) AND ( `target_id` = 0 ) LIMIT 1   [ RunTime:0.000057s ]
SQL: SELECT * FROM `blog_evaluate` WHERE ( `target_uid` = 15 ) AND ( `target_id` = 0 ) LIMIT 0,5   [ RunTime:0.000054s ]
INFO: [ view_parse ] --START--
NOTIC: [8] Undefined variable: title /data/www/blog/App/Runtime/Cache/Home/0e5084fc0722bdeca7772e9f1781d893.php 第 8 行.
SQL: SHOW COLUMNS FROM `blog_cate` [ RunTime:0.000841s ]
SQL: SELECT * FROM `blog_cate` WHERE ( `is_show` = 1 ) ORDER BY sort ASC LIMIT 100   [ RunTime:0.000115s ]
SQL: SELECT * FROM `blog_evaluate` WHERE (  ( `target_uid` = '15' ) AND ( `target_id` = 0 ) AND ( `status` = 0 ) ) LIMIT 0,5   [ RunTime:0.000099s ]
SQL: SHOW COLUMNS FROM `blog_member` [ RunTime:0.000590s ]
SQL: SELECT `top_pic` FROM `blog_member` WHERE ( `member_id` = 2 ) LIMIT 1   [ RunTime:0.000051s ]
SQL: SELECT `member_name` FROM `blog_member` WHERE ( `member_id` = 2 ) LIMIT 1   [ RunTime:0.000041s ]
SQL: SELECT `top_pic` FROM `blog_member` WHERE ( `member_id` = 2 ) LIMIT 1   [ RunTime:0.000075s ]
SQL: SELECT `member_name` FROM `blog_member` WHERE ( `member_id` = 2 ) LIMIT 1   [ RunTime:0.000041s ]
NOTIC: [8] Undefined index: uid /data/www/blog/App/Runtime/Cache/Home/f1105984bfefe3f9c6c6b0aed51b5873.php 第 25 行.
SQL: SELECT `id`,`title`,`click` FROM `blog_content` ORDER BY click desc LIMIT 5   [ RunTime:0.000384s ]
NOTIC: [8] Undefined variable: order /data/www/blog/App/Runtime/Cache/Home/82fde19a6a150571f89c227782947b1d.php 第 3 行.
SQL: SELECT `id`,`title`,`click` FROM `blog_content` ORDER BY add_time desc LIMIT 5   [ RunTime:0.000306s ]
NOTIC: [8] Undefined variable: order /data/www/blog/App/Runtime/Cache/Home/82fde19a6a150571f89c227782947b1d.php 第 3 行.
SQL: SHOW COLUMNS FROM `blog_link` [ RunTime:0.000451s ]
SQL: SELECT `name`,`link` FROM `blog_link` ORDER BY sort  [ RunTime:0.000048s ]
INFO: ParseTemplate Behavior ::run [ RunTime:0.297170s ]
INFO: [ view_parse ] --END-- [ RunTime:0.297277s ]
INFO: [ view_filter ] --START--
INFO: ContentReplace Behavior ::run [ RunTime:0.008102s ]
INFO: TokenBuild Behavior ::run [ RunTime:0.005399s ]
INFO: WriteHtmlCache Behavior ::run [ RunTime:0.015346s ]
INFO: ShowRuntime Behavior ::run [ RunTime:0.007966s ]
INFO: [ view_filter ] --END-- [ RunTime:0.037072s ]
INFO: [ view_end ] --START--
INFO: ShowPageTrace Behavior ::run [ RunTime:0.004184s ]
INFO: [ view_end ] --END-- [ RunTime:0.004288s ]

[ 2015-05-07T19:55:38+08:00 ] 192.168.33.1 /Home/Detail/clicknum/id/15.html
INFO: [ route_check ] --START--
INFO: CheckRoute Behavior ::run [ RunTime:0.005192s ]
INFO: [ route_check ] --END-- [ RunTime:0.005269s ]
INFO: [ app_begin ] --START--
INFO: ReadHtmlCache Behavior ::run [ RunTime:0.009180s ]
INFO: [ app_begin ] --END-- [ RunTime:0.009259s ]
SQL: SHOW COLUMNS FROM `blog_content` [ RunTime:0.000510s ]
SQL: SELECT `click` FROM `blog_content` WHERE ( `id` = 15 ) LIMIT 1   [ RunTime:0.000170s ]
SQL: UPDATE `blog_content` SET `click`=click+1 WHERE ( `id` = 15 ) [ RunTime:0.011346s ]

[ 2015-05-07T20:01:35+08:00 ] 192.168.33.1 /15.html
INFO: [ route_check ] --START--
INFO: CheckRoute Behavior ::run [ RunTime:0.007122s ]
INFO: [ route_check ] --END-- [ RunTime:0.007223s ]
INFO: [ app_begin ] --START--
INFO: ReadHtmlCache Behavior ::run [ RunTime:0.009664s ]
INFO: [ app_begin ] --END-- [ RunTime:0.009757s ]
SQL: SHOW COLUMNS FROM `blog_content` [ RunTime:0.000441s ]
SQL: SELECT * FROM `blog_content` WHERE ( `id` = 15 ) LIMIT 1   [ RunTime:0.000215s ]
SQL: SHOW COLUMNS FROM `blog_cate` [ RunTime:0.000499s ]
SQL: SELECT * FROM `blog_cate`  [ RunTime:0.000050s ]
SQL: SHOW COLUMNS FROM `blog_evaluate` [ RunTime:0.000554s ]
SQL: SELECT COUNT(*) AS tp_count FROM `blog_evaluate` WHERE ( `target_uid` = 15 ) AND ( `target_id` = 0 ) LIMIT 1   [ RunTime:0.000060s ]
SQL: SELECT * FROM `blog_evaluate` WHERE ( `target_uid` = 15 ) AND ( `target_id` = 0 ) LIMIT 0,5   [ RunTime:0.000063s ]
INFO: [ view_parse ] --START--
NOTIC: [8] Undefined variable: title /data/www/blog/App/Runtime/Cache/Home/0e5084fc0722bdeca7772e9f1781d893.php 第 8 行.
SQL: SHOW COLUMNS FROM `blog_cate` [ RunTime:0.000567s ]
SQL: SELECT * FROM `blog_cate` WHERE ( `is_show` = 1 ) ORDER BY sort ASC LIMIT 100   [ RunTime:0.000084s ]
SQL: SELECT * FROM `blog_evaluate` WHERE (  ( `target_uid` = '15' ) AND ( `target_id` = 0 ) AND ( `status` = 0 ) ) LIMIT 0,5   [ RunTime:0.000108s ]
SQL: SHOW COLUMNS FROM `blog_member` [ RunTime:0.000667s ]
SQL: SELECT `top_pic` FROM `blog_member` WHERE ( `member_id` = 2 ) LIMIT 1   [ RunTime:0.000063s ]
SQL: SELECT `member_name` FROM `blog_member` WHERE ( `member_id` = 2 ) LIMIT 1   [ RunTime:0.000042s ]
SQL: SELECT `top_pic` FROM `blog_member` WHERE ( `member_id` = 2 ) LIMIT 1   [ RunTime:0.000040s ]
SQL: SELECT `member_name` FROM `blog_member` WHERE ( `member_id` = 2 ) LIMIT 1   [ RunTime:0.000038s ]
NOTIC: [8] Undefined index: uid /data/www/blog/App/Runtime/Cache/Home/f1105984bfefe3f9c6c6b0aed51b5873.php 第 25 行.
SQL: SELECT `id`,`title`,`click` FROM `blog_content` ORDER BY click desc LIMIT 5   [ RunTime:0.000253s ]
NOTIC: [8] Undefined variable: order /data/www/blog/App/Runtime/Cache/Home/82fde19a6a150571f89c227782947b1d.php 第 3 行.
SQL: SELECT `id`,`title`,`click` FROM `blog_content` ORDER BY add_time desc LIMIT 5   [ RunTime:0.000356s ]
NOTIC: [8] Undefined variable: order /data/www/blog/App/Runtime/Cache/Home/82fde19a6a150571f89c227782947b1d.php 第 3 行.
SQL: SHOW COLUMNS FROM `blog_link` [ RunTime:0.000477s ]
SQL: SELECT `name`,`link` FROM `blog_link` ORDER BY sort  [ RunTime:0.000054s ]
INFO: ParseTemplate Behavior ::run [ RunTime:0.261692s ]
INFO: [ view_parse ] --END-- [ RunTime:0.261773s ]
INFO: [ view_filter ] --START--
INFO: ContentReplace Behavior ::run [ RunTime:0.006800s ]
INFO: TokenBuild Behavior ::run [ RunTime:0.004426s ]
INFO: WriteHtmlCache Behavior ::run [ RunTime:0.012432s ]
INFO: ShowRuntime Behavior ::run [ RunTime:0.004335s ]
INFO: [ view_filter ] --END-- [ RunTime:0.028220s ]
INFO: [ view_end ] --START--
INFO: ShowPageTrace Behavior ::run [ RunTime:0.004906s ]
INFO: [ view_end ] --END-- [ RunTime:0.005088s ]

[ 2015-05-07T20:01:35+08:00 ] 192.168.33.1 /Home/Detail/clicknum/id/15.html
INFO: [ route_check ] --START--
INFO: CheckRoute Behavior ::run [ RunTime:0.005453s ]
INFO: [ route_check ] --END-- [ RunTime:0.005525s ]
INFO: [ app_begin ] --START--
INFO: ReadHtmlCache Behavior ::run [ RunTime:0.005237s ]
INFO: [ app_begin ] --END-- [ RunTime:0.005300s ]
SQL: SHOW COLUMNS FROM `blog_content` [ RunTime:0.000486s ]
SQL: SELECT `click` FROM `blog_content` WHERE ( `id` = 15 ) LIMIT 1   [ RunTime:0.000163s ]
SQL: UPDATE `blog_content` SET `click`=click+1 WHERE ( `id` = 15 ) [ RunTime:0.012286s ]

[ 2015-05-07T20:08:03+08:00 ] 192.168.33.1 /15.html
INFO: [ route_check ] --START--
INFO: CheckRoute Behavior ::run [ RunTime:0.008574s ]
INFO: [ route_check ] --END-- [ RunTime:0.008672s ]
INFO: [ app_begin ] --START--
INFO: ReadHtmlCache Behavior ::run [ RunTime:0.014702s ]
INFO: [ app_begin ] --END-- [ RunTime:0.014799s ]
SQL: SHOW COLUMNS FROM `blog_content` [ RunTime:0.000421s ]
SQL: SELECT * FROM `blog_content` WHERE ( `id` = 15 ) LIMIT 1   [ RunTime:0.000258s ]
SQL: SHOW COLUMNS FROM `blog_cate` [ RunTime:0.000402s ]
SQL: SELECT * FROM `blog_cate`  [ RunTime:0.000076s ]
SQL: SHOW COLUMNS FROM `blog_evaluate` [ RunTime:0.001062s ]
SQL: SELECT COUNT(*) AS tp_count FROM `blog_evaluate` WHERE ( `target_uid` = 15 ) AND ( `target_id` = 0 ) LIMIT 1   [ RunTime:0.000050s ]
SQL: SELECT * FROM `blog_evaluate` WHERE ( `target_uid` = 15 ) AND ( `target_id` = 0 ) LIMIT 0,5   [ RunTime:0.000046s ]
INFO: [ view_parse ] --START--
NOTIC: [8] Undefined variable: title /data/www/blog/App/Runtime/Cache/Home/0e5084fc0722bdeca7772e9f1781d893.php 第 8 行.
SQL: SHOW COLUMNS FROM `blog_cate` [ RunTime:0.000543s ]
SQL: SELECT * FROM `blog_cate` WHERE ( `is_show` = 1 ) ORDER BY sort ASC LIMIT 100   [ RunTime:0.000070s ]
SQL: SELECT * FROM `blog_evaluate` WHERE (  ( `target_uid` = '15' ) AND ( `target_id` = 0 ) AND ( `status` = 0 ) ) LIMIT 0,5   [ RunTime:0.000140s ]
SQL: SHOW COLUMNS FROM `blog_member` [ RunTime:0.000565s ]
SQL: SELECT `top_pic` FROM `blog_member` WHERE ( `member_id` = 2 ) LIMIT 1   [ RunTime:0.000058s ]
SQL: SELECT `member_name` FROM `blog_member` WHERE ( `member_id` = 2 ) LIMIT 1   [ RunTime:0.000041s ]
SQL: SELECT `top_pic` FROM `blog_member` WHERE ( `member_id` = 2 ) LIMIT 1   [ RunTime:0.000039s ]
SQL: SELECT `member_name` FROM `blog_member` WHERE ( `member_id` = 2 ) LIMIT 1   [ RunTime:0.000037s ]
NOTIC: [8] Undefined index: uid /data/www/blog/App/Runtime/Cache/Home/f1105984bfefe3f9c6c6b0aed51b5873.php 第 25 行.
SQL: SELECT `id`,`title`,`click` FROM `blog_content` ORDER BY click desc LIMIT 5   [ RunTime:0.000378s ]
NOTIC: [8] Undefined variable: order /data/www/blog/App/Runtime/Cache/Home/82fde19a6a150571f89c227782947b1d.php 第 3 行.
SQL: SELECT `id`,`title`,`click` FROM `blog_content` ORDER BY add_time desc LIMIT 5   [ RunTime:0.000360s ]
NOTIC: [8] Undefined variable: order /data/www/blog/App/Runtime/Cache/Home/82fde19a6a150571f89c227782947b1d.php 第 3 行.
SQL: SHOW COLUMNS FROM `blog_link` [ RunTime:0.000836s ]
SQL: SELECT `name`,`link` FROM `blog_link` ORDER BY sort  [ RunTime:0.000049s ]
INFO: ParseTemplate Behavior ::run [ RunTime:0.284478s ]
INFO: [ view_parse ] --END-- [ RunTime:0.284603s ]
INFO: [ view_filter ] --START--
INFO: ContentReplace Behavior ::run [ RunTime:0.008188s ]
INFO: TokenBuild Behavior ::run [ RunTime:0.004201s ]
INFO: WriteHtmlCache Behavior ::run [ RunTime:0.011796s ]
INFO: ShowRuntime Behavior ::run [ RunTime:0.004616s ]
INFO: [ view_filter ] --END-- [ RunTime:0.029066s ]
INFO: [ view_end ] --START--
INFO: ShowPageTrace Behavior ::run [ RunTime:0.006206s ]
INFO: [ view_end ] --END-- [ RunTime:0.006296s ]

[ 2015-05-07T20:08:03+08:00 ] 192.168.33.1 /Home/Detail/clicknum/id/15.html
INFO: [ route_check ] --START--
INFO: CheckRoute Behavior ::run [ RunTime:0.006026s ]
INFO: [ route_check ] --END-- [ RunTime:0.006095s ]
INFO: [ app_begin ] --START--
INFO: ReadHtmlCache Behavior ::run [ RunTime:0.004172s ]
INFO: [ app_begin ] --END-- [ RunTime:0.004244s ]
SQL: SHOW COLUMNS FROM `blog_content` [ RunTime:0.000366s ]
SQL: SELECT `click` FROM `blog_content` WHERE ( `id` = 15 ) LIMIT 1   [ RunTime:0.000660s ]
SQL: UPDATE `blog_content` SET `click`=click+1 WHERE ( `id` = 15 ) [ RunTime:0.011895s ]

[ 2015-05-07T20:09:13+08:00 ] 192.168.33.1 /15.html
INFO: [ route_check ] --START--
INFO: CheckRoute Behavior ::run [ RunTime:0.006626s ]
INFO: [ route_check ] --END-- [ RunTime:0.006711s ]
INFO: [ app_begin ] --START--
INFO: ReadHtmlCache Behavior ::run [ RunTime:0.011672s ]
INFO: [ app_begin ] --END-- [ RunTime:0.011778s ]
SQL: SHOW COLUMNS FROM `blog_content` [ RunTime:0.001235s ]
SQL: SELECT * FROM `blog_content` WHERE ( `id` = 15 ) LIMIT 1   [ RunTime:0.000254s ]
SQL: SHOW COLUMNS FROM `blog_cate` [ RunTime:0.000602s ]
SQL: SELECT * FROM `blog_cate`  [ RunTime:0.000076s ]
SQL: SHOW COLUMNS FROM `blog_evaluate` [ RunTime:0.001008s ]
SQL: SELECT COUNT(*) AS tp_count FROM `blog_evaluate` WHERE ( `target_uid` = 15 ) AND ( `target_id` = 0 ) LIMIT 1   [ RunTime:0.000110s ]
SQL: SELECT * FROM `blog_evaluate` WHERE ( `target_uid` = 15 ) AND ( `target_id` = 0 ) LIMIT 0,5   [ RunTime:0.000056s ]
INFO: [ view_parse ] --START--
NOTIC: [8] Undefined variable: title /data/www/blog/App/Runtime/Cache/Home/0e5084fc0722bdeca7772e9f1781d893.php 第 8 行.
SQL: SHOW COLUMNS FROM `blog_cate` [ RunTime:0.000603s ]
SQL: SELECT * FROM `blog_cate` WHERE ( `is_show` = 1 ) ORDER BY sort ASC LIMIT 100   [ RunTime:0.000073s ]
SQL: SELECT * FROM `blog_evaluate` WHERE (  ( `target_uid` = '15' ) AND ( `target_id` = 0 ) AND ( `status` = 0 ) ) LIMIT 0,5   [ RunTime:0.000251s ]
SQL: SHOW COLUMNS FROM `blog_member` [ RunTime:0.000608s ]
SQL: SELECT `top_pic` FROM `blog_member` WHERE ( `member_id` = 2 ) LIMIT 1   [ RunTime:0.000057s ]
SQL: SELECT `member_name` FROM `blog_member` WHERE ( `member_id` = 2 ) LIMIT 1   [ RunTime:0.000044s ]
SQL: SELECT `top_pic` FROM `blog_member` WHERE ( `member_id` = 2 ) LIMIT 1   [ RunTime:0.000082s ]
SQL: SELECT `member_name` FROM `blog_member` WHERE ( `member_id` = 2 ) LIMIT 1   [ RunTime:0.000950s ]
NOTIC: [8] Undefined index: uid /data/www/blog/App/Runtime/Cache/Home/f1105984bfefe3f9c6c6b0aed51b5873.php 第 25 行.
SQL: SELECT `id`,`title`,`click` FROM `blog_content` ORDER BY click desc LIMIT 5   [ RunTime:0.000267s ]
NOTIC: [8] Undefined variable: order /data/www/blog/App/Runtime/Cache/Home/82fde19a6a150571f89c227782947b1d.php 第 3 行.
SQL: SELECT `id`,`title`,`click` FROM `blog_content` ORDER BY add_time desc LIMIT 5   [ RunTime:0.000554s ]
NOTIC: [8] Undefined variable: order /data/www/blog/App/Runtime/Cache/Home/82fde19a6a150571f89c227782947b1d.php 第 3 行.
SQL: SHOW COLUMNS FROM `blog_link` [ RunTime:0.000721s ]
SQL: SELECT `name`,`link` FROM `blog_link` ORDER BY sort  [ RunTime:0.000075s ]
INFO: ParseTemplate Behavior ::run [ RunTime:0.276623s ]
INFO: [ view_parse ] --END-- [ RunTime:0.276750s ]
INFO: [ view_filter ] --START--
INFO: ContentReplace Behavior ::run [ RunTime:0.007669s ]
INFO: TokenBuild Behavior ::run [ RunTime:0.006965s ]
INFO: WriteHtmlCache Behavior ::run [ RunTime:0.014313s ]
INFO: ShowRuntime Behavior ::run [ RunTime:0.007103s ]
INFO: [ view_filter ] --END-- [ RunTime:0.036332s ]
INFO: [ view_end ] --START--
INFO: ShowPageTrace Behavior ::run [ RunTime:0.006201s ]
INFO: [ view_end ] --END-- [ RunTime:0.006290s ]

[ 2015-05-07T20:09:13+08:00 ] 192.168.33.1 /Home/Detail/clicknum/id/15.html
INFO: [ route_check ] --START--
INFO: CheckRoute Behavior ::run [ RunTime:0.006923s ]
INFO: [ route_check ] --END-- [ RunTime:0.007030s ]
INFO: [ app_begin ] --START--
INFO: ReadHtmlCache Behavior ::run [ RunTime:0.008337s ]
INFO: [ app_begin ] --END-- [ RunTime:0.008404s ]
SQL: SHOW COLUMNS FROM `blog_content` [ RunTime:0.000410s ]
SQL: SELECT `click` FROM `blog_content` WHERE ( `id` = 15 ) LIMIT 1   [ RunTime:0.000104s ]
SQL: UPDATE `blog_content` SET `click`=click+1 WHERE ( `id` = 15 ) [ RunTime:0.011820s ]

[ 2015-05-07T20:12:15+08:00 ] 192.168.33.1 /15.html
INFO: [ route_check ] --START--
INFO: CheckRoute Behavior ::run [ RunTime:0.007240s ]
INFO: [ route_check ] --END-- [ RunTime:0.007330s ]
INFO: [ app_begin ] --START--
INFO: ReadHtmlCache Behavior ::run [ RunTime:0.006999s ]
INFO: [ app_begin ] --END-- [ RunTime:0.007071s ]
SQL: SHOW COLUMNS FROM `blog_content` [ RunTime:0.000435s ]
SQL: SELECT * FROM `blog_content` WHERE ( `id` = 15 ) LIMIT 1   [ RunTime:0.000217s ]
SQL: SHOW COLUMNS FROM `blog_cate` [ RunTime:0.000368s ]
SQL: SELECT * FROM `blog_cate`  [ RunTime:0.000000s ]
SQL: SHOW COLUMNS FROM `blog_evaluate` [ RunTime:0.000768s ]
SQL: SELECT COUNT(*) AS tp_count FROM `blog_evaluate` WHERE ( `target_uid` = 15 ) AND ( `target_id` = 0 ) LIMIT 1   [ RunTime:0.000008s ]
SQL: SELECT * FROM `blog_evaluate` WHERE ( `target_uid` = 15 ) AND ( `target_id` = 0 ) LIMIT 0,5   [ RunTime:0.000068s ]
INFO: [ view_parse ] --START--
NOTIC: [8] Undefined variable: title /data/www/blog/App/Runtime/Cache/Home/0e5084fc0722bdeca7772e9f1781d893.php 第 8 行.
SQL: SHOW COLUMNS FROM `blog_cate` [ RunTime:0.000852s ]
SQL: SELECT * FROM `blog_cate` WHERE ( `is_show` = 1 ) ORDER BY sort ASC LIMIT 100   [ RunTime:0.000100s ]
SQL: SELECT * FROM `blog_evaluate` WHERE (  ( `target_uid` = '15' ) AND ( `target_id` = 0 ) AND ( `status` = 0 ) ) LIMIT 0,5   [ RunTime:0.000107s ]
SQL: SHOW COLUMNS FROM `blog_member` [ RunTime:0.000745s ]
SQL: SELECT `top_pic` FROM `blog_member` WHERE ( `member_id` = 2 ) LIMIT 1   [ RunTime:0.000073s ]
SQL: SELECT `member_name` FROM `blog_member` WHERE ( `member_id` = 2 ) LIMIT 1   [ RunTime:0.000065s ]
SQL: SELECT `top_pic` FROM `blog_member` WHERE ( `member_id` = 2 ) LIMIT 1   [ RunTime:0.000061s ]
SQL: SELECT `member_name` FROM `blog_member` WHERE ( `member_id` = 2 ) LIMIT 1   [ RunTime:0.000054s ]
NOTIC: [8] Undefined index: uid /data/www/blog/App/Runtime/Cache/Home/f1105984bfefe3f9c6c6b0aed51b5873.php 第 25 行.
SQL: SELECT `id`,`title`,`click` FROM `blog_content` ORDER BY click desc LIMIT 5   [ RunTime:0.000875s ]
NOTIC: [8] Undefined variable: order /data/www/blog/App/Runtime/Cache/Home/82fde19a6a150571f89c227782947b1d.php 第 3 行.
SQL: SELECT `id`,`title`,`click` FROM `blog_content` ORDER BY add_time desc LIMIT 5   [ RunTime:0.001027s ]
NOTIC: [8] Undefined variable: order /data/www/blog/App/Runtime/Cache/Home/82fde19a6a150571f89c227782947b1d.php 第 3 行.
SQL: SHOW COLUMNS FROM `blog_link` [ RunTime:0.000488s ]
SQL: SELECT `name`,`link` FROM `blog_link` ORDER BY sort  [ RunTime:0.000051s ]
INFO: ParseTemplate Behavior ::run [ RunTime:0.324320s ]
INFO: [ view_parse ] --END-- [ RunTime:0.324465s ]
INFO: [ view_filter ] --START--
INFO: ContentReplace Behavior ::run [ RunTime:0.005401s ]
INFO: TokenBuild Behavior ::run [ RunTime:0.005756s ]
INFO: WriteHtmlCache Behavior ::run [ RunTime:0.014373s ]
INFO: ShowRuntime Behavior ::run [ RunTime:0.007014s ]
INFO: [ view_filter ] --END-- [ RunTime:0.032772s ]
INFO: [ view_end ] --START--
INFO: ShowPageTrace Behavior ::run [ RunTime:0.006033s ]
INFO: [ view_end ] --END-- [ RunTime:0.006124s ]

[ 2015-05-07T20:12:16+08:00 ] 192.168.33.1 /Home/Detail/clicknum/id/15.html
INFO: [ route_check ] --START--
INFO: CheckRoute Behavior ::run [ RunTime:0.005395s ]
INFO: [ route_check ] --END-- [ RunTime:0.005462s ]
INFO: [ app_begin ] --START--
INFO: ReadHtmlCache Behavior ::run [ RunTime:0.010640s ]
INFO: [ app_begin ] --END-- [ RunTime:0.010737s ]
SQL: SHOW COLUMNS FROM `blog_content` [ RunTime:0.001547s ]
SQL: SELECT `click` FROM `blog_content` WHERE ( `id` = 15 ) LIMIT 1   [ RunTime:0.000424s ]
SQL: UPDATE `blog_content` SET `click`=click+1 WHERE ( `id` = 15 ) [ RunTime:0.014371s ]

[ 2015-05-07T20:12:45+08:00 ] 192.168.33.1 /15.html
INFO: [ route_check ] --START--
INFO: CheckRoute Behavior ::run [ RunTime:0.008342s ]
INFO: [ route_check ] --END-- [ RunTime:0.008419s ]
INFO: [ app_begin ] --START--
INFO: ReadHtmlCache Behavior ::run [ RunTime:0.009980s ]
INFO: [ app_begin ] --END-- [ RunTime:0.010067s ]
SQL: SHOW COLUMNS FROM `blog_content` [ RunTime:0.000461s ]
SQL: SELECT * FROM `blog_content` WHERE ( `id` = 15 ) LIMIT 1   [ RunTime:0.000151s ]
SQL: SHOW COLUMNS FROM `blog_cate` [ RunTime:0.000372s ]
SQL: SELECT * FROM `blog_cate`  [ RunTime:0.000090s ]
SQL: SHOW COLUMNS FROM `blog_evaluate` [ RunTime:0.000568s ]
SQL: SELECT COUNT(*) AS tp_count FROM `blog_evaluate` WHERE ( `target_uid` = 15 ) AND ( `target_id` = 0 ) LIMIT 1   [ RunTime:0.000050s ]
SQL: SELECT * FROM `blog_evaluate` WHERE ( `target_uid` = 15 ) AND ( `target_id` = 0 ) LIMIT 0,5   [ RunTime:0.000048s ]
INFO: [ view_parse ] --START--
NOTIC: [8] Undefined variable: title /data/www/blog/App/Runtime/Cache/Home/0e5084fc0722bdeca7772e9f1781d893.php 第 8 行.
SQL: SHOW COLUMNS FROM `blog_cate` [ RunTime:0.000267s ]
SQL: SELECT * FROM `blog_cate` WHERE ( `is_show` = 1 ) ORDER BY sort ASC LIMIT 100   [ RunTime:0.000054s ]
SQL: SELECT * FROM `blog_evaluate` WHERE (  ( `target_uid` = '15' ) AND ( `target_id` = 0 ) AND ( `status` = 0 ) ) LIMIT 0,5   [ RunTime:0.000137s ]
SQL: SHOW COLUMNS FROM `blog_member` [ RunTime:0.000814s ]
SQL: SELECT `top_pic` FROM `blog_member` WHERE ( `member_id` = 2 ) LIMIT 1   [ RunTime:0.000077s ]
SQL: SELECT `member_name` FROM `blog_member` WHERE ( `member_id` = 2 ) LIMIT 1   [ RunTime:0.000085s ]
SQL: SELECT `top_pic` FROM `blog_member` WHERE ( `member_id` = 2 ) LIMIT 1   [ RunTime:0.000056s ]
SQL: SELECT `member_name` FROM `blog_member` WHERE ( `member_id` = 2 ) LIMIT 1   [ RunTime:0.000090s ]
NOTIC: [8] Undefined index: uid /data/www/blog/App/Runtime/Cache/Home/f1105984bfefe3f9c6c6b0aed51b5873.php 第 25 行.
SQL: SELECT `id`,`title`,`click` FROM `blog_content` ORDER BY click desc LIMIT 5   [ RunTime:0.000307s ]
NOTIC: [8] Undefined variable: order /data/www/blog/App/Runtime/Cache/Home/82fde19a6a150571f89c227782947b1d.php 第 3 行.
SQL: SELECT `id`,`title`,`click` FROM `blog_content` ORDER BY add_time desc LIMIT 5   [ RunTime:0.000275s ]
NOTIC: [8] Undefined variable: order /data/www/blog/App/Runtime/Cache/Home/82fde19a6a150571f89c227782947b1d.php 第 3 行.
SQL: SHOW COLUMNS FROM `blog_link` [ RunTime:0.000567s ]
SQL: SELECT `name`,`link` FROM `blog_link` ORDER BY sort  [ RunTime:0.000054s ]
INFO: ParseTemplate Behavior ::run [ RunTime:0.273748s ]
INFO: [ view_parse ] --END-- [ RunTime:0.273831s ]
INFO: [ view_filter ] --START--
INFO: ContentReplace Behavior ::run [ RunTime:0.003537s ]
INFO: TokenBuild Behavior ::run [ RunTime:0.003126s ]
INFO: WriteHtmlCache Behavior ::run [ RunTime:0.010376s ]
INFO: ShowRuntime Behavior ::run [ RunTime:0.006645s ]
INFO: [ view_filter ] --END-- [ RunTime:0.023895s ]
INFO: [ view_end ] --START--
INFO: ShowPageTrace Behavior ::run [ RunTime:0.005413s ]
INFO: [ view_end ] --END-- [ RunTime:0.005503s ]

[ 2015-05-07T20:12:45+08:00 ] 192.168.33.1 /Home/Detail/clicknum/id/15.html
INFO: [ route_check ] --START--
INFO: CheckRoute Behavior ::run [ RunTime:0.008481s ]
INFO: [ route_check ] --END-- [ RunTime:0.008556s ]
INFO: [ app_begin ] --START--
INFO: ReadHtmlCache Behavior ::run [ RunTime:0.009442s ]
INFO: [ app_begin ] --END-- [ RunTime:0.009515s ]
SQL: SHOW COLUMNS FROM `blog_content` [ RunTime:0.000547s ]
SQL: SELECT `click` FROM `blog_content` WHERE ( `id` = 15 ) LIMIT 1   [ RunTime:0.000187s ]
SQL: UPDATE `blog_content` SET `click`=click+1 WHERE ( `id` = 15 ) [ RunTime:0.012095s ]

[ 2015-05-07T20:13:48+08:00 ] 192.168.33.1 /15.html
INFO: [ route_check ] --START--
INFO: CheckRoute Behavior ::run [ RunTime:0.009197s ]
INFO: [ route_check ] --END-- [ RunTime:0.009295s ]
INFO: [ app_begin ] --START--
INFO: ReadHtmlCache Behavior ::run [ RunTime:0.010879s ]
INFO: [ app_begin ] --END-- [ RunTime:0.010971s ]
SQL: SHOW COLUMNS FROM `blog_content` [ RunTime:0.000593s ]
SQL: SELECT * FROM `blog_content` WHERE ( `id` = 15 ) LIMIT 1   [ RunTime:0.000232s ]
SQL: SHOW COLUMNS FROM `blog_cate` [ RunTime:0.000566s ]
SQL: SELECT * FROM `blog_cate`  [ RunTime:0.000085s ]
SQL: SHOW COLUMNS FROM `blog_evaluate` [ RunTime:0.000719s ]
SQL: SELECT COUNT(*) AS tp_count FROM `blog_evaluate` WHERE ( `target_uid` = 15 ) AND ( `target_id` = 0 ) LIMIT 1   [ RunTime:0.000055s ]
SQL: SELECT * FROM `blog_evaluate` WHERE ( `target_uid` = 15 ) AND ( `target_id` = 0 ) LIMIT 0,5   [ RunTime:0.000060s ]
INFO: [ view_parse ] --START--
NOTIC: [8] Undefined variable: title /data/www/blog/App/Runtime/Cache/Home/0e5084fc0722bdeca7772e9f1781d893.php 第 8 行.
SQL: SHOW COLUMNS FROM `blog_cate` [ RunTime:0.000337s ]
SQL: SELECT * FROM `blog_cate` WHERE ( `is_show` = 1 ) ORDER BY sort ASC LIMIT 100   [ RunTime:0.000056s ]
SQL: SELECT * FROM `blog_evaluate` WHERE (  ( `target_uid` = '15' ) AND ( `target_id` = 0 ) AND ( `status` = 0 ) ) LIMIT 0,5   [ RunTime:0.000170s ]
SQL: SHOW COLUMNS FROM `blog_member` [ RunTime:0.000759s ]
SQL: SELECT `top_pic` FROM `blog_member` WHERE ( `member_id` = 2 ) LIMIT 1   [ RunTime:0.000064s ]
SQL: SELECT `member_name` FROM `blog_member` WHERE ( `member_id` = 2 ) LIMIT 1   [ RunTime:0.000053s ]
SQL: SELECT `top_pic` FROM `blog_member` WHERE ( `member_id` = 2 ) LIMIT 1   [ RunTime:0.000047s ]
SQL: SELECT `member_name` FROM `blog_member` WHERE ( `member_id` = 2 ) LIMIT 1   [ RunTime:0.000040s ]
NOTIC: [8] Undefined index: uid /data/www/blog/App/Runtime/Cache/Home/f1105984bfefe3f9c6c6b0aed51b5873.php 第 25 行.
SQL: SELECT `id`,`title`,`click` FROM `blog_content` ORDER BY click desc LIMIT 5   [ RunTime:0.000386s ]
NOTIC: [8] Undefined variable: order /data/www/blog/App/Runtime/Cache/Home/82fde19a6a150571f89c227782947b1d.php 第 3 行.
SQL: SELECT `id`,`title`,`click` FROM `blog_content` ORDER BY add_time desc LIMIT 5   [ RunTime:0.000278s ]
NOTIC: [8] Undefined variable: order /data/www/blog/App/Runtime/Cache/Home/82fde19a6a150571f89c227782947b1d.php 第 3 行.
SQL: SHOW COLUMNS FROM `blog_link` [ RunTime:0.000735s ]
SQL: SELECT `name`,`link` FROM `blog_link` ORDER BY sort  [ RunTime:0.000050s ]
INFO: ParseTemplate Behavior ::run [ RunTime:0.352426s ]
INFO: [ view_parse ] --END-- [ RunTime:0.352507s ]
INFO: [ view_filter ] --START--
INFO: ContentReplace Behavior ::run [ RunTime:0.006197s ]
INFO: TokenBuild Behavior ::run [ RunTime:0.007495s ]
INFO: WriteHtmlCache Behavior ::run [ RunTime:0.012044s ]
INFO: ShowRuntime Behavior ::run [ RunTime:0.004863s ]
INFO: [ view_filter ] --END-- [ RunTime:0.030885s ]
INFO: [ view_end ] --START--
INFO: ShowPageTrace Behavior ::run [ RunTime:0.008050s ]
INFO: [ view_end ] --END-- [ RunTime:0.008164s ]

[ 2015-05-07T20:13:48+08:00 ] 192.168.33.1 /Home/Detail/clicknum/id/15.html
INFO: [ route_check ] --START--
INFO: CheckRoute Behavior ::run [ RunTime:0.009493s ]
INFO: [ route_check ] --END-- [ RunTime:0.009579s ]
INFO: [ app_begin ] --START--
INFO: ReadHtmlCache Behavior ::run [ RunTime:0.009434s ]
INFO: [ app_begin ] --END-- [ RunTime:0.009519s ]
SQL: SHOW COLUMNS FROM `blog_content` [ RunTime:0.000539s ]
SQL: SELECT `click` FROM `blog_content` WHERE ( `id` = 15 ) LIMIT 1   [ RunTime:0.000200s ]
SQL: UPDATE `blog_content` SET `click`=click+1 WHERE ( `id` = 15 ) [ RunTime:0.011717s ]

[ 2015-05-07T20:14:34+08:00 ] 192.168.33.1 /15.html
INFO: [ route_check ] --START--
INFO: CheckRoute Behavior ::run [ RunTime:0.009295s ]
INFO: [ route_check ] --END-- [ RunTime:0.009395s ]
INFO: [ app_begin ] --START--
INFO: ReadHtmlCache Behavior ::run [ RunTime:0.012905s ]
INFO: [ app_begin ] --END-- [ RunTime:0.013014s ]
SQL: SHOW COLUMNS FROM `blog_content` [ RunTime:0.000441s ]
SQL: SELECT * FROM `blog_content` WHERE ( `id` = 15 ) LIMIT 1   [ RunTime:0.000218s ]
SQL: SHOW COLUMNS FROM `blog_cate` [ RunTime:0.000613s ]
SQL: SELECT * FROM `blog_cate`  [ RunTime:0.000065s ]
SQL: SHOW COLUMNS FROM `blog_evaluate` [ RunTime:0.000575s ]
SQL: SELECT COUNT(*) AS tp_count FROM `blog_evaluate` WHERE ( `target_uid` = 15 ) AND ( `target_id` = 0 ) LIMIT 1   [ RunTime:0.000056s ]
SQL: SELECT * FROM `blog_evaluate` WHERE ( `target_uid` = 15 ) AND ( `target_id` = 0 ) LIMIT 0,5   [ RunTime:0.000052s ]
INFO: [ view_parse ] --START--
NOTIC: [8] Undefined variable: title /data/www/blog/App/Runtime/Cache/Home/0e5084fc0722bdeca7772e9f1781d893.php 第 8 行.
SQL: SHOW COLUMNS FROM `blog_cate` [ RunTime:0.000460s ]
SQL: SELECT * FROM `blog_cate` WHERE ( `is_show` = 1 ) ORDER BY sort ASC LIMIT 100   [ RunTime:0.000054s ]
SQL: SELECT * FROM `blog_evaluate` WHERE (  ( `target_uid` = '15' ) AND ( `target_id` = 0 ) AND ( `status` = 0 ) ) LIMIT 0,5   [ RunTime:0.000114s ]
SQL: SHOW COLUMNS FROM `blog_member` [ RunTime:0.000544s ]
SQL: SELECT `top_pic` FROM `blog_member` WHERE ( `member_id` = 2 ) LIMIT 1   [ RunTime:0.000053s ]
SQL: SELECT `member_name` FROM `blog_member` WHERE ( `member_id` = 2 ) LIMIT 1   [ RunTime:0.000047s ]
SQL: SELECT `top_pic` FROM `blog_member` WHERE ( `member_id` = 2 ) LIMIT 1   [ RunTime:0.000042s ]
SQL: SELECT `member_name` FROM `blog_member` WHERE ( `member_id` = 2 ) LIMIT 1   [ RunTime:0.000038s ]
NOTIC: [8] Undefined index: uid /data/www/blog/App/Runtime/Cache/Home/f1105984bfefe3f9c6c6b0aed51b5873.php 第 25 行.
SQL: SELECT `id`,`title`,`click` FROM `blog_content` ORDER BY click desc LIMIT 5   [ RunTime:0.000285s ]
NOTIC: [8] Undefined variable: order /data/www/blog/App/Runtime/Cache/Home/82fde19a6a150571f89c227782947b1d.php 第 3 行.
SQL: SELECT `id`,`title`,`click` FROM `blog_content` ORDER BY add_time desc LIMIT 5   [ RunTime:0.000274s ]
NOTIC: [8] Undefined variable: order /data/www/blog/App/Runtime/Cache/Home/82fde19a6a150571f89c227782947b1d.php 第 3 行.
SQL: SHOW COLUMNS FROM `blog_link` [ RunTime:0.001240s ]
SQL: SELECT `name`,`link` FROM `blog_link` ORDER BY sort  [ RunTime:0.000123s ]
INFO: ParseTemplate Behavior ::run [ RunTime:0.260838s ]
INFO: [ view_parse ] --END-- [ RunTime:0.260921s ]
INFO: [ view_filter ] --START--
INFO: ContentReplace Behavior ::run [ RunTime:0.006586s ]
INFO: TokenBuild Behavior ::run [ RunTime:0.006730s ]
INFO: WriteHtmlCache Behavior ::run [ RunTime:0.013326s ]
INFO: ShowRuntime Behavior ::run [ RunTime:0.004257s ]
INFO: [ view_filter ] --END-- [ RunTime:0.031191s ]
INFO: [ view_end ] --START--
INFO: ShowPageTrace Behavior ::run [ RunTime:0.006327s ]
INFO: [ view_end ] --END-- [ RunTime:0.006430s ]

[ 2015-05-07T20:14:34+08:00 ] 192.168.33.1 /Home/Detail/clicknum/id/15.html
INFO: [ route_check ] --START--
INFO: CheckRoute Behavior ::run [ RunTime:0.005155s ]
INFO: [ route_check ] --END-- [ RunTime:0.005230s ]
INFO: [ app_begin ] --START--
INFO: ReadHtmlCache Behavior ::run [ RunTime:0.007324s ]
INFO: [ app_begin ] --END-- [ RunTime:0.007392s ]
SQL: SHOW COLUMNS FROM `blog_content` [ RunTime:0.000457s ]
SQL: SELECT `click` FROM `blog_content` WHERE ( `id` = 15 ) LIMIT 1   [ RunTime:0.000204s ]
SQL: UPDATE `blog_content` SET `click`=click+1 WHERE ( `id` = 15 ) [ RunTime:0.012773s ]

[ 2015-05-07T20:15:09+08:00 ] 192.168.33.1 /15.html
INFO: [ route_check ] --START--
INFO: CheckRoute Behavior ::run [ RunTime:0.009057s ]
INFO: [ route_check ] --END-- [ RunTime:0.009143s ]
INFO: [ app_begin ] --START--
INFO: ReadHtmlCache Behavior ::run [ RunTime:0.010537s ]
INFO: [ app_begin ] --END-- [ RunTime:0.010617s ]
SQL: SHOW COLUMNS FROM `blog_content` [ RunTime:0.000441s ]
SQL: SELECT * FROM `blog_content` WHERE ( `id` = 15 ) LIMIT 1   [ RunTime:0.000245s ]
SQL: SHOW COLUMNS FROM `blog_cate` [ RunTime:0.000507s ]
SQL: SELECT * FROM `blog_cate`  [ RunTime:0.000052s ]
SQL: SHOW COLUMNS FROM `blog_evaluate` [ RunTime:0.000717s ]
SQL: SELECT COUNT(*) AS tp_count FROM `blog_evaluate` WHERE ( `target_uid` = 15 ) AND ( `target_id` = 0 ) LIMIT 1   [ RunTime:0.000211s ]
SQL: SELECT * FROM `blog_evaluate` WHERE ( `target_uid` = 15 ) AND ( `target_id` = 0 ) LIMIT 0,5   [ RunTime:0.000092s ]
INFO: [ view_parse ] --START--
NOTIC: [8] Undefined variable: title /data/www/blog/App/Runtime/Cache/Home/0e5084fc0722bdeca7772e9f1781d893.php 第 8 行.
SQL: SHOW COLUMNS FROM `blog_cate` [ RunTime:0.000499s ]
SQL: SELECT * FROM `blog_cate` WHERE ( `is_show` = 1 ) ORDER BY sort ASC LIMIT 100   [ RunTime:0.000052s ]
SQL: SELECT * FROM `blog_evaluate` WHERE (  ( `target_uid` = '15' ) AND ( `target_id` = 0 ) AND ( `status` = 0 ) ) LIMIT 0,5   [ RunTime:0.000124s ]
SQL: SHOW COLUMNS FROM `blog_member` [ RunTime:0.000371s ]
SQL: SELECT `top_pic` FROM `blog_member` WHERE ( `member_id` = 2 ) LIMIT 1   [ RunTime:0.000098s ]
SQL: SELECT `member_name` FROM `blog_member` WHERE ( `member_id` = 2 ) LIMIT 1   [ RunTime:0.000049s ]
SQL: SELECT `top_pic` FROM `blog_member` WHERE ( `member_id` = 2 ) LIMIT 1   [ RunTime:0.000073s ]
SQL: SELECT `member_name` FROM `blog_member` WHERE ( `member_id` = 2 ) LIMIT 1   [ RunTime:0.000056s ]
NOTIC: [8] Undefined index: uid /data/www/blog/App/Runtime/Cache/Home/f1105984bfefe3f9c6c6b0aed51b5873.php 第 25 行.
SQL: SELECT `id`,`title`,`click` FROM `blog_content` ORDER BY click desc LIMIT 5   [ RunTime:0.000381s ]
NOTIC: [8] Undefined variable: order /data/www/blog/App/Runtime/Cache/Home/82fde19a6a150571f89c227782947b1d.php 第 3 行.
SQL: SELECT `id`,`title`,`click` FROM `blog_content` ORDER BY add_time desc LIMIT 5   [ RunTime:0.000274s ]
NOTIC: [8] Undefined variable: order /data/www/blog/App/Runtime/Cache/Home/82fde19a6a150571f89c227782947b1d.php 第 3 行.
SQL: SHOW COLUMNS FROM `blog_link` [ RunTime:0.000484s ]
SQL: SELECT `name`,`link` FROM `blog_link` ORDER BY sort  [ RunTime:0.000055s ]
INFO: ParseTemplate Behavior ::run [ RunTime:0.281338s ]
INFO: [ view_parse ] --END-- [ RunTime:0.281457s ]
INFO: [ view_filter ] --START--
INFO: ContentReplace Behavior ::run [ RunTime:0.006193s ]
INFO: TokenBuild Behavior ::run [ RunTime:0.005088s ]
INFO: WriteHtmlCache Behavior ::run [ RunTime:0.011126s ]
INFO: ShowRuntime Behavior ::run [ RunTime:0.005633s ]
INFO: [ view_filter ] --END-- [ RunTime:0.028285s ]
INFO: [ view_end ] --START--
INFO: ShowPageTrace Behavior ::run [ RunTime:0.005929s ]
INFO: [ view_end ] --END-- [ RunTime:0.006036s ]

[ 2015-05-07T20:15:09+08:00 ] 192.168.33.1 /Home/Detail/clicknum/id/15.html
INFO: [ route_check ] --START--
INFO: CheckRoute Behavior ::run [ RunTime:0.008563s ]
INFO: [ route_check ] --END-- [ RunTime:0.008645s ]
INFO: [ app_begin ] --START--
INFO: ReadHtmlCache Behavior ::run [ RunTime:0.011207s ]
INFO: [ app_begin ] --END-- [ RunTime:0.011302s ]
SQL: SHOW COLUMNS FROM `blog_content` [ RunTime:0.000500s ]
SQL: SELECT `click` FROM `blog_content` WHERE ( `id` = 15 ) LIMIT 1   [ RunTime:0.000226s ]
SQL: UPDATE `blog_content` SET `click`=click+1 WHERE ( `id` = 15 ) [ RunTime:0.012577s ]

[ 2015-05-07T20:15:44+08:00 ] 192.168.33.1 /15.html
INFO: [ route_check ] --START--
INFO: CheckRoute Behavior ::run [ RunTime:0.008377s ]
INFO: [ route_check ] --END-- [ RunTime:0.008455s ]
INFO: [ app_begin ] --START--
INFO: ReadHtmlCache Behavior ::run [ RunTime:0.011221s ]
INFO: [ app_begin ] --END-- [ RunTime:0.011330s ]
SQL: SHOW COLUMNS FROM `blog_content` [ RunTime:0.000565s ]
SQL: SELECT * FROM `blog_content` WHERE ( `id` = 15 ) LIMIT 1   [ RunTime:0.000298s ]
SQL: SHOW COLUMNS FROM `blog_cate` [ RunTime:0.000550s ]
SQL: SELECT * FROM `blog_cate`  [ RunTime:0.000055s ]
SQL: SHOW COLUMNS FROM `blog_evaluate` [ RunTime:0.000821s ]
SQL: SELECT COUNT(*) AS tp_count FROM `blog_evaluate` WHERE ( `target_uid` = 15 ) AND ( `target_id` = 0 ) LIMIT 1   [ RunTime:0.000072s ]
SQL: SELECT * FROM `blog_evaluate` WHERE ( `target_uid` = 15 ) AND ( `target_id` = 0 ) LIMIT 0,5   [ RunTime:0.000439s ]
INFO: [ view_parse ] --START--
NOTIC: [8] Undefined variable: title /data/www/blog/App/Runtime/Cache/Home/0e5084fc0722bdeca7772e9f1781d893.php 第 8 行.
SQL: SHOW COLUMNS FROM `blog_cate` [ RunTime:0.000476s ]
SQL: SELECT * FROM `blog_cate` WHERE ( `is_show` = 1 ) ORDER BY sort ASC LIMIT 100   [ RunTime:0.000054s ]
SQL: SELECT * FROM `blog_evaluate` WHERE (  ( `target_uid` = '15' ) AND ( `target_id` = 0 ) AND ( `status` = 0 ) ) LIMIT 0,5   [ RunTime:0.000151s ]
SQL: SHOW COLUMNS FROM `blog_member` [ RunTime:0.000396s ]
SQL: SELECT `top_pic` FROM `blog_member` WHERE ( `member_id` = 2 ) LIMIT 1   [ RunTime:0.000061s ]
SQL: SELECT `member_name` FROM `blog_member` WHERE ( `member_id` = 2 ) LIMIT 1   [ RunTime:0.000048s ]
SQL: SELECT `top_pic` FROM `blog_member` WHERE ( `member_id` = 2 ) LIMIT 1   [ RunTime:0.000058s ]
SQL: SELECT `member_name` FROM `blog_member` WHERE ( `member_id` = 2 ) LIMIT 1   [ RunTime:0.000042s ]
NOTIC: [8] Undefined index: uid /data/www/blog/App/Runtime/Cache/Home/f1105984bfefe3f9c6c6b0aed51b5873.php 第 25 行.
SQL: SELECT `id`,`title`,`click` FROM `blog_content` ORDER BY click desc LIMIT 5   [ RunTime:0.000342s ]
NOTIC: [8] Undefined variable: order /data/www/blog/App/Runtime/Cache/Home/82fde19a6a150571f89c227782947b1d.php 第 3 行.
SQL: SELECT `id`,`title`,`click` FROM `blog_content` ORDER BY add_time desc LIMIT 5   [ RunTime:0.000274s ]
NOTIC: [8] Undefined variable: order /data/www/blog/App/Runtime/Cache/Home/82fde19a6a150571f89c227782947b1d.php 第 3 行.
SQL: SHOW COLUMNS FROM `blog_link` [ RunTime:0.000819s ]
SQL: SELECT `name`,`link` FROM `blog_link` ORDER BY sort  [ RunTime:0.000049s ]
INFO: ParseTemplate Behavior ::run [ RunTime:0.286297s ]
INFO: [ view_parse ] --END-- [ RunTime:0.286382s ]
INFO: [ view_filter ] --START--
INFO: ContentReplace Behavior ::run [ RunTime:0.005064s ]
INFO: TokenBuild Behavior ::run [ RunTime:0.005355s ]
INFO: WriteHtmlCache Behavior ::run [ RunTime:0.013982s ]
INFO: ShowRuntime Behavior ::run [ RunTime:0.006062s ]
INFO: [ view_filter ] --END-- [ RunTime:0.030725s ]
INFO: [ view_end ] --START--
INFO: ShowPageTrace Behavior ::run [ RunTime:0.006974s ]
INFO: [ view_end ] --END-- [ RunTime:0.007069s ]

[ 2015-05-07T20:15:44+08:00 ] 192.168.33.1 /Home/Detail/clicknum/id/15.html
INFO: [ route_check ] --START--
INFO: CheckRoute Behavior ::run [ RunTime:0.009333s ]
INFO: [ route_check ] --END-- [ RunTime:0.009412s ]
INFO: [ app_begin ] --START--
INFO: ReadHtmlCache Behavior ::run [ RunTime:0.007304s ]
INFO: [ app_begin ] --END-- [ RunTime:0.007383s ]
SQL: SHOW COLUMNS FROM `blog_content` [ RunTime:0.000565s ]
SQL: SELECT `click` FROM `blog_content` WHERE ( `id` = 15 ) LIMIT 1   [ RunTime:0.000150s ]
SQL: UPDATE `blog_content` SET `click`=click+1 WHERE ( `id` = 15 ) [ RunTime:0.011145s ]

[ 2015-05-07T20:17:31+08:00 ] 192.168.33.1 /15.html
INFO: [ route_check ] --START--
INFO: CheckRoute Behavior ::run [ RunTime:0.010095s ]
INFO: [ route_check ] --END-- [ RunTime:0.010193s ]
INFO: [ app_begin ] --START--
INFO: ReadHtmlCache Behavior ::run [ RunTime:0.008558s ]
INFO: [ app_begin ] --END-- [ RunTime:0.008649s ]
SQL: SHOW COLUMNS FROM `blog_content` [ RunTime:0.000464s ]
SQL: SELECT * FROM `blog_content` WHERE ( `id` = 15 ) LIMIT 1   [ RunTime:0.000220s ]
SQL: SHOW COLUMNS FROM `blog_cate` [ RunTime:0.000514s ]
SQL: SELECT * FROM `blog_cate`  [ RunTime:0.000110s ]
SQL: SHOW COLUMNS FROM `blog_evaluate` [ RunTime:0.000512s ]
SQL: SELECT COUNT(*) AS tp_count FROM `blog_evaluate` WHERE ( `target_uid` = 15 ) AND ( `target_id` = 0 ) LIMIT 1   [ RunTime:0.000057s ]
SQL: SELECT * FROM `blog_evaluate` WHERE ( `target_uid` = 15 ) AND ( `target_id` = 0 ) LIMIT 0,5   [ RunTime:0.000047s ]
INFO: [ view_parse ] --START--
NOTIC: [8] Undefined variable: title /data/www/blog/App/Runtime/Cache/Home/0e5084fc0722bdeca7772e9f1781d893.php 第 8 行.
SQL: SHOW COLUMNS FROM `blog_cate` [ RunTime:0.000284s ]
SQL: SELECT * FROM `blog_cate` WHERE ( `is_show` = 1 ) ORDER BY sort ASC LIMIT 100   [ RunTime:0.000054s ]
SQL: SELECT * FROM `blog_evaluate` WHERE (  ( `target_uid` = '15' ) AND ( `target_id` = 0 ) AND ( `status` = 0 ) ) LIMIT 0,5   [ RunTime:0.000131s ]
SQL: SHOW COLUMNS FROM `blog_member` [ RunTime:0.000839s ]
SQL: SELECT `top_pic` FROM `blog_member` WHERE ( `member_id` = 2 ) LIMIT 1   [ RunTime:0.000051s ]
SQL: SELECT `member_name` FROM `blog_member` WHERE ( `member_id` = 2 ) LIMIT 1   [ RunTime:0.000047s ]
SQL: SELECT `top_pic` FROM `blog_member` WHERE ( `member_id` = 2 ) LIMIT 1   [ RunTime:0.000040s ]
SQL: SELECT `member_name` FROM `blog_member` WHERE ( `member_id` = 2 ) LIMIT 1   [ RunTime:0.000038s ]
NOTIC: [8] Undefined index: uid /data/www/blog/App/Runtime/Cache/Home/f1105984bfefe3f9c6c6b0aed51b5873.php 第 25 行.
SQL: SELECT `id`,`title`,`click` FROM `blog_content` ORDER BY click desc LIMIT 5   [ RunTime:0.000314s ]
NOTIC: [8] Undefined variable: order /data/www/blog/App/Runtime/Cache/Home/82fde19a6a150571f89c227782947b1d.php 第 3 行.
SQL: SELECT `id`,`title`,`click` FROM `blog_content` ORDER BY add_time desc LIMIT 5   [ RunTime:0.000279s ]
NOTIC: [8] Undefined variable: order /data/www/blog/App/Runtime/Cache/Home/82fde19a6a150571f89c227782947b1d.php 第 3 行.
SQL: SHOW COLUMNS FROM `blog_link` [ RunTime:0.000655s ]
SQL: SELECT `name`,`link` FROM `blog_link` ORDER BY sort  [ RunTime:0.000062s ]
INFO: ParseTemplate Behavior ::run [ RunTime:0.302701s ]
INFO: [ view_parse ] --END-- [ RunTime:0.302781s ]
INFO: [ view_filter ] --START--
INFO: ContentReplace Behavior ::run [ RunTime:0.004142s ]
INFO: TokenBuild Behavior ::run [ RunTime:0.003615s ]
INFO: WriteHtmlCache Behavior ::run [ RunTime:0.009050s ]
INFO: ShowRuntime Behavior ::run [ RunTime:0.003938s ]
INFO: [ view_filter ] --END-- [ RunTime:0.020932s ]
INFO: [ view_end ] --START--
INFO: ShowPageTrace Behavior ::run [ RunTime:0.006417s ]
INFO: [ view_end ] --END-- [ RunTime:0.006581s ]

[ 2015-05-07T20:17:31+08:00 ] 192.168.33.1 /Home/Detail/clicknum/id/15.html
INFO: [ route_check ] --START--
INFO: CheckRoute Behavior ::run [ RunTime:0.004496s ]
INFO: [ route_check ] --END-- [ RunTime:0.004561s ]
INFO: [ app_begin ] --START--
INFO: ReadHtmlCache Behavior ::run [ RunTime:0.005578s ]
INFO: [ app_begin ] --END-- [ RunTime:0.005657s ]
SQL: SHOW COLUMNS FROM `blog_content` [ RunTime:0.000419s ]
SQL: SELECT `click` FROM `blog_content` WHERE ( `id` = 15 ) LIMIT 1   [ RunTime:0.000184s ]
SQL: UPDATE `blog_content` SET `click`=click+1 WHERE ( `id` = 15 ) [ RunTime:0.011783s ]

