[ 2015-04-26T16:17:36+08:00 ] 192.168.33.1 /
INFO: [ app_begin ] --START--
INFO: ReadHtmlCache Behavior ::run [ RunTime:0.008590s ]
INFO: [ app_begin ] --END-- [ RunTime:0.008748s ]
SQL: SHOW COLUMNS FROM `blog_cate` [ RunTime:0.002173s ]
SQL: SELECT * FROM `blog_cate` WHERE ( `pid` = 0 ) ORDER BY sort asc  [ RunTime:0.000016s ]
SQL: SELECT * FROM `blog_cate`  [ RunTime:0.000056s ]
SQL: SHOW COLUMNS FROM `blog_content` [ RunTime:0.000504s ]
SQL: SELECT `id`,`title`,`add_time` FROM `blog_content` WHERE ( `cate_id` IN ('4','2') ) AND ( `status` = 0 ) ORDER BY add_time desc LIMIT 8   [ RunTime:0.000112s ]
SQL: SELECT `id`,`title`,`add_time` FROM `blog_content` WHERE ( `cate_id` IN ('3') ) AND ( `status` = 0 ) ORDER BY add_time desc LIMIT 8   [ RunTime:0.000053s ]
SQL: SELECT `id`,`title`,`add_time` FROM `blog_content` WHERE ( `cate_id` IN ('9','10','15','11','20','21','5') ) AND ( `status` = 0 ) ORDER BY add_time desc LIMIT 8   [ RunTime:0.000131s ]
SQL: SELECT `id`,`title`,`add_time` FROM `blog_content` WHERE ( `cate_id` IN ('22','23','16') ) AND ( `status` = 0 ) ORDER BY add_time desc LIMIT 8   [ RunTime:0.000073s ]
SQL: SELECT `id`,`title`,`add_time` FROM `blog_content` WHERE ( `cate_id` IN ('8','14','1') ) AND ( `status` = 0 ) ORDER BY add_time desc LIMIT 8   [ RunTime:0.000086s ]
SQL: SELECT `id`,`title`,`add_time` FROM `blog_content` WHERE ( `cate_id` IN ('12','13','18','6') ) AND ( `status` = 0 ) ORDER BY add_time desc LIMIT 8   [ RunTime:0.000101s ]
SQL: SELECT `id`,`title`,`add_time` FROM `blog_content` WHERE ( `cate_id` IN ('17') ) AND ( `status` = 0 ) ORDER BY add_time desc LIMIT 8   [ RunTime:0.000085s ]
SQL: SELECT `id`,`title`,`add_time` FROM `blog_content` WHERE ( `cate_id` IN ('7') ) AND ( `status` = 0 ) ORDER BY add_time desc LIMIT 8   [ RunTime:0.000305s ]
SQL: SELECT `id`,`title`,`add_time` FROM `blog_content` WHERE ( `cate_id` IN ('19') ) AND ( `status` = 0 ) ORDER BY add_time desc LIMIT 8   [ RunTime:0.000084s ]
INFO: [ view_parse ] --START--
NOTIC: [8] Undefined variable: keywords /data/www/blog/App/Runtime/Cache/Home/dfbde131d3dce021e47f060addf3b2af.php 第 6 行.
NOTIC: [8] Undefined variable: description /data/www/blog/App/Runtime/Cache/Home/dfbde131d3dce021e47f060addf3b2af.php 第 7 行.
NOTIC: [8] Undefined variable: title /data/www/blog/App/Runtime/Cache/Home/dfbde131d3dce021e47f060addf3b2af.php 第 8 行.
SQL: SHOW COLUMNS FROM `blog_cate` [ RunTime:0.001402s ]
SQL: SELECT * FROM `blog_cate` WHERE ( `is_show` = 1 ) ORDER BY sort ASC LIMIT 100   [ RunTime:0.000217s ]
SQL: SELECT `id`,`title`,`click` FROM `blog_content` ORDER BY click desc LIMIT 5   [ RunTime:0.000144s ]
NOTIC: [8] Undefined variable: order /data/www/blog/App/Runtime/Cache/Home/82fde19a6a150571f89c227782947b1d.php 第 3 行.
SQL: SELECT `id`,`title`,`click` FROM `blog_content` ORDER BY add_time desc LIMIT 5   [ RunTime:0.000173s ]
NOTIC: [8] Undefined variable: order /data/www/blog/App/Runtime/Cache/Home/82fde19a6a150571f89c227782947b1d.php 第 3 行.
SQL: SHOW COLUMNS FROM `blog_link` [ RunTime:0.000820s ]
SQL: SELECT `name`,`link` FROM `blog_link` ORDER BY sort  [ RunTime:0.000123s ]
INFO: ParseTemplate Behavior ::run [ RunTime:0.302965s ]
INFO: [ view_parse ] --END-- [ RunTime:0.303067s ]
INFO: [ view_filter ] --START--
INFO: ContentReplace Behavior ::run [ RunTime:0.003822s ]
INFO: TokenBuild Behavior ::run [ RunTime:0.004822s ]
INFO: WriteHtmlCache Behavior ::run [ RunTime:0.004321s ]
INFO: ShowRuntime Behavior ::run [ RunTime:0.007026s ]
INFO: [ view_filter ] --END-- [ RunTime:0.020285s ]
INFO: [ view_end ] --START--
INFO: ShowPageTrace Behavior ::run [ RunTime:0.031685s ]
INFO: [ view_end ] --END-- [ RunTime:0.031806s ]

