[ 2015-04-17T14:45:40+08:00 ] 192.168.33.1 /
INFO: [ app_begin ] --START--
INFO: ReadHtmlCache Behavior ::run [ RunTime:0.005621s ]
INFO: [ app_begin ] --END-- [ RunTime:0.005744s ]
SQL: SHOW COLUMNS FROM `blog_cate` [ RunTime:0.004995s ]
SQL: SELECT * FROM `blog_cate` WHERE ( `pid` = 0 ) ORDER BY sort asc  [ RunTime:0.000940s ]
SQL: SELECT * FROM `blog_cate`  [ RunTime:0.000183s ]
SQL: SHOW COLUMNS FROM `blog_content` [ RunTime:0.005269s ]
SQL: SELECT `id`,`title`,`add_time` FROM `blog_content` WHERE ( `cate_id` IN ('4','2') ) AND ( `status` = 0 ) ORDER BY add_time desc LIMIT 8   [ RunTime:0.000591s ]
SQL: SELECT `id`,`title`,`add_time` FROM `blog_content` WHERE ( `cate_id` IN ('3') ) AND ( `status` = 0 ) ORDER BY add_time desc LIMIT 8   [ RunTime:0.000268s ]
SQL: SELECT `id`,`title`,`add_time` FROM `blog_content` WHERE ( `cate_id` IN ('9','10','15','11','20','21','5') ) AND ( `status` = 0 ) ORDER BY add_time desc LIMIT 8   [ RunTime:0.000228s ]
SQL: SELECT `id`,`title`,`add_time` FROM `blog_content` WHERE ( `cate_id` IN ('22','23','16') ) AND ( `status` = 0 ) ORDER BY add_time desc LIMIT 8   [ RunTime:0.000195s ]
SQL: SELECT `id`,`title`,`add_time` FROM `blog_content` WHERE ( `cate_id` IN ('8','14','1') ) AND ( `status` = 0 ) ORDER BY add_time desc LIMIT 8   [ RunTime:0.000207s ]
SQL: SELECT `id`,`title`,`add_time` FROM `blog_content` WHERE ( `cate_id` IN ('12','13','18','6') ) AND ( `status` = 0 ) ORDER BY add_time desc LIMIT 8   [ RunTime:0.000200s ]
SQL: SELECT `id`,`title`,`add_time` FROM `blog_content` WHERE ( `cate_id` IN ('17') ) AND ( `status` = 0 ) ORDER BY add_time desc LIMIT 8   [ RunTime:0.000167s ]
SQL: SELECT `id`,`title`,`add_time` FROM `blog_content` WHERE ( `cate_id` IN ('7') ) AND ( `status` = 0 ) ORDER BY add_time desc LIMIT 8   [ RunTime:0.000270s ]
SQL: SELECT `id`,`title`,`add_time` FROM `blog_content` WHERE ( `cate_id` IN ('19') ) AND ( `status` = 0 ) ORDER BY add_time desc LIMIT 8   [ RunTime:0.000219s ]
INFO: [ view_parse ] --START--
NOTIC: [8] Undefined variable: keywords /data/www/blog/App/Runtime/Cache/Home/dfbde131d3dce021e47f060addf3b2af.php 第 6 行.
NOTIC: [8] Undefined variable: description /data/www/blog/App/Runtime/Cache/Home/dfbde131d3dce021e47f060addf3b2af.php 第 7 行.
NOTIC: [8] Undefined variable: title /data/www/blog/App/Runtime/Cache/Home/dfbde131d3dce021e47f060addf3b2af.php 第 8 行.
SQL: SHOW COLUMNS FROM `blog_cate` [ RunTime:0.001432s ]
SQL: SELECT * FROM `blog_cate` WHERE ( `is_show` = 1 ) ORDER BY sort ASC LIMIT 100   [ RunTime:0.000277s ]
SQL: SELECT `id`,`title`,`click` FROM `blog_content` ORDER BY click desc LIMIT 5   [ RunTime:0.000475s ]
NOTIC: [8] Undefined variable: order /data/www/blog/App/Runtime/Cache/Home/82fde19a6a150571f89c227782947b1d.php 第 3 行.
SQL: SELECT `id`,`title`,`click` FROM `blog_content` ORDER BY add_time desc LIMIT 5   [ RunTime:0.000400s ]
NOTIC: [8] Undefined variable: order /data/www/blog/App/Runtime/Cache/Home/82fde19a6a150571f89c227782947b1d.php 第 3 行.
SQL: SHOW COLUMNS FROM `blog_link` [ RunTime:0.001386s ]
SQL: SELECT `name`,`link` FROM `blog_link` ORDER BY sort  [ RunTime:0.000216s ]
INFO: ParseTemplate Behavior ::run [ RunTime:0.157978s ]
INFO: [ view_parse ] --END-- [ RunTime:0.158082s ]
INFO: [ view_filter ] --START--
INFO: ContentReplace Behavior ::run [ RunTime:0.005607s ]
INFO: TokenBuild Behavior ::run [ RunTime:0.004147s ]
INFO: WriteHtmlCache Behavior ::run [ RunTime:0.005218s ]
INFO: ShowRuntime Behavior ::run [ RunTime:0.006593s ]
INFO: [ view_filter ] --END-- [ RunTime:0.021786s ]
INFO: [ view_end ] --START--
INFO: ShowPageTrace Behavior ::run [ RunTime:0.015415s ]
INFO: [ view_end ] --END-- [ RunTime:0.015643s ]

