[ 2015-04-22T22:15:52+08:00 ] 192.168.33.1 /
INFO: [ app_begin ] --START--
INFO: ReadHtmlCache Behavior ::run [ RunTime:0.008856s ]
INFO: [ app_begin ] --END-- [ RunTime:0.009085s ]
SQL: SHOW COLUMNS FROM `blog_cate` [ RunTime:0.000399s ]
SQL: SELECT * FROM `blog_cate` WHERE ( `pid` = 0 ) ORDER BY sort asc  [ RunTime:0.000070s ]
SQL: SELECT * FROM `blog_cate`  [ RunTime:0.000047s ]
SQL: SHOW COLUMNS FROM `blog_content` [ RunTime:0.000576s ]
SQL: SELECT `id`,`title`,`add_time` FROM `blog_content` WHERE ( `cate_id` IN ('4','2') ) AND ( `status` = 0 ) ORDER BY add_time desc LIMIT 8   [ RunTime:0.000080s ]
SQL: SELECT `id`,`title`,`add_time` FROM `blog_content` WHERE ( `cate_id` IN ('3') ) AND ( `status` = 0 ) ORDER BY add_time desc LIMIT 8   [ RunTime:0.000056s ]
SQL: SELECT `id`,`title`,`add_time` FROM `blog_content` WHERE ( `cate_id` IN ('9','10','15','11','20','21','5') ) AND ( `status` = 0 ) ORDER BY add_time desc LIMIT 8   [ RunTime:0.000163s ]
SQL: SELECT `id`,`title`,`add_time` FROM `blog_content` WHERE ( `cate_id` IN ('22','23','16') ) AND ( `status` = 0 ) ORDER BY add_time desc LIMIT 8   [ RunTime:0.000123s ]
SQL: SELECT `id`,`title`,`add_time` FROM `blog_content` WHERE ( `cate_id` IN ('8','14','1') ) AND ( `status` = 0 ) ORDER BY add_time desc LIMIT 8   [ RunTime:0.000093s ]
SQL: SELECT `id`,`title`,`add_time` FROM `blog_content` WHERE ( `cate_id` IN ('12','13','18','6') ) AND ( `status` = 0 ) ORDER BY add_time desc LIMIT 8   [ RunTime:0.000084s ]
SQL: SELECT `id`,`title`,`add_time` FROM `blog_content` WHERE ( `cate_id` IN ('17') ) AND ( `status` = 0 ) ORDER BY add_time desc LIMIT 8   [ RunTime:0.000070s ]
SQL: SELECT `id`,`title`,`add_time` FROM `blog_content` WHERE ( `cate_id` IN ('7') ) AND ( `status` = 0 ) ORDER BY add_time desc LIMIT 8   [ RunTime:0.000207s ]
SQL: SELECT `id`,`title`,`add_time` FROM `blog_content` WHERE ( `cate_id` IN ('19') ) AND ( `status` = 0 ) ORDER BY add_time desc LIMIT 8   [ RunTime:0.000205s ]
INFO: [ view_parse ] --START--
NOTIC: [8] Undefined variable: keywords /data/www/blog/App/Runtime/Cache/Home/dfbde131d3dce021e47f060addf3b2af.php 第 6 行.
NOTIC: [8] Undefined variable: description /data/www/blog/App/Runtime/Cache/Home/dfbde131d3dce021e47f060addf3b2af.php 第 7 行.
NOTIC: [8] Undefined variable: title /data/www/blog/App/Runtime/Cache/Home/dfbde131d3dce021e47f060addf3b2af.php 第 8 行.
SQL: SHOW COLUMNS FROM `blog_cate` [ RunTime:0.000761s ]
SQL: SELECT * FROM `blog_cate` WHERE ( `is_show` = 1 ) ORDER BY sort ASC LIMIT 100   [ RunTime:0.000168s ]
SQL: SELECT `id`,`title`,`click` FROM `blog_content` ORDER BY click desc LIMIT 5   [ RunTime:0.000136s ]
NOTIC: [8] Undefined variable: order /data/www/blog/App/Runtime/Cache/Home/82fde19a6a150571f89c227782947b1d.php 第 3 行.
SQL: SELECT `id`,`title`,`click` FROM `blog_content` ORDER BY add_time desc LIMIT 5   [ RunTime:0.000114s ]
NOTIC: [8] Undefined variable: order /data/www/blog/App/Runtime/Cache/Home/82fde19a6a150571f89c227782947b1d.php 第 3 行.
SQL: SHOW COLUMNS FROM `blog_link` [ RunTime:0.000841s ]
SQL: SELECT `name`,`link` FROM `blog_link` ORDER BY sort  [ RunTime:0.000213s ]
INFO: ParseTemplate Behavior ::run [ RunTime:0.211752s ]
INFO: [ view_parse ] --END-- [ RunTime:0.211882s ]
INFO: [ view_filter ] --START--
INFO: ContentReplace Behavior ::run [ RunTime:0.005179s ]
INFO: TokenBuild Behavior ::run [ RunTime:0.006582s ]
INFO: WriteHtmlCache Behavior ::run [ RunTime:0.012643s ]
INFO: ShowRuntime Behavior ::run [ RunTime:0.005451s ]
INFO: [ view_filter ] --END-- [ RunTime:0.030134s ]
INFO: [ view_end ] --START--
INFO: ShowPageTrace Behavior ::run [ RunTime:0.026592s ]
INFO: [ view_end ] --END-- [ RunTime:0.026714s ]

[ 2015-04-22T22:16:00+08:00 ] 192.168.33.1 /Admin
INFO: [ route_check ] --START--
INFO: CheckRoute Behavior ::run [ RunTime:0.007334s ]
INFO: [ route_check ] --END-- [ RunTime:0.007449s ]
INFO: [ app_begin ] --START--
INFO: ReadHtmlCache Behavior ::run [ RunTime:0.007124s ]
INFO: [ app_begin ] --END-- [ RunTime:0.007238s ]
INFO: [ view_parse ] --START--
INFO: ParseTemplate Behavior ::run [ RunTime:0.099742s ]
INFO: [ view_parse ] --END-- [ RunTime:0.099868s ]
INFO: [ view_filter ] --START--
INFO: ContentReplace Behavior ::run [ RunTime:0.007317s ]
INFO: TokenBuild Behavior ::run [ RunTime:0.004348s ]
INFO: WriteHtmlCache Behavior ::run [ RunTime:0.006404s ]
INFO: ShowRuntime Behavior ::run [ RunTime:0.007187s ]
INFO: [ view_filter ] --END-- [ RunTime:0.025554s ]
INFO: [ view_end ] --START--
INFO: ShowPageTrace Behavior ::run [ RunTime:0.006192s ]
INFO: [ view_end ] --END-- [ RunTime:0.006364s ]

[ 2015-04-22T22:16:06+08:00 ] 192.168.33.1 /Admin/Index/welcome.html
INFO: [ route_check ] --START--
INFO: CheckRoute Behavior ::run [ RunTime:0.005858s ]
INFO: [ route_check ] --END-- [ RunTime:0.005962s ]
INFO: [ app_begin ] --START--
INFO: ReadHtmlCache Behavior ::run [ RunTime:0.005802s ]
INFO: [ app_begin ] --END-- [ RunTime:0.005884s ]
INFO: [ view_parse ] --START--
INFO: ParseTemplate Behavior ::run [ RunTime:0.079625s ]
INFO: [ view_parse ] --END-- [ RunTime:0.079736s ]
INFO: [ view_filter ] --START--
INFO: ContentReplace Behavior ::run [ RunTime:0.006341s ]
INFO: TokenBuild Behavior ::run [ RunTime:0.006167s ]
INFO: WriteHtmlCache Behavior ::run [ RunTime:0.005173s ]
INFO: ShowRuntime Behavior ::run [ RunTime:0.005934s ]
INFO: [ view_filter ] --END-- [ RunTime:0.023863s ]
INFO: [ view_end ] --START--
INFO: ShowPageTrace Behavior ::run [ RunTime:0.006926s ]
INFO: [ view_end ] --END-- [ RunTime:0.007002s ]

[ 2015-04-22T22:16:06+08:00 ] 192.168.33.1 /Admin/Blog/index.html
INFO: [ route_check ] --START--
INFO: CheckRoute Behavior ::run [ RunTime:0.009643s ]
INFO: [ route_check ] --END-- [ RunTime:0.009742s ]
INFO: [ app_begin ] --START--
INFO: ReadHtmlCache Behavior ::run [ RunTime:0.008505s ]
INFO: [ app_begin ] --END-- [ RunTime:0.008597s ]
SQL: SHOW COLUMNS FROM `blog_content` [ RunTime:0.001090s ]
SQL: SELECT COUNT(*) AS tp_count FROM `blog_content` LIMIT 1   [ RunTime:0.000066s ]
SQL: SHOW COLUMNS FROM `blog_content` [ RunTime:0.001433s ]
SQL: SELECT `id`,`title`,`cate_id`,`author`,`keywords`,`add_time`,`content`,`summary`,`click` FROM `blog_content` WHERE ( `status` = 0 ) ORDER BY add_time desc LIMIT 0,10   [ RunTime:0.000395s ]
SQL: SHOW COLUMNS FROM `blog_attr` [ RunTime:0.000482s ]
NOTIC: [8] Undefined index: mapping_order /data/www/blog/ThinkPHP/Extend/Model/RelationModel.class.php 第 188 行.
NOTIC: [8] Undefined index: mapping_limit /data/www/blog/ThinkPHP/Extend/Model/RelationModel.class.php 第 189 行.
SQL: SELECT b.* FROM blog_attr_content AS a, blog_attr AS b WHERE a.attr_id = b.id AND a. cid='54' [ RunTime:0.000087s ]
SQL: SHOW COLUMNS FROM `blog_cate` [ RunTime:0.000670s ]
SQL: SELECT `name` FROM `blog_cate` WHERE ( 1=1 AND id='0' ) LIMIT 1   [ RunTime:0.000075s ]
NOTIC: [8] Undefined index: mapping_order /data/www/blog/ThinkPHP/Extend/Model/RelationModel.class.php 第 188 行.
NOTIC: [8] Undefined index: mapping_limit /data/www/blog/ThinkPHP/Extend/Model/RelationModel.class.php 第 189 行.
SQL: SELECT b.* FROM blog_attr_content AS a, blog_attr AS b WHERE a.attr_id = b.id AND a. cid='53' [ RunTime:0.000131s ]
SQL: SELECT `name` FROM `blog_cate` WHERE ( 1=1 AND id='1' ) LIMIT 1   [ RunTime:0.000094s ]
NOTIC: [8] Undefined index: mapping_order /data/www/blog/ThinkPHP/Extend/Model/RelationModel.class.php 第 188 行.
NOTIC: [8] Undefined index: mapping_limit /data/www/blog/ThinkPHP/Extend/Model/RelationModel.class.php 第 189 行.
SQL: SELECT b.* FROM blog_attr_content AS a, blog_attr AS b WHERE a.attr_id = b.id AND a. cid='52' [ RunTime:0.000068s ]
SQL: SELECT `name` FROM `blog_cate` WHERE ( 1=1 AND id='1' ) LIMIT 1   [ RunTime:0.000061s ]
NOTIC: [8] Undefined index: mapping_order /data/www/blog/ThinkPHP/Extend/Model/RelationModel.class.php 第 188 行.
NOTIC: [8] Undefined index: mapping_limit /data/www/blog/ThinkPHP/Extend/Model/RelationModel.class.php 第 189 行.
SQL: SELECT b.* FROM blog_attr_content AS a, blog_attr AS b WHERE a.attr_id = b.id AND a. cid='51' [ RunTime:0.000076s ]
SQL: SELECT `name` FROM `blog_cate` WHERE ( 1=1 AND id='1' ) LIMIT 1   [ RunTime:0.000057s ]
NOTIC: [8] Undefined index: mapping_order /data/www/blog/ThinkPHP/Extend/Model/RelationModel.class.php 第 188 行.
NOTIC: [8] Undefined index: mapping_limit /data/www/blog/ThinkPHP/Extend/Model/RelationModel.class.php 第 189 行.
SQL: SELECT b.* FROM blog_attr_content AS a, blog_attr AS b WHERE a.attr_id = b.id AND a. cid='50' [ RunTime:0.000058s ]
SQL: SELECT `name` FROM `blog_cate` WHERE ( 1=1 AND id='3' ) LIMIT 1   [ RunTime:0.000058s ]
NOTIC: [8] Undefined index: mapping_order /data/www/blog/ThinkPHP/Extend/Model/RelationModel.class.php 第 188 行.
NOTIC: [8] Undefined index: mapping_limit /data/www/blog/ThinkPHP/Extend/Model/RelationModel.class.php 第 189 行.
SQL: SELECT b.* FROM blog_attr_content AS a, blog_attr AS b WHERE a.attr_id = b.id AND a. cid='49' [ RunTime:0.000057s ]
SQL: SELECT `name` FROM `blog_cate` WHERE ( 1=1 AND id='3' ) LIMIT 1   [ RunTime:0.000052s ]
NOTIC: [8] Undefined index: mapping_order /data/www/blog/ThinkPHP/Extend/Model/RelationModel.class.php 第 188 行.
NOTIC: [8] Undefined index: mapping_limit /data/www/blog/ThinkPHP/Extend/Model/RelationModel.class.php 第 189 行.
SQL: SELECT b.* FROM blog_attr_content AS a, blog_attr AS b WHERE a.attr_id = b.id AND a. cid='48' [ RunTime:0.000054s ]
SQL: SELECT `name` FROM `blog_cate` WHERE ( 1=1 AND id='3' ) LIMIT 1   [ RunTime:0.000051s ]
NOTIC: [8] Undefined index: mapping_order /data/www/blog/ThinkPHP/Extend/Model/RelationModel.class.php 第 188 行.
NOTIC: [8] Undefined index: mapping_limit /data/www/blog/ThinkPHP/Extend/Model/RelationModel.class.php 第 189 行.
SQL: SELECT b.* FROM blog_attr_content AS a, blog_attr AS b WHERE a.attr_id = b.id AND a. cid='47' [ RunTime:0.000054s ]
SQL: SELECT `name` FROM `blog_cate` WHERE ( 1=1 AND id='3' ) LIMIT 1   [ RunTime:0.000176s ]
NOTIC: [8] Undefined index: mapping_order /data/www/blog/ThinkPHP/Extend/Model/RelationModel.class.php 第 188 行.
NOTIC: [8] Undefined index: mapping_limit /data/www/blog/ThinkPHP/Extend/Model/RelationModel.class.php 第 189 行.
SQL: SELECT b.* FROM blog_attr_content AS a, blog_attr AS b WHERE a.attr_id = b.id AND a. cid='46' [ RunTime:0.000067s ]
SQL: SELECT `name` FROM `blog_cate` WHERE ( 1=1 AND id='1' ) LIMIT 1   [ RunTime:0.000049s ]
NOTIC: [8] Undefined index: mapping_order /data/www/blog/ThinkPHP/Extend/Model/RelationModel.class.php 第 188 行.
NOTIC: [8] Undefined index: mapping_limit /data/www/blog/ThinkPHP/Extend/Model/RelationModel.class.php 第 189 行.
SQL: SELECT b.* FROM blog_attr_content AS a, blog_attr AS b WHERE a.attr_id = b.id AND a. cid='45' [ RunTime:0.000193s ]
SQL: SELECT `name` FROM `blog_cate` WHERE ( 1=1 AND id='3' ) LIMIT 1   [ RunTime:0.000132s ]
INFO: [ view_parse ] --START--
NOTIC: [8] Undefined index: status /data/www/blog/App/Runtime/Cache/Admin/f782fb2efc3f5dadf5eb6c83ca8f837e.php 第 27 行.
NOTIC: [8] Undefined index: status /data/www/blog/App/Runtime/Cache/Admin/f782fb2efc3f5dadf5eb6c83ca8f837e.php 第 27 行.
NOTIC: [8] Undefined index: status /data/www/blog/App/Runtime/Cache/Admin/f782fb2efc3f5dadf5eb6c83ca8f837e.php 第 27 行.
NOTIC: [8] Undefined index: status /data/www/blog/App/Runtime/Cache/Admin/f782fb2efc3f5dadf5eb6c83ca8f837e.php 第 27 行.
NOTIC: [8] Undefined index: status /data/www/blog/App/Runtime/Cache/Admin/f782fb2efc3f5dadf5eb6c83ca8f837e.php 第 27 行.
NOTIC: [8] Undefined index: status /data/www/blog/App/Runtime/Cache/Admin/f782fb2efc3f5dadf5eb6c83ca8f837e.php 第 27 行.
NOTIC: [8] Undefined index: status /data/www/blog/App/Runtime/Cache/Admin/f782fb2efc3f5dadf5eb6c83ca8f837e.php 第 27 行.
NOTIC: [8] Undefined index: status /data/www/blog/App/Runtime/Cache/Admin/f782fb2efc3f5dadf5eb6c83ca8f837e.php 第 27 行.
NOTIC: [8] Undefined index: status /data/www/blog/App/Runtime/Cache/Admin/f782fb2efc3f5dadf5eb6c83ca8f837e.php 第 27 行.
NOTIC: [8] Undefined index: status /data/www/blog/App/Runtime/Cache/Admin/f782fb2efc3f5dadf5eb6c83ca8f837e.php 第 27 行.
INFO: ParseTemplate Behavior ::run [ RunTime:0.088832s ]
INFO: [ view_parse ] --END-- [ RunTime:0.088927s ]
INFO: [ view_filter ] --START--
INFO: ContentReplace Behavior ::run [ RunTime:0.008720s ]
INFO: TokenBuild Behavior ::run [ RunTime:0.007443s ]
INFO: WriteHtmlCache Behavior ::run [ RunTime:0.007991s ]
INFO: ShowRuntime Behavior ::run [ RunTime:0.007651s ]
INFO: [ view_filter ] --END-- [ RunTime:0.032133s ]
INFO: [ view_end ] --START--
INFO: ShowPageTrace Behavior ::run [ RunTime:0.008717s ]
INFO: [ view_end ] --END-- [ RunTime:0.008842s ]

[ 2015-04-22T22:16:07+08:00 ] 192.168.33.1 /Admin/Blog/index.html
INFO: [ route_check ] --START--
INFO: CheckRoute Behavior ::run [ RunTime:0.005255s ]
INFO: [ route_check ] --END-- [ RunTime:0.005331s ]
INFO: [ app_begin ] --START--
INFO: ReadHtmlCache Behavior ::run [ RunTime:0.004817s ]
INFO: [ app_begin ] --END-- [ RunTime:0.004892s ]
SQL: SHOW COLUMNS FROM `blog_content` [ RunTime:0.000454s ]
SQL: SELECT COUNT(*) AS tp_count FROM `blog_content` LIMIT 1   [ RunTime:0.000057s ]
SQL: SHOW COLUMNS FROM `blog_content` [ RunTime:0.000584s ]
SQL: SELECT `id`,`title`,`cate_id`,`author`,`keywords`,`add_time`,`content`,`summary`,`click` FROM `blog_content` WHERE ( `status` = 0 ) ORDER BY add_time desc LIMIT 0,10   [ RunTime:0.000179s ]
SQL: SHOW COLUMNS FROM `blog_attr` [ RunTime:0.000603s ]
NOTIC: [8] Undefined index: mapping_order /data/www/blog/ThinkPHP/Extend/Model/RelationModel.class.php 第 188 行.
NOTIC: [8] Undefined index: mapping_limit /data/www/blog/ThinkPHP/Extend/Model/RelationModel.class.php 第 189 行.
SQL: SELECT b.* FROM blog_attr_content AS a, blog_attr AS b WHERE a.attr_id = b.id AND a. cid='54' [ RunTime:0.000090s ]
SQL: SHOW COLUMNS FROM `blog_cate` [ RunTime:0.000432s ]
SQL: SELECT `name` FROM `blog_cate` WHERE ( 1=1 AND id='0' ) LIMIT 1   [ RunTime:0.000072s ]
NOTIC: [8] Undefined index: mapping_order /data/www/blog/ThinkPHP/Extend/Model/RelationModel.class.php 第 188 行.
NOTIC: [8] Undefined index: mapping_limit /data/www/blog/ThinkPHP/Extend/Model/RelationModel.class.php 第 189 行.
SQL: SELECT b.* FROM blog_attr_content AS a, blog_attr AS b WHERE a.attr_id = b.id AND a. cid='53' [ RunTime:0.000108s ]
SQL: SELECT `name` FROM `blog_cate` WHERE ( 1=1 AND id='1' ) LIMIT 1   [ RunTime:0.000053s ]
NOTIC: [8] Undefined index: mapping_order /data/www/blog/ThinkPHP/Extend/Model/RelationModel.class.php 第 188 行.
NOTIC: [8] Undefined index: mapping_limit /data/www/blog/ThinkPHP/Extend/Model/RelationModel.class.php 第 189 行.
SQL: SELECT b.* FROM blog_attr_content AS a, blog_attr AS b WHERE a.attr_id = b.id AND a. cid='52' [ RunTime:0.000047s ]
SQL: SELECT `name` FROM `blog_cate` WHERE ( 1=1 AND id='1' ) LIMIT 1   [ RunTime:0.000043s ]
NOTIC: [8] Undefined index: mapping_order /data/www/blog/ThinkPHP/Extend/Model/RelationModel.class.php 第 188 行.
NOTIC: [8] Undefined index: mapping_limit /data/www/blog/ThinkPHP/Extend/Model/RelationModel.class.php 第 189 行.
SQL: SELECT b.* FROM blog_attr_content AS a, blog_attr AS b WHERE a.attr_id = b.id AND a. cid='51' [ RunTime:0.000044s ]
SQL: SELECT `name` FROM `blog_cate` WHERE ( 1=1 AND id='1' ) LIMIT 1   [ RunTime:0.000042s ]
NOTIC: [8] Undefined index: mapping_order /data/www/blog/ThinkPHP/Extend/Model/RelationModel.class.php 第 188 行.
NOTIC: [8] Undefined index: mapping_limit /data/www/blog/ThinkPHP/Extend/Model/RelationModel.class.php 第 189 行.
SQL: SELECT b.* FROM blog_attr_content AS a, blog_attr AS b WHERE a.attr_id = b.id AND a. cid='50' [ RunTime:0.000042s ]
SQL: SELECT `name` FROM `blog_cate` WHERE ( 1=1 AND id='3' ) LIMIT 1   [ RunTime:0.000040s ]
NOTIC: [8] Undefined index: mapping_order /data/www/blog/ThinkPHP/Extend/Model/RelationModel.class.php 第 188 行.
NOTIC: [8] Undefined index: mapping_limit /data/www/blog/ThinkPHP/Extend/Model/RelationModel.class.php 第 189 行.
SQL: SELECT b.* FROM blog_attr_content AS a, blog_attr AS b WHERE a.attr_id = b.id AND a. cid='49' [ RunTime:0.000041s ]
SQL: SELECT `name` FROM `blog_cate` WHERE ( 1=1 AND id='3' ) LIMIT 1   [ RunTime:0.000039s ]
NOTIC: [8] Undefined index: mapping_order /data/www/blog/ThinkPHP/Extend/Model/RelationModel.class.php 第 188 行.
NOTIC: [8] Undefined index: mapping_limit /data/www/blog/ThinkPHP/Extend/Model/RelationModel.class.php 第 189 行.
SQL: SELECT b.* FROM blog_attr_content AS a, blog_attr AS b WHERE a.attr_id = b.id AND a. cid='48' [ RunTime:0.000040s ]
SQL: SELECT `name` FROM `blog_cate` WHERE ( 1=1 AND id='3' ) LIMIT 1   [ RunTime:0.000039s ]
NOTIC: [8] Undefined index: mapping_order /data/www/blog/ThinkPHP/Extend/Model/RelationModel.class.php 第 188 行.
NOTIC: [8] Undefined index: mapping_limit /data/www/blog/ThinkPHP/Extend/Model/RelationModel.class.php 第 189 行.
SQL: SELECT b.* FROM blog_attr_content AS a, blog_attr AS b WHERE a.attr_id = b.id AND a. cid='47' [ RunTime:0.000040s ]
SQL: SELECT `name` FROM `blog_cate` WHERE ( 1=1 AND id='3' ) LIMIT 1   [ RunTime:0.000039s ]
NOTIC: [8] Undefined index: mapping_order /data/www/blog/ThinkPHP/Extend/Model/RelationModel.class.php 第 188 行.
NOTIC: [8] Undefined index: mapping_limit /data/www/blog/ThinkPHP/Extend/Model/RelationModel.class.php 第 189 行.
SQL: SELECT b.* FROM blog_attr_content AS a, blog_attr AS b WHERE a.attr_id = b.id AND a. cid='46' [ RunTime:0.000040s ]
SQL: SELECT `name` FROM `blog_cate` WHERE ( 1=1 AND id='1' ) LIMIT 1   [ RunTime:0.000039s ]
NOTIC: [8] Undefined index: mapping_order /data/www/blog/ThinkPHP/Extend/Model/RelationModel.class.php 第 188 行.
NOTIC: [8] Undefined index: mapping_limit /data/www/blog/ThinkPHP/Extend/Model/RelationModel.class.php 第 189 行.
SQL: SELECT b.* FROM blog_attr_content AS a, blog_attr AS b WHERE a.attr_id = b.id AND a. cid='45' [ RunTime:0.000038s ]
SQL: SELECT `name` FROM `blog_cate` WHERE ( 1=1 AND id='3' ) LIMIT 1   [ RunTime:0.000038s ]
INFO: [ view_parse ] --START--
NOTIC: [8] Undefined index: status /data/www/blog/App/Runtime/Cache/Admin/f782fb2efc3f5dadf5eb6c83ca8f837e.php 第 27 行.
NOTIC: [8] Undefined index: status /data/www/blog/App/Runtime/Cache/Admin/f782fb2efc3f5dadf5eb6c83ca8f837e.php 第 27 行.
NOTIC: [8] Undefined index: status /data/www/blog/App/Runtime/Cache/Admin/f782fb2efc3f5dadf5eb6c83ca8f837e.php 第 27 行.
NOTIC: [8] Undefined index: status /data/www/blog/App/Runtime/Cache/Admin/f782fb2efc3f5dadf5eb6c83ca8f837e.php 第 27 行.
NOTIC: [8] Undefined index: status /data/www/blog/App/Runtime/Cache/Admin/f782fb2efc3f5dadf5eb6c83ca8f837e.php 第 27 行.
NOTIC: [8] Undefined index: status /data/www/blog/App/Runtime/Cache/Admin/f782fb2efc3f5dadf5eb6c83ca8f837e.php 第 27 行.
NOTIC: [8] Undefined index: status /data/www/blog/App/Runtime/Cache/Admin/f782fb2efc3f5dadf5eb6c83ca8f837e.php 第 27 行.
NOTIC: [8] Undefined index: status /data/www/blog/App/Runtime/Cache/Admin/f782fb2efc3f5dadf5eb6c83ca8f837e.php 第 27 行.
NOTIC: [8] Undefined index: status /data/www/blog/App/Runtime/Cache/Admin/f782fb2efc3f5dadf5eb6c83ca8f837e.php 第 27 行.
NOTIC: [8] Undefined index: status /data/www/blog/App/Runtime/Cache/Admin/f782fb2efc3f5dadf5eb6c83ca8f837e.php 第 27 行.
INFO: ParseTemplate Behavior ::run [ RunTime:0.069503s ]
INFO: [ view_parse ] --END-- [ RunTime:0.069589s ]
INFO: [ view_filter ] --START--
INFO: ContentReplace Behavior ::run [ RunTime:0.004414s ]
INFO: TokenBuild Behavior ::run [ RunTime:0.006577s ]
INFO: WriteHtmlCache Behavior ::run [ RunTime:0.005612s ]
INFO: ShowRuntime Behavior ::run [ RunTime:0.005676s ]
INFO: [ view_filter ] --END-- [ RunTime:0.022541s ]
INFO: [ view_end ] --START--
INFO: ShowPageTrace Behavior ::run [ RunTime:0.006549s ]
INFO: [ view_end ] --END-- [ RunTime:0.006609s ]

[ 2015-04-22T22:16:09+08:00 ] 192.168.33.1 /Admin/Blog/edit_blog/id/54.html
INFO: [ route_check ] --START--
INFO: CheckRoute Behavior ::run [ RunTime:0.008070s ]
INFO: [ route_check ] --END-- [ RunTime:0.008153s ]
INFO: [ app_begin ] --START--
INFO: ReadHtmlCache Behavior ::run [ RunTime:0.008039s ]
INFO: [ app_begin ] --END-- [ RunTime:0.008118s ]
SQL: SHOW COLUMNS FROM `blog_content` [ RunTime:0.000493s ]
SQL: SELECT * FROM `blog_content` WHERE ( `id` = 54 ) LIMIT 1   [ RunTime:0.000072s ]
SQL: SHOW COLUMNS FROM `blog_cate` [ RunTime:0.000501s ]
SQL: SELECT * FROM `blog_cate` ORDER BY sort  [ RunTime:0.000158s ]
SQL: SHOW COLUMNS FROM `blog_attr_content` [ RunTime:0.000359s ]
SQL: SELECT `attr_id` FROM `blog_attr_content` WHERE ( `cid` = 54 )  [ RunTime:0.000082s ]
SQL: SHOW COLUMNS FROM `blog_attr` [ RunTime:0.000293s ]
SQL: SELECT * FROM `blog_attr`  [ RunTime:0.000076s ]
NOTIC: [8] Undefined index: pid /data/www/blog/App/Class/Category.class.php 第 18 行.
NOTIC: [8] Undefined index: pid /data/www/blog/App/Class/Category.class.php 第 18 行.
NOTIC: [8] Undefined index: pid /data/www/blog/App/Class/Category.class.php 第 18 行.
NOTIC: [8] Undefined index: pid /data/www/blog/App/Class/Category.class.php 第 18 行.
NOTIC: [8] Undefined index: pid /data/www/blog/App/Class/Category.class.php 第 18 行.
NOTIC: [8] Undefined index: pid /data/www/blog/App/Class/Category.class.php 第 18 行.
NOTIC: [8] Undefined index: pid /data/www/blog/App/Class/Category.class.php 第 18 行.
NOTIC: [8] Undefined index: pid /data/www/blog/App/Class/Category.class.php 第 18 行.
NOTIC: [8] Undefined index: pid /data/www/blog/App/Class/Category.class.php 第 18 行.
NOTIC: [8] Undefined index: pid /data/www/blog/App/Class/Category.class.php 第 18 行.
NOTIC: [8] Undefined index: pid /data/www/blog/App/Class/Category.class.php 第 18 行.
NOTIC: [8] Undefined index: pid /data/www/blog/App/Class/Category.class.php 第 18 行.
INFO: [ view_parse ] --START--
NOTIC: [8] Use of undefined constant select - assumed 'select' /data/www/blog/App/Runtime/Cache/Admin/f7a61b58e6d157d16264bc587bfba230.php 第 31 行.
NOTIC: [8] Use of undefined constant select - assumed 'select' /data/www/blog/App/Runtime/Cache/Admin/f7a61b58e6d157d16264bc587bfba230.php 第 31 行.
NOTIC: [8] Use of undefined constant select - assumed 'select' /data/www/blog/App/Runtime/Cache/Admin/f7a61b58e6d157d16264bc587bfba230.php 第 31 行.
NOTIC: [8] Use of undefined constant select - assumed 'select' /data/www/blog/App/Runtime/Cache/Admin/f7a61b58e6d157d16264bc587bfba230.php 第 31 行.
NOTIC: [8] Use of undefined constant select - assumed 'select' /data/www/blog/App/Runtime/Cache/Admin/f7a61b58e6d157d16264bc587bfba230.php 第 31 行.
NOTIC: [8] Use of undefined constant select - assumed 'select' /data/www/blog/App/Runtime/Cache/Admin/f7a61b58e6d157d16264bc587bfba230.php 第 31 行.
NOTIC: [8] Use of undefined constant select - assumed 'select' /data/www/blog/App/Runtime/Cache/Admin/f7a61b58e6d157d16264bc587bfba230.php 第 31 行.
NOTIC: [8] Use of undefined constant select - assumed 'select' /data/www/blog/App/Runtime/Cache/Admin/f7a61b58e6d157d16264bc587bfba230.php 第 31 行.
NOTIC: [8] Use of undefined constant select - assumed 'select' /data/www/blog/App/Runtime/Cache/Admin/f7a61b58e6d157d16264bc587bfba230.php 第 31 行.
NOTIC: [8] Use of undefined constant select - assumed 'select' /data/www/blog/App/Runtime/Cache/Admin/f7a61b58e6d157d16264bc587bfba230.php 第 31 行.
NOTIC: [8] Use of undefined constant select - assumed 'select' /data/www/blog/App/Runtime/Cache/Admin/f7a61b58e6d157d16264bc587bfba230.php 第 31 行.
NOTIC: [8] Use of undefined constant select - assumed 'select' /data/www/blog/App/Runtime/Cache/Admin/f7a61b58e6d157d16264bc587bfba230.php 第 31 行.
NOTIC: [8] Use of undefined constant select - assumed 'select' /data/www/blog/App/Runtime/Cache/Admin/f7a61b58e6d157d16264bc587bfba230.php 第 31 行.
NOTIC: [8] Use of undefined constant select - assumed 'select' /data/www/blog/App/Runtime/Cache/Admin/f7a61b58e6d157d16264bc587bfba230.php 第 31 行.
NOTIC: [8] Use of undefined constant select - assumed 'select' /data/www/blog/App/Runtime/Cache/Admin/f7a61b58e6d157d16264bc587bfba230.php 第 31 行.
NOTIC: [8] Use of undefined constant select - assumed 'select' /data/www/blog/App/Runtime/Cache/Admin/f7a61b58e6d157d16264bc587bfba230.php 第 31 行.
NOTIC: [8] Use of undefined constant select - assumed 'select' /data/www/blog/App/Runtime/Cache/Admin/f7a61b58e6d157d16264bc587bfba230.php 第 31 行.
NOTIC: [8] Use of undefined constant select - assumed 'select' /data/www/blog/App/Runtime/Cache/Admin/f7a61b58e6d157d16264bc587bfba230.php 第 31 行.
NOTIC: [8] Use of undefined constant select - assumed 'select' /data/www/blog/App/Runtime/Cache/Admin/f7a61b58e6d157d16264bc587bfba230.php 第 31 行.
NOTIC: [8] Use of undefined constant select - assumed 'select' /data/www/blog/App/Runtime/Cache/Admin/f7a61b58e6d157d16264bc587bfba230.php 第 31 行.
NOTIC: [8] Use of undefined constant select - assumed 'select' /data/www/blog/App/Runtime/Cache/Admin/f7a61b58e6d157d16264bc587bfba230.php 第 31 行.
NOTIC: [8] Use of undefined constant select - assumed 'select' /data/www/blog/App/Runtime/Cache/Admin/f7a61b58e6d157d16264bc587bfba230.php 第 31 行.
NOTIC: [8] Use of undefined constant select - assumed 'select' /data/www/blog/App/Runtime/Cache/Admin/f7a61b58e6d157d16264bc587bfba230.php 第 31 行.
NOTIC: [8] Undefined index: select /data/www/blog/App/Runtime/Cache/Admin/f7a61b58e6d157d16264bc587bfba230.php 第 39 行.
NOTIC: [8] Undefined index: select /data/www/blog/App/Runtime/Cache/Admin/f7a61b58e6d157d16264bc587bfba230.php 第 39 行.
NOTIC: [8] Undefined index: select /data/www/blog/App/Runtime/Cache/Admin/f7a61b58e6d157d16264bc587bfba230.php 第 39 行.
INFO: ParseTemplate Behavior ::run [ RunTime:0.073970s ]
INFO: [ view_parse ] --END-- [ RunTime:0.074042s ]
INFO: [ view_filter ] --START--
INFO: ContentReplace Behavior ::run [ RunTime:0.006187s ]
INFO: TokenBuild Behavior ::run [ RunTime:0.004892s ]
INFO: WriteHtmlCache Behavior ::run [ RunTime:0.004191s ]
INFO: ShowRuntime Behavior ::run [ RunTime:0.004590s ]
INFO: [ view_filter ] --END-- [ RunTime:0.020049s ]
INFO: [ view_end ] --START--
INFO: ShowPageTrace Behavior ::run [ RunTime:0.006008s ]
INFO: [ view_end ] --END-- [ RunTime:0.006061s ]

[ 2015-04-22T22:16:18+08:00 ] 192.168.33.1 /Admin/Blog/index.html
INFO: [ route_check ] --START--
INFO: CheckRoute Behavior ::run [ RunTime:0.008716s ]
INFO: [ route_check ] --END-- [ RunTime:0.008885s ]
INFO: [ app_begin ] --START--
INFO: ReadHtmlCache Behavior ::run [ RunTime:0.006997s ]
INFO: [ app_begin ] --END-- [ RunTime:0.007088s ]
SQL: SHOW COLUMNS FROM `blog_content` [ RunTime:0.000481s ]
SQL: SELECT COUNT(*) AS tp_count FROM `blog_content` LIMIT 1   [ RunTime:0.000072s ]
SQL: SHOW COLUMNS FROM `blog_content` [ RunTime:0.001524s ]
SQL: SELECT `id`,`title`,`cate_id`,`author`,`keywords`,`add_time`,`content`,`summary`,`click` FROM `blog_content` WHERE ( `status` = 0 ) ORDER BY add_time desc LIMIT 0,10   [ RunTime:0.000223s ]
SQL: SHOW COLUMNS FROM `blog_attr` [ RunTime:0.000590s ]
NOTIC: [8] Undefined index: mapping_order /data/www/blog/ThinkPHP/Extend/Model/RelationModel.class.php 第 188 行.
NOTIC: [8] Undefined index: mapping_limit /data/www/blog/ThinkPHP/Extend/Model/RelationModel.class.php 第 189 行.
SQL: SELECT b.* FROM blog_attr_content AS a, blog_attr AS b WHERE a.attr_id = b.id AND a. cid='54' [ RunTime:0.000090s ]
SQL: SHOW COLUMNS FROM `blog_cate` [ RunTime:0.000864s ]
SQL: SELECT `name` FROM `blog_cate` WHERE ( 1=1 AND id='0' ) LIMIT 1   [ RunTime:0.000094s ]
NOTIC: [8] Undefined index: mapping_order /data/www/blog/ThinkPHP/Extend/Model/RelationModel.class.php 第 188 行.
NOTIC: [8] Undefined index: mapping_limit /data/www/blog/ThinkPHP/Extend/Model/RelationModel.class.php 第 189 行.
SQL: SELECT b.* FROM blog_attr_content AS a, blog_attr AS b WHERE a.attr_id = b.id AND a. cid='53' [ RunTime:0.000053s ]
SQL: SELECT `name` FROM `blog_cate` WHERE ( 1=1 AND id='1' ) LIMIT 1   [ RunTime:0.000076s ]
NOTIC: [8] Undefined index: mapping_order /data/www/blog/ThinkPHP/Extend/Model/RelationModel.class.php 第 188 行.
NOTIC: [8] Undefined index: mapping_limit /data/www/blog/ThinkPHP/Extend/Model/RelationModel.class.php 第 189 行.
SQL: SELECT b.* FROM blog_attr_content AS a, blog_attr AS b WHERE a.attr_id = b.id AND a. cid='52' [ RunTime:0.000068s ]
SQL: SELECT `name` FROM `blog_cate` WHERE ( 1=1 AND id='1' ) LIMIT 1   [ RunTime:0.000073s ]
NOTIC: [8] Undefined index: mapping_order /data/www/blog/ThinkPHP/Extend/Model/RelationModel.class.php 第 188 行.
NOTIC: [8] Undefined index: mapping_limit /data/www/blog/ThinkPHP/Extend/Model/RelationModel.class.php 第 189 行.
SQL: SELECT b.* FROM blog_attr_content AS a, blog_attr AS b WHERE a.attr_id = b.id AND a. cid='51' [ RunTime:0.000074s ]
SQL: SELECT `name` FROM `blog_cate` WHERE ( 1=1 AND id='1' ) LIMIT 1   [ RunTime:0.000056s ]
NOTIC: [8] Undefined index: mapping_order /data/www/blog/ThinkPHP/Extend/Model/RelationModel.class.php 第 188 行.
NOTIC: [8] Undefined index: mapping_limit /data/www/blog/ThinkPHP/Extend/Model/RelationModel.class.php 第 189 行.
SQL: SELECT b.* FROM blog_attr_content AS a, blog_attr AS b WHERE a.attr_id = b.id AND a. cid='50' [ RunTime:0.000057s ]
SQL: SELECT `name` FROM `blog_cate` WHERE ( 1=1 AND id='3' ) LIMIT 1   [ RunTime:0.000052s ]
NOTIC: [8] Undefined index: mapping_order /data/www/blog/ThinkPHP/Extend/Model/RelationModel.class.php 第 188 行.
NOTIC: [8] Undefined index: mapping_limit /data/www/blog/ThinkPHP/Extend/Model/RelationModel.class.php 第 189 行.
SQL: SELECT b.* FROM blog_attr_content AS a, blog_attr AS b WHERE a.attr_id = b.id AND a. cid='49' [ RunTime:0.000056s ]
SQL: SELECT `name` FROM `blog_cate` WHERE ( 1=1 AND id='3' ) LIMIT 1   [ RunTime:0.000051s ]
NOTIC: [8] Undefined index: mapping_order /data/www/blog/ThinkPHP/Extend/Model/RelationModel.class.php 第 188 行.
NOTIC: [8] Undefined index: mapping_limit /data/www/blog/ThinkPHP/Extend/Model/RelationModel.class.php 第 189 行.
SQL: SELECT b.* FROM blog_attr_content AS a, blog_attr AS b WHERE a.attr_id = b.id AND a. cid='48' [ RunTime:0.000054s ]
SQL: SELECT `name` FROM `blog_cate` WHERE ( 1=1 AND id='3' ) LIMIT 1   [ RunTime:0.000075s ]
NOTIC: [8] Undefined index: mapping_order /data/www/blog/ThinkPHP/Extend/Model/RelationModel.class.php 第 188 行.
NOTIC: [8] Undefined index: mapping_limit /data/www/blog/ThinkPHP/Extend/Model/RelationModel.class.php 第 189 行.
SQL: SELECT b.* FROM blog_attr_content AS a, blog_attr AS b WHERE a.attr_id = b.id AND a. cid='47' [ RunTime:0.000046s ]
SQL: SELECT `name` FROM `blog_cate` WHERE ( 1=1 AND id='3' ) LIMIT 1   [ RunTime:0.000044s ]
NOTIC: [8] Undefined index: mapping_order /data/www/blog/ThinkPHP/Extend/Model/RelationModel.class.php 第 188 行.
NOTIC: [8] Undefined index: mapping_limit /data/www/blog/ThinkPHP/Extend/Model/RelationModel.class.php 第 189 行.
SQL: SELECT b.* FROM blog_attr_content AS a, blog_attr AS b WHERE a.attr_id = b.id AND a. cid='46' [ RunTime:0.000045s ]
SQL: SELECT `name` FROM `blog_cate` WHERE ( 1=1 AND id='1' ) LIMIT 1   [ RunTime:0.000087s ]
NOTIC: [8] Undefined index: mapping_order /data/www/blog/ThinkPHP/Extend/Model/RelationModel.class.php 第 188 行.
NOTIC: [8] Undefined index: mapping_limit /data/www/blog/ThinkPHP/Extend/Model/RelationModel.class.php 第 189 行.
SQL: SELECT b.* FROM blog_attr_content AS a, blog_attr AS b WHERE a.attr_id = b.id AND a. cid='45' [ RunTime:0.000041s ]
SQL: SELECT `name` FROM `blog_cate` WHERE ( 1=1 AND id='3' ) LIMIT 1   [ RunTime:0.000038s ]
INFO: [ view_parse ] --START--
NOTIC: [8] Undefined index: status /data/www/blog/App/Runtime/Cache/Admin/f782fb2efc3f5dadf5eb6c83ca8f837e.php 第 27 行.
NOTIC: [8] Undefined index: status /data/www/blog/App/Runtime/Cache/Admin/f782fb2efc3f5dadf5eb6c83ca8f837e.php 第 27 行.
NOTIC: [8] Undefined index: status /data/www/blog/App/Runtime/Cache/Admin/f782fb2efc3f5dadf5eb6c83ca8f837e.php 第 27 行.
NOTIC: [8] Undefined index: status /data/www/blog/App/Runtime/Cache/Admin/f782fb2efc3f5dadf5eb6c83ca8f837e.php 第 27 行.
NOTIC: [8] Undefined index: status /data/www/blog/App/Runtime/Cache/Admin/f782fb2efc3f5dadf5eb6c83ca8f837e.php 第 27 行.
NOTIC: [8] Undefined index: status /data/www/blog/App/Runtime/Cache/Admin/f782fb2efc3f5dadf5eb6c83ca8f837e.php 第 27 行.
NOTIC: [8] Undefined index: status /data/www/blog/App/Runtime/Cache/Admin/f782fb2efc3f5dadf5eb6c83ca8f837e.php 第 27 行.
NOTIC: [8] Undefined index: status /data/www/blog/App/Runtime/Cache/Admin/f782fb2efc3f5dadf5eb6c83ca8f837e.php 第 27 行.
NOTIC: [8] Undefined index: status /data/www/blog/App/Runtime/Cache/Admin/f782fb2efc3f5dadf5eb6c83ca8f837e.php 第 27 行.
NOTIC: [8] Undefined index: status /data/www/blog/App/Runtime/Cache/Admin/f782fb2efc3f5dadf5eb6c83ca8f837e.php 第 27 行.
INFO: ParseTemplate Behavior ::run [ RunTime:0.090702s ]
INFO: [ view_parse ] --END-- [ RunTime:0.090779s ]
INFO: [ view_filter ] --START--
INFO: ContentReplace Behavior ::run [ RunTime:0.006288s ]
INFO: TokenBuild Behavior ::run [ RunTime:0.005560s ]
INFO: WriteHtmlCache Behavior ::run [ RunTime:0.006483s ]
INFO: ShowRuntime Behavior ::run [ RunTime:0.007263s ]
INFO: [ view_filter ] --END-- [ RunTime:0.028353s ]
INFO: [ view_end ] --START--
INFO: ShowPageTrace Behavior ::run [ RunTime:0.006626s ]
INFO: [ view_end ] --END-- [ RunTime:0.006697s ]

[ 2015-04-22T22:16:21+08:00 ] 192.168.33.1 /Admin/Blog/edit_blog/id/50.html
INFO: [ route_check ] --START--
INFO: CheckRoute Behavior ::run [ RunTime:0.005848s ]
INFO: [ route_check ] --END-- [ RunTime:0.005941s ]
INFO: [ app_begin ] --START--
INFO: ReadHtmlCache Behavior ::run [ RunTime:0.003373s ]
INFO: [ app_begin ] --END-- [ RunTime:0.003442s ]
SQL: SHOW COLUMNS FROM `blog_content` [ RunTime:0.001072s ]
SQL: SELECT * FROM `blog_content` WHERE ( `id` = 50 ) LIMIT 1   [ RunTime:0.000558s ]
SQL: SHOW COLUMNS FROM `blog_cate` [ RunTime:0.001379s ]
SQL: SELECT * FROM `blog_cate` ORDER BY sort  [ RunTime:0.000226s ]
SQL: SHOW COLUMNS FROM `blog_attr_content` [ RunTime:0.000592s ]
SQL: SELECT `attr_id` FROM `blog_attr_content` WHERE ( `cid` = 50 )  [ RunTime:0.000236s ]
SQL: SHOW COLUMNS FROM `blog_attr` [ RunTime:0.000696s ]
SQL: SELECT * FROM `blog_attr`  [ RunTime:0.000073s ]
NOTIC: [8] Undefined index: pid /data/www/blog/App/Class/Category.class.php 第 18 行.
NOTIC: [8] Undefined index: pid /data/www/blog/App/Class/Category.class.php 第 18 行.
NOTIC: [8] Undefined index: pid /data/www/blog/App/Class/Category.class.php 第 18 行.
NOTIC: [8] Undefined index: pid /data/www/blog/App/Class/Category.class.php 第 18 行.
NOTIC: [8] Undefined index: pid /data/www/blog/App/Class/Category.class.php 第 18 行.
NOTIC: [8] Undefined index: pid /data/www/blog/App/Class/Category.class.php 第 18 行.
NOTIC: [8] Undefined index: pid /data/www/blog/App/Class/Category.class.php 第 18 行.
NOTIC: [8] Undefined index: pid /data/www/blog/App/Class/Category.class.php 第 18 行.
NOTIC: [8] Undefined index: pid /data/www/blog/App/Class/Category.class.php 第 18 行.
NOTIC: [8] Undefined index: pid /data/www/blog/App/Class/Category.class.php 第 18 行.
NOTIC: [8] Undefined index: pid /data/www/blog/App/Class/Category.class.php 第 18 行.
NOTIC: [8] Undefined index: pid /data/www/blog/App/Class/Category.class.php 第 18 行.
INFO: [ view_parse ] --START--
NOTIC: [8] Use of undefined constant select - assumed 'select' /data/www/blog/App/Runtime/Cache/Admin/f7a61b58e6d157d16264bc587bfba230.php 第 31 行.
NOTIC: [8] Use of undefined constant select - assumed 'select' /data/www/blog/App/Runtime/Cache/Admin/f7a61b58e6d157d16264bc587bfba230.php 第 31 行.
NOTIC: [8] Use of undefined constant select - assumed 'select' /data/www/blog/App/Runtime/Cache/Admin/f7a61b58e6d157d16264bc587bfba230.php 第 31 行.
NOTIC: [8] Use of undefined constant select - assumed 'select' /data/www/blog/App/Runtime/Cache/Admin/f7a61b58e6d157d16264bc587bfba230.php 第 31 行.
NOTIC: [8] Use of undefined constant select - assumed 'select' /data/www/blog/App/Runtime/Cache/Admin/f7a61b58e6d157d16264bc587bfba230.php 第 31 行.
NOTIC: [8] Use of undefined constant select - assumed 'select' /data/www/blog/App/Runtime/Cache/Admin/f7a61b58e6d157d16264bc587bfba230.php 第 31 行.
NOTIC: [8] Use of undefined constant select - assumed 'select' /data/www/blog/App/Runtime/Cache/Admin/f7a61b58e6d157d16264bc587bfba230.php 第 31 行.
NOTIC: [8] Use of undefined constant select - assumed 'select' /data/www/blog/App/Runtime/Cache/Admin/f7a61b58e6d157d16264bc587bfba230.php 第 31 行.
NOTIC: [8] Use of undefined constant select - assumed 'select' /data/www/blog/App/Runtime/Cache/Admin/f7a61b58e6d157d16264bc587bfba230.php 第 31 行.
NOTIC: [8] Use of undefined constant select - assumed 'select' /data/www/blog/App/Runtime/Cache/Admin/f7a61b58e6d157d16264bc587bfba230.php 第 31 行.
NOTIC: [8] Use of undefined constant select - assumed 'select' /data/www/blog/App/Runtime/Cache/Admin/f7a61b58e6d157d16264bc587bfba230.php 第 31 行.
NOTIC: [8] Use of undefined constant select - assumed 'select' /data/www/blog/App/Runtime/Cache/Admin/f7a61b58e6d157d16264bc587bfba230.php 第 31 行.
NOTIC: [8] Use of undefined constant select - assumed 'select' /data/www/blog/App/Runtime/Cache/Admin/f7a61b58e6d157d16264bc587bfba230.php 第 31 行.
NOTIC: [8] Use of undefined constant select - assumed 'select' /data/www/blog/App/Runtime/Cache/Admin/f7a61b58e6d157d16264bc587bfba230.php 第 31 行.
NOTIC: [8] Use of undefined constant select - assumed 'select' /data/www/blog/App/Runtime/Cache/Admin/f7a61b58e6d157d16264bc587bfba230.php 第 31 行.
NOTIC: [8] Use of undefined constant select - assumed 'select' /data/www/blog/App/Runtime/Cache/Admin/f7a61b58e6d157d16264bc587bfba230.php 第 31 行.
NOTIC: [8] Use of undefined constant select - assumed 'select' /data/www/blog/App/Runtime/Cache/Admin/f7a61b58e6d157d16264bc587bfba230.php 第 31 行.
NOTIC: [8] Use of undefined constant select - assumed 'select' /data/www/blog/App/Runtime/Cache/Admin/f7a61b58e6d157d16264bc587bfba230.php 第 31 行.
NOTIC: [8] Use of undefined constant select - assumed 'select' /data/www/blog/App/Runtime/Cache/Admin/f7a61b58e6d157d16264bc587bfba230.php 第 31 行.
NOTIC: [8] Use of undefined constant select - assumed 'select' /data/www/blog/App/Runtime/Cache/Admin/f7a61b58e6d157d16264bc587bfba230.php 第 31 行.
NOTIC: [8] Use of undefined constant select - assumed 'select' /data/www/blog/App/Runtime/Cache/Admin/f7a61b58e6d157d16264bc587bfba230.php 第 31 行.
NOTIC: [8] Use of undefined constant select - assumed 'select' /data/www/blog/App/Runtime/Cache/Admin/f7a61b58e6d157d16264bc587bfba230.php 第 31 行.
NOTIC: [8] Use of undefined constant select - assumed 'select' /data/www/blog/App/Runtime/Cache/Admin/f7a61b58e6d157d16264bc587bfba230.php 第 31 行.
NOTIC: [8] Undefined index: select /data/www/blog/App/Runtime/Cache/Admin/f7a61b58e6d157d16264bc587bfba230.php 第 39 行.
NOTIC: [8] Undefined index: select /data/www/blog/App/Runtime/Cache/Admin/f7a61b58e6d157d16264bc587bfba230.php 第 39 行.
NOTIC: [8] Undefined index: select /data/www/blog/App/Runtime/Cache/Admin/f7a61b58e6d157d16264bc587bfba230.php 第 39 行.
INFO: ParseTemplate Behavior ::run [ RunTime:0.056527s ]
INFO: [ view_parse ] --END-- [ RunTime:0.056618s ]
INFO: [ view_filter ] --START--
INFO: ContentReplace Behavior ::run [ RunTime:0.007325s ]
INFO: TokenBuild Behavior ::run [ RunTime:0.004431s ]
INFO: WriteHtmlCache Behavior ::run [ RunTime:0.004296s ]
INFO: ShowRuntime Behavior ::run [ RunTime:0.004103s ]
INFO: [ view_filter ] --END-- [ RunTime:0.020392s ]
INFO: [ view_end ] --START--
INFO: ShowPageTrace Behavior ::run [ RunTime:0.004946s ]
INFO: [ view_end ] --END-- [ RunTime:0.005052s ]

[ 2015-04-22T22:30:48+08:00 ] 192.168.33.1 /Admin/Message/index.html
INFO: [ route_check ] --START--
INFO: CheckRoute Behavior ::run [ RunTime:0.011072s ]
INFO: [ route_check ] --END-- [ RunTime:0.011197s ]
INFO: [ app_begin ] --START--
INFO: ReadHtmlCache Behavior ::run [ RunTime:0.008591s ]
INFO: [ app_begin ] --END-- [ RunTime:0.008679s ]
SQL: SHOW COLUMNS FROM `blog_evaluate` [ RunTime:0.002596s ]
SQL: SELECT COUNT(*) AS tp_count FROM `blog_evaluate` LIMIT 1   [ RunTime:0.000180s ]
SQL: SELECT * FROM `blog_evaluate` ORDER BY id LIMIT 0,10   [ RunTime:0.000868s ]
INFO: [ view_parse ] --START--
SQL: SHOW COLUMNS FROM `blog_member` [ RunTime:0.001188s ]
SQL: SELECT `member_name` FROM `blog_member` WHERE ( `member_id` = 2 ) LIMIT 1   [ RunTime:0.000200s ]
SQL: SHOW COLUMNS FROM `blog_content` [ RunTime:0.000584s ]
SQL: SELECT `title` FROM `blog_content` WHERE ( `id` = 32 ) LIMIT 1   [ RunTime:0.000184s ]
SQL: SELECT `title` FROM `blog_content` WHERE ( `id` = 32 ) LIMIT 1   [ RunTime:0.000058s ]
SQL: SELECT `title` FROM `blog_content` WHERE ( `id` = 32 ) LIMIT 1   [ RunTime:0.000044s ]
SQL: SELECT `title` FROM `blog_content` WHERE ( `id` = 32 ) LIMIT 1   [ RunTime:0.000050s ]
SQL: SELECT `title` FROM `blog_content` WHERE ( `id` = 32 ) LIMIT 1   [ RunTime:0.000050s ]
SQL: SELECT `title` FROM `blog_content` WHERE ( `id` = 0 ) LIMIT 1   [ RunTime:0.000124s ]
SQL: SELECT `member_name` FROM `blog_member` WHERE ( `member_id` = 2 ) LIMIT 1   [ RunTime:0.000052s ]
SQL: SELECT `title` FROM `blog_content` WHERE ( `id` = 32 ) LIMIT 1   [ RunTime:0.000041s ]
SQL: SELECT `title` FROM `blog_content` WHERE ( `id` = 32 ) LIMIT 1   [ RunTime:0.000000s ]
SQL: SELECT `member_name` FROM `blog_member` WHERE ( `member_id` = 2 ) LIMIT 1   [ RunTime:0.000104s ]
SQL: SELECT `title` FROM `blog_content` WHERE ( `id` = 32 ) LIMIT 1   [ RunTime:0.000109s ]
SQL: SELECT `member_name` FROM `blog_member` WHERE ( `member_id` = 2 ) LIMIT 1   [ RunTime:0.000060s ]
SQL: SELECT `title` FROM `blog_content` WHERE ( `id` = 32 ) LIMIT 1   [ RunTime:0.000051s ]
INFO: ParseTemplate Behavior ::run [ RunTime:0.103945s ]
INFO: [ view_parse ] --END-- [ RunTime:0.104006s ]
INFO: [ view_filter ] --START--
INFO: ContentReplace Behavior ::run [ RunTime:0.005718s ]
INFO: TokenBuild Behavior ::run [ RunTime:0.006206s ]
INFO: WriteHtmlCache Behavior ::run [ RunTime:0.004763s ]
INFO: ShowRuntime Behavior ::run [ RunTime:0.005551s ]
INFO: [ view_filter ] --END-- [ RunTime:0.022596s ]
INFO: [ view_end ] --START--
INFO: ShowPageTrace Behavior ::run [ RunTime:0.009415s ]
INFO: [ view_end ] --END-- [ RunTime:0.009509s ]

[ 2015-04-22T22:35:43+08:00 ] 192.168.33.1 /Admin/Message/index.html
INFO: [ route_check ] --START--
INFO: CheckRoute Behavior ::run [ RunTime:0.010295s ]
INFO: [ route_check ] --END-- [ RunTime:0.010407s ]
INFO: [ app_begin ] --START--
INFO: ReadHtmlCache Behavior ::run [ RunTime:0.006964s ]
INFO: [ app_begin ] --END-- [ RunTime:0.007088s ]
SQL: SHOW COLUMNS FROM `blog_evaluate` [ RunTime:0.000437s ]
SQL: SELECT COUNT(*) AS tp_count FROM `blog_evaluate` LIMIT 1   [ RunTime:0.000147s ]
SQL: SELECT * FROM `blog_evaluate` ORDER BY id LIMIT 0,10   [ RunTime:0.000227s ]
INFO: [ view_parse ] --START--
SQL: SHOW COLUMNS FROM `blog_member` [ RunTime:0.000739s ]
SQL: SELECT `member_name` FROM `blog_member` WHERE ( `member_id` = 2 ) LIMIT 1   [ RunTime:0.000119s ]
SQL: SHOW COLUMNS FROM `blog_content` [ RunTime:0.001180s ]
SQL: SELECT `title` FROM `blog_content` WHERE ( `id` = 32 ) LIMIT 1   [ RunTime:0.000087s ]
SQL: SELECT `title` FROM `blog_content` WHERE ( `id` = 32 ) LIMIT 1   [ RunTime:0.000118s ]
SQL: SELECT `title` FROM `blog_content` WHERE ( `id` = 32 ) LIMIT 1   [ RunTime:0.000058s ]
SQL: SELECT `title` FROM `blog_content` WHERE ( `id` = 32 ) LIMIT 1   [ RunTime:0.000059s ]
SQL: SELECT `title` FROM `blog_content` WHERE ( `id` = 32 ) LIMIT 1   [ RunTime:0.000054s ]
SQL: SELECT `title` FROM `blog_content` WHERE ( `id` = 0 ) LIMIT 1   [ RunTime:0.000052s ]
SQL: SELECT `member_name` FROM `blog_member` WHERE ( `member_id` = 2 ) LIMIT 1   [ RunTime:0.000257s ]
SQL: SELECT `title` FROM `blog_content` WHERE ( `id` = 32 ) LIMIT 1   [ RunTime:0.000144s ]
SQL: SELECT `title` FROM `blog_content` WHERE ( `id` = 32 ) LIMIT 1   [ RunTime:0.000055s ]
SQL: SELECT `member_name` FROM `blog_member` WHERE ( `member_id` = 2 ) LIMIT 1   [ RunTime:0.000051s ]
SQL: SELECT `title` FROM `blog_content` WHERE ( `id` = 32 ) LIMIT 1   [ RunTime:0.000049s ]
SQL: SELECT `member_name` FROM `blog_member` WHERE ( `member_id` = 2 ) LIMIT 1   [ RunTime:0.000048s ]
SQL: SELECT `title` FROM `blog_content` WHERE ( `id` = 32 ) LIMIT 1   [ RunTime:0.000112s ]
INFO: ParseTemplate Behavior ::run [ RunTime:0.094502s ]
INFO: [ view_parse ] --END-- [ RunTime:0.094587s ]
INFO: [ view_filter ] --START--
INFO: ContentReplace Behavior ::run [ RunTime:0.004968s ]
INFO: TokenBuild Behavior ::run [ RunTime:0.004498s ]
INFO: WriteHtmlCache Behavior ::run [ RunTime:0.004692s ]
INFO: ShowRuntime Behavior ::run [ RunTime:0.006171s ]
INFO: [ view_filter ] --END-- [ RunTime:0.020579s ]
INFO: [ view_end ] --START--
INFO: ShowPageTrace Behavior ::run [ RunTime:0.005355s ]
INFO: [ view_end ] --END-- [ RunTime:0.005426s ]

