[ 2015-04-20T08:12:13+08:00 ] 192.168.33.1 /
INFO: [ app_begin ] --START--
INFO: ReadHtmlCache Behavior ::run [ RunTime:0.007448s ]
INFO: [ app_begin ] --END-- [ RunTime:0.007607s ]
SQL: SHOW COLUMNS FROM `blog_cate` [ RunTime:0.000467s ]
SQL: SELECT * FROM `blog_cate` WHERE ( `pid` = 0 ) ORDER BY sort asc  [ RunTime:0.000055s ]
SQL: SELECT * FROM `blog_cate`  [ RunTime:0.000045s ]
SQL: SHOW COLUMNS FROM `blog_content` [ RunTime:0.000825s ]
SQL: SELECT `id`,`title`,`add_time` FROM `blog_content` WHERE ( `cate_id` IN ('4','2') ) AND ( `status` = 0 ) ORDER BY add_time desc LIMIT 8   [ RunTime:0.000100s ]
SQL: SELECT `id`,`title`,`add_time` FROM `blog_content` WHERE ( `cate_id` IN ('3') ) AND ( `status` = 0 ) ORDER BY add_time desc LIMIT 8   [ RunTime:0.000060s ]
SQL: SELECT `id`,`title`,`add_time` FROM `blog_content` WHERE ( `cate_id` IN ('9','10','15','11','20','21','5') ) AND ( `status` = 0 ) ORDER BY add_time desc LIMIT 8   [ RunTime:0.000073s ]
SQL: SELECT `id`,`title`,`add_time` FROM `blog_content` WHERE ( `cate_id` IN ('22','23','16') ) AND ( `status` = 0 ) ORDER BY add_time desc LIMIT 8   [ RunTime:0.000061s ]
SQL: SELECT `id`,`title`,`add_time` FROM `blog_content` WHERE ( `cate_id` IN ('8','14','1') ) AND ( `status` = 0 ) ORDER BY add_time desc LIMIT 8   [ RunTime:0.000101s ]
SQL: SELECT `id`,`title`,`add_time` FROM `blog_content` WHERE ( `cate_id` IN ('12','13','18','6') ) AND ( `status` = 0 ) ORDER BY add_time desc LIMIT 8   [ RunTime:0.000064s ]
SQL: SELECT `id`,`title`,`add_time` FROM `blog_content` WHERE ( `cate_id` IN ('17') ) AND ( `status` = 0 ) ORDER BY add_time desc LIMIT 8   [ RunTime:0.000059s ]
SQL: SELECT `id`,`title`,`add_time` FROM `blog_content` WHERE ( `cate_id` IN ('7') ) AND ( `status` = 0 ) ORDER BY add_time desc LIMIT 8   [ RunTime:0.000058s ]
SQL: SELECT `id`,`title`,`add_time` FROM `blog_content` WHERE ( `cate_id` IN ('19') ) AND ( `status` = 0 ) ORDER BY add_time desc LIMIT 8   [ RunTime:0.000068s ]
INFO: [ view_parse ] --START--
NOTIC: [8] Undefined variable: keywords /data/www/blog/App/Runtime/Cache/Home/dfbde131d3dce021e47f060addf3b2af.php 第 6 行.
NOTIC: [8] Undefined variable: description /data/www/blog/App/Runtime/Cache/Home/dfbde131d3dce021e47f060addf3b2af.php 第 7 行.
NOTIC: [8] Undefined variable: title /data/www/blog/App/Runtime/Cache/Home/dfbde131d3dce021e47f060addf3b2af.php 第 8 行.
SQL: SHOW COLUMNS FROM `blog_cate` [ RunTime:0.001255s ]
SQL: SELECT * FROM `blog_cate` WHERE ( `is_show` = 1 ) ORDER BY sort ASC LIMIT 100   [ RunTime:0.000181s ]
SQL: SELECT `id`,`title`,`click` FROM `blog_content` ORDER BY click desc LIMIT 5   [ RunTime:0.000811s ]
NOTIC: [8] Undefined variable: order /data/www/blog/App/Runtime/Cache/Home/82fde19a6a150571f89c227782947b1d.php 第 3 行.
SQL: SELECT `id`,`title`,`click` FROM `blog_content` ORDER BY add_time desc LIMIT 5   [ RunTime:0.000146s ]
NOTIC: [8] Undefined variable: order /data/www/blog/App/Runtime/Cache/Home/82fde19a6a150571f89c227782947b1d.php 第 3 行.
SQL: SHOW COLUMNS FROM `blog_link` [ RunTime:0.000806s ]
SQL: SELECT `name`,`link` FROM `blog_link` ORDER BY sort  [ RunTime:0.000082s ]
INFO: ParseTemplate Behavior ::run [ RunTime:0.197352s ]
INFO: [ view_parse ] --END-- [ RunTime:0.197612s ]
INFO: [ view_filter ] --START--
INFO: ContentReplace Behavior ::run [ RunTime:0.007023s ]
INFO: TokenBuild Behavior ::run [ RunTime:0.007875s ]
INFO: WriteHtmlCache Behavior ::run [ RunTime:0.007462s ]
INFO: ShowRuntime Behavior ::run [ RunTime:0.008428s ]
INFO: [ view_filter ] --END-- [ RunTime:0.031328s ]
INFO: [ view_end ] --START--
INFO: ShowPageTrace Behavior ::run [ RunTime:0.015433s ]
INFO: [ view_end ] --END-- [ RunTime:0.015632s ]

[ 2015-04-20T08:12:34+08:00 ] 192.168.33.1 /
INFO: [ app_begin ] --START--
INFO: ReadHtmlCache Behavior ::run [ RunTime:0.006711s ]
INFO: [ app_begin ] --END-- [ RunTime:0.006825s ]
INFO: [ view_parse ] --START--
NOTIC: [8] Undefined variable: keywords /data/www/blog/App/Runtime/Cache/Home/dfbde131d3dce021e47f060addf3b2af.php 第 6 行.
NOTIC: [8] Undefined variable: description /data/www/blog/App/Runtime/Cache/Home/dfbde131d3dce021e47f060addf3b2af.php 第 7 行.
NOTIC: [8] Undefined variable: title /data/www/blog/App/Runtime/Cache/Home/dfbde131d3dce021e47f060addf3b2af.php 第 8 行.
SQL: SHOW COLUMNS FROM `blog_cate` [ RunTime:0.001536s ]
SQL: SELECT * FROM `blog_cate` WHERE ( `is_show` = 1 ) ORDER BY sort ASC LIMIT 100   [ RunTime:0.000116s ]
SQL: SHOW COLUMNS FROM `blog_content` [ RunTime:0.001628s ]
SQL: SELECT `id`,`title`,`click` FROM `blog_content` ORDER BY click desc LIMIT 5   [ RunTime:0.000372s ]
NOTIC: [8] Undefined variable: order /data/www/blog/App/Runtime/Cache/Home/82fde19a6a150571f89c227782947b1d.php 第 3 行.
SQL: SELECT `id`,`title`,`click` FROM `blog_content` ORDER BY add_time desc LIMIT 5   [ RunTime:0.000593s ]
NOTIC: [8] Undefined variable: order /data/www/blog/App/Runtime/Cache/Home/82fde19a6a150571f89c227782947b1d.php 第 3 行.
SQL: SHOW COLUMNS FROM `blog_link` [ RunTime:0.000755s ]
SQL: SELECT `name`,`link` FROM `blog_link` ORDER BY sort  [ RunTime:0.000287s ]
INFO: ParseTemplate Behavior ::run [ RunTime:0.635142s ]
INFO: [ view_parse ] --END-- [ RunTime:0.635279s ]
INFO: [ view_filter ] --START--
INFO: ContentReplace Behavior ::run [ RunTime:0.007442s ]
INFO: TokenBuild Behavior ::run [ RunTime:0.006565s ]
INFO: WriteHtmlCache Behavior ::run [ RunTime:0.006076s ]
INFO: ShowRuntime Behavior ::run [ RunTime:0.005826s ]
INFO: [ view_filter ] --END-- [ RunTime:0.026430s ]
INFO: [ view_end ] --START--
INFO: ShowPageTrace Behavior ::run [ RunTime:0.007563s ]
INFO: [ view_end ] --END-- [ RunTime:0.007695s ]

[ 2015-04-20T08:12:48+08:00 ] 192.168.33.1 /Admin
INFO: [ route_check ] --START--
INFO: CheckRoute Behavior ::run [ RunTime:0.005520s ]
INFO: [ route_check ] --END-- [ RunTime:0.005602s ]
INFO: [ app_begin ] --START--
INFO: ReadHtmlCache Behavior ::run [ RunTime:0.007322s ]
INFO: [ app_begin ] --END-- [ RunTime:0.007415s ]

[ 2015-04-20T08:12:48+08:00 ] 192.168.33.1 /Admin/Login/index.html
INFO: [ route_check ] --START--
INFO: CheckRoute Behavior ::run [ RunTime:0.008181s ]
INFO: [ route_check ] --END-- [ RunTime:0.008315s ]
INFO: [ app_begin ] --START--
INFO: ReadHtmlCache Behavior ::run [ RunTime:0.004885s ]
INFO: [ app_begin ] --END-- [ RunTime:0.004994s ]
INFO: [ view_parse ] --START--
INFO: ParseTemplate Behavior ::run [ RunTime:0.059186s ]
INFO: [ view_parse ] --END-- [ RunTime:0.059298s ]
INFO: [ view_filter ] --START--
INFO: ContentReplace Behavior ::run [ RunTime:0.005189s ]
INFO: TokenBuild Behavior ::run [ RunTime:0.004842s ]
INFO: WriteHtmlCache Behavior ::run [ RunTime:0.004688s ]
INFO: ShowRuntime Behavior ::run [ RunTime:0.005663s ]
INFO: [ view_filter ] --END-- [ RunTime:0.020735s ]
INFO: [ view_end ] --START--
INFO: ShowPageTrace Behavior ::run [ RunTime:0.006061s ]
INFO: [ view_end ] --END-- [ RunTime:0.006161s ]

[ 2015-04-20T08:12:49+08:00 ] 192.168.33.1 /Admin/Login/verify
INFO: [ route_check ] --START--
INFO: CheckRoute Behavior ::run [ RunTime:0.008271s ]
INFO: [ route_check ] --END-- [ RunTime:0.010913s ]
INFO: [ app_begin ] --START--
INFO: ReadHtmlCache Behavior ::run [ RunTime:0.007367s ]
INFO: [ app_begin ] --END-- [ RunTime:0.007490s ]

[ 2015-04-20T08:13:07+08:00 ] 192.168.33.1 /Admin/Login/login.html
INFO: [ route_check ] --START--
INFO: CheckRoute Behavior ::run [ RunTime:0.006655s ]
INFO: [ route_check ] --END-- [ RunTime:0.006761s ]
INFO: [ app_begin ] --START--
INFO: ReadHtmlCache Behavior ::run [ RunTime:0.006033s ]
INFO: [ app_begin ] --END-- [ RunTime:0.006137s ]
SQL: SHOW COLUMNS FROM `blog_user` [ RunTime:0.002582s ]
SQL: SELECT * FROM `blog_user` WHERE ( `username` = 'admin' ) LIMIT 1   [ RunTime:0.001082s ]
SQL: UPDATE `blog_user` SET `last_login_ip`='192.168.33.1',`last_login_time`=1970 WHERE ( `id` = 1 ) [ RunTime:0.001971s ]
INFO: [ view_parse ] --START--
INFO: ParseTemplate Behavior ::run [ RunTime:0.055382s ]
INFO: [ view_parse ] --END-- [ RunTime:0.055546s ]
INFO: [ view_filter ] --START--
INFO: ContentReplace Behavior ::run [ RunTime:0.004792s ]
INFO: TokenBuild Behavior ::run [ RunTime:0.004695s ]
INFO: WriteHtmlCache Behavior ::run [ RunTime:0.005233s ]
INFO: ShowRuntime Behavior ::run [ RunTime:0.005617s ]
INFO: [ view_filter ] --END-- [ RunTime:0.020617s ]
INFO: [ view_end ] --START--
INFO: ShowPageTrace Behavior ::run [ RunTime:0.006255s ]
INFO: [ view_end ] --END-- [ RunTime:0.006333s ]

[ 2015-04-20T08:13:08+08:00 ] 192.168.33.1 /Admin/Index/index.html
INFO: [ route_check ] --START--
INFO: CheckRoute Behavior ::run [ RunTime:0.005940s ]
INFO: [ route_check ] --END-- [ RunTime:0.006033s ]
INFO: [ app_begin ] --START--
INFO: ReadHtmlCache Behavior ::run [ RunTime:0.005970s ]
INFO: [ app_begin ] --END-- [ RunTime:0.006070s ]
INFO: [ view_parse ] --START--
INFO: ParseTemplate Behavior ::run [ RunTime:0.053206s ]
INFO: [ view_parse ] --END-- [ RunTime:0.053318s ]
INFO: [ view_filter ] --START--
INFO: ContentReplace Behavior ::run [ RunTime:0.005162s ]
INFO: TokenBuild Behavior ::run [ RunTime:0.004829s ]
INFO: WriteHtmlCache Behavior ::run [ RunTime:0.003981s ]
INFO: ShowRuntime Behavior ::run [ RunTime:0.004991s ]
INFO: [ view_filter ] --END-- [ RunTime:0.019342s ]
INFO: [ view_end ] --START--
INFO: ShowPageTrace Behavior ::run [ RunTime:0.004643s ]
INFO: [ view_end ] --END-- [ RunTime:0.004734s ]

[ 2015-04-20T08:13:09+08:00 ] 192.168.33.1 /Admin/Index/welcome.html
INFO: [ route_check ] --START--
INFO: CheckRoute Behavior ::run [ RunTime:0.008722s ]
INFO: [ route_check ] --END-- [ RunTime:0.008868s ]
INFO: [ app_begin ] --START--
INFO: ReadHtmlCache Behavior ::run [ RunTime:0.009727s ]
INFO: [ app_begin ] --END-- [ RunTime:0.009837s ]
NOTIC: [2] file_get_contents(): Couldn't resolve host name /data/www/blog/App/Class/getIp.class.php 第 142 行.
NOTIC: [2] file_get_contents(http://int.dpool.sina.com.cn/iplookup/iplookup.php?ip=192.168.33.1): failed to open stream: operation failed /data/www/blog/App/Class/getIp.class.php 第 142 行.
NOTIC: [2] implode(): Invalid arguments passed /data/www/blog/App/Modules/Admin/Action/IndexAction.class.php 第 19 行.
INFO: [ view_parse ] --START--
INFO: ParseTemplate Behavior ::run [ RunTime:0.290177s ]
INFO: [ view_parse ] --END-- [ RunTime:0.290329s ]
INFO: [ view_filter ] --START--
INFO: ContentReplace Behavior ::run [ RunTime:0.011224s ]
INFO: TokenBuild Behavior ::run [ RunTime:0.016332s ]
INFO: WriteHtmlCache Behavior ::run [ RunTime:0.005082s ]
INFO: ShowRuntime Behavior ::run [ RunTime:0.012789s ]
INFO: [ view_filter ] --END-- [ RunTime:0.045741s ]
INFO: [ view_end ] --START--
INFO: ShowPageTrace Behavior ::run [ RunTime:0.015480s ]
INFO: [ view_end ] --END-- [ RunTime:0.015652s ]

[ 2015-04-20T08:21:18+08:00 ] 192.168.33.1 /Admin/Category/index.html
INFO: [ route_check ] --START--
INFO: CheckRoute Behavior ::run [ RunTime:0.007384s ]
INFO: [ route_check ] --END-- [ RunTime:0.007545s ]
INFO: [ app_begin ] --START--
INFO: ReadHtmlCache Behavior ::run [ RunTime:0.004872s ]
INFO: [ app_begin ] --END-- [ RunTime:0.004964s ]
SQL: SHOW COLUMNS FROM `blog_cate` [ RunTime:0.001225s ]
SQL: SELECT * FROM `blog_cate` ORDER BY sort  [ RunTime:0.000180s ]
INFO: [ view_parse ] --START--
INFO: ParseTemplate Behavior ::run [ RunTime:0.058357s ]
INFO: [ view_parse ] --END-- [ RunTime:0.058505s ]
INFO: [ view_filter ] --START--
INFO: ContentReplace Behavior ::run [ RunTime:0.005041s ]
INFO: TokenBuild Behavior ::run [ RunTime:0.004883s ]
INFO: WriteHtmlCache Behavior ::run [ RunTime:0.004542s ]
INFO: ShowRuntime Behavior ::run [ RunTime:0.006115s ]
INFO: [ view_filter ] --END-- [ RunTime:0.020925s ]
INFO: [ view_end ] --START--
INFO: ShowPageTrace Behavior ::run [ RunTime:0.006453s ]
INFO: [ view_end ] --END-- [ RunTime:0.006727s ]

[ 2015-04-20T08:21:21+08:00 ] 192.168.33.1 /Admin/Category/addcate.html
INFO: [ route_check ] --START--
INFO: CheckRoute Behavior ::run [ RunTime:0.005680s ]
INFO: [ route_check ] --END-- [ RunTime:0.005764s ]
INFO: [ app_begin ] --START--
INFO: ReadHtmlCache Behavior ::run [ RunTime:0.004035s ]
INFO: [ app_begin ] --END-- [ RunTime:0.004138s ]
INFO: [ view_parse ] --START--
NOTIC: [8] Undefined variable: cate /data/www/blog/App/Runtime/Cache/Admin/2b4d1668973d834424b38cd200ae7b52.php 第 20 行.
NOTIC: [8] Undefined variable: cate /data/www/blog/App/Runtime/Cache/Admin/2b4d1668973d834424b38cd200ae7b52.php 第 24 行.
NOTIC: [8] Undefined variable: cate /data/www/blog/App/Runtime/Cache/Admin/2b4d1668973d834424b38cd200ae7b52.php 第 30 行.
NOTIC: [8] Undefined variable: cate /data/www/blog/App/Runtime/Cache/Admin/2b4d1668973d834424b38cd200ae7b52.php 第 32 行.
NOTIC: [8] Undefined index: id /data/www/blog/App/Runtime/Cache/Admin/2b4d1668973d834424b38cd200ae7b52.php 第 36 行.
NOTIC: [8] Undefined variable: cate /data/www/blog/App/Runtime/Cache/Admin/2b4d1668973d834424b38cd200ae7b52.php 第 37 行.
INFO: ParseTemplate Behavior ::run [ RunTime:0.053744s ]
INFO: [ view_parse ] --END-- [ RunTime:0.053823s ]
INFO: [ view_filter ] --START--
INFO: ContentReplace Behavior ::run [ RunTime:0.005405s ]
INFO: TokenBuild Behavior ::run [ RunTime:0.004323s ]
INFO: WriteHtmlCache Behavior ::run [ RunTime:0.005176s ]
INFO: ShowRuntime Behavior ::run [ RunTime:0.005086s ]
INFO: [ view_filter ] --END-- [ RunTime:0.020398s ]
INFO: [ view_end ] --START--
INFO: ShowPageTrace Behavior ::run [ RunTime:0.006755s ]
INFO: [ view_end ] --END-- [ RunTime:0.006858s ]

[ 2015-04-20T08:21:23+08:00 ] 192.168.33.1 /Admin/Attribute/index.html
INFO: [ route_check ] --START--
INFO: CheckRoute Behavior ::run [ RunTime:0.006403s ]
INFO: [ route_check ] --END-- [ RunTime:0.006483s ]
INFO: [ app_begin ] --START--
INFO: ReadHtmlCache Behavior ::run [ RunTime:0.003793s ]
INFO: [ app_begin ] --END-- [ RunTime:0.003880s ]
SQL: SHOW COLUMNS FROM `blog_attr` [ RunTime:0.001204s ]
SQL: SELECT COUNT(*) AS tp_count FROM `blog_attr` LIMIT 1   [ RunTime:0.001194s ]
SQL: SELECT * FROM `blog_attr` LIMIT 0,10   [ RunTime:0.000203s ]
INFO: [ view_parse ] --START--
INFO: ParseTemplate Behavior ::run [ RunTime:0.050570s ]
INFO: [ view_parse ] --END-- [ RunTime:0.050665s ]
INFO: [ view_filter ] --START--
INFO: ContentReplace Behavior ::run [ RunTime:0.004209s ]
INFO: TokenBuild Behavior ::run [ RunTime:0.004698s ]
INFO: WriteHtmlCache Behavior ::run [ RunTime:0.004962s ]
INFO: ShowRuntime Behavior ::run [ RunTime:0.004333s ]
INFO: [ view_filter ] --END-- [ RunTime:0.018390s ]
INFO: [ view_end ] --START--
INFO: ShowPageTrace Behavior ::run [ RunTime:0.004992s ]
INFO: [ view_end ] --END-- [ RunTime:0.005066s ]

[ 2015-04-20T08:21:26+08:00 ] 192.168.33.1 /Admin/Attribute/add_attr.html
INFO: [ route_check ] --START--
INFO: CheckRoute Behavior ::run [ RunTime:0.005293s ]
INFO: [ route_check ] --END-- [ RunTime:0.005395s ]
INFO: [ app_begin ] --START--
INFO: ReadHtmlCache Behavior ::run [ RunTime:0.005374s ]
INFO: [ app_begin ] --END-- [ RunTime:0.005474s ]
INFO: [ view_parse ] --START--
NOTIC: [8] Undefined variable: attr /data/www/blog/App/Runtime/Cache/Admin/72aee6152b79fb37eeac9e3a494429bc.php 第 16 行.
NOTIC: [8] Undefined variable: attr /data/www/blog/App/Runtime/Cache/Admin/72aee6152b79fb37eeac9e3a494429bc.php 第 20 行.
NOTIC: [8] Undefined variable: attr /data/www/blog/App/Runtime/Cache/Admin/72aee6152b79fb37eeac9e3a494429bc.php 第 23 行.
INFO: ParseTemplate Behavior ::run [ RunTime:0.063888s ]
INFO: [ view_parse ] --END-- [ RunTime:0.063962s ]
INFO: [ view_filter ] --START--
INFO: ContentReplace Behavior ::run [ RunTime:0.004260s ]
INFO: TokenBuild Behavior ::run [ RunTime:0.004352s ]
INFO: WriteHtmlCache Behavior ::run [ RunTime:0.005072s ]
INFO: ShowRuntime Behavior ::run [ RunTime:0.004684s ]
INFO: [ view_filter ] --END-- [ RunTime:0.018602s ]
INFO: [ view_end ] --START--
INFO: ShowPageTrace Behavior ::run [ RunTime:0.004650s ]
INFO: [ view_end ] --END-- [ RunTime:0.004736s ]

[ 2015-04-20T08:21:30+08:00 ] 192.168.33.1 /Admin/Category/index.html
INFO: [ route_check ] --START--
INFO: CheckRoute Behavior ::run [ RunTime:0.005940s ]
INFO: [ route_check ] --END-- [ RunTime:0.006039s ]
INFO: [ app_begin ] --START--
INFO: ReadHtmlCache Behavior ::run [ RunTime:0.005005s ]
INFO: [ app_begin ] --END-- [ RunTime:0.005109s ]
SQL: SHOW COLUMNS FROM `blog_cate` [ RunTime:0.000408s ]
SQL: SELECT * FROM `blog_cate` ORDER BY sort  [ RunTime:0.000055s ]
INFO: [ view_parse ] --START--
INFO: ParseTemplate Behavior ::run [ RunTime:0.054355s ]
INFO: [ view_parse ] --END-- [ RunTime:0.054507s ]
INFO: [ view_filter ] --START--
INFO: ContentReplace Behavior ::run [ RunTime:0.004794s ]
INFO: TokenBuild Behavior ::run [ RunTime:0.004438s ]
INFO: WriteHtmlCache Behavior ::run [ RunTime:0.004219s ]
INFO: ShowRuntime Behavior ::run [ RunTime:0.004560s ]
INFO: [ view_filter ] --END-- [ RunTime:0.018267s ]
INFO: [ view_end ] --START--
INFO: ShowPageTrace Behavior ::run [ RunTime:0.004838s ]
INFO: [ view_end ] --END-- [ RunTime:0.004933s ]

[ 2015-04-20T08:28:58+08:00 ] 192.168.33.1 /Admin/Category/addcate.html
INFO: [ route_check ] --START--
INFO: CheckRoute Behavior ::run [ RunTime:0.006458s ]
INFO: [ route_check ] --END-- [ RunTime:0.006555s ]
INFO: [ app_begin ] --START--
INFO: ReadHtmlCache Behavior ::run [ RunTime:0.005380s ]
INFO: [ app_begin ] --END-- [ RunTime:0.005500s ]
INFO: [ view_parse ] --START--
NOTIC: [8] Undefined variable: cate /data/www/blog/App/Runtime/Cache/Admin/2b4d1668973d834424b38cd200ae7b52.php 第 20 行.
NOTIC: [8] Undefined variable: cate /data/www/blog/App/Runtime/Cache/Admin/2b4d1668973d834424b38cd200ae7b52.php 第 24 行.
NOTIC: [8] Undefined variable: cate /data/www/blog/App/Runtime/Cache/Admin/2b4d1668973d834424b38cd200ae7b52.php 第 30 行.
NOTIC: [8] Undefined variable: cate /data/www/blog/App/Runtime/Cache/Admin/2b4d1668973d834424b38cd200ae7b52.php 第 32 行.
NOTIC: [8] Undefined index: id /data/www/blog/App/Runtime/Cache/Admin/2b4d1668973d834424b38cd200ae7b52.php 第 36 行.
NOTIC: [8] Undefined variable: cate /data/www/blog/App/Runtime/Cache/Admin/2b4d1668973d834424b38cd200ae7b52.php 第 37 行.
INFO: ParseTemplate Behavior ::run [ RunTime:0.058225s ]
INFO: [ view_parse ] --END-- [ RunTime:0.058302s ]
INFO: [ view_filter ] --START--
INFO: ContentReplace Behavior ::run [ RunTime:0.004446s ]
INFO: TokenBuild Behavior ::run [ RunTime:0.006082s ]
INFO: WriteHtmlCache Behavior ::run [ RunTime:0.006186s ]
INFO: ShowRuntime Behavior ::run [ RunTime:0.005780s ]
INFO: [ view_filter ] --END-- [ RunTime:0.022729s ]
INFO: [ view_end ] --START--
INFO: ShowPageTrace Behavior ::run [ RunTime:0.005926s ]
INFO: [ view_end ] --END-- [ RunTime:0.006002s ]

[ 2015-04-20T08:44:24+08:00 ] 192.168.33.1 /Admin/Blog/index.html
INFO: [ route_check ] --START--
INFO: CheckRoute Behavior ::run [ RunTime:0.007890s ]
INFO: [ route_check ] --END-- [ RunTime:0.007991s ]
INFO: [ app_begin ] --START--
INFO: ReadHtmlCache Behavior ::run [ RunTime:0.004882s ]
INFO: [ app_begin ] --END-- [ RunTime:0.004982s ]
SQL: SHOW COLUMNS FROM `blog_content` [ RunTime:0.000510s ]
SQL: SELECT COUNT(*) AS tp_count FROM `blog_content` LIMIT 1   [ RunTime:0.000255s ]
SQL: SHOW COLUMNS FROM `blog_content` [ RunTime:0.000485s ]
SQL: SELECT `id`,`title`,`cate_id`,`author`,`keywords`,`add_time`,`content`,`summary`,`click` FROM `blog_content` WHERE ( `status` = 0 ) ORDER BY add_time desc LIMIT 0,10   [ RunTime:0.000717s ]
SQL: SHOW COLUMNS FROM `blog_attr` [ RunTime:0.000703s ]
NOTIC: [8] Undefined index: mapping_order /data/www/blog/ThinkPHP/Extend/Model/RelationModel.class.php 第 188 行.
NOTIC: [8] Undefined index: mapping_limit /data/www/blog/ThinkPHP/Extend/Model/RelationModel.class.php 第 189 行.
SQL: SELECT b.* FROM blog_attr_content AS a, blog_attr AS b WHERE a.attr_id = b.id AND a. cid='54' [ RunTime:0.002696s ]
SQL: SHOW COLUMNS FROM `blog_cate` [ RunTime:0.000589s ]
SQL: SELECT `name` FROM `blog_cate` WHERE ( 1=1 AND id='0' ) LIMIT 1   [ RunTime:0.000248s ]
NOTIC: [8] Undefined index: mapping_order /data/www/blog/ThinkPHP/Extend/Model/RelationModel.class.php 第 188 行.
NOTIC: [8] Undefined index: mapping_limit /data/www/blog/ThinkPHP/Extend/Model/RelationModel.class.php 第 189 行.
SQL: SELECT b.* FROM blog_attr_content AS a, blog_attr AS b WHERE a.attr_id = b.id AND a. cid='53' [ RunTime:0.000278s ]
SQL: SELECT `name` FROM `blog_cate` WHERE ( 1=1 AND id='1' ) LIMIT 1   [ RunTime:0.000113s ]
NOTIC: [8] Undefined index: mapping_order /data/www/blog/ThinkPHP/Extend/Model/RelationModel.class.php 第 188 行.
NOTIC: [8] Undefined index: mapping_limit /data/www/blog/ThinkPHP/Extend/Model/RelationModel.class.php 第 189 行.
SQL: SELECT b.* FROM blog_attr_content AS a, blog_attr AS b WHERE a.attr_id = b.id AND a. cid='52' [ RunTime:0.000098s ]
SQL: SELECT `name` FROM `blog_cate` WHERE ( 1=1 AND id='1' ) LIMIT 1   [ RunTime:0.000000s ]
NOTIC: [8] Undefined index: mapping_order /data/www/blog/ThinkPHP/Extend/Model/RelationModel.class.php 第 188 行.
NOTIC: [8] Undefined index: mapping_limit /data/www/blog/ThinkPHP/Extend/Model/RelationModel.class.php 第 189 行.
SQL: SELECT b.* FROM blog_attr_content AS a, blog_attr AS b WHERE a.attr_id = b.id AND a. cid='51' [ RunTime:0.000095s ]
SQL: SELECT `name` FROM `blog_cate` WHERE ( 1=1 AND id='1' ) LIMIT 1   [ RunTime:0.000008s ]
NOTIC: [8] Undefined index: mapping_order /data/www/blog/ThinkPHP/Extend/Model/RelationModel.class.php 第 188 行.
NOTIC: [8] Undefined index: mapping_limit /data/www/blog/ThinkPHP/Extend/Model/RelationModel.class.php 第 189 行.
SQL: SELECT b.* FROM blog_attr_content AS a, blog_attr AS b WHERE a.attr_id = b.id AND a. cid='50' [ RunTime:0.000167s ]
SQL: SELECT `name` FROM `blog_cate` WHERE ( 1=1 AND id='3' ) LIMIT 1   [ RunTime:0.000128s ]
NOTIC: [8] Undefined index: mapping_order /data/www/blog/ThinkPHP/Extend/Model/RelationModel.class.php 第 188 行.
NOTIC: [8] Undefined index: mapping_limit /data/www/blog/ThinkPHP/Extend/Model/RelationModel.class.php 第 189 行.
SQL: SELECT b.* FROM blog_attr_content AS a, blog_attr AS b WHERE a.attr_id = b.id AND a. cid='49' [ RunTime:0.000802s ]
SQL: SELECT `name` FROM `blog_cate` WHERE ( 1=1 AND id='3' ) LIMIT 1   [ RunTime:0.000044s ]
NOTIC: [8] Undefined index: mapping_order /data/www/blog/ThinkPHP/Extend/Model/RelationModel.class.php 第 188 行.
NOTIC: [8] Undefined index: mapping_limit /data/www/blog/ThinkPHP/Extend/Model/RelationModel.class.php 第 189 行.
SQL: SELECT b.* FROM blog_attr_content AS a, blog_attr AS b WHERE a.attr_id = b.id AND a. cid='48' [ RunTime:0.000138s ]
SQL: SELECT `name` FROM `blog_cate` WHERE ( 1=1 AND id='3' ) LIMIT 1   [ RunTime:0.000039s ]
NOTIC: [8] Undefined index: mapping_order /data/www/blog/ThinkPHP/Extend/Model/RelationModel.class.php 第 188 行.
NOTIC: [8] Undefined index: mapping_limit /data/www/blog/ThinkPHP/Extend/Model/RelationModel.class.php 第 189 行.
SQL: SELECT b.* FROM blog_attr_content AS a, blog_attr AS b WHERE a.attr_id = b.id AND a. cid='47' [ RunTime:0.000127s ]
SQL: SELECT `name` FROM `blog_cate` WHERE ( 1=1 AND id='3' ) LIMIT 1   [ RunTime:0.000039s ]
NOTIC: [8] Undefined index: mapping_order /data/www/blog/ThinkPHP/Extend/Model/RelationModel.class.php 第 188 行.
NOTIC: [8] Undefined index: mapping_limit /data/www/blog/ThinkPHP/Extend/Model/RelationModel.class.php 第 189 行.
SQL: SELECT b.* FROM blog_attr_content AS a, blog_attr AS b WHERE a.attr_id = b.id AND a. cid='46' [ RunTime:0.000146s ]
SQL: SELECT `name` FROM `blog_cate` WHERE ( 1=1 AND id='1' ) LIMIT 1   [ RunTime:0.000047s ]
NOTIC: [8] Undefined index: mapping_order /data/www/blog/ThinkPHP/Extend/Model/RelationModel.class.php 第 188 行.
NOTIC: [8] Undefined index: mapping_limit /data/www/blog/ThinkPHP/Extend/Model/RelationModel.class.php 第 189 行.
SQL: SELECT b.* FROM blog_attr_content AS a, blog_attr AS b WHERE a.attr_id = b.id AND a. cid='45' [ RunTime:0.000148s ]
SQL: SELECT `name` FROM `blog_cate` WHERE ( 1=1 AND id='3' ) LIMIT 1   [ RunTime:0.000045s ]
INFO: [ view_parse ] --START--
NOTIC: [8] Undefined index: status /data/www/blog/App/Runtime/Cache/Admin/f782fb2efc3f5dadf5eb6c83ca8f837e.php 第 27 行.
NOTIC: [8] Undefined index: status /data/www/blog/App/Runtime/Cache/Admin/f782fb2efc3f5dadf5eb6c83ca8f837e.php 第 27 行.
NOTIC: [8] Undefined index: status /data/www/blog/App/Runtime/Cache/Admin/f782fb2efc3f5dadf5eb6c83ca8f837e.php 第 27 行.
NOTIC: [8] Undefined index: status /data/www/blog/App/Runtime/Cache/Admin/f782fb2efc3f5dadf5eb6c83ca8f837e.php 第 27 行.
NOTIC: [8] Undefined index: status /data/www/blog/App/Runtime/Cache/Admin/f782fb2efc3f5dadf5eb6c83ca8f837e.php 第 27 行.
NOTIC: [8] Undefined index: status /data/www/blog/App/Runtime/Cache/Admin/f782fb2efc3f5dadf5eb6c83ca8f837e.php 第 27 行.
NOTIC: [8] Undefined index: status /data/www/blog/App/Runtime/Cache/Admin/f782fb2efc3f5dadf5eb6c83ca8f837e.php 第 27 行.
NOTIC: [8] Undefined index: status /data/www/blog/App/Runtime/Cache/Admin/f782fb2efc3f5dadf5eb6c83ca8f837e.php 第 27 行.
NOTIC: [8] Undefined index: status /data/www/blog/App/Runtime/Cache/Admin/f782fb2efc3f5dadf5eb6c83ca8f837e.php 第 27 行.
NOTIC: [8] Undefined index: status /data/www/blog/App/Runtime/Cache/Admin/f782fb2efc3f5dadf5eb6c83ca8f837e.php 第 27 行.
INFO: ParseTemplate Behavior ::run [ RunTime:0.061726s ]
INFO: [ view_parse ] --END-- [ RunTime:0.061800s ]
INFO: [ view_filter ] --START--
INFO: ContentReplace Behavior ::run [ RunTime:0.005626s ]
INFO: TokenBuild Behavior ::run [ RunTime:0.004920s ]
INFO: WriteHtmlCache Behavior ::run [ RunTime:0.006704s ]
INFO: ShowRuntime Behavior ::run [ RunTime:0.005329s ]
INFO: [ view_filter ] --END-- [ RunTime:0.022878s ]
INFO: [ view_end ] --START--
INFO: ShowPageTrace Behavior ::run [ RunTime:0.005996s ]
INFO: [ view_end ] --END-- [ RunTime:0.006078s ]

