[ 2015-04-21T15:37:14+08:00 ] 192.168.33.1 /
INFO: [ app_begin ] --START--
INFO: ReadHtmlCache Behavior ::run [ RunTime:0.006512s ]
INFO: [ app_begin ] --END-- [ RunTime:0.006659s ]
SQL: SHOW COLUMNS FROM `blog_cate` [ RunTime:0.003990s ]
SQL: SELECT * FROM `blog_cate` WHERE ( `pid` = 0 ) ORDER BY sort asc  [ RunTime:0.002331s ]
SQL: SELECT * FROM `blog_cate`  [ RunTime:0.000370s ]
SQL: SHOW COLUMNS FROM `blog_content` [ RunTime:0.006745s ]
SQL: SELECT `id`,`title`,`add_time` FROM `blog_content` WHERE ( `cate_id` IN ('4','2') ) AND ( `status` = 0 ) ORDER BY add_time desc LIMIT 8   [ RunTime:0.000737s ]
SQL: SELECT `id`,`title`,`add_time` FROM `blog_content` WHERE ( `cate_id` IN ('3') ) AND ( `status` = 0 ) ORDER BY add_time desc LIMIT 8   [ RunTime:0.001165s ]
SQL: SELECT `id`,`title`,`add_time` FROM `blog_content` WHERE ( `cate_id` IN ('9','10','15','11','20','21','5') ) AND ( `status` = 0 ) ORDER BY add_time desc LIMIT 8   [ RunTime:0.001834s ]
SQL: SELECT `id`,`title`,`add_time` FROM `blog_content` WHERE ( `cate_id` IN ('22','23','16') ) AND ( `status` = 0 ) ORDER BY add_time desc LIMIT 8   [ RunTime:0.000489s ]
SQL: SELECT `id`,`title`,`add_time` FROM `blog_content` WHERE ( `cate_id` IN ('8','14','1') ) AND ( `status` = 0 ) ORDER BY add_time desc LIMIT 8   [ RunTime:0.000458s ]
SQL: SELECT `id`,`title`,`add_time` FROM `blog_content` WHERE ( `cate_id` IN ('12','13','18','6') ) AND ( `status` = 0 ) ORDER BY add_time desc LIMIT 8   [ RunTime:0.000635s ]
SQL: SELECT `id`,`title`,`add_time` FROM `blog_content` WHERE ( `cate_id` IN ('17') ) AND ( `status` = 0 ) ORDER BY add_time desc LIMIT 8   [ RunTime:0.000587s ]
SQL: SELECT `id`,`title`,`add_time` FROM `blog_content` WHERE ( `cate_id` IN ('7') ) AND ( `status` = 0 ) ORDER BY add_time desc LIMIT 8   [ RunTime:0.000343s ]
SQL: SELECT `id`,`title`,`add_time` FROM `blog_content` WHERE ( `cate_id` IN ('19') ) AND ( `status` = 0 ) ORDER BY add_time desc LIMIT 8   [ RunTime:0.000347s ]
INFO: [ view_parse ] --START--
NOTIC: [8] Undefined variable: keywords /data/www/blog/App/Runtime/Cache/Home/dfbde131d3dce021e47f060addf3b2af.php 第 6 行.
NOTIC: [8] Undefined variable: description /data/www/blog/App/Runtime/Cache/Home/dfbde131d3dce021e47f060addf3b2af.php 第 7 行.
NOTIC: [8] Undefined variable: title /data/www/blog/App/Runtime/Cache/Home/dfbde131d3dce021e47f060addf3b2af.php 第 8 行.
SQL: SHOW COLUMNS FROM `blog_cate` [ RunTime:0.001244s ]
SQL: SELECT * FROM `blog_cate` WHERE ( `is_show` = 1 ) ORDER BY sort ASC LIMIT 100   [ RunTime:0.000240s ]
SQL: SELECT `id`,`title`,`click` FROM `blog_content` ORDER BY click desc LIMIT 5   [ RunTime:0.000454s ]
NOTIC: [8] Undefined variable: order /data/www/blog/App/Runtime/Cache/Home/82fde19a6a150571f89c227782947b1d.php 第 3 行.
SQL: SELECT `id`,`title`,`click` FROM `blog_content` ORDER BY add_time desc LIMIT 5   [ RunTime:0.000310s ]
NOTIC: [8] Undefined variable: order /data/www/blog/App/Runtime/Cache/Home/82fde19a6a150571f89c227782947b1d.php 第 3 行.
SQL: SHOW COLUMNS FROM `blog_link` [ RunTime:0.002074s ]
SQL: SELECT `name`,`link` FROM `blog_link` ORDER BY sort  [ RunTime:0.001214s ]
INFO: ParseTemplate Behavior ::run [ RunTime:0.184187s ]
INFO: [ view_parse ] --END-- [ RunTime:0.184336s ]
INFO: [ view_filter ] --START--
INFO: ContentReplace Behavior ::run [ RunTime:0.004053s ]
INFO: TokenBuild Behavior ::run [ RunTime:0.003918s ]
INFO: WriteHtmlCache Behavior ::run [ RunTime:0.004613s ]
INFO: ShowRuntime Behavior ::run [ RunTime:0.006266s ]
INFO: [ view_filter ] --END-- [ RunTime:0.019083s ]
INFO: [ view_end ] --START--
INFO: ShowPageTrace Behavior ::run [ RunTime:0.005929s ]
INFO: [ view_end ] --END-- [ RunTime:0.006100s ]

[ 2015-04-21T15:37:23+08:00 ] 192.168.33.1 /Admin/Blog/index.html
INFO: [ route_check ] --START--
INFO: CheckRoute Behavior ::run [ RunTime:0.008337s ]
INFO: [ route_check ] --END-- [ RunTime:0.008519s ]
INFO: [ app_begin ] --START--
INFO: ReadHtmlCache Behavior ::run [ RunTime:0.006311s ]
INFO: [ app_begin ] --END-- [ RunTime:0.006445s ]
SQL: SHOW COLUMNS FROM `blog_content` [ RunTime:0.000679s ]
SQL: SELECT COUNT(*) AS tp_count FROM `blog_content` LIMIT 1   [ RunTime:0.000294s ]
SQL: SHOW COLUMNS FROM `blog_content` [ RunTime:0.000613s ]
SQL: SELECT `id`,`title`,`cate_id`,`author`,`keywords`,`add_time`,`content`,`summary`,`click` FROM `blog_content` WHERE ( `status` = 0 ) ORDER BY add_time desc LIMIT 0,10   [ RunTime:0.002547s ]
SQL: SHOW COLUMNS FROM `blog_attr` [ RunTime:0.001649s ]
NOTIC: [8] Undefined index: mapping_order /data/www/blog/ThinkPHP/Extend/Model/RelationModel.class.php 第 188 行.
NOTIC: [8] Undefined index: mapping_limit /data/www/blog/ThinkPHP/Extend/Model/RelationModel.class.php 第 189 行.
SQL: SELECT b.* FROM blog_attr_content AS a, blog_attr AS b WHERE a.attr_id = b.id AND a. cid='54' [ RunTime:0.003125s ]
SQL: SHOW COLUMNS FROM `blog_cate` [ RunTime:0.000394s ]
SQL: SELECT `name` FROM `blog_cate` WHERE ( 1=1 AND id='0' ) LIMIT 1   [ RunTime:0.000231s ]
NOTIC: [8] Undefined index: mapping_order /data/www/blog/ThinkPHP/Extend/Model/RelationModel.class.php 第 188 行.
NOTIC: [8] Undefined index: mapping_limit /data/www/blog/ThinkPHP/Extend/Model/RelationModel.class.php 第 189 行.
SQL: SELECT b.* FROM blog_attr_content AS a, blog_attr AS b WHERE a.attr_id = b.id AND a. cid='53' [ RunTime:0.000224s ]
SQL: SELECT `name` FROM `blog_cate` WHERE ( 1=1 AND id='1' ) LIMIT 1   [ RunTime:0.000153s ]
NOTIC: [8] Undefined index: mapping_order /data/www/blog/ThinkPHP/Extend/Model/RelationModel.class.php 第 188 行.
NOTIC: [8] Undefined index: mapping_limit /data/www/blog/ThinkPHP/Extend/Model/RelationModel.class.php 第 189 行.
SQL: SELECT b.* FROM blog_attr_content AS a, blog_attr AS b WHERE a.attr_id = b.id AND a. cid='52' [ RunTime:0.000245s ]
SQL: SELECT `name` FROM `blog_cate` WHERE ( 1=1 AND id='1' ) LIMIT 1   [ RunTime:0.000063s ]
NOTIC: [8] Undefined index: mapping_order /data/www/blog/ThinkPHP/Extend/Model/RelationModel.class.php 第 188 行.
NOTIC: [8] Undefined index: mapping_limit /data/www/blog/ThinkPHP/Extend/Model/RelationModel.class.php 第 189 行.
SQL: SELECT b.* FROM blog_attr_content AS a, blog_attr AS b WHERE a.attr_id = b.id AND a. cid='51' [ RunTime:0.000210s ]
SQL: SELECT `name` FROM `blog_cate` WHERE ( 1=1 AND id='1' ) LIMIT 1   [ RunTime:0.000048s ]
NOTIC: [8] Undefined index: mapping_order /data/www/blog/ThinkPHP/Extend/Model/RelationModel.class.php 第 188 行.
NOTIC: [8] Undefined index: mapping_limit /data/www/blog/ThinkPHP/Extend/Model/RelationModel.class.php 第 189 行.
SQL: SELECT b.* FROM blog_attr_content AS a, blog_attr AS b WHERE a.attr_id = b.id AND a. cid='50' [ RunTime:0.000157s ]
SQL: SELECT `name` FROM `blog_cate` WHERE ( 1=1 AND id='3' ) LIMIT 1   [ RunTime:0.000130s ]
NOTIC: [8] Undefined index: mapping_order /data/www/blog/ThinkPHP/Extend/Model/RelationModel.class.php 第 188 行.
NOTIC: [8] Undefined index: mapping_limit /data/www/blog/ThinkPHP/Extend/Model/RelationModel.class.php 第 189 行.
SQL: SELECT b.* FROM blog_attr_content AS a, blog_attr AS b WHERE a.attr_id = b.id AND a. cid='49' [ RunTime:0.000150s ]
SQL: SELECT `name` FROM `blog_cate` WHERE ( 1=1 AND id='3' ) LIMIT 1   [ RunTime:0.000056s ]
NOTIC: [8] Undefined index: mapping_order /data/www/blog/ThinkPHP/Extend/Model/RelationModel.class.php 第 188 行.
NOTIC: [8] Undefined index: mapping_limit /data/www/blog/ThinkPHP/Extend/Model/RelationModel.class.php 第 189 行.
SQL: SELECT b.* FROM blog_attr_content AS a, blog_attr AS b WHERE a.attr_id = b.id AND a. cid='48' [ RunTime:0.000185s ]
SQL: SELECT `name` FROM `blog_cate` WHERE ( 1=1 AND id='3' ) LIMIT 1   [ RunTime:0.000057s ]
NOTIC: [8] Undefined index: mapping_order /data/www/blog/ThinkPHP/Extend/Model/RelationModel.class.php 第 188 行.
NOTIC: [8] Undefined index: mapping_limit /data/www/blog/ThinkPHP/Extend/Model/RelationModel.class.php 第 189 行.
SQL: SELECT b.* FROM blog_attr_content AS a, blog_attr AS b WHERE a.attr_id = b.id AND a. cid='47' [ RunTime:0.000183s ]
SQL: SELECT `name` FROM `blog_cate` WHERE ( 1=1 AND id='3' ) LIMIT 1   [ RunTime:0.000066s ]
NOTIC: [8] Undefined index: mapping_order /data/www/blog/ThinkPHP/Extend/Model/RelationModel.class.php 第 188 行.
NOTIC: [8] Undefined index: mapping_limit /data/www/blog/ThinkPHP/Extend/Model/RelationModel.class.php 第 189 行.
SQL: SELECT b.* FROM blog_attr_content AS a, blog_attr AS b WHERE a.attr_id = b.id AND a. cid='46' [ RunTime:0.000221s ]
SQL: SELECT `name` FROM `blog_cate` WHERE ( 1=1 AND id='1' ) LIMIT 1   [ RunTime:0.000065s ]
NOTIC: [8] Undefined index: mapping_order /data/www/blog/ThinkPHP/Extend/Model/RelationModel.class.php 第 188 行.
NOTIC: [8] Undefined index: mapping_limit /data/www/blog/ThinkPHP/Extend/Model/RelationModel.class.php 第 189 行.
SQL: SELECT b.* FROM blog_attr_content AS a, blog_attr AS b WHERE a.attr_id = b.id AND a. cid='45' [ RunTime:0.000206s ]
SQL: SELECT `name` FROM `blog_cate` WHERE ( 1=1 AND id='3' ) LIMIT 1   [ RunTime:0.000056s ]
INFO: [ view_parse ] --START--
NOTIC: [8] Undefined index: status /data/www/blog/App/Runtime/Cache/Admin/f782fb2efc3f5dadf5eb6c83ca8f837e.php 第 27 行.
NOTIC: [8] Undefined index: status /data/www/blog/App/Runtime/Cache/Admin/f782fb2efc3f5dadf5eb6c83ca8f837e.php 第 27 行.
NOTIC: [8] Undefined index: status /data/www/blog/App/Runtime/Cache/Admin/f782fb2efc3f5dadf5eb6c83ca8f837e.php 第 27 行.
NOTIC: [8] Undefined index: status /data/www/blog/App/Runtime/Cache/Admin/f782fb2efc3f5dadf5eb6c83ca8f837e.php 第 27 行.
NOTIC: [8] Undefined index: status /data/www/blog/App/Runtime/Cache/Admin/f782fb2efc3f5dadf5eb6c83ca8f837e.php 第 27 行.
NOTIC: [8] Undefined index: status /data/www/blog/App/Runtime/Cache/Admin/f782fb2efc3f5dadf5eb6c83ca8f837e.php 第 27 行.
NOTIC: [8] Undefined index: status /data/www/blog/App/Runtime/Cache/Admin/f782fb2efc3f5dadf5eb6c83ca8f837e.php 第 27 行.
NOTIC: [8] Undefined index: status /data/www/blog/App/Runtime/Cache/Admin/f782fb2efc3f5dadf5eb6c83ca8f837e.php 第 27 行.
NOTIC: [8] Undefined index: status /data/www/blog/App/Runtime/Cache/Admin/f782fb2efc3f5dadf5eb6c83ca8f837e.php 第 27 行.
NOTIC: [8] Undefined index: status /data/www/blog/App/Runtime/Cache/Admin/f782fb2efc3f5dadf5eb6c83ca8f837e.php 第 27 行.
INFO: ParseTemplate Behavior ::run [ RunTime:0.072334s ]
INFO: [ view_parse ] --END-- [ RunTime:0.072413s ]
INFO: [ view_filter ] --START--
INFO: ContentReplace Behavior ::run [ RunTime:0.004635s ]
INFO: TokenBuild Behavior ::run [ RunTime:0.003861s ]
INFO: WriteHtmlCache Behavior ::run [ RunTime:0.005850s ]
INFO: ShowRuntime Behavior ::run [ RunTime:0.005509s ]
INFO: [ view_filter ] --END-- [ RunTime:0.020154s ]
INFO: [ view_end ] --START--
INFO: ShowPageTrace Behavior ::run [ RunTime:0.004676s ]
INFO: [ view_end ] --END-- [ RunTime:0.004737s ]

[ 2015-04-21T15:37:37+08:00 ] 192.168.33.1 /Admin/Blog/edit_blog/id/54.html
INFO: [ route_check ] --START--
INFO: CheckRoute Behavior ::run [ RunTime:0.005325s ]
INFO: [ route_check ] --END-- [ RunTime:0.005489s ]
INFO: [ app_begin ] --START--
INFO: ReadHtmlCache Behavior ::run [ RunTime:0.031140s ]
INFO: [ app_begin ] --END-- [ RunTime:0.031277s ]
SQL: SHOW COLUMNS FROM `blog_content` [ RunTime:0.000851s ]
SQL: SELECT * FROM `blog_content` WHERE ( `id` = 54 ) LIMIT 1   [ RunTime:0.000288s ]
SQL: SHOW COLUMNS FROM `blog_cate` [ RunTime:0.000685s ]
SQL: SELECT * FROM `blog_cate` ORDER BY sort  [ RunTime:0.000213s ]
SQL: SHOW COLUMNS FROM `blog_attr_content` [ RunTime:0.000483s ]
SQL: SELECT `attr_id` FROM `blog_attr_content` WHERE ( `cid` = 54 )  [ RunTime:0.000225s ]
SQL: SHOW COLUMNS FROM `blog_attr` [ RunTime:0.000535s ]
SQL: SELECT * FROM `blog_attr`  [ RunTime:0.000171s ]
NOTIC: [8] Undefined index: pid /data/www/blog/App/Class/Category.class.php 第 18 行.
NOTIC: [8] Undefined index: pid /data/www/blog/App/Class/Category.class.php 第 18 行.
NOTIC: [8] Undefined index: pid /data/www/blog/App/Class/Category.class.php 第 18 行.
NOTIC: [8] Undefined index: pid /data/www/blog/App/Class/Category.class.php 第 18 行.
NOTIC: [8] Undefined index: pid /data/www/blog/App/Class/Category.class.php 第 18 行.
NOTIC: [8] Undefined index: pid /data/www/blog/App/Class/Category.class.php 第 18 行.
NOTIC: [8] Undefined index: pid /data/www/blog/App/Class/Category.class.php 第 18 行.
NOTIC: [8] Undefined index: pid /data/www/blog/App/Class/Category.class.php 第 18 行.
NOTIC: [8] Undefined index: pid /data/www/blog/App/Class/Category.class.php 第 18 行.
NOTIC: [8] Undefined index: pid /data/www/blog/App/Class/Category.class.php 第 18 行.
NOTIC: [8] Undefined index: pid /data/www/blog/App/Class/Category.class.php 第 18 行.
NOTIC: [8] Undefined index: pid /data/www/blog/App/Class/Category.class.php 第 18 行.
INFO: [ view_parse ] --START--
NOTIC: [8] Use of undefined constant select - assumed 'select' /data/www/blog/App/Runtime/Cache/Admin/f7a61b58e6d157d16264bc587bfba230.php 第 31 行.
NOTIC: [8] Use of undefined constant select - assumed 'select' /data/www/blog/App/Runtime/Cache/Admin/f7a61b58e6d157d16264bc587bfba230.php 第 31 行.
NOTIC: [8] Use of undefined constant select - assumed 'select' /data/www/blog/App/Runtime/Cache/Admin/f7a61b58e6d157d16264bc587bfba230.php 第 31 行.
NOTIC: [8] Use of undefined constant select - assumed 'select' /data/www/blog/App/Runtime/Cache/Admin/f7a61b58e6d157d16264bc587bfba230.php 第 31 行.
NOTIC: [8] Use of undefined constant select - assumed 'select' /data/www/blog/App/Runtime/Cache/Admin/f7a61b58e6d157d16264bc587bfba230.php 第 31 行.
NOTIC: [8] Use of undefined constant select - assumed 'select' /data/www/blog/App/Runtime/Cache/Admin/f7a61b58e6d157d16264bc587bfba230.php 第 31 行.
NOTIC: [8] Use of undefined constant select - assumed 'select' /data/www/blog/App/Runtime/Cache/Admin/f7a61b58e6d157d16264bc587bfba230.php 第 31 行.
NOTIC: [8] Use of undefined constant select - assumed 'select' /data/www/blog/App/Runtime/Cache/Admin/f7a61b58e6d157d16264bc587bfba230.php 第 31 行.
NOTIC: [8] Use of undefined constant select - assumed 'select' /data/www/blog/App/Runtime/Cache/Admin/f7a61b58e6d157d16264bc587bfba230.php 第 31 行.
NOTIC: [8] Use of undefined constant select - assumed 'select' /data/www/blog/App/Runtime/Cache/Admin/f7a61b58e6d157d16264bc587bfba230.php 第 31 行.
NOTIC: [8] Use of undefined constant select - assumed 'select' /data/www/blog/App/Runtime/Cache/Admin/f7a61b58e6d157d16264bc587bfba230.php 第 31 行.
NOTIC: [8] Use of undefined constant select - assumed 'select' /data/www/blog/App/Runtime/Cache/Admin/f7a61b58e6d157d16264bc587bfba230.php 第 31 行.
NOTIC: [8] Use of undefined constant select - assumed 'select' /data/www/blog/App/Runtime/Cache/Admin/f7a61b58e6d157d16264bc587bfba230.php 第 31 行.
NOTIC: [8] Use of undefined constant select - assumed 'select' /data/www/blog/App/Runtime/Cache/Admin/f7a61b58e6d157d16264bc587bfba230.php 第 31 行.
NOTIC: [8] Use of undefined constant select - assumed 'select' /data/www/blog/App/Runtime/Cache/Admin/f7a61b58e6d157d16264bc587bfba230.php 第 31 行.
NOTIC: [8] Use of undefined constant select - assumed 'select' /data/www/blog/App/Runtime/Cache/Admin/f7a61b58e6d157d16264bc587bfba230.php 第 31 行.
NOTIC: [8] Use of undefined constant select - assumed 'select' /data/www/blog/App/Runtime/Cache/Admin/f7a61b58e6d157d16264bc587bfba230.php 第 31 行.
NOTIC: [8] Use of undefined constant select - assumed 'select' /data/www/blog/App/Runtime/Cache/Admin/f7a61b58e6d157d16264bc587bfba230.php 第 31 行.
NOTIC: [8] Use of undefined constant select - assumed 'select' /data/www/blog/App/Runtime/Cache/Admin/f7a61b58e6d157d16264bc587bfba230.php 第 31 行.
NOTIC: [8] Use of undefined constant select - assumed 'select' /data/www/blog/App/Runtime/Cache/Admin/f7a61b58e6d157d16264bc587bfba230.php 第 31 行.
NOTIC: [8] Use of undefined constant select - assumed 'select' /data/www/blog/App/Runtime/Cache/Admin/f7a61b58e6d157d16264bc587bfba230.php 第 31 行.
NOTIC: [8] Use of undefined constant select - assumed 'select' /data/www/blog/App/Runtime/Cache/Admin/f7a61b58e6d157d16264bc587bfba230.php 第 31 行.
NOTIC: [8] Use of undefined constant select - assumed 'select' /data/www/blog/App/Runtime/Cache/Admin/f7a61b58e6d157d16264bc587bfba230.php 第 31 行.
NOTIC: [8] Undefined index: select /data/www/blog/App/Runtime/Cache/Admin/f7a61b58e6d157d16264bc587bfba230.php 第 39 行.
NOTIC: [8] Undefined index: select /data/www/blog/App/Runtime/Cache/Admin/f7a61b58e6d157d16264bc587bfba230.php 第 39 行.
NOTIC: [8] Undefined index: select /data/www/blog/App/Runtime/Cache/Admin/f7a61b58e6d157d16264bc587bfba230.php 第 39 行.
INFO: ParseTemplate Behavior ::run [ RunTime:0.064665s ]
INFO: [ view_parse ] --END-- [ RunTime:0.064793s ]
INFO: [ view_filter ] --START--
INFO: ContentReplace Behavior ::run [ RunTime:0.004452s ]
INFO: TokenBuild Behavior ::run [ RunTime:0.004650s ]
INFO: WriteHtmlCache Behavior ::run [ RunTime:0.003822s ]
INFO: ShowRuntime Behavior ::run [ RunTime:0.004329s ]
INFO: [ view_filter ] --END-- [ RunTime:0.017478s ]
INFO: [ view_end ] --START--
INFO: ShowPageTrace Behavior ::run [ RunTime:0.005205s ]
INFO: [ view_end ] --END-- [ RunTime:0.005274s ]

