[ 2016-10-10T11:23:02+08:00 ] 192.168.33.1 /
INFO: [ app_begin ] --START--
INFO: ReadHtmlCache Behavior ::run [ RunTime:0.004476s ]
INFO: [ app_begin ] --END-- [ RunTime:0.004644s ]
SQL: SHOW COLUMNS FROM `blog_cate` [ RunTime:0.013682s ]
SQL: SELECT * FROM `blog_cate` WHERE ( `pid` = 0 ) ORDER BY sort asc  [ RunTime:0.009732s ]
SQL: SELECT * FROM `blog_cate`  [ RunTime:0.011034s ]
SQL: SHOW COLUMNS FROM `blog_content` [ RunTime:0.017925s ]
SQL: SELECT `id`,`title`,`add_time` FROM `blog_content` WHERE ( `cate_id` IN ('4','2') ) AND ( `status` = 0 ) ORDER BY add_time desc LIMIT 8   [ RunTime:0.013429s ]
SQL: SELECT `id`,`title`,`add_time` FROM `blog_content` WHERE ( `cate_id` IN ('3') ) AND ( `status` = 0 ) ORDER BY add_time desc LIMIT 8   [ RunTime:0.010806s ]
SQL: SELECT `id`,`title`,`add_time` FROM `blog_content` WHERE ( `cate_id` IN ('9','10','15','11','20','21','5') ) AND ( `status` = 0 ) ORDER BY add_time desc LIMIT 8   [ RunTime:0.009737s ]
SQL: SELECT `id`,`title`,`add_time` FROM `blog_content` WHERE ( `cate_id` IN ('22','23','16') ) AND ( `status` = 0 ) ORDER BY add_time desc LIMIT 8   [ RunTime:0.012926s ]
SQL: SELECT `id`,`title`,`add_time` FROM `blog_content` WHERE ( `cate_id` IN ('8','14','1') ) AND ( `status` = 0 ) ORDER BY add_time desc LIMIT 8   [ RunTime:0.010191s ]
SQL: SELECT `id`,`title`,`add_time` FROM `blog_content` WHERE ( `cate_id` IN ('12','13','18','26','6') ) AND ( `status` = 0 ) ORDER BY add_time desc LIMIT 8   [ RunTime:0.010925s ]
SQL: SELECT `id`,`title`,`add_time` FROM `blog_content` WHERE ( `cate_id` IN ('17') ) AND ( `status` = 0 ) ORDER BY add_time desc LIMIT 8   [ RunTime:0.010624s ]
SQL: SELECT `id`,`title`,`add_time` FROM `blog_content` WHERE ( `cate_id` IN ('7') ) AND ( `status` = 0 ) ORDER BY add_time desc LIMIT 8   [ RunTime:0.016583s ]
SQL: SELECT `id`,`title`,`add_time` FROM `blog_content` WHERE ( `cate_id` IN ('19') ) AND ( `status` = 0 ) ORDER BY add_time desc LIMIT 8   [ RunTime:0.014665s ]
SQL: SELECT `id`,`title`,`add_time` FROM `blog_content` WHERE ( `cate_id` IN ('24') ) AND ( `status` = 0 ) ORDER BY add_time desc LIMIT 8   [ RunTime:0.018101s ]
SQL: SELECT `id`,`title`,`add_time` FROM `blog_content` WHERE ( `cate_id` IN ('25') ) AND ( `status` = 0 ) ORDER BY add_time desc LIMIT 8   [ RunTime:0.016643s ]
SQL: SELECT `id`,`title`,`add_time` FROM `blog_content` WHERE ( `cate_id` IN ('27') ) AND ( `status` = 0 ) ORDER BY add_time desc LIMIT 8   [ RunTime:0.011720s ]
INFO: [ view_parse ] --START--
NOTIC: [8] Undefined variable: keywords /data/www/blog/App/Runtime/Cache/Home/dfbde131d3dce021e47f060addf3b2af.php 第 6 行.
NOTIC: [8] Undefined variable: description /data/www/blog/App/Runtime/Cache/Home/dfbde131d3dce021e47f060addf3b2af.php 第 7 行.
NOTIC: [8] Undefined variable: title /data/www/blog/App/Runtime/Cache/Home/dfbde131d3dce021e47f060addf3b2af.php 第 8 行.
SQL: SHOW COLUMNS FROM `blog_cate` [ RunTime:0.014976s ]
SQL: SELECT * FROM `blog_cate` WHERE ( `is_show` = 1 ) ORDER BY sort ASC LIMIT 100   [ RunTime:0.009603s ]
SQL: SELECT `id`,`title`,`click` FROM `blog_content` ORDER BY click desc LIMIT 5   [ RunTime:0.011699s ]
NOTIC: [8] Undefined variable: order /data/www/blog/App/Runtime/Cache/Home/82fde19a6a150571f89c227782947b1d.php 第 3 行.
SQL: SELECT `id`,`title`,`click` FROM `blog_content` ORDER BY add_time desc LIMIT 5   [ RunTime:0.011580s ]
NOTIC: [8] Undefined variable: order /data/www/blog/App/Runtime/Cache/Home/82fde19a6a150571f89c227782947b1d.php 第 3 行.
SQL: SHOW COLUMNS FROM `blog_link` [ RunTime:0.011365s ]
SQL: SELECT `name`,`link` FROM `blog_link` ORDER BY sort  [ RunTime:0.012313s ]
INFO: ParseTemplate Behavior ::run [ RunTime:0.223926s ]
INFO: [ view_parse ] --END-- [ RunTime:0.224075s ]
INFO: [ view_filter ] --START--
INFO: ContentReplace Behavior ::run [ RunTime:0.004118s ]
INFO: TokenBuild Behavior ::run [ RunTime:0.004549s ]
INFO: WriteHtmlCache Behavior ::run [ RunTime:0.004185s ]
INFO: ShowRuntime Behavior ::run [ RunTime:0.003606s ]
INFO: [ view_filter ] --END-- [ RunTime:0.016789s ]
INFO: [ view_end ] --START--
INFO: ShowPageTrace Behavior ::run [ RunTime:0.006779s ]
INFO: [ view_end ] --END-- [ RunTime:0.006984s ]

[ 2016-10-10T11:23:05+08:00 ] 192.168.33.1 /c_4.html
INFO: [ route_check ] --START--
INFO: CheckRoute Behavior ::run [ RunTime:0.007115s ]
INFO: [ route_check ] --END-- [ RunTime:0.007282s ]
INFO: [ app_begin ] --START--
INFO: ReadHtmlCache Behavior ::run [ RunTime:0.003541s ]
INFO: [ app_begin ] --END-- [ RunTime:0.003698s ]
SQL: SHOW COLUMNS FROM `blog_cate` [ RunTime:0.008992s ]
SQL: SELECT * FROM `blog_cate`  [ RunTime:0.013106s ]
SQL: SHOW COLUMNS FROM `blog_content` [ RunTime:0.010652s ]
SQL: SELECT COUNT(*) AS tp_count FROM `blog_content` WHERE ( `cate_id` IN (4) ) AND ( `status` = 0 ) LIMIT 1   [ RunTime:0.011964s ]
SQL: SHOW COLUMNS FROM `blog_content` [ RunTime:0.009913s ]
SQL: SHOW COLUMNS FROM `blog_cate` [ RunTime:0.013993s ]
SQL: SELECT content.id AS id,content.title AS title,content.add_time AS add_time,content.click AS click,content.summary AS summary,cate.name AS name FROM blog_content content LEFT JOIN blog_cate cate ON content.cate_id=cate.id WHERE ( `cate_id` IN (4) ) AND ( `status` = 0 ) LIMIT 0,10   [ RunTime:0.022386s ]
INFO: [ view_parse ] --START--
NOTIC: [8] Undefined variable: keywords /data/www/blog/App/Runtime/Cache/Home/c70af6b6ea223e6cdcbed0b6f0c7869d.php 第 6 行.
NOTIC: [8] Undefined variable: description /data/www/blog/App/Runtime/Cache/Home/c70af6b6ea223e6cdcbed0b6f0c7869d.php 第 7 行.
NOTIC: [8] Undefined variable: title /data/www/blog/App/Runtime/Cache/Home/c70af6b6ea223e6cdcbed0b6f0c7869d.php 第 8 行.
SQL: SELECT * FROM `blog_cate` WHERE ( `is_show` = 1 ) ORDER BY sort ASC LIMIT 100   [ RunTime:0.011178s ]
SQL: SELECT `id`,`title`,`click` FROM `blog_content` ORDER BY click desc LIMIT 5   [ RunTime:0.010629s ]
NOTIC: [8] Undefined variable: order /data/www/blog/App/Runtime/Cache/Home/82fde19a6a150571f89c227782947b1d.php 第 3 行.
SQL: SELECT `id`,`title`,`click` FROM `blog_content` ORDER BY add_time desc LIMIT 5   [ RunTime:0.010494s ]
NOTIC: [8] Undefined variable: order /data/www/blog/App/Runtime/Cache/Home/82fde19a6a150571f89c227782947b1d.php 第 3 行.
SQL: SHOW COLUMNS FROM `blog_link` [ RunTime:0.042601s ]
SQL: SELECT `name`,`link` FROM `blog_link` ORDER BY sort  [ RunTime:0.014063s ]
INFO: ParseTemplate Behavior ::run [ RunTime:0.214166s ]
INFO: [ view_parse ] --END-- [ RunTime:0.214354s ]
INFO: [ view_filter ] --START--
INFO: ContentReplace Behavior ::run [ RunTime:0.004129s ]
INFO: TokenBuild Behavior ::run [ RunTime:0.004918s ]
INFO: WriteHtmlCache Behavior ::run [ RunTime:0.003859s ]
INFO: ShowRuntime Behavior ::run [ RunTime:0.003068s ]
INFO: [ view_filter ] --END-- [ RunTime:0.016466s ]
INFO: [ view_end ] --START--
INFO: ShowPageTrace Behavior ::run [ RunTime:0.004756s ]
INFO: [ view_end ] --END-- [ RunTime:0.004945s ]

[ 2016-10-10T11:23:09+08:00 ] 192.168.33.1 /c_10.html
INFO: [ route_check ] --START--
INFO: CheckRoute Behavior ::run [ RunTime:0.005897s ]
INFO: [ route_check ] --END-- [ RunTime:0.006041s ]
INFO: [ app_begin ] --START--
INFO: ReadHtmlCache Behavior ::run [ RunTime:0.003952s ]
INFO: [ app_begin ] --END-- [ RunTime:0.004172s ]
SQL: SHOW COLUMNS FROM `blog_cate` [ RunTime:0.015160s ]
SQL: SELECT * FROM `blog_cate`  [ RunTime:0.012694s ]
SQL: SHOW COLUMNS FROM `blog_content` [ RunTime:0.011589s ]
SQL: SELECT COUNT(*) AS tp_count FROM `blog_content` WHERE ( `cate_id` IN ('15',10) ) AND ( `status` = 0 ) LIMIT 1   [ RunTime:0.009884s ]
SQL: SHOW COLUMNS FROM `blog_content` [ RunTime:0.015215s ]
SQL: SHOW COLUMNS FROM `blog_cate` [ RunTime:0.014607s ]
SQL: SELECT content.id AS id,content.title AS title,content.add_time AS add_time,content.click AS click,content.summary AS summary,cate.name AS name FROM blog_content content LEFT JOIN blog_cate cate ON content.cate_id=cate.id WHERE ( `cate_id` IN ('15',10) ) AND ( `status` = 0 ) LIMIT 0,10   [ RunTime:0.015602s ]
INFO: [ view_parse ] --START--
NOTIC: [8] Undefined variable: keywords /data/www/blog/App/Runtime/Cache/Home/c70af6b6ea223e6cdcbed0b6f0c7869d.php 第 6 行.
NOTIC: [8] Undefined variable: description /data/www/blog/App/Runtime/Cache/Home/c70af6b6ea223e6cdcbed0b6f0c7869d.php 第 7 行.
NOTIC: [8] Undefined variable: title /data/www/blog/App/Runtime/Cache/Home/c70af6b6ea223e6cdcbed0b6f0c7869d.php 第 8 行.
SQL: SELECT * FROM `blog_cate` WHERE ( `is_show` = 1 ) ORDER BY sort ASC LIMIT 100   [ RunTime:0.030921s ]
SQL: SELECT `id`,`title`,`click` FROM `blog_content` ORDER BY click desc LIMIT 5   [ RunTime:0.024206s ]
NOTIC: [8] Undefined variable: order /data/www/blog/App/Runtime/Cache/Home/82fde19a6a150571f89c227782947b1d.php 第 3 行.
SQL: SELECT `id`,`title`,`click` FROM `blog_content` ORDER BY add_time desc LIMIT 5   [ RunTime:0.015031s ]
NOTIC: [8] Undefined variable: order /data/www/blog/App/Runtime/Cache/Home/82fde19a6a150571f89c227782947b1d.php 第 3 行.
SQL: SHOW COLUMNS FROM `blog_link` [ RunTime:0.014781s ]
SQL: SELECT `name`,`link` FROM `blog_link` ORDER BY sort  [ RunTime:0.016371s ]
INFO: ParseTemplate Behavior ::run [ RunTime:0.228103s ]
INFO: [ view_parse ] --END-- [ RunTime:0.228244s ]
INFO: [ view_filter ] --START--
INFO: ContentReplace Behavior ::run [ RunTime:0.003649s ]
INFO: TokenBuild Behavior ::run [ RunTime:0.003423s ]
INFO: WriteHtmlCache Behavior ::run [ RunTime:0.004174s ]
INFO: ShowRuntime Behavior ::run [ RunTime:0.005129s ]
INFO: [ view_filter ] --END-- [ RunTime:0.016785s ]
INFO: [ view_end ] --START--
INFO: ShowPageTrace Behavior ::run [ RunTime:0.003631s ]
INFO: [ view_end ] --END-- [ RunTime:0.003736s ]

[ 2016-10-10T11:23:11+08:00 ] 192.168.33.1 /c_22.html
INFO: [ route_check ] --START--
INFO: CheckRoute Behavior ::run [ RunTime:0.006298s ]
INFO: [ route_check ] --END-- [ RunTime:0.006461s ]
INFO: [ app_begin ] --START--
INFO: ReadHtmlCache Behavior ::run [ RunTime:0.003691s ]
INFO: [ app_begin ] --END-- [ RunTime:0.003839s ]
SQL: SHOW COLUMNS FROM `blog_cate` [ RunTime:0.009665s ]
SQL: SELECT * FROM `blog_cate`  [ RunTime:0.010271s ]
SQL: SHOW COLUMNS FROM `blog_content` [ RunTime:0.012454s ]
SQL: SELECT COUNT(*) AS tp_count FROM `blog_content` WHERE ( `cate_id` IN (22) ) AND ( `status` = 0 ) LIMIT 1   [ RunTime:0.010124s ]
SQL: SHOW COLUMNS FROM `blog_content` [ RunTime:0.012960s ]
SQL: SHOW COLUMNS FROM `blog_cate` [ RunTime:0.009248s ]
SQL: SELECT content.id AS id,content.title AS title,content.add_time AS add_time,content.click AS click,content.summary AS summary,cate.name AS name FROM blog_content content LEFT JOIN blog_cate cate ON content.cate_id=cate.id WHERE ( `cate_id` IN (22) ) AND ( `status` = 0 ) LIMIT 0,10   [ RunTime:0.012995s ]
INFO: [ view_parse ] --START--
NOTIC: [8] Undefined variable: keywords /data/www/blog/App/Runtime/Cache/Home/c70af6b6ea223e6cdcbed0b6f0c7869d.php 第 6 行.
NOTIC: [8] Undefined variable: description /data/www/blog/App/Runtime/Cache/Home/c70af6b6ea223e6cdcbed0b6f0c7869d.php 第 7 行.
NOTIC: [8] Undefined variable: title /data/www/blog/App/Runtime/Cache/Home/c70af6b6ea223e6cdcbed0b6f0c7869d.php 第 8 行.
SQL: SELECT * FROM `blog_cate` WHERE ( `is_show` = 1 ) ORDER BY sort ASC LIMIT 100   [ RunTime:0.010995s ]
SQL: SELECT `id`,`title`,`click` FROM `blog_content` ORDER BY click desc LIMIT 5   [ RunTime:0.043549s ]
NOTIC: [8] Undefined variable: order /data/www/blog/App/Runtime/Cache/Home/82fde19a6a150571f89c227782947b1d.php 第 3 行.
SQL: SELECT `id`,`title`,`click` FROM `blog_content` ORDER BY add_time desc LIMIT 5   [ RunTime:0.042356s ]
NOTIC: [8] Undefined variable: order /data/www/blog/App/Runtime/Cache/Home/82fde19a6a150571f89c227782947b1d.php 第 3 行.
SQL: SHOW COLUMNS FROM `blog_link` [ RunTime:0.009827s ]
SQL: SELECT `name`,`link` FROM `blog_link` ORDER BY sort  [ RunTime:0.018835s ]
INFO: ParseTemplate Behavior ::run [ RunTime:0.253793s ]
INFO: [ view_parse ] --END-- [ RunTime:0.253970s ]
INFO: [ view_filter ] --START--
INFO: ContentReplace Behavior ::run [ RunTime:0.003645s ]
INFO: TokenBuild Behavior ::run [ RunTime:0.004560s ]
INFO: WriteHtmlCache Behavior ::run [ RunTime:0.003578s ]
INFO: ShowRuntime Behavior ::run [ RunTime:0.003647s ]
INFO: [ view_filter ] --END-- [ RunTime:0.015801s ]
INFO: [ view_end ] --START--
INFO: ShowPageTrace Behavior ::run [ RunTime:0.003675s ]
INFO: [ view_end ] --END-- [ RunTime:0.003793s ]

[ 2016-10-10T11:23:14+08:00 ] 192.168.33.1 /c_8.html
INFO: [ route_check ] --START--
INFO: CheckRoute Behavior ::run [ RunTime:0.006827s ]
INFO: [ route_check ] --END-- [ RunTime:0.007016s ]
INFO: [ app_begin ] --START--
INFO: ReadHtmlCache Behavior ::run [ RunTime:0.005891s ]
INFO: [ app_begin ] --END-- [ RunTime:0.006237s ]
SQL: SHOW COLUMNS FROM `blog_cate` [ RunTime:0.010985s ]
SQL: SELECT * FROM `blog_cate`  [ RunTime:0.010219s ]
SQL: SHOW COLUMNS FROM `blog_content` [ RunTime:0.012736s ]
SQL: SELECT COUNT(*) AS tp_count FROM `blog_content` WHERE ( `cate_id` IN (8) ) AND ( `status` = 0 ) LIMIT 1   [ RunTime:0.018285s ]
SQL: SHOW COLUMNS FROM `blog_content` [ RunTime:0.011406s ]
SQL: SHOW COLUMNS FROM `blog_cate` [ RunTime:0.010937s ]
SQL: SELECT content.id AS id,content.title AS title,content.add_time AS add_time,content.click AS click,content.summary AS summary,cate.name AS name FROM blog_content content LEFT JOIN blog_cate cate ON content.cate_id=cate.id WHERE ( `cate_id` IN (8) ) AND ( `status` = 0 ) LIMIT 0,10   [ RunTime:0.010918s ]
INFO: [ view_parse ] --START--
NOTIC: [8] Undefined variable: keywords /data/www/blog/App/Runtime/Cache/Home/c70af6b6ea223e6cdcbed0b6f0c7869d.php 第 6 行.
NOTIC: [8] Undefined variable: description /data/www/blog/App/Runtime/Cache/Home/c70af6b6ea223e6cdcbed0b6f0c7869d.php 第 7 行.
NOTIC: [8] Undefined variable: title /data/www/blog/App/Runtime/Cache/Home/c70af6b6ea223e6cdcbed0b6f0c7869d.php 第 8 行.
SQL: SELECT * FROM `blog_cate` WHERE ( `is_show` = 1 ) ORDER BY sort ASC LIMIT 100   [ RunTime:0.012703s ]
SQL: SELECT `id`,`title`,`click` FROM `blog_content` ORDER BY click desc LIMIT 5   [ RunTime:0.010589s ]
NOTIC: [8] Undefined variable: order /data/www/blog/App/Runtime/Cache/Home/82fde19a6a150571f89c227782947b1d.php 第 3 行.
SQL: SELECT `id`,`title`,`click` FROM `blog_content` ORDER BY add_time desc LIMIT 5   [ RunTime:0.011138s ]
NOTIC: [8] Undefined variable: order /data/www/blog/App/Runtime/Cache/Home/82fde19a6a150571f89c227782947b1d.php 第 3 行.
SQL: SHOW COLUMNS FROM `blog_link` [ RunTime:0.009574s ]
SQL: SELECT `name`,`link` FROM `blog_link` ORDER BY sort  [ RunTime:0.010720s ]
INFO: ParseTemplate Behavior ::run [ RunTime:0.185415s ]
INFO: [ view_parse ] --END-- [ RunTime:0.185574s ]
INFO: [ view_filter ] --START--
INFO: ContentReplace Behavior ::run [ RunTime:0.003011s ]
INFO: TokenBuild Behavior ::run [ RunTime:0.003568s ]
INFO: WriteHtmlCache Behavior ::run [ RunTime:0.004927s ]
INFO: ShowRuntime Behavior ::run [ RunTime:0.004085s ]
INFO: [ view_filter ] --END-- [ RunTime:0.015952s ]
INFO: [ view_end ] --START--
INFO: ShowPageTrace Behavior ::run [ RunTime:0.002874s ]
INFO: [ view_end ] --END-- [ RunTime:0.002980s ]

[ 2016-10-10T11:25:01+08:00 ] 192.168.33.1 /15.html
INFO: [ route_check ] --START--
INFO: CheckRoute Behavior ::run [ RunTime:0.005774s ]
INFO: [ route_check ] --END-- [ RunTime:0.005945s ]
INFO: [ app_begin ] --START--
INFO: ReadHtmlCache Behavior ::run [ RunTime:0.005149s ]
INFO: [ app_begin ] --END-- [ RunTime:0.005369s ]
SQL: SHOW COLUMNS FROM `blog_content` [ RunTime:0.011825s ]
SQL: SELECT * FROM `blog_content` WHERE ( `id` = 15 ) LIMIT 1   [ RunTime:0.041232s ]
SQL: SHOW COLUMNS FROM `blog_cate` [ RunTime:0.078459s ]
SQL: SELECT * FROM `blog_cate`  [ RunTime:0.027134s ]
SQL: SHOW COLUMNS FROM `blog_evaluate` [ RunTime:0.016438s ]
SQL: SELECT COUNT(*) AS tp_count FROM `blog_evaluate` WHERE ( `target_uid` = 15 ) AND ( `target_id` = 0 ) LIMIT 1   [ RunTime:0.068184s ]
SQL: SELECT * FROM `blog_evaluate` WHERE ( `target_uid` = 15 ) AND ( `target_id` = 0 ) LIMIT 0,5   [ RunTime:0.036106s ]
INFO: [ view_parse ] --START--
NOTIC: [8] Undefined variable: title /data/www/blog/App/Runtime/Cache/Home/0e5084fc0722bdeca7772e9f1781d893.php 第 8 行.
SQL: SHOW COLUMNS FROM `blog_cate` [ RunTime:0.011260s ]
SQL: SELECT * FROM `blog_cate` WHERE ( `is_show` = 1 ) ORDER BY sort ASC LIMIT 100   [ RunTime:0.038820s ]
SQL: SELECT * FROM `blog_evaluate` WHERE (  ( `target_uid` = '15' ) AND ( `target_id` = 0 ) AND ( `status` = 0 ) ) LIMIT 0,5   [ RunTime:0.011369s ]
SQL: SHOW COLUMNS FROM `blog_member` [ RunTime:0.012727s ]
SQL: SELECT `top_pic` FROM `blog_member` WHERE ( `member_id` = 2 ) LIMIT 1   [ RunTime:0.013146s ]
SQL: SELECT `member_name` FROM `blog_member` WHERE ( `member_id` = 2 ) LIMIT 1   [ RunTime:0.009964s ]
SQL: SELECT `top_pic` FROM `blog_member` WHERE ( `member_id` = 2 ) LIMIT 1   [ RunTime:0.008784s ]
SQL: SELECT `member_name` FROM `blog_member` WHERE ( `member_id` = 2 ) LIMIT 1   [ RunTime:0.013434s ]
NOTIC: [8] Undefined index: uid /data/www/blog/App/Runtime/Cache/Home/f1105984bfefe3f9c6c6b0aed51b5873.php 第 25 行.
SQL: SELECT `id`,`title`,`click` FROM `blog_content` ORDER BY click desc LIMIT 5   [ RunTime:0.018205s ]
NOTIC: [8] Undefined variable: order /data/www/blog/App/Runtime/Cache/Home/82fde19a6a150571f89c227782947b1d.php 第 3 行.
SQL: SELECT `id`,`title`,`click` FROM `blog_content` ORDER BY add_time desc LIMIT 5   [ RunTime:0.028772s ]
NOTIC: [8] Undefined variable: order /data/www/blog/App/Runtime/Cache/Home/82fde19a6a150571f89c227782947b1d.php 第 3 行.
SQL: SHOW COLUMNS FROM `blog_link` [ RunTime:0.011191s ]
SQL: SELECT `name`,`link` FROM `blog_link` ORDER BY sort  [ RunTime:0.008378s ]
INFO: ParseTemplate Behavior ::run [ RunTime:0.353083s ]
INFO: [ view_parse ] --END-- [ RunTime:0.353265s ]
INFO: [ view_filter ] --START--
INFO: ContentReplace Behavior ::run [ RunTime:0.003879s ]
INFO: TokenBuild Behavior ::run [ RunTime:0.003546s ]
INFO: WriteHtmlCache Behavior ::run [ RunTime:0.010578s ]
INFO: ShowRuntime Behavior ::run [ RunTime:0.003491s ]
INFO: [ view_filter ] --END-- [ RunTime:0.021852s ]
INFO: [ view_end ] --START--
INFO: ShowPageTrace Behavior ::run [ RunTime:0.008418s ]
INFO: [ view_end ] --END-- [ RunTime:0.009024s ]

[ 2016-10-10T11:25:02+08:00 ] 192.168.33.1 /Home/Detail/clicknum/id/15.html
INFO: [ route_check ] --START--
INFO: CheckRoute Behavior ::run [ RunTime:0.011754s ]
INFO: [ route_check ] --END-- [ RunTime:0.011937s ]
INFO: [ app_begin ] --START--
INFO: ReadHtmlCache Behavior ::run [ RunTime:0.004676s ]
INFO: [ app_begin ] --END-- [ RunTime:0.004979s ]
SQL: SHOW COLUMNS FROM `blog_content` [ RunTime:0.028755s ]
SQL: SELECT `click` FROM `blog_content` WHERE ( `id` = 15 ) LIMIT 1   [ RunTime:0.018066s ]
SQL: UPDATE `blog_content` SET `click`=click+1 WHERE ( `id` = 15 ) [ RunTime:0.175643s ]

[ 2016-10-10T11:26:18+08:00 ] 192.168.33.1 /15.html
INFO: [ route_check ] --START--
INFO: CheckRoute Behavior ::run [ RunTime:0.006499s ]
INFO: [ route_check ] --END-- [ RunTime:0.006705s ]
INFO: [ app_begin ] --START--
INFO: ReadHtmlCache Behavior ::run [ RunTime:0.005076s ]
INFO: [ app_begin ] --END-- [ RunTime:0.005224s ]
SQL: SHOW COLUMNS FROM `blog_content` [ RunTime:0.035203s ]
SQL: SELECT * FROM `blog_content` WHERE ( `id` = 15 ) LIMIT 1   [ RunTime:0.064810s ]
SQL: SHOW COLUMNS FROM `blog_cate` [ RunTime:0.013519s ]
SQL: SELECT * FROM `blog_cate`  [ RunTime:0.009509s ]
SQL: SHOW COLUMNS FROM `blog_evaluate` [ RunTime:0.012577s ]
SQL: SELECT COUNT(*) AS tp_count FROM `blog_evaluate` WHERE ( `target_uid` = 15 ) AND ( `target_id` = 0 ) LIMIT 1   [ RunTime:0.007691s ]
SQL: SELECT * FROM `blog_evaluate` WHERE ( `target_uid` = 15 ) AND ( `target_id` = 0 ) LIMIT 0,5   [ RunTime:0.031015s ]
INFO: [ view_parse ] --START--
NOTIC: [8] Undefined variable: title /data/www/blog/App/Runtime/Cache/Home/0e5084fc0722bdeca7772e9f1781d893.php 第 8 行.
SQL: SHOW COLUMNS FROM `blog_cate` [ RunTime:0.553261s ]
SQL: SELECT * FROM `blog_cate` WHERE ( `is_show` = 1 ) ORDER BY sort ASC LIMIT 100   [ RunTime:0.011317s ]
SQL: SELECT * FROM `blog_evaluate` WHERE (  ( `target_uid` = '15' ) AND ( `target_id` = 0 ) AND ( `status` = 0 ) ) LIMIT 0,5   [ RunTime:0.024090s ]
SQL: SHOW COLUMNS FROM `blog_member` [ RunTime:0.943843s ]
SQL: SELECT `top_pic` FROM `blog_member` WHERE ( `member_id` = 2 ) LIMIT 1   [ RunTime:0.008858s ]
SQL: SELECT `member_name` FROM `blog_member` WHERE ( `member_id` = 2 ) LIMIT 1   [ RunTime:0.007340s ]
SQL: SELECT `top_pic` FROM `blog_member` WHERE ( `member_id` = 2 ) LIMIT 1   [ RunTime:0.009793s ]
SQL: SELECT `member_name` FROM `blog_member` WHERE ( `member_id` = 2 ) LIMIT 1   [ RunTime:0.056539s ]
NOTIC: [8] Undefined index: uid /data/www/blog/App/Runtime/Cache/Home/f1105984bfefe3f9c6c6b0aed51b5873.php 第 25 行.
SQL: SELECT `id`,`title`,`click` FROM `blog_content` ORDER BY click desc LIMIT 5   [ RunTime:0.012677s ]
NOTIC: [8] Undefined variable: order /data/www/blog/App/Runtime/Cache/Home/82fde19a6a150571f89c227782947b1d.php 第 3 行.
SQL: SELECT `id`,`title`,`click` FROM `blog_content` ORDER BY add_time desc LIMIT 5   [ RunTime:0.008452s ]
NOTIC: [8] Undefined variable: order /data/www/blog/App/Runtime/Cache/Home/82fde19a6a150571f89c227782947b1d.php 第 3 行.
SQL: SHOW COLUMNS FROM `blog_link` [ RunTime:0.010529s ]
SQL: SELECT `name`,`link` FROM `blog_link` ORDER BY sort  [ RunTime:0.008507s ]
INFO: ParseTemplate Behavior ::run [ RunTime:1.825327s ]
INFO: [ view_parse ] --END-- [ RunTime:1.825705s ]
INFO: [ view_filter ] --START--
INFO: ContentReplace Behavior ::run [ RunTime:0.003348s ]
INFO: TokenBuild Behavior ::run [ RunTime:0.004346s ]
INFO: WriteHtmlCache Behavior ::run [ RunTime:0.007669s ]
INFO: ShowRuntime Behavior ::run [ RunTime:0.003415s ]
INFO: [ view_filter ] --END-- [ RunTime:0.019399s ]
INFO: [ view_end ] --START--
INFO: ShowPageTrace Behavior ::run [ RunTime:0.008802s ]
INFO: [ view_end ] --END-- [ RunTime:0.008977s ]

[ 2016-10-10T11:26:19+08:00 ] 192.168.33.1 /Home/Detail/clicknum/id/15.html
INFO: [ route_check ] --START--
INFO: CheckRoute Behavior ::run [ RunTime:0.006037s ]
INFO: [ route_check ] --END-- [ RunTime:0.006253s ]
INFO: [ app_begin ] --START--
INFO: ReadHtmlCache Behavior ::run [ RunTime:0.007977s ]
INFO: [ app_begin ] --END-- [ RunTime:0.008250s ]
SQL: SHOW COLUMNS FROM `blog_content` [ RunTime:0.011728s ]
SQL: SELECT `click` FROM `blog_content` WHERE ( `id` = 15 ) LIMIT 1   [ RunTime:0.010228s ]
SQL: UPDATE `blog_content` SET `click`=click+1 WHERE ( `id` = 15 ) [ RunTime:0.020327s ]

[ 2016-10-10T11:32:01+08:00 ] 192.168.33.1 /15.html
INFO: [ route_check ] --START--
INFO: CheckRoute Behavior ::run [ RunTime:0.006800s ]
INFO: [ route_check ] --END-- [ RunTime:0.006943s ]
INFO: [ app_begin ] --START--
INFO: ReadHtmlCache Behavior ::run [ RunTime:0.006066s ]
INFO: [ app_begin ] --END-- [ RunTime:0.006205s ]
SQL: SHOW COLUMNS FROM `blog_content` [ RunTime:0.009217s ]
SQL: SELECT * FROM `blog_content` WHERE ( `id` = 15 ) LIMIT 1   [ RunTime:0.102351s ]
SQL: SHOW COLUMNS FROM `blog_cate` [ RunTime:0.010835s ]
SQL: SELECT * FROM `blog_cate`  [ RunTime:0.008429s ]
SQL: SHOW COLUMNS FROM `blog_evaluate` [ RunTime:0.009887s ]
SQL: SELECT COUNT(*) AS tp_count FROM `blog_evaluate` WHERE ( `target_uid` = 15 ) AND ( `target_id` = 0 ) LIMIT 1   [ RunTime:0.008937s ]
SQL: SELECT * FROM `blog_evaluate` WHERE ( `target_uid` = 15 ) AND ( `target_id` = 0 ) LIMIT 0,5   [ RunTime:0.012423s ]
INFO: [ view_parse ] --START--
NOTIC: [8] Undefined variable: title /data/www/blog/App/Runtime/Cache/Home/0e5084fc0722bdeca7772e9f1781d893.php 第 8 行.
SQL: SHOW COLUMNS FROM `blog_cate` [ RunTime:0.043523s ]
SQL: SELECT * FROM `blog_cate` WHERE ( `is_show` = 1 ) ORDER BY sort ASC LIMIT 100   [ RunTime:0.009521s ]
SQL: SELECT * FROM `blog_evaluate` WHERE (  ( `target_uid` = '15' ) AND ( `target_id` = 0 ) AND ( `status` = 0 ) ) LIMIT 0,5   [ RunTime:0.009081s ]
SQL: SHOW COLUMNS FROM `blog_member` [ RunTime:0.011650s ]
SQL: SELECT `top_pic` FROM `blog_member` WHERE ( `member_id` = 2 ) LIMIT 1   [ RunTime:0.009123s ]
SQL: SELECT `member_name` FROM `blog_member` WHERE ( `member_id` = 2 ) LIMIT 1   [ RunTime:0.008420s ]
SQL: SELECT `top_pic` FROM `blog_member` WHERE ( `member_id` = 2 ) LIMIT 1   [ RunTime:0.012070s ]
SQL: SELECT `member_name` FROM `blog_member` WHERE ( `member_id` = 2 ) LIMIT 1   [ RunTime:0.008260s ]
NOTIC: [8] Undefined index: uid /data/www/blog/App/Runtime/Cache/Home/f1105984bfefe3f9c6c6b0aed51b5873.php 第 25 行.
SQL: SELECT `id`,`title`,`click` FROM `blog_content` ORDER BY click desc LIMIT 5   [ RunTime:0.008826s ]
NOTIC: [8] Undefined variable: order /data/www/blog/App/Runtime/Cache/Home/82fde19a6a150571f89c227782947b1d.php 第 3 行.
SQL: SELECT `id`,`title`,`click` FROM `blog_content` ORDER BY add_time desc LIMIT 5   [ RunTime:0.009168s ]
NOTIC: [8] Undefined variable: order /data/www/blog/App/Runtime/Cache/Home/82fde19a6a150571f89c227782947b1d.php 第 3 行.
SQL: SHOW COLUMNS FROM `blog_link` [ RunTime:0.009412s ]
SQL: SELECT `name`,`link` FROM `blog_link` ORDER BY sort  [ RunTime:0.008584s ]
INFO: ParseTemplate Behavior ::run [ RunTime:0.300767s ]
INFO: [ view_parse ] --END-- [ RunTime:0.300919s ]
INFO: [ view_filter ] --START--
INFO: ContentReplace Behavior ::run [ RunTime:0.004142s ]
INFO: TokenBuild Behavior ::run [ RunTime:0.003373s ]
INFO: WriteHtmlCache Behavior ::run [ RunTime:0.006572s ]
INFO: ShowRuntime Behavior ::run [ RunTime:0.003779s ]
INFO: [ view_filter ] --END-- [ RunTime:0.018230s ]
INFO: [ view_end ] --START--
INFO: ShowPageTrace Behavior ::run [ RunTime:0.006125s ]
INFO: [ view_end ] --END-- [ RunTime:0.006716s ]

[ 2016-10-10T11:32:01+08:00 ] 192.168.33.1 /Home/Detail/clicknum/id/15.html
INFO: [ route_check ] --START--
INFO: CheckRoute Behavior ::run [ RunTime:0.005157s ]
INFO: [ route_check ] --END-- [ RunTime:0.005307s ]
INFO: [ app_begin ] --START--
INFO: ReadHtmlCache Behavior ::run [ RunTime:0.003522s ]
INFO: [ app_begin ] --END-- [ RunTime:0.003667s ]
SQL: SHOW COLUMNS FROM `blog_content` [ RunTime:0.009185s ]
SQL: SELECT `click` FROM `blog_content` WHERE ( `id` = 15 ) LIMIT 1   [ RunTime:0.009623s ]
SQL: UPDATE `blog_content` SET `click`=click+1 WHERE ( `id` = 15 ) [ RunTime:0.018286s ]

[ 2016-10-10T11:33:45+08:00 ] 192.168.33.1 /15.html
INFO: [ route_check ] --START--
INFO: CheckRoute Behavior ::run [ RunTime:0.004965s ]
INFO: [ route_check ] --END-- [ RunTime:0.005089s ]
INFO: [ app_begin ] --START--
INFO: ReadHtmlCache Behavior ::run [ RunTime:0.005892s ]
INFO: [ app_begin ] --END-- [ RunTime:0.006044s ]
SQL: SHOW COLUMNS FROM `blog_content` [ RunTime:0.014594s ]
SQL: SELECT * FROM `blog_content` WHERE ( `id` = 15 ) LIMIT 1   [ RunTime:0.043877s ]
SQL: SHOW COLUMNS FROM `blog_cate` [ RunTime:0.025712s ]
SQL: SELECT * FROM `blog_cate`  [ RunTime:0.010326s ]
SQL: SHOW COLUMNS FROM `blog_evaluate` [ RunTime:0.013519s ]
SQL: SELECT COUNT(*) AS tp_count FROM `blog_evaluate` WHERE ( `target_uid` = 15 ) AND ( `target_id` = 0 ) LIMIT 1   [ RunTime:0.014467s ]
SQL: SELECT * FROM `blog_evaluate` WHERE ( `target_uid` = 15 ) AND ( `target_id` = 0 ) LIMIT 0,5   [ RunTime:0.014064s ]
INFO: [ view_parse ] --START--
NOTIC: [8] Undefined variable: title /data/www/blog/App/Runtime/Cache/Home/0e5084fc0722bdeca7772e9f1781d893.php 第 8 行.
SQL: SHOW COLUMNS FROM `blog_cate` [ RunTime:0.011152s ]
SQL: SELECT * FROM `blog_cate` WHERE ( `is_show` = 1 ) ORDER BY sort ASC LIMIT 100   [ RunTime:0.010614s ]
SQL: SELECT * FROM `blog_evaluate` WHERE (  ( `target_uid` = '15' ) AND ( `target_id` = 0 ) AND ( `status` = 0 ) ) LIMIT 0,5   [ RunTime:0.018854s ]
SQL: SHOW COLUMNS FROM `blog_member` [ RunTime:0.015082s ]
SQL: SELECT `top_pic` FROM `blog_member` WHERE ( `member_id` = 2 ) LIMIT 1   [ RunTime:0.020841s ]
SQL: SELECT `member_name` FROM `blog_member` WHERE ( `member_id` = 2 ) LIMIT 1   [ RunTime:0.011555s ]
SQL: SELECT `top_pic` FROM `blog_member` WHERE ( `member_id` = 2 ) LIMIT 1   [ RunTime:0.014153s ]
SQL: SELECT `member_name` FROM `blog_member` WHERE ( `member_id` = 2 ) LIMIT 1   [ RunTime:0.015059s ]
NOTIC: [8] Undefined index: uid /data/www/blog/App/Runtime/Cache/Home/f1105984bfefe3f9c6c6b0aed51b5873.php 第 25 行.
SQL: SELECT `id`,`title`,`click` FROM `blog_content` ORDER BY click desc LIMIT 5   [ RunTime:0.020769s ]
NOTIC: [8] Undefined variable: order /data/www/blog/App/Runtime/Cache/Home/82fde19a6a150571f89c227782947b1d.php 第 3 行.
SQL: SELECT `id`,`title`,`click` FROM `blog_content` ORDER BY add_time desc LIMIT 5   [ RunTime:0.015705s ]
NOTIC: [8] Undefined variable: order /data/www/blog/App/Runtime/Cache/Home/82fde19a6a150571f89c227782947b1d.php 第 3 行.
SQL: SHOW COLUMNS FROM `blog_link` [ RunTime:0.009923s ]
SQL: SELECT `name`,`link` FROM `blog_link` ORDER BY sort  [ RunTime:0.013466s ]
INFO: ParseTemplate Behavior ::run [ RunTime:0.328552s ]
INFO: [ view_parse ] --END-- [ RunTime:0.328784s ]
INFO: [ view_filter ] --START--
INFO: ContentReplace Behavior ::run [ RunTime:0.003813s ]
INFO: TokenBuild Behavior ::run [ RunTime:0.004423s ]
INFO: WriteHtmlCache Behavior ::run [ RunTime:0.006500s ]
INFO: ShowRuntime Behavior ::run [ RunTime:0.003836s ]
INFO: [ view_filter ] --END-- [ RunTime:0.018879s ]
INFO: [ view_end ] --START--
INFO: ShowPageTrace Behavior ::run [ RunTime:0.006517s ]
INFO: [ view_end ] --END-- [ RunTime:0.006697s ]

[ 2016-10-10T11:33:45+08:00 ] 192.168.33.1 /Home/Detail/clicknum/id/15.html
INFO: [ route_check ] --START--
INFO: CheckRoute Behavior ::run [ RunTime:0.004532s ]
INFO: [ route_check ] --END-- [ RunTime:0.004666s ]
INFO: [ app_begin ] --START--
INFO: ReadHtmlCache Behavior ::run [ RunTime:0.003135s ]
INFO: [ app_begin ] --END-- [ RunTime:0.003252s ]
SQL: SHOW COLUMNS FROM `blog_content` [ RunTime:0.010257s ]
SQL: SELECT `click` FROM `blog_content` WHERE ( `id` = 15 ) LIMIT 1   [ RunTime:0.009614s ]
SQL: UPDATE `blog_content` SET `click`=click+1 WHERE ( `id` = 15 ) [ RunTime:0.019483s ]

[ 2016-10-10T11:39:01+08:00 ] 192.168.33.1 /15.html
INFO: [ route_check ] --START--
INFO: CheckRoute Behavior ::run [ RunTime:0.004711s ]
INFO: [ route_check ] --END-- [ RunTime:0.004842s ]
INFO: [ app_begin ] --START--
INFO: ReadHtmlCache Behavior ::run [ RunTime:0.005724s ]
INFO: [ app_begin ] --END-- [ RunTime:0.005866s ]
SQL: SHOW COLUMNS FROM `blog_content` [ RunTime:0.009561s ]
SQL: SELECT * FROM `blog_content` WHERE ( `id` = 15 ) LIMIT 1   [ RunTime:0.039458s ]
SQL: SHOW COLUMNS FROM `blog_cate` [ RunTime:0.015102s ]
SQL: SELECT * FROM `blog_cate`  [ RunTime:0.009985s ]
SQL: SHOW COLUMNS FROM `blog_evaluate` [ RunTime:0.009027s ]
SQL: SELECT COUNT(*) AS tp_count FROM `blog_evaluate` WHERE ( `target_uid` = 15 ) AND ( `target_id` = 0 ) LIMIT 1   [ RunTime:0.014939s ]
SQL: SELECT * FROM `blog_evaluate` WHERE ( `target_uid` = 15 ) AND ( `target_id` = 0 ) LIMIT 0,5   [ RunTime:0.010002s ]
INFO: [ view_parse ] --START--
NOTIC: [8] Undefined variable: title /data/www/blog/App/Runtime/Cache/Home/0e5084fc0722bdeca7772e9f1781d893.php 第 8 行.
SQL: SHOW COLUMNS FROM `blog_cate` [ RunTime:0.027609s ]
SQL: SELECT * FROM `blog_cate` WHERE ( `is_show` = 1 ) ORDER BY sort ASC LIMIT 100   [ RunTime:0.015267s ]
SQL: SELECT * FROM `blog_evaluate` WHERE (  ( `target_uid` = '15' ) AND ( `target_id` = 0 ) AND ( `status` = 0 ) ) LIMIT 0,5   [ RunTime:0.010913s ]
SQL: SHOW COLUMNS FROM `blog_member` [ RunTime:0.012792s ]
SQL: SELECT `top_pic` FROM `blog_member` WHERE ( `member_id` = 2 ) LIMIT 1   [ RunTime:0.009786s ]
SQL: SELECT `member_name` FROM `blog_member` WHERE ( `member_id` = 2 ) LIMIT 1   [ RunTime:0.014095s ]
SQL: SELECT `top_pic` FROM `blog_member` WHERE ( `member_id` = 2 ) LIMIT 1   [ RunTime:0.036553s ]
SQL: SELECT `member_name` FROM `blog_member` WHERE ( `member_id` = 2 ) LIMIT 1   [ RunTime:0.019092s ]
NOTIC: [8] Undefined index: uid /data/www/blog/App/Runtime/Cache/Home/f1105984bfefe3f9c6c6b0aed51b5873.php 第 25 行.
SQL: SELECT `id`,`title`,`click` FROM `blog_content` ORDER BY click desc LIMIT 5   [ RunTime:0.010348s ]
NOTIC: [8] Undefined variable: order /data/www/blog/App/Runtime/Cache/Home/82fde19a6a150571f89c227782947b1d.php 第 3 行.
SQL: SELECT `id`,`title`,`click` FROM `blog_content` ORDER BY add_time desc LIMIT 5   [ RunTime:0.017696s ]
NOTIC: [8] Undefined variable: order /data/www/blog/App/Runtime/Cache/Home/82fde19a6a150571f89c227782947b1d.php 第 3 行.
SQL: SHOW COLUMNS FROM `blog_link` [ RunTime:0.224854s ]
SQL: SELECT `name`,`link` FROM `blog_link` ORDER BY sort  [ RunTime:0.015470s ]
INFO: ParseTemplate Behavior ::run [ RunTime:0.584380s ]
INFO: [ view_parse ] --END-- [ RunTime:0.584555s ]
INFO: [ view_filter ] --START--
INFO: ContentReplace Behavior ::run [ RunTime:0.004073s ]
INFO: TokenBuild Behavior ::run [ RunTime:0.004889s ]
INFO: WriteHtmlCache Behavior ::run [ RunTime:0.014473s ]
INFO: ShowRuntime Behavior ::run [ RunTime:0.013350s ]
INFO: [ view_filter ] --END-- [ RunTime:0.037436s ]
INFO: [ view_end ] --START--
INFO: ShowPageTrace Behavior ::run [ RunTime:0.007165s ]
INFO: [ view_end ] --END-- [ RunTime:0.007476s ]

[ 2016-10-10T11:39:02+08:00 ] 192.168.33.1 /Home/Detail/clicknum/id/15.html
INFO: [ route_check ] --START--
INFO: CheckRoute Behavior ::run [ RunTime:0.004421s ]
INFO: [ route_check ] --END-- [ RunTime:0.004560s ]
INFO: [ app_begin ] --START--
INFO: ReadHtmlCache Behavior ::run [ RunTime:0.010692s ]
INFO: [ app_begin ] --END-- [ RunTime:0.010910s ]
SQL: SHOW COLUMNS FROM `blog_content` [ RunTime:0.019459s ]
SQL: SELECT `click` FROM `blog_content` WHERE ( `id` = 15 ) LIMIT 1   [ RunTime:0.012765s ]
SQL: UPDATE `blog_content` SET `click`=click+1 WHERE ( `id` = 15 ) [ RunTime:0.023722s ]

[ 2016-10-10T11:40:14+08:00 ] 192.168.33.1 /
INFO: [ app_begin ] --START--
INFO: ReadHtmlCache Behavior ::run [ RunTime:0.006248s ]
INFO: [ app_begin ] --END-- [ RunTime:0.006409s ]
SQL: SHOW COLUMNS FROM `blog_cate` [ RunTime:0.013933s ]
SQL: SELECT * FROM `blog_cate` WHERE ( `pid` = 0 ) ORDER BY sort asc  [ RunTime:0.011801s ]
SQL: SELECT * FROM `blog_cate`  [ RunTime:0.009952s ]
SQL: SHOW COLUMNS FROM `blog_content` [ RunTime:0.009463s ]
SQL: SELECT `id`,`title`,`add_time` FROM `blog_content` WHERE ( `cate_id` IN ('4','2') ) AND ( `status` = 0 ) ORDER BY add_time desc LIMIT 8   [ RunTime:0.010231s ]
SQL: SELECT `id`,`title`,`add_time` FROM `blog_content` WHERE ( `cate_id` IN ('3') ) AND ( `status` = 0 ) ORDER BY add_time desc LIMIT 8   [ RunTime:0.013933s ]
SQL: SELECT `id`,`title`,`add_time` FROM `blog_content` WHERE ( `cate_id` IN ('9','10','15','11','20','21','5') ) AND ( `status` = 0 ) ORDER BY add_time desc LIMIT 8   [ RunTime:0.009646s ]
SQL: SELECT `id`,`title`,`add_time` FROM `blog_content` WHERE ( `cate_id` IN ('22','23','16') ) AND ( `status` = 0 ) ORDER BY add_time desc LIMIT 8   [ RunTime:0.011641s ]
SQL: SELECT `id`,`title`,`add_time` FROM `blog_content` WHERE ( `cate_id` IN ('8','14','1') ) AND ( `status` = 0 ) ORDER BY add_time desc LIMIT 8   [ RunTime:0.012722s ]
SQL: SELECT `id`,`title`,`add_time` FROM `blog_content` WHERE ( `cate_id` IN ('12','13','18','26','6') ) AND ( `status` = 0 ) ORDER BY add_time desc LIMIT 8   [ RunTime:0.010212s ]
SQL: SELECT `id`,`title`,`add_time` FROM `blog_content` WHERE ( `cate_id` IN ('17') ) AND ( `status` = 0 ) ORDER BY add_time desc LIMIT 8   [ RunTime:0.010575s ]
SQL: SELECT `id`,`title`,`add_time` FROM `blog_content` WHERE ( `cate_id` IN ('7') ) AND ( `status` = 0 ) ORDER BY add_time desc LIMIT 8   [ RunTime:0.011474s ]
SQL: SELECT `id`,`title`,`add_time` FROM `blog_content` WHERE ( `cate_id` IN ('19') ) AND ( `status` = 0 ) ORDER BY add_time desc LIMIT 8   [ RunTime:0.011939s ]
SQL: SELECT `id`,`title`,`add_time` FROM `blog_content` WHERE ( `cate_id` IN ('24') ) AND ( `status` = 0 ) ORDER BY add_time desc LIMIT 8   [ RunTime:0.010082s ]
SQL: SELECT `id`,`title`,`add_time` FROM `blog_content` WHERE ( `cate_id` IN ('25') ) AND ( `status` = 0 ) ORDER BY add_time desc LIMIT 8   [ RunTime:0.017024s ]
SQL: SELECT `id`,`title`,`add_time` FROM `blog_content` WHERE ( `cate_id` IN ('27') ) AND ( `status` = 0 ) ORDER BY add_time desc LIMIT 8   [ RunTime:0.010608s ]
INFO: [ view_parse ] --START--
NOTIC: [8] Undefined variable: keywords /data/www/blog/App/Runtime/Cache/Home/dfbde131d3dce021e47f060addf3b2af.php 第 6 行.
NOTIC: [8] Undefined variable: description /data/www/blog/App/Runtime/Cache/Home/dfbde131d3dce021e47f060addf3b2af.php 第 7 行.
NOTIC: [8] Undefined variable: title /data/www/blog/App/Runtime/Cache/Home/dfbde131d3dce021e47f060addf3b2af.php 第 8 行.
SQL: SHOW COLUMNS FROM `blog_cate` [ RunTime:0.012114s ]
SQL: SELECT * FROM `blog_cate` WHERE ( `is_show` = 1 ) ORDER BY sort ASC LIMIT 100   [ RunTime:0.012233s ]
SQL: SELECT `id`,`title`,`click` FROM `blog_content` ORDER BY click desc LIMIT 5   [ RunTime:0.009855s ]
NOTIC: [8] Undefined variable: order /data/www/blog/App/Runtime/Cache/Home/82fde19a6a150571f89c227782947b1d.php 第 3 行.
SQL: SELECT `id`,`title`,`click` FROM `blog_content` ORDER BY add_time desc LIMIT 5   [ RunTime:0.009891s ]
NOTIC: [8] Undefined variable: order /data/www/blog/App/Runtime/Cache/Home/82fde19a6a150571f89c227782947b1d.php 第 3 行.
SQL: SHOW COLUMNS FROM `blog_link` [ RunTime:0.020700s ]
SQL: SELECT `name`,`link` FROM `blog_link` ORDER BY sort  [ RunTime:0.011225s ]
INFO: ParseTemplate Behavior ::run [ RunTime:0.227721s ]
INFO: [ view_parse ] --END-- [ RunTime:0.227910s ]
INFO: [ view_filter ] --START--
INFO: ContentReplace Behavior ::run [ RunTime:0.005294s ]
INFO: TokenBuild Behavior ::run [ RunTime:0.003737s ]
INFO: WriteHtmlCache Behavior ::run [ RunTime:0.003961s ]
INFO: ShowRuntime Behavior ::run [ RunTime:0.005051s ]
INFO: [ view_filter ] --END-- [ RunTime:0.018508s ]
INFO: [ view_end ] --START--
INFO: ShowPageTrace Behavior ::run [ RunTime:0.007449s ]
INFO: [ view_end ] --END-- [ RunTime:0.008383s ]

[ 2016-10-10T11:40:42+08:00 ] 192.168.33.1 /50.html
INFO: [ route_check ] --START--
INFO: CheckRoute Behavior ::run [ RunTime:0.006095s ]
INFO: [ route_check ] --END-- [ RunTime:0.006280s ]
INFO: [ app_begin ] --START--
INFO: ReadHtmlCache Behavior ::run [ RunTime:0.004113s ]
INFO: [ app_begin ] --END-- [ RunTime:0.004239s ]
SQL: SHOW COLUMNS FROM `blog_content` [ RunTime:0.010057s ]
SQL: SELECT * FROM `blog_content` WHERE ( `id` = 50 ) LIMIT 1   [ RunTime:0.039196s ]
SQL: SHOW COLUMNS FROM `blog_cate` [ RunTime:0.009748s ]
SQL: SELECT * FROM `blog_cate`  [ RunTime:0.009569s ]
SQL: SHOW COLUMNS FROM `blog_evaluate` [ RunTime:0.012616s ]
SQL: SELECT COUNT(*) AS tp_count FROM `blog_evaluate` WHERE ( `target_uid` = 50 ) AND ( `target_id` = 0 ) LIMIT 1   [ RunTime:0.012790s ]
SQL: SELECT * FROM `blog_evaluate` WHERE ( `target_uid` = 50 ) AND ( `target_id` = 0 ) LIMIT 0,5   [ RunTime:0.010394s ]
INFO: [ view_parse ] --START--
NOTIC: [8] Undefined variable: title /data/www/blog/App/Runtime/Cache/Home/0e5084fc0722bdeca7772e9f1781d893.php 第 8 行.
SQL: SHOW COLUMNS FROM `blog_cate` [ RunTime:0.010054s ]
SQL: SELECT * FROM `blog_cate` WHERE ( `is_show` = 1 ) ORDER BY sort ASC LIMIT 100   [ RunTime:0.014724s ]
SQL: SELECT * FROM `blog_evaluate` WHERE (  ( `target_uid` = '50' ) AND ( `target_id` = 0 ) AND ( `status` = 0 ) ) LIMIT 0,5   [ RunTime:0.011470s ]
NOTIC: [8] Undefined index: uid /data/www/blog/App/Runtime/Cache/Home/f1105984bfefe3f9c6c6b0aed51b5873.php 第 25 行.
SQL: SELECT `id`,`title`,`click` FROM `blog_content` ORDER BY click desc LIMIT 5   [ RunTime:0.010346s ]
NOTIC: [8] Undefined variable: order /data/www/blog/App/Runtime/Cache/Home/82fde19a6a150571f89c227782947b1d.php 第 3 行.
SQL: SELECT `id`,`title`,`click` FROM `blog_content` ORDER BY add_time desc LIMIT 5   [ RunTime:0.009863s ]
NOTIC: [8] Undefined variable: order /data/www/blog/App/Runtime/Cache/Home/82fde19a6a150571f89c227782947b1d.php 第 3 行.
SQL: SHOW COLUMNS FROM `blog_link` [ RunTime:0.013122s ]
SQL: SELECT `name`,`link` FROM `blog_link` ORDER BY sort  [ RunTime:0.011555s ]
INFO: ParseTemplate Behavior ::run [ RunTime:0.237512s ]
INFO: [ view_parse ] --END-- [ RunTime:0.237672s ]
INFO: [ view_filter ] --START--
INFO: ContentReplace Behavior ::run [ RunTime:0.003268s ]
INFO: TokenBuild Behavior ::run [ RunTime:0.005193s ]
INFO: WriteHtmlCache Behavior ::run [ RunTime:0.007984s ]
INFO: ShowRuntime Behavior ::run [ RunTime:0.003579s ]
INFO: [ view_filter ] --END-- [ RunTime:0.020395s ]
INFO: [ view_end ] --START--
INFO: ShowPageTrace Behavior ::run [ RunTime:0.008703s ]
INFO: [ view_end ] --END-- [ RunTime:0.009146s ]

[ 2016-10-10T11:40:42+08:00 ] 192.168.33.1 /Home/Detail/clicknum/id/50.html
INFO: [ route_check ] --START--
INFO: CheckRoute Behavior ::run [ RunTime:0.004024s ]
INFO: [ route_check ] --END-- [ RunTime:0.004158s ]
INFO: [ app_begin ] --START--
INFO: ReadHtmlCache Behavior ::run [ RunTime:0.004012s ]
INFO: [ app_begin ] --END-- [ RunTime:0.004157s ]
SQL: SHOW COLUMNS FROM `blog_content` [ RunTime:0.011896s ]
SQL: SELECT `click` FROM `blog_content` WHERE ( `id` = 50 ) LIMIT 1   [ RunTime:0.011715s ]
SQL: UPDATE `blog_content` SET `click`=click+1 WHERE ( `id` = 50 ) [ RunTime:0.020718s ]

[ 2016-10-10T11:41:18+08:00 ] 192.168.33.1 /15.html
INFO: [ route_check ] --START--
INFO: CheckRoute Behavior ::run [ RunTime:0.005543s ]
INFO: [ route_check ] --END-- [ RunTime:0.005680s ]
INFO: [ app_begin ] --START--
INFO: ReadHtmlCache Behavior ::run [ RunTime:0.006811s ]
INFO: [ app_begin ] --END-- [ RunTime:0.006969s ]
SQL: SHOW COLUMNS FROM `blog_content` [ RunTime:0.016232s ]
SQL: SELECT * FROM `blog_content` WHERE ( `id` = 15 ) LIMIT 1   [ RunTime:0.036621s ]
SQL: SHOW COLUMNS FROM `blog_cate` [ RunTime:0.013501s ]
SQL: SELECT * FROM `blog_cate`  [ RunTime:0.008186s ]
SQL: SHOW COLUMNS FROM `blog_evaluate` [ RunTime:0.008439s ]
SQL: SELECT COUNT(*) AS tp_count FROM `blog_evaluate` WHERE ( `target_uid` = 15 ) AND ( `target_id` = 0 ) LIMIT 1   [ RunTime:0.012769s ]
SQL: SELECT * FROM `blog_evaluate` WHERE ( `target_uid` = 15 ) AND ( `target_id` = 0 ) LIMIT 0,5   [ RunTime:0.010934s ]
INFO: [ view_parse ] --START--
NOTIC: [8] Undefined variable: title /data/www/blog/App/Runtime/Cache/Home/0e5084fc0722bdeca7772e9f1781d893.php 第 8 行.
SQL: SHOW COLUMNS FROM `blog_cate` [ RunTime:0.008797s ]
SQL: SELECT * FROM `blog_cate` WHERE ( `is_show` = 1 ) ORDER BY sort ASC LIMIT 100   [ RunTime:0.011015s ]
SQL: SELECT * FROM `blog_evaluate` WHERE (  ( `target_uid` = '15' ) AND ( `target_id` = 0 ) AND ( `status` = 0 ) ) LIMIT 0,5   [ RunTime:0.008493s ]
SQL: SHOW COLUMNS FROM `blog_member` [ RunTime:0.011451s ]
SQL: SELECT `top_pic` FROM `blog_member` WHERE ( `member_id` = 2 ) LIMIT 1   [ RunTime:0.009738s ]
SQL: SELECT `member_name` FROM `blog_member` WHERE ( `member_id` = 2 ) LIMIT 1   [ RunTime:0.008004s ]
SQL: SELECT `top_pic` FROM `blog_member` WHERE ( `member_id` = 2 ) LIMIT 1   [ RunTime:0.007375s ]
SQL: SELECT `member_name` FROM `blog_member` WHERE ( `member_id` = 2 ) LIMIT 1   [ RunTime:0.011562s ]
NOTIC: [8] Undefined index: uid /data/www/blog/App/Runtime/Cache/Home/f1105984bfefe3f9c6c6b0aed51b5873.php 第 25 行.
SQL: SELECT `id`,`title`,`click` FROM `blog_content` ORDER BY click desc LIMIT 5   [ RunTime:0.017243s ]
NOTIC: [8] Undefined variable: order /data/www/blog/App/Runtime/Cache/Home/82fde19a6a150571f89c227782947b1d.php 第 3 行.
SQL: SELECT `id`,`title`,`click` FROM `blog_content` ORDER BY add_time desc LIMIT 5   [ RunTime:0.010242s ]
NOTIC: [8] Undefined variable: order /data/www/blog/App/Runtime/Cache/Home/82fde19a6a150571f89c227782947b1d.php 第 3 行.
SQL: SHOW COLUMNS FROM `blog_link` [ RunTime:0.010636s ]
SQL: SELECT `name`,`link` FROM `blog_link` ORDER BY sort  [ RunTime:0.007487s ]
INFO: ParseTemplate Behavior ::run [ RunTime:0.286180s ]
INFO: [ view_parse ] --END-- [ RunTime:0.286369s ]
INFO: [ view_filter ] --START--
INFO: ContentReplace Behavior ::run [ RunTime:0.004058s ]
INFO: TokenBuild Behavior ::run [ RunTime:0.004044s ]
INFO: WriteHtmlCache Behavior ::run [ RunTime:0.008252s ]
INFO: ShowRuntime Behavior ::run [ RunTime:0.003480s ]
INFO: [ view_filter ] --END-- [ RunTime:0.020205s ]
INFO: [ view_end ] --START--
INFO: ShowPageTrace Behavior ::run [ RunTime:0.004645s ]
INFO: [ view_end ] --END-- [ RunTime:0.004791s ]

[ 2016-10-10T11:41:19+08:00 ] 192.168.33.1 /Home/Detail/clicknum/id/15.html
INFO: [ route_check ] --START--
INFO: CheckRoute Behavior ::run [ RunTime:0.006622s ]
INFO: [ route_check ] --END-- [ RunTime:0.006899s ]
INFO: [ app_begin ] --START--
INFO: ReadHtmlCache Behavior ::run [ RunTime:0.005214s ]
INFO: [ app_begin ] --END-- [ RunTime:0.005404s ]
SQL: SHOW COLUMNS FROM `blog_content` [ RunTime:0.010138s ]
SQL: SELECT `click` FROM `blog_content` WHERE ( `id` = 15 ) LIMIT 1   [ RunTime:0.014655s ]
SQL: UPDATE `blog_content` SET `click`=click+1 WHERE ( `id` = 15 ) [ RunTime:0.025436s ]

[ 2016-10-10T11:41:55+08:00 ] 192.168.33.1 /15.html
INFO: [ route_check ] --START--
INFO: CheckRoute Behavior ::run [ RunTime:0.006328s ]
INFO: [ route_check ] --END-- [ RunTime:0.006643s ]
INFO: [ app_begin ] --START--
INFO: ReadHtmlCache Behavior ::run [ RunTime:0.005681s ]
INFO: [ app_begin ] --END-- [ RunTime:0.006008s ]
SQL: SHOW COLUMNS FROM `blog_content` [ RunTime:0.013098s ]
SQL: SELECT * FROM `blog_content` WHERE ( `id` = 15 ) LIMIT 1   [ RunTime:0.878403s ]
SQL: SHOW COLUMNS FROM `blog_cate` [ RunTime:0.011949s ]
SQL: SELECT * FROM `blog_cate`  [ RunTime:0.012870s ]
SQL: SHOW COLUMNS FROM `blog_evaluate` [ RunTime:0.011514s ]
SQL: SELECT COUNT(*) AS tp_count FROM `blog_evaluate` WHERE ( `target_uid` = 15 ) AND ( `target_id` = 0 ) LIMIT 1   [ RunTime:0.019684s ]
SQL: SELECT * FROM `blog_evaluate` WHERE ( `target_uid` = 15 ) AND ( `target_id` = 0 ) LIMIT 0,5   [ RunTime:0.019015s ]
INFO: [ view_parse ] --START--
NOTIC: [8] Undefined variable: title /data/www/blog/App/Runtime/Cache/Home/0e5084fc0722bdeca7772e9f1781d893.php 第 8 行.
SQL: SHOW COLUMNS FROM `blog_cate` [ RunTime:0.010759s ]
SQL: SELECT * FROM `blog_cate` WHERE ( `is_show` = 1 ) ORDER BY sort ASC LIMIT 100   [ RunTime:0.013435s ]
SQL: SELECT * FROM `blog_evaluate` WHERE (  ( `target_uid` = '15' ) AND ( `target_id` = 0 ) AND ( `status` = 0 ) ) LIMIT 0,5   [ RunTime:0.012253s ]
SQL: SHOW COLUMNS FROM `blog_member` [ RunTime:0.233097s ]
SQL: SELECT `top_pic` FROM `blog_member` WHERE ( `member_id` = 2 ) LIMIT 1   [ RunTime:0.019842s ]
SQL: SELECT `member_name` FROM `blog_member` WHERE ( `member_id` = 2 ) LIMIT 1   [ RunTime:0.085773s ]
SQL: SELECT `top_pic` FROM `blog_member` WHERE ( `member_id` = 2 ) LIMIT 1   [ RunTime:0.010731s ]
SQL: SELECT `member_name` FROM `blog_member` WHERE ( `member_id` = 2 ) LIMIT 1   [ RunTime:0.016191s ]
NOTIC: [8] Undefined index: uid /data/www/blog/App/Runtime/Cache/Home/f1105984bfefe3f9c6c6b0aed51b5873.php 第 25 行.
SQL: SELECT `id`,`title`,`click` FROM `blog_content` ORDER BY click desc LIMIT 5   [ RunTime:0.229304s ]
NOTIC: [8] Undefined variable: order /data/www/blog/App/Runtime/Cache/Home/82fde19a6a150571f89c227782947b1d.php 第 3 行.
SQL: SELECT `id`,`title`,`click` FROM `blog_content` ORDER BY add_time desc LIMIT 5   [ RunTime:0.011068s ]
NOTIC: [8] Undefined variable: order /data/www/blog/App/Runtime/Cache/Home/82fde19a6a150571f89c227782947b1d.php 第 3 行.
SQL: SHOW COLUMNS FROM `blog_link` [ RunTime:0.013000s ]
SQL: SELECT `name`,`link` FROM `blog_link` ORDER BY sort  [ RunTime:0.014625s ]
INFO: ParseTemplate Behavior ::run [ RunTime:0.848581s ]
INFO: [ view_parse ] --END-- [ RunTime:0.848734s ]
INFO: [ view_filter ] --START--
INFO: ContentReplace Behavior ::run [ RunTime:0.003273s ]
INFO: TokenBuild Behavior ::run [ RunTime:0.003320s ]
INFO: WriteHtmlCache Behavior ::run [ RunTime:0.010428s ]
INFO: ShowRuntime Behavior ::run [ RunTime:0.004497s ]
INFO: [ view_filter ] --END-- [ RunTime:0.021891s ]
INFO: [ view_end ] --START--
INFO: ShowPageTrace Behavior ::run [ RunTime:0.009251s ]
INFO: [ view_end ] --END-- [ RunTime:0.009594s ]

[ 2016-10-10T11:41:55+08:00 ] 192.168.33.1 /Home/Detail/clicknum/id/15.html
INFO: [ route_check ] --START--
INFO: CheckRoute Behavior ::run [ RunTime:0.005375s ]
INFO: [ route_check ] --END-- [ RunTime:0.005532s ]
INFO: [ app_begin ] --START--
INFO: ReadHtmlCache Behavior ::run [ RunTime:0.003727s ]
INFO: [ app_begin ] --END-- [ RunTime:0.003867s ]
SQL: SHOW COLUMNS FROM `blog_content` [ RunTime:0.013224s ]
SQL: SELECT `click` FROM `blog_content` WHERE ( `id` = 15 ) LIMIT 1   [ RunTime:0.015238s ]
SQL: UPDATE `blog_content` SET `click`=click+1 WHERE ( `id` = 15 ) [ RunTime:0.020438s ]

[ 2016-10-10T11:46:44+08:00 ] 192.168.33.1 /15.html
INFO: [ route_check ] --START--
INFO: CheckRoute Behavior ::run [ RunTime:0.009549s ]
INFO: [ route_check ] --END-- [ RunTime:0.009644s ]
INFO: [ app_begin ] --START--
INFO: ReadHtmlCache Behavior ::run [ RunTime:0.006971s ]
INFO: [ app_begin ] --END-- [ RunTime:0.007296s ]
SQL: SHOW COLUMNS FROM `blog_content` [ RunTime:0.045862s ]
SQL: SELECT * FROM `blog_content` WHERE ( `id` = 15 ) LIMIT 1   [ RunTime:0.120703s ]
SQL: SHOW COLUMNS FROM `blog_cate` [ RunTime:0.014377s ]
SQL: SELECT * FROM `blog_cate`  [ RunTime:0.015741s ]
SQL: SHOW COLUMNS FROM `blog_evaluate` [ RunTime:0.017838s ]
SQL: SELECT COUNT(*) AS tp_count FROM `blog_evaluate` WHERE ( `target_uid` = 15 ) AND ( `target_id` = 0 ) LIMIT 1   [ RunTime:0.021464s ]
SQL: SELECT * FROM `blog_evaluate` WHERE ( `target_uid` = 15 ) AND ( `target_id` = 0 ) LIMIT 0,5   [ RunTime:0.017500s ]
INFO: [ view_parse ] --START--
NOTIC: [8] Undefined variable: title /data/www/blog/App/Runtime/Cache/Home/0e5084fc0722bdeca7772e9f1781d893.php 第 8 行.
SQL: SHOW COLUMNS FROM `blog_cate` [ RunTime:0.021788s ]
SQL: SELECT * FROM `blog_cate` WHERE ( `is_show` = 1 ) ORDER BY sort ASC LIMIT 100   [ RunTime:0.009318s ]
SQL: SELECT * FROM `blog_evaluate` WHERE (  ( `target_uid` = '15' ) AND ( `target_id` = 0 ) AND ( `status` = 0 ) ) LIMIT 0,5   [ RunTime:0.013563s ]
SQL: SHOW COLUMNS FROM `blog_member` [ RunTime:0.021200s ]
SQL: SELECT `top_pic` FROM `blog_member` WHERE ( `member_id` = 2 ) LIMIT 1   [ RunTime:0.021612s ]
SQL: SELECT `member_name` FROM `blog_member` WHERE ( `member_id` = 2 ) LIMIT 1   [ RunTime:0.009969s ]
SQL: SELECT `top_pic` FROM `blog_member` WHERE ( `member_id` = 2 ) LIMIT 1   [ RunTime:0.016391s ]
SQL: SELECT `member_name` FROM `blog_member` WHERE ( `member_id` = 2 ) LIMIT 1   [ RunTime:0.022600s ]
NOTIC: [8] Undefined index: uid /data/www/blog/App/Runtime/Cache/Home/f1105984bfefe3f9c6c6b0aed51b5873.php 第 25 行.
SQL: SELECT `id`,`title`,`click` FROM `blog_content` ORDER BY click desc LIMIT 5   [ RunTime:0.023571s ]
NOTIC: [8] Undefined variable: order /data/www/blog/App/Runtime/Cache/Home/82fde19a6a150571f89c227782947b1d.php 第 3 行.
SQL: SELECT `id`,`title`,`click` FROM `blog_content` ORDER BY add_time desc LIMIT 5   [ RunTime:0.018611s ]
NOTIC: [8] Undefined variable: order /data/www/blog/App/Runtime/Cache/Home/82fde19a6a150571f89c227782947b1d.php 第 3 行.
SQL: SHOW COLUMNS FROM `blog_link` [ RunTime:0.020329s ]
SQL: SELECT `name`,`link` FROM `blog_link` ORDER BY sort  [ RunTime:0.024335s ]
INFO: ParseTemplate Behavior ::run [ RunTime:0.408295s ]
INFO: [ view_parse ] --END-- [ RunTime:0.408506s ]
INFO: [ view_filter ] --START--
INFO: ContentReplace Behavior ::run [ RunTime:0.005834s ]
INFO: TokenBuild Behavior ::run [ RunTime:0.003801s ]
INFO: WriteHtmlCache Behavior ::run [ RunTime:0.007192s ]
INFO: ShowRuntime Behavior ::run [ RunTime:0.006039s ]
INFO: [ view_filter ] --END-- [ RunTime:0.023415s ]
INFO: [ view_end ] --START--
INFO: ShowPageTrace Behavior ::run [ RunTime:0.008023s ]
INFO: [ view_end ] --END-- [ RunTime:0.008289s ]

[ 2016-10-10T11:46:44+08:00 ] 192.168.33.1 /Home/Detail/clicknum/id/15.html
INFO: [ route_check ] --START--
INFO: CheckRoute Behavior ::run [ RunTime:0.010814s ]
INFO: [ route_check ] --END-- [ RunTime:0.011082s ]
INFO: [ app_begin ] --START--
INFO: ReadHtmlCache Behavior ::run [ RunTime:0.011921s ]
INFO: [ app_begin ] --END-- [ RunTime:0.012133s ]
SQL: SHOW COLUMNS FROM `blog_content` [ RunTime:0.023513s ]
SQL: SELECT `click` FROM `blog_content` WHERE ( `id` = 15 ) LIMIT 1   [ RunTime:0.021442s ]
SQL: UPDATE `blog_content` SET `click`=click+1 WHERE ( `id` = 15 ) [ RunTime:0.038158s ]

[ 2016-10-10T11:48:13+08:00 ] 192.168.33.1 /15.html
INFO: [ route_check ] --START--
INFO: CheckRoute Behavior ::run [ RunTime:0.005786s ]
INFO: [ route_check ] --END-- [ RunTime:0.005966s ]
INFO: [ app_begin ] --START--
INFO: ReadHtmlCache Behavior ::run [ RunTime:0.006945s ]
INFO: [ app_begin ] --END-- [ RunTime:0.008381s ]
SQL: SHOW COLUMNS FROM `blog_content` [ RunTime:0.011513s ]
SQL: SELECT * FROM `blog_content` WHERE ( `id` = 15 ) LIMIT 1   [ RunTime:0.039602s ]
SQL: SHOW COLUMNS FROM `blog_cate` [ RunTime:0.010807s ]
SQL: SELECT * FROM `blog_cate`  [ RunTime:0.009862s ]
SQL: SHOW COLUMNS FROM `blog_evaluate` [ RunTime:0.014332s ]
SQL: SELECT COUNT(*) AS tp_count FROM `blog_evaluate` WHERE ( `target_uid` = 15 ) AND ( `target_id` = 0 ) LIMIT 1   [ RunTime:0.012226s ]
SQL: SELECT * FROM `blog_evaluate` WHERE ( `target_uid` = 15 ) AND ( `target_id` = 0 ) LIMIT 0,5   [ RunTime:0.010672s ]
INFO: [ view_parse ] --START--
NOTIC: [8] Undefined variable: title /data/www/blog/App/Runtime/Cache/Home/0e5084fc0722bdeca7772e9f1781d893.php 第 8 行.
SQL: SHOW COLUMNS FROM `blog_cate` [ RunTime:0.010745s ]
SQL: SELECT * FROM `blog_cate` WHERE ( `is_show` = 1 ) ORDER BY sort ASC LIMIT 100   [ RunTime:0.013880s ]
SQL: SELECT * FROM `blog_evaluate` WHERE (  ( `target_uid` = '15' ) AND ( `target_id` = 0 ) AND ( `status` = 0 ) ) LIMIT 0,5   [ RunTime:0.011577s ]
SQL: SHOW COLUMNS FROM `blog_member` [ RunTime:0.010770s ]
SQL: SELECT `top_pic` FROM `blog_member` WHERE ( `member_id` = 2 ) LIMIT 1   [ RunTime:0.013354s ]
SQL: SELECT `member_name` FROM `blog_member` WHERE ( `member_id` = 2 ) LIMIT 1   [ RunTime:0.009240s ]
SQL: SELECT `top_pic` FROM `blog_member` WHERE ( `member_id` = 2 ) LIMIT 1   [ RunTime:0.008406s ]
SQL: SELECT `member_name` FROM `blog_member` WHERE ( `member_id` = 2 ) LIMIT 1   [ RunTime:0.009390s ]
NOTIC: [8] Undefined index: uid /data/www/blog/App/Runtime/Cache/Home/f1105984bfefe3f9c6c6b0aed51b5873.php 第 25 行.
SQL: SELECT `id`,`title`,`click` FROM `blog_content` ORDER BY click desc LIMIT 5   [ RunTime:0.009292s ]
NOTIC: [8] Undefined variable: order /data/www/blog/App/Runtime/Cache/Home/82fde19a6a150571f89c227782947b1d.php 第 3 行.
SQL: SELECT `id`,`title`,`click` FROM `blog_content` ORDER BY add_time desc LIMIT 5   [ RunTime:0.010038s ]
NOTIC: [8] Undefined variable: order /data/www/blog/App/Runtime/Cache/Home/82fde19a6a150571f89c227782947b1d.php 第 3 行.
SQL: SHOW COLUMNS FROM `blog_link` [ RunTime:0.013249s ]
SQL: SELECT `name`,`link` FROM `blog_link` ORDER BY sort  [ RunTime:0.011524s ]
INFO: ParseTemplate Behavior ::run [ RunTime:0.340630s ]
INFO: [ view_parse ] --END-- [ RunTime:0.340784s ]
INFO: [ view_filter ] --START--
INFO: ContentReplace Behavior ::run [ RunTime:0.007219s ]
INFO: TokenBuild Behavior ::run [ RunTime:0.004545s ]
INFO: WriteHtmlCache Behavior ::run [ RunTime:0.007805s ]
INFO: ShowRuntime Behavior ::run [ RunTime:0.005892s ]
INFO: [ view_filter ] --END-- [ RunTime:0.026026s ]
INFO: [ view_end ] --START--
INFO: ShowPageTrace Behavior ::run [ RunTime:0.006148s ]
INFO: [ view_end ] --END-- [ RunTime:0.007438s ]

[ 2016-10-10T11:48:14+08:00 ] 192.168.33.1 /Home/Detail/clicknum/id/15.html
INFO: [ route_check ] --START--
INFO: CheckRoute Behavior ::run [ RunTime:0.006207s ]
INFO: [ route_check ] --END-- [ RunTime:0.006357s ]
INFO: [ app_begin ] --START--
INFO: ReadHtmlCache Behavior ::run [ RunTime:0.005666s ]
INFO: [ app_begin ] --END-- [ RunTime:0.005888s ]
SQL: SHOW COLUMNS FROM `blog_content` [ RunTime:0.009272s ]
SQL: SELECT `click` FROM `blog_content` WHERE ( `id` = 15 ) LIMIT 1   [ RunTime:0.009198s ]
SQL: UPDATE `blog_content` SET `click`=click+1 WHERE ( `id` = 15 ) [ RunTime:0.020254s ]

[ 2016-10-10T11:49:43+08:00 ] 192.168.33.1 /15.html
INFO: [ route_check ] --START--
INFO: CheckRoute Behavior ::run [ RunTime:0.006633s ]
INFO: [ route_check ] --END-- [ RunTime:0.006777s ]
INFO: [ app_begin ] --START--
INFO: ReadHtmlCache Behavior ::run [ RunTime:0.009622s ]
INFO: [ app_begin ] --END-- [ RunTime:0.009784s ]
SQL: SHOW COLUMNS FROM `blog_content` [ RunTime:0.012707s ]
SQL: SELECT * FROM `blog_content` WHERE ( `id` = 15 ) LIMIT 1   [ RunTime:0.038952s ]
SQL: SHOW COLUMNS FROM `blog_cate` [ RunTime:0.013622s ]
SQL: SELECT * FROM `blog_cate`  [ RunTime:0.010162s ]
SQL: SHOW COLUMNS FROM `blog_evaluate` [ RunTime:0.018602s ]
SQL: SELECT COUNT(*) AS tp_count FROM `blog_evaluate` WHERE ( `target_uid` = 15 ) AND ( `target_id` = 0 ) LIMIT 1   [ RunTime:0.011327s ]
SQL: SELECT * FROM `blog_evaluate` WHERE ( `target_uid` = 15 ) AND ( `target_id` = 0 ) LIMIT 0,5   [ RunTime:0.026271s ]
INFO: [ view_parse ] --START--
NOTIC: [8] Undefined variable: title /data/www/blog/App/Runtime/Cache/Home/0e5084fc0722bdeca7772e9f1781d893.php 第 8 行.
SQL: SHOW COLUMNS FROM `blog_cate` [ RunTime:0.042038s ]
SQL: SELECT * FROM `blog_cate` WHERE ( `is_show` = 1 ) ORDER BY sort ASC LIMIT 100   [ RunTime:0.013819s ]
SQL: SELECT * FROM `blog_evaluate` WHERE (  ( `target_uid` = '15' ) AND ( `target_id` = 0 ) AND ( `status` = 0 ) ) LIMIT 0,5   [ RunTime:0.010951s ]
SQL: SHOW COLUMNS FROM `blog_member` [ RunTime:0.010327s ]
SQL: SELECT `top_pic` FROM `blog_member` WHERE ( `member_id` = 2 ) LIMIT 1   [ RunTime:0.011807s ]
SQL: SELECT `member_name` FROM `blog_member` WHERE ( `member_id` = 2 ) LIMIT 1   [ RunTime:0.009453s ]
SQL: SELECT `top_pic` FROM `blog_member` WHERE ( `member_id` = 2 ) LIMIT 1   [ RunTime:0.011412s ]
SQL: SELECT `member_name` FROM `blog_member` WHERE ( `member_id` = 2 ) LIMIT 1   [ RunTime:0.012203s ]
NOTIC: [8] Undefined index: uid /data/www/blog/App/Runtime/Cache/Home/f1105984bfefe3f9c6c6b0aed51b5873.php 第 25 行.
SQL: SELECT `id`,`title`,`click` FROM `blog_content` ORDER BY click desc LIMIT 5   [ RunTime:0.009344s ]
NOTIC: [8] Undefined variable: order /data/www/blog/App/Runtime/Cache/Home/82fde19a6a150571f89c227782947b1d.php 第 3 行.
SQL: SELECT `id`,`title`,`click` FROM `blog_content` ORDER BY add_time desc LIMIT 5   [ RunTime:0.012657s ]
NOTIC: [8] Undefined variable: order /data/www/blog/App/Runtime/Cache/Home/82fde19a6a150571f89c227782947b1d.php 第 3 行.
SQL: SHOW COLUMNS FROM `blog_link` [ RunTime:0.009304s ]
SQL: SELECT `name`,`link` FROM `blog_link` ORDER BY sort  [ RunTime:0.012729s ]
INFO: ParseTemplate Behavior ::run [ RunTime:0.356780s ]
INFO: [ view_parse ] --END-- [ RunTime:0.356976s ]
INFO: [ view_filter ] --START--
INFO: ContentReplace Behavior ::run [ RunTime:0.006202s ]
INFO: TokenBuild Behavior ::run [ RunTime:0.004384s ]
INFO: WriteHtmlCache Behavior ::run [ RunTime:0.011374s ]
INFO: ShowRuntime Behavior ::run [ RunTime:0.004537s ]
INFO: [ view_filter ] --END-- [ RunTime:0.027072s ]
INFO: [ view_end ] --START--
INFO: ShowPageTrace Behavior ::run [ RunTime:0.011173s ]
INFO: [ view_end ] --END-- [ RunTime:0.013056s ]

[ 2016-10-10T11:49:44+08:00 ] 192.168.33.1 /Home/Detail/clicknum/id/15.html
INFO: [ route_check ] --START--
INFO: CheckRoute Behavior ::run [ RunTime:0.004286s ]
INFO: [ route_check ] --END-- [ RunTime:0.004454s ]
INFO: [ app_begin ] --START--
INFO: ReadHtmlCache Behavior ::run [ RunTime:0.004250s ]
INFO: [ app_begin ] --END-- [ RunTime:0.004409s ]
SQL: SHOW COLUMNS FROM `blog_content` [ RunTime:0.240044s ]
SQL: SELECT `click` FROM `blog_content` WHERE ( `id` = 15 ) LIMIT 1   [ RunTime:0.020338s ]
SQL: UPDATE `blog_content` SET `click`=click+1 WHERE ( `id` = 15 ) [ RunTime:0.048807s ]

[ 2016-10-10T11:52:43+08:00 ] 192.168.33.1 /15.html
INFO: [ route_check ] --START--
INFO: CheckRoute Behavior ::run [ RunTime:0.005921s ]
INFO: [ route_check ] --END-- [ RunTime:0.006107s ]
INFO: [ app_begin ] --START--
INFO: ReadHtmlCache Behavior ::run [ RunTime:0.007821s ]
INFO: [ app_begin ] --END-- [ RunTime:0.007969s ]
SQL: SHOW COLUMNS FROM `blog_content` [ RunTime:0.021988s ]
SQL: SELECT * FROM `blog_content` WHERE ( `id` = 15 ) LIMIT 1   [ RunTime:0.066422s ]
SQL: SHOW COLUMNS FROM `blog_cate` [ RunTime:0.013802s ]
SQL: SELECT * FROM `blog_cate`  [ RunTime:0.012996s ]
SQL: SHOW COLUMNS FROM `blog_evaluate` [ RunTime:0.011052s ]
SQL: SELECT COUNT(*) AS tp_count FROM `blog_evaluate` WHERE ( `target_uid` = 15 ) AND ( `target_id` = 0 ) LIMIT 1   [ RunTime:0.010854s ]
SQL: SELECT * FROM `blog_evaluate` WHERE ( `target_uid` = 15 ) AND ( `target_id` = 0 ) LIMIT 0,5   [ RunTime:0.016648s ]
INFO: [ view_parse ] --START--
NOTIC: [8] Undefined variable: title /data/www/blog/App/Runtime/Cache/Home/0e5084fc0722bdeca7772e9f1781d893.php 第 8 行.
SQL: SHOW COLUMNS FROM `blog_cate` [ RunTime:0.012013s ]
SQL: SELECT * FROM `blog_cate` WHERE ( `is_show` = 1 ) ORDER BY sort ASC LIMIT 100   [ RunTime:0.010371s ]
SQL: SELECT * FROM `blog_evaluate` WHERE (  ( `target_uid` = '15' ) AND ( `target_id` = 0 ) AND ( `status` = 0 ) ) LIMIT 0,5   [ RunTime:0.010711s ]
SQL: SHOW COLUMNS FROM `blog_member` [ RunTime:0.012984s ]
SQL: SELECT `top_pic` FROM `blog_member` WHERE ( `member_id` = 2 ) LIMIT 1   [ RunTime:0.010806s ]
SQL: SELECT `member_name` FROM `blog_member` WHERE ( `member_id` = 2 ) LIMIT 1   [ RunTime:0.025450s ]
SQL: SELECT `top_pic` FROM `blog_member` WHERE ( `member_id` = 2 ) LIMIT 1   [ RunTime:0.018233s ]
SQL: SELECT `member_name` FROM `blog_member` WHERE ( `member_id` = 2 ) LIMIT 1   [ RunTime:0.016864s ]
NOTIC: [8] Undefined index: uid /data/www/blog/App/Runtime/Cache/Home/f1105984bfefe3f9c6c6b0aed51b5873.php 第 25 行.
SQL: SELECT `id`,`title`,`click` FROM `blog_content` ORDER BY click desc LIMIT 5   [ RunTime:0.026554s ]
NOTIC: [8] Undefined variable: order /data/www/blog/App/Runtime/Cache/Home/82fde19a6a150571f89c227782947b1d.php 第 3 行.
SQL: SELECT `id`,`title`,`click` FROM `blog_content` ORDER BY add_time desc LIMIT 5   [ RunTime:0.020720s ]
NOTIC: [8] Undefined variable: order /data/www/blog/App/Runtime/Cache/Home/82fde19a6a150571f89c227782947b1d.php 第 3 行.
SQL: SHOW COLUMNS FROM `blog_link` [ RunTime:0.023297s ]
SQL: SELECT `name`,`link` FROM `blog_link` ORDER BY sort  [ RunTime:0.023514s ]
INFO: ParseTemplate Behavior ::run [ RunTime:0.416638s ]
INFO: [ view_parse ] --END-- [ RunTime:0.416788s ]
INFO: [ view_filter ] --START--
INFO: ContentReplace Behavior ::run [ RunTime:0.004130s ]
INFO: TokenBuild Behavior ::run [ RunTime:0.006514s ]
INFO: WriteHtmlCache Behavior ::run [ RunTime:0.006799s ]
INFO: ShowRuntime Behavior ::run [ RunTime:0.003736s ]
INFO: [ view_filter ] --END-- [ RunTime:0.021673s ]
INFO: [ view_end ] --START--
INFO: ShowPageTrace Behavior ::run [ RunTime:0.007747s ]
INFO: [ view_end ] --END-- [ RunTime:0.008574s ]

[ 2016-10-10T11:52:44+08:00 ] 192.168.33.1 /Home/Detail/clicknum/id/15.html
INFO: [ route_check ] --START--
INFO: CheckRoute Behavior ::run [ RunTime:0.005063s ]
INFO: [ route_check ] --END-- [ RunTime:0.005221s ]
INFO: [ app_begin ] --START--
INFO: ReadHtmlCache Behavior ::run [ RunTime:0.004767s ]
INFO: [ app_begin ] --END-- [ RunTime:0.004947s ]
SQL: SHOW COLUMNS FROM `blog_content` [ RunTime:0.010751s ]
SQL: SELECT `click` FROM `blog_content` WHERE ( `id` = 15 ) LIMIT 1   [ RunTime:0.009045s ]
SQL: UPDATE `blog_content` SET `click`=click+1 WHERE ( `id` = 15 ) [ RunTime:0.021422s ]

[ 2016-10-10T11:53:45+08:00 ] 192.168.33.1 /c_1.html
INFO: [ route_check ] --START--
INFO: CheckRoute Behavior ::run [ RunTime:0.005267s ]
INFO: [ route_check ] --END-- [ RunTime:0.005413s ]
INFO: [ app_begin ] --START--
INFO: ReadHtmlCache Behavior ::run [ RunTime:0.004293s ]
INFO: [ app_begin ] --END-- [ RunTime:0.004433s ]
SQL: SHOW COLUMNS FROM `blog_cate` [ RunTime:0.013416s ]
SQL: SELECT * FROM `blog_cate`  [ RunTime:0.010483s ]
SQL: SHOW COLUMNS FROM `blog_content` [ RunTime:0.013789s ]
SQL: SELECT COUNT(*) AS tp_count FROM `blog_content` WHERE ( `cate_id` IN ('8','14',1) ) AND ( `status` = 0 ) LIMIT 1   [ RunTime:0.008525s ]
SQL: SHOW COLUMNS FROM `blog_content` [ RunTime:0.010917s ]
SQL: SHOW COLUMNS FROM `blog_cate` [ RunTime:0.017789s ]
SQL: SELECT content.id AS id,content.title AS title,content.add_time AS add_time,content.click AS click,content.summary AS summary,cate.name AS name FROM blog_content content LEFT JOIN blog_cate cate ON content.cate_id=cate.id WHERE ( `cate_id` IN ('8','14',1) ) AND ( `status` = 0 ) LIMIT 0,10   [ RunTime:0.009332s ]
INFO: [ view_parse ] --START--
NOTIC: [8] Undefined variable: keywords /data/www/blog/App/Runtime/Cache/Home/c70af6b6ea223e6cdcbed0b6f0c7869d.php 第 6 行.
NOTIC: [8] Undefined variable: description /data/www/blog/App/Runtime/Cache/Home/c70af6b6ea223e6cdcbed0b6f0c7869d.php 第 7 行.
NOTIC: [8] Undefined variable: title /data/www/blog/App/Runtime/Cache/Home/c70af6b6ea223e6cdcbed0b6f0c7869d.php 第 8 行.
SQL: SELECT * FROM `blog_cate` WHERE ( `is_show` = 1 ) ORDER BY sort ASC LIMIT 100   [ RunTime:0.009210s ]
SQL: SELECT `id`,`title`,`click` FROM `blog_content` ORDER BY click desc LIMIT 5   [ RunTime:0.011270s ]
NOTIC: [8] Undefined variable: order /data/www/blog/App/Runtime/Cache/Home/82fde19a6a150571f89c227782947b1d.php 第 3 行.
SQL: SELECT `id`,`title`,`click` FROM `blog_content` ORDER BY add_time desc LIMIT 5   [ RunTime:0.009213s ]
NOTIC: [8] Undefined variable: order /data/www/blog/App/Runtime/Cache/Home/82fde19a6a150571f89c227782947b1d.php 第 3 行.
SQL: SHOW COLUMNS FROM `blog_link` [ RunTime:0.016319s ]
SQL: SELECT `name`,`link` FROM `blog_link` ORDER BY sort  [ RunTime:0.013255s ]
INFO: ParseTemplate Behavior ::run [ RunTime:0.213704s ]
INFO: [ view_parse ] --END-- [ RunTime:0.213901s ]
INFO: [ view_filter ] --START--
INFO: ContentReplace Behavior ::run [ RunTime:0.003507s ]
INFO: TokenBuild Behavior ::run [ RunTime:0.004063s ]
INFO: WriteHtmlCache Behavior ::run [ RunTime:0.006314s ]
INFO: ShowRuntime Behavior ::run [ RunTime:0.004591s ]
INFO: [ view_filter ] --END-- [ RunTime:0.018810s ]
INFO: [ view_end ] --START--
INFO: ShowPageTrace Behavior ::run [ RunTime:0.006074s ]
INFO: [ view_end ] --END-- [ RunTime:0.006318s ]

[ 2016-10-10T11:53:47+08:00 ] 192.168.33.1 /c_12.html
INFO: [ route_check ] --START--
INFO: CheckRoute Behavior ::run [ RunTime:0.004541s ]
INFO: [ route_check ] --END-- [ RunTime:0.004708s ]
INFO: [ app_begin ] --START--
INFO: ReadHtmlCache Behavior ::run [ RunTime:0.004137s ]
INFO: [ app_begin ] --END-- [ RunTime:0.004268s ]
SQL: SHOW COLUMNS FROM `blog_cate` [ RunTime:0.017943s ]
SQL: SELECT * FROM `blog_cate`  [ RunTime:0.009110s ]
SQL: SHOW COLUMNS FROM `blog_content` [ RunTime:0.011376s ]
SQL: SELECT COUNT(*) AS tp_count FROM `blog_content` WHERE ( `cate_id` IN (12) ) AND ( `status` = 0 ) LIMIT 1   [ RunTime:0.024192s ]
SQL: SHOW COLUMNS FROM `blog_content` [ RunTime:0.009638s ]
SQL: SHOW COLUMNS FROM `blog_cate` [ RunTime:0.016628s ]
SQL: SELECT content.id AS id,content.title AS title,content.add_time AS add_time,content.click AS click,content.summary AS summary,cate.name AS name FROM blog_content content LEFT JOIN blog_cate cate ON content.cate_id=cate.id WHERE ( `cate_id` IN (12) ) AND ( `status` = 0 ) LIMIT 0,10   [ RunTime:0.011626s ]
INFO: [ view_parse ] --START--
NOTIC: [8] Undefined variable: keywords /data/www/blog/App/Runtime/Cache/Home/c70af6b6ea223e6cdcbed0b6f0c7869d.php 第 6 行.
NOTIC: [8] Undefined variable: description /data/www/blog/App/Runtime/Cache/Home/c70af6b6ea223e6cdcbed0b6f0c7869d.php 第 7 行.
NOTIC: [8] Undefined variable: title /data/www/blog/App/Runtime/Cache/Home/c70af6b6ea223e6cdcbed0b6f0c7869d.php 第 8 行.
SQL: SELECT * FROM `blog_cate` WHERE ( `is_show` = 1 ) ORDER BY sort ASC LIMIT 100   [ RunTime:0.023756s ]
SQL: SELECT `id`,`title`,`click` FROM `blog_content` ORDER BY click desc LIMIT 5   [ RunTime:0.021403s ]
NOTIC: [8] Undefined variable: order /data/www/blog/App/Runtime/Cache/Home/82fde19a6a150571f89c227782947b1d.php 第 3 行.
SQL: SELECT `id`,`title`,`click` FROM `blog_content` ORDER BY add_time desc LIMIT 5   [ RunTime:0.010292s ]
NOTIC: [8] Undefined variable: order /data/www/blog/App/Runtime/Cache/Home/82fde19a6a150571f89c227782947b1d.php 第 3 行.
SQL: SHOW COLUMNS FROM `blog_link` [ RunTime:0.019292s ]
SQL: SELECT `name`,`link` FROM `blog_link` ORDER BY sort  [ RunTime:0.013059s ]
INFO: ParseTemplate Behavior ::run [ RunTime:0.233496s ]
INFO: [ view_parse ] --END-- [ RunTime:0.233693s ]
INFO: [ view_filter ] --START--
INFO: ContentReplace Behavior ::run [ RunTime:0.007760s ]
INFO: TokenBuild Behavior ::run [ RunTime:0.003924s ]
INFO: WriteHtmlCache Behavior ::run [ RunTime:0.003287s ]
INFO: ShowRuntime Behavior ::run [ RunTime:0.004863s ]
INFO: [ view_filter ] --END-- [ RunTime:0.020262s ]
INFO: [ view_end ] --START--
INFO: ShowPageTrace Behavior ::run [ RunTime:0.004470s ]
INFO: [ view_end ] --END-- [ RunTime:0.004628s ]

[ 2016-10-10T11:53:50+08:00 ] 192.168.33.1 /c_17.html
INFO: [ route_check ] --START--
INFO: CheckRoute Behavior ::run [ RunTime:0.005778s ]
INFO: [ route_check ] --END-- [ RunTime:0.006612s ]
INFO: [ app_begin ] --START--
INFO: ReadHtmlCache Behavior ::run [ RunTime:0.004030s ]
INFO: [ app_begin ] --END-- [ RunTime:0.004334s ]
SQL: SHOW COLUMNS FROM `blog_cate` [ RunTime:0.018503s ]
SQL: SELECT * FROM `blog_cate`  [ RunTime:0.037431s ]
SQL: SHOW COLUMNS FROM `blog_content` [ RunTime:0.021657s ]
SQL: SELECT COUNT(*) AS tp_count FROM `blog_content` WHERE ( `cate_id` IN (17) ) AND ( `status` = 0 ) LIMIT 1   [ RunTime:0.021630s ]
SQL: SHOW COLUMNS FROM `blog_content` [ RunTime:0.019991s ]
SQL: SHOW COLUMNS FROM `blog_cate` [ RunTime:0.051032s ]
SQL: SELECT content.id AS id,content.title AS title,content.add_time AS add_time,content.click AS click,content.summary AS summary,cate.name AS name FROM blog_content content LEFT JOIN blog_cate cate ON content.cate_id=cate.id WHERE ( `cate_id` IN (17) ) AND ( `status` = 0 ) LIMIT 0,10   [ RunTime:0.022786s ]
INFO: [ view_parse ] --START--
NOTIC: [8] Undefined variable: keywords /data/www/blog/App/Runtime/Cache/Home/c70af6b6ea223e6cdcbed0b6f0c7869d.php 第 6 行.
NOTIC: [8] Undefined variable: description /data/www/blog/App/Runtime/Cache/Home/c70af6b6ea223e6cdcbed0b6f0c7869d.php 第 7 行.
NOTIC: [8] Undefined variable: title /data/www/blog/App/Runtime/Cache/Home/c70af6b6ea223e6cdcbed0b6f0c7869d.php 第 8 行.
SQL: SELECT * FROM `blog_cate` WHERE ( `is_show` = 1 ) ORDER BY sort ASC LIMIT 100   [ RunTime:0.015369s ]
SQL: SELECT `id`,`title`,`click` FROM `blog_content` ORDER BY click desc LIMIT 5   [ RunTime:0.227157s ]
NOTIC: [8] Undefined variable: order /data/www/blog/App/Runtime/Cache/Home/82fde19a6a150571f89c227782947b1d.php 第 3 行.
SQL: SELECT `id`,`title`,`click` FROM `blog_content` ORDER BY add_time desc LIMIT 5   [ RunTime:0.024959s ]
NOTIC: [8] Undefined variable: order /data/www/blog/App/Runtime/Cache/Home/82fde19a6a150571f89c227782947b1d.php 第 3 行.
SQL: SHOW COLUMNS FROM `blog_link` [ RunTime:0.026819s ]
SQL: SELECT `name`,`link` FROM `blog_link` ORDER BY sort  [ RunTime:0.023396s ]
INFO: ParseTemplate Behavior ::run [ RunTime:0.457964s ]
INFO: [ view_parse ] --END-- [ RunTime:0.458113s ]
INFO: [ view_filter ] --START--
INFO: ContentReplace Behavior ::run [ RunTime:0.004396s ]
INFO: TokenBuild Behavior ::run [ RunTime:0.005692s ]
INFO: WriteHtmlCache Behavior ::run [ RunTime:0.003829s ]
INFO: ShowRuntime Behavior ::run [ RunTime:0.003721s ]
INFO: [ view_filter ] --END-- [ RunTime:0.018065s ]
INFO: [ view_end ] --START--
INFO: ShowPageTrace Behavior ::run [ RunTime:0.006568s ]
INFO: [ view_end ] --END-- [ RunTime:0.006884s ]

[ 2016-10-10T11:53:55+08:00 ] 192.168.33.1 /c_9.html
INFO: [ route_check ] --START--
INFO: CheckRoute Behavior ::run [ RunTime:0.005038s ]
INFO: [ route_check ] --END-- [ RunTime:0.005172s ]
INFO: [ app_begin ] --START--
INFO: ReadHtmlCache Behavior ::run [ RunTime:0.004405s ]
INFO: [ app_begin ] --END-- [ RunTime:0.004588s ]
SQL: SHOW COLUMNS FROM `blog_cate` [ RunTime:0.010379s ]
SQL: SELECT * FROM `blog_cate`  [ RunTime:0.010540s ]
SQL: SHOW COLUMNS FROM `blog_content` [ RunTime:0.020670s ]
SQL: SELECT COUNT(*) AS tp_count FROM `blog_content` WHERE ( `cate_id` IN (9) ) AND ( `status` = 0 ) LIMIT 1   [ RunTime:0.008862s ]
SQL: SHOW COLUMNS FROM `blog_content` [ RunTime:0.010606s ]
SQL: SHOW COLUMNS FROM `blog_cate` [ RunTime:0.009666s ]
SQL: SELECT content.id AS id,content.title AS title,content.add_time AS add_time,content.click AS click,content.summary AS summary,cate.name AS name FROM blog_content content LEFT JOIN blog_cate cate ON content.cate_id=cate.id WHERE ( `cate_id` IN (9) ) AND ( `status` = 0 ) LIMIT 0,10   [ RunTime:0.010333s ]
INFO: [ view_parse ] --START--
NOTIC: [8] Undefined variable: keywords /data/www/blog/App/Runtime/Cache/Home/c70af6b6ea223e6cdcbed0b6f0c7869d.php 第 6 行.
NOTIC: [8] Undefined variable: description /data/www/blog/App/Runtime/Cache/Home/c70af6b6ea223e6cdcbed0b6f0c7869d.php 第 7 行.
NOTIC: [8] Undefined variable: title /data/www/blog/App/Runtime/Cache/Home/c70af6b6ea223e6cdcbed0b6f0c7869d.php 第 8 行.
SQL: SELECT * FROM `blog_cate` WHERE ( `is_show` = 1 ) ORDER BY sort ASC LIMIT 100   [ RunTime:0.010310s ]
SQL: SELECT `id`,`title`,`click` FROM `blog_content` ORDER BY click desc LIMIT 5   [ RunTime:0.010216s ]
NOTIC: [8] Undefined variable: order /data/www/blog/App/Runtime/Cache/Home/82fde19a6a150571f89c227782947b1d.php 第 3 行.
SQL: SELECT `id`,`title`,`click` FROM `blog_content` ORDER BY add_time desc LIMIT 5   [ RunTime:0.010340s ]
NOTIC: [8] Undefined variable: order /data/www/blog/App/Runtime/Cache/Home/82fde19a6a150571f89c227782947b1d.php 第 3 行.
SQL: SHOW COLUMNS FROM `blog_link` [ RunTime:0.013656s ]
SQL: SELECT `name`,`link` FROM `blog_link` ORDER BY sort  [ RunTime:0.010338s ]
INFO: ParseTemplate Behavior ::run [ RunTime:0.190022s ]
INFO: [ view_parse ] --END-- [ RunTime:0.190176s ]
INFO: [ view_filter ] --START--
INFO: ContentReplace Behavior ::run [ RunTime:0.004688s ]
INFO: TokenBuild Behavior ::run [ RunTime:0.002937s ]
INFO: WriteHtmlCache Behavior ::run [ RunTime:0.003573s ]
INFO: ShowRuntime Behavior ::run [ RunTime:0.003427s ]
INFO: [ view_filter ] --END-- [ RunTime:0.015130s ]
INFO: [ view_end ] --START--
INFO: ShowPageTrace Behavior ::run [ RunTime:0.004571s ]
INFO: [ view_end ] --END-- [ RunTime:0.004698s ]

[ 2016-10-10T11:58:39+08:00 ] 192.168.33.1 /15.html
INFO: [ route_check ] --START--
INFO: CheckRoute Behavior ::run [ RunTime:0.009759s ]
INFO: [ route_check ] --END-- [ RunTime:0.009900s ]
INFO: [ app_begin ] --START--
INFO: ReadHtmlCache Behavior ::run [ RunTime:0.006552s ]
INFO: [ app_begin ] --END-- [ RunTime:0.006700s ]
SQL: SHOW COLUMNS FROM `blog_content` [ RunTime:0.049671s ]
SQL: SELECT * FROM `blog_content` WHERE ( `id` = 15 ) LIMIT 1   [ RunTime:0.716685s ]
SQL: SHOW COLUMNS FROM `blog_cate` [ RunTime:0.176997s ]
SQL: SELECT * FROM `blog_cate`  [ RunTime:0.050733s ]
SQL: SHOW COLUMNS FROM `blog_evaluate` [ RunTime:0.041568s ]
SQL: SELECT COUNT(*) AS tp_count FROM `blog_evaluate` WHERE ( `target_uid` = 15 ) AND ( `target_id` = 0 ) LIMIT 1   [ RunTime:0.076663s ]
SQL: SELECT * FROM `blog_evaluate` WHERE ( `target_uid` = 15 ) AND ( `target_id` = 0 ) LIMIT 0,5   [ RunTime:0.073357s ]
INFO: [ view_parse ] --START--
NOTIC: [8] Undefined variable: title /data/www/blog/App/Runtime/Cache/Home/0e5084fc0722bdeca7772e9f1781d893.php 第 8 行.
SQL: SHOW COLUMNS FROM `blog_cate` [ RunTime:0.044524s ]
SQL: SELECT * FROM `blog_cate` WHERE ( `is_show` = 1 ) ORDER BY sort ASC LIMIT 100   [ RunTime:0.018185s ]
SQL: SELECT * FROM `blog_evaluate` WHERE (  ( `target_uid` = '15' ) AND ( `target_id` = 0 ) AND ( `status` = 0 ) ) LIMIT 0,5   [ RunTime:0.073211s ]
SQL: SHOW COLUMNS FROM `blog_member` [ RunTime:0.043457s ]
SQL: SELECT `top_pic` FROM `blog_member` WHERE ( `member_id` = 2 ) LIMIT 1   [ RunTime:0.056045s ]
SQL: SELECT `member_name` FROM `blog_member` WHERE ( `member_id` = 2 ) LIMIT 1   [ RunTime:0.100329s ]
SQL: SELECT `top_pic` FROM `blog_member` WHERE ( `member_id` = 2 ) LIMIT 1   [ RunTime:0.114077s ]
SQL: SELECT `member_name` FROM `blog_member` WHERE ( `member_id` = 2 ) LIMIT 1   [ RunTime:0.078056s ]
NOTIC: [8] Undefined index: uid /data/www/blog/App/Runtime/Cache/Home/f1105984bfefe3f9c6c6b0aed51b5873.php 第 25 行.
SQL: SELECT `id`,`title`,`click` FROM `blog_content` ORDER BY click desc LIMIT 5   [ RunTime:0.060682s ]
NOTIC: [8] Undefined variable: order /data/www/blog/App/Runtime/Cache/Home/82fde19a6a150571f89c227782947b1d.php 第 3 行.
SQL: SELECT `id`,`title`,`click` FROM `blog_content` ORDER BY add_time desc LIMIT 5   [ RunTime:0.092981s ]
NOTIC: [8] Undefined variable: order /data/www/blog/App/Runtime/Cache/Home/82fde19a6a150571f89c227782947b1d.php 第 3 行.
SQL: SHOW COLUMNS FROM `blog_link` [ RunTime:0.066280s ]
SQL: SELECT `name`,`link` FROM `blog_link` ORDER BY sort  [ RunTime:0.598952s ]
INFO: ParseTemplate Behavior ::run [ RunTime:1.528173s ]
INFO: [ view_parse ] --END-- [ RunTime:1.528318s ]
INFO: [ view_filter ] --START--
INFO: ContentReplace Behavior ::run [ RunTime:0.003734s ]
INFO: TokenBuild Behavior ::run [ RunTime:0.003405s ]
INFO: WriteHtmlCache Behavior ::run [ RunTime:0.006713s ]
INFO: ShowRuntime Behavior ::run [ RunTime:0.004023s ]
INFO: [ view_filter ] --END-- [ RunTime:0.018272s ]
INFO: [ view_end ] --START--
INFO: ShowPageTrace Behavior ::run [ RunTime:0.006127s ]
INFO: [ view_end ] --END-- [ RunTime:0.007681s ]

[ 2016-10-10T11:58:39+08:00 ] 192.168.33.1 /Home/Detail/clicknum/id/15.html
INFO: [ route_check ] --START--
INFO: CheckRoute Behavior ::run [ RunTime:0.005652s ]
INFO: [ route_check ] --END-- [ RunTime:0.005833s ]
INFO: [ app_begin ] --START--
INFO: ReadHtmlCache Behavior ::run [ RunTime:0.004233s ]
INFO: [ app_begin ] --END-- [ RunTime:0.005206s ]
SQL: SHOW COLUMNS FROM `blog_content` [ RunTime:0.094834s ]
SQL: SELECT `click` FROM `blog_content` WHERE ( `id` = 15 ) LIMIT 1   [ RunTime:0.051855s ]
SQL: UPDATE `blog_content` SET `click`=click+1 WHERE ( `id` = 15 ) [ RunTime:0.070801s ]

[ 2016-10-10T12:02:12+08:00 ] 192.168.33.1 /15.html
INFO: [ route_check ] --START--
INFO: CheckRoute Behavior ::run [ RunTime:0.038284s ]
INFO: [ route_check ] --END-- [ RunTime:0.049856s ]
INFO: [ app_begin ] --START--
INFO: ReadHtmlCache Behavior ::run [ RunTime:0.031631s ]
INFO: [ app_begin ] --END-- [ RunTime:0.031880s ]
SQL: SHOW COLUMNS FROM `blog_content` [ RunTime:0.018051s ]
SQL: SELECT * FROM `blog_content` WHERE ( `id` = 15 ) LIMIT 1   [ RunTime:0.051323s ]
SQL: SHOW COLUMNS FROM `blog_cate` [ RunTime:0.013880s ]
SQL: SELECT * FROM `blog_cate`  [ RunTime:0.014551s ]
SQL: SHOW COLUMNS FROM `blog_evaluate` [ RunTime:0.014024s ]
SQL: SELECT COUNT(*) AS tp_count FROM `blog_evaluate` WHERE ( `target_uid` = 15 ) AND ( `target_id` = 0 ) LIMIT 1   [ RunTime:0.012215s ]
SQL: SELECT * FROM `blog_evaluate` WHERE ( `target_uid` = 15 ) AND ( `target_id` = 0 ) LIMIT 0,5   [ RunTime:0.021672s ]
INFO: [ view_parse ] --START--
NOTIC: [8] Undefined variable: title /data/www/blog/App/Runtime/Cache/Home/0e5084fc0722bdeca7772e9f1781d893.php 第 8 行.
SQL: SHOW COLUMNS FROM `blog_cate` [ RunTime:0.017838s ]
SQL: SELECT * FROM `blog_cate` WHERE ( `is_show` = 1 ) ORDER BY sort ASC LIMIT 100   [ RunTime:0.016578s ]
SQL: SELECT * FROM `blog_evaluate` WHERE (  ( `target_uid` = '15' ) AND ( `target_id` = 0 ) AND ( `status` = 0 ) ) LIMIT 0,5   [ RunTime:0.026741s ]
SQL: SHOW COLUMNS FROM `blog_member` [ RunTime:0.010135s ]
SQL: SELECT `top_pic` FROM `blog_member` WHERE ( `member_id` = 2 ) LIMIT 1   [ RunTime:0.010361s ]
SQL: SELECT `member_name` FROM `blog_member` WHERE ( `member_id` = 2 ) LIMIT 1   [ RunTime:0.009158s ]
SQL: SELECT `top_pic` FROM `blog_member` WHERE ( `member_id` = 2 ) LIMIT 1   [ RunTime:0.011238s ]
SQL: SELECT `member_name` FROM `blog_member` WHERE ( `member_id` = 2 ) LIMIT 1   [ RunTime:0.015201s ]
NOTIC: [8] Undefined index: uid /data/www/blog/App/Runtime/Cache/Home/f1105984bfefe3f9c6c6b0aed51b5873.php 第 25 行.
SQL: SELECT `id`,`title`,`click` FROM `blog_content` ORDER BY click desc LIMIT 5   [ RunTime:0.011074s ]
NOTIC: [8] Undefined variable: order /data/www/blog/App/Runtime/Cache/Home/82fde19a6a150571f89c227782947b1d.php 第 3 行.
SQL: SELECT `id`,`title`,`click` FROM `blog_content` ORDER BY add_time desc LIMIT 5   [ RunTime:0.011589s ]
NOTIC: [8] Undefined variable: order /data/www/blog/App/Runtime/Cache/Home/82fde19a6a150571f89c227782947b1d.php 第 3 行.
SQL: SHOW COLUMNS FROM `blog_link` [ RunTime:0.015479s ]
SQL: SELECT `name`,`link` FROM `blog_link` ORDER BY sort  [ RunTime:0.024246s ]
INFO: ParseTemplate Behavior ::run [ RunTime:1.164691s ]
INFO: [ view_parse ] --END-- [ RunTime:1.165017s ]
INFO: [ view_filter ] --START--
INFO: ContentReplace Behavior ::run [ RunTime:0.004662s ]
INFO: TokenBuild Behavior ::run [ RunTime:0.005589s ]
INFO: WriteHtmlCache Behavior ::run [ RunTime:0.009150s ]
INFO: ShowRuntime Behavior ::run [ RunTime:0.004177s ]
INFO: [ view_filter ] --END-- [ RunTime:0.024236s ]
INFO: [ view_end ] --START--
INFO: ShowPageTrace Behavior ::run [ RunTime:0.011024s ]
INFO: [ view_end ] --END-- [ RunTime:0.011903s ]

[ 2016-10-10T12:02:12+08:00 ] 192.168.33.1 /Home/Detail/clicknum/id/15.html
INFO: [ route_check ] --START--
INFO: CheckRoute Behavior ::run [ RunTime:0.005976s ]
INFO: [ route_check ] --END-- [ RunTime:0.006225s ]
INFO: [ app_begin ] --START--
INFO: ReadHtmlCache Behavior ::run [ RunTime:0.004629s ]
INFO: [ app_begin ] --END-- [ RunTime:0.004814s ]
SQL: SHOW COLUMNS FROM `blog_content` [ RunTime:0.013120s ]
SQL: SELECT `click` FROM `blog_content` WHERE ( `id` = 15 ) LIMIT 1   [ RunTime:0.008943s ]
SQL: UPDATE `blog_content` SET `click`=click+1 WHERE ( `id` = 15 ) [ RunTime:0.020956s ]

[ 2016-10-10T12:04:25+08:00 ] 192.168.33.1 /15.html
INFO: [ route_check ] --START--
INFO: CheckRoute Behavior ::run [ RunTime:0.006509s ]
INFO: [ route_check ] --END-- [ RunTime:0.006651s ]
INFO: [ app_begin ] --START--
INFO: ReadHtmlCache Behavior ::run [ RunTime:0.006712s ]
INFO: [ app_begin ] --END-- [ RunTime:0.006879s ]
SQL: SHOW COLUMNS FROM `blog_content` [ RunTime:0.012667s ]
SQL: SELECT * FROM `blog_content` WHERE ( `id` = 15 ) LIMIT 1   [ RunTime:0.045433s ]
SQL: SHOW COLUMNS FROM `blog_cate` [ RunTime:0.015845s ]
SQL: SELECT * FROM `blog_cate`  [ RunTime:0.011218s ]
SQL: SHOW COLUMNS FROM `blog_evaluate` [ RunTime:0.010131s ]
SQL: SELECT COUNT(*) AS tp_count FROM `blog_evaluate` WHERE ( `target_uid` = 15 ) AND ( `target_id` = 0 ) LIMIT 1   [ RunTime:0.008273s ]
SQL: SELECT * FROM `blog_evaluate` WHERE ( `target_uid` = 15 ) AND ( `target_id` = 0 ) LIMIT 0,5   [ RunTime:0.009264s ]
INFO: [ view_parse ] --START--
NOTIC: [8] Undefined variable: title /data/www/blog/App/Runtime/Cache/Home/0e5084fc0722bdeca7772e9f1781d893.php 第 8 行.
SQL: SHOW COLUMNS FROM `blog_cate` [ RunTime:0.008916s ]
SQL: SELECT * FROM `blog_cate` WHERE ( `is_show` = 1 ) ORDER BY sort ASC LIMIT 100   [ RunTime:0.010423s ]
SQL: SELECT * FROM `blog_evaluate` WHERE (  ( `target_uid` = '15' ) AND ( `target_id` = 0 ) AND ( `status` = 0 ) ) LIMIT 0,5   [ RunTime:0.012169s ]
SQL: SHOW COLUMNS FROM `blog_member` [ RunTime:0.009866s ]
SQL: SELECT `top_pic` FROM `blog_member` WHERE ( `member_id` = 2 ) LIMIT 1   [ RunTime:0.008654s ]
SQL: SELECT `member_name` FROM `blog_member` WHERE ( `member_id` = 2 ) LIMIT 1   [ RunTime:0.009092s ]
SQL: SELECT `top_pic` FROM `blog_member` WHERE ( `member_id` = 2 ) LIMIT 1   [ RunTime:0.008132s ]
SQL: SELECT `member_name` FROM `blog_member` WHERE ( `member_id` = 2 ) LIMIT 1   [ RunTime:0.009853s ]
NOTIC: [8] Undefined index: uid /data/www/blog/App/Runtime/Cache/Home/f1105984bfefe3f9c6c6b0aed51b5873.php 第 25 行.
SQL: SELECT `id`,`title`,`click` FROM `blog_content` ORDER BY click desc LIMIT 5   [ RunTime:0.008608s ]
NOTIC: [8] Undefined variable: order /data/www/blog/App/Runtime/Cache/Home/82fde19a6a150571f89c227782947b1d.php 第 3 行.
SQL: SELECT `id`,`title`,`click` FROM `blog_content` ORDER BY add_time desc LIMIT 5   [ RunTime:0.011604s ]
NOTIC: [8] Undefined variable: order /data/www/blog/App/Runtime/Cache/Home/82fde19a6a150571f89c227782947b1d.php 第 3 行.
SQL: SHOW COLUMNS FROM `blog_link` [ RunTime:0.008928s ]
SQL: SELECT `name`,`link` FROM `blog_link` ORDER BY sort  [ RunTime:0.009129s ]
INFO: ParseTemplate Behavior ::run [ RunTime:0.327173s ]
INFO: [ view_parse ] --END-- [ RunTime:0.327319s ]
INFO: [ view_filter ] --START--
INFO: ContentReplace Behavior ::run [ RunTime:0.004717s ]
INFO: TokenBuild Behavior ::run [ RunTime:0.005811s ]
INFO: WriteHtmlCache Behavior ::run [ RunTime:0.007692s ]
INFO: ShowRuntime Behavior ::run [ RunTime:0.006390s ]
INFO: [ view_filter ] --END-- [ RunTime:0.025079s ]
INFO: [ view_end ] --START--
INFO: ShowPageTrace Behavior ::run [ RunTime:0.004905s ]
INFO: [ view_end ] --END-- [ RunTime:0.005047s ]

[ 2016-10-10T12:04:26+08:00 ] 192.168.33.1 /Home/Detail/clicknum/id/15.html
INFO: [ route_check ] --START--
INFO: CheckRoute Behavior ::run [ RunTime:0.004380s ]
INFO: [ route_check ] --END-- [ RunTime:0.004506s ]
INFO: [ app_begin ] --START--
INFO: ReadHtmlCache Behavior ::run [ RunTime:0.004914s ]
INFO: [ app_begin ] --END-- [ RunTime:0.005051s ]
SQL: SHOW COLUMNS FROM `blog_content` [ RunTime:0.009465s ]
SQL: SELECT `click` FROM `blog_content` WHERE ( `id` = 15 ) LIMIT 1   [ RunTime:0.009845s ]
SQL: UPDATE `blog_content` SET `click`=click+1 WHERE ( `id` = 15 ) [ RunTime:0.019216s ]

[ 2016-10-10T12:11:25+08:00 ] 192.168.33.1 /15.html
INFO: [ route_check ] --START--
INFO: CheckRoute Behavior ::run [ RunTime:0.006359s ]
INFO: [ route_check ] --END-- [ RunTime:0.006589s ]
INFO: [ app_begin ] --START--
INFO: ReadHtmlCache Behavior ::run [ RunTime:0.007573s ]
INFO: [ app_begin ] --END-- [ RunTime:0.007727s ]
SQL: SHOW COLUMNS FROM `blog_content` [ RunTime:0.021124s ]
SQL: SELECT * FROM `blog_content` WHERE ( `id` = 15 ) LIMIT 1   [ RunTime:0.056581s ]
SQL: SHOW COLUMNS FROM `blog_cate` [ RunTime:0.032213s ]
SQL: SELECT * FROM `blog_cate`  [ RunTime:0.014288s ]
SQL: SHOW COLUMNS FROM `blog_evaluate` [ RunTime:0.016009s ]
SQL: SELECT COUNT(*) AS tp_count FROM `blog_evaluate` WHERE ( `target_uid` = 15 ) AND ( `target_id` = 0 ) LIMIT 1   [ RunTime:0.018430s ]
SQL: SELECT * FROM `blog_evaluate` WHERE ( `target_uid` = 15 ) AND ( `target_id` = 0 ) LIMIT 0,5   [ RunTime:0.016629s ]
INFO: [ view_parse ] --START--
NOTIC: [8] Undefined variable: title /data/www/blog/App/Runtime/Cache/Home/0e5084fc0722bdeca7772e9f1781d893.php 第 8 行.
SQL: SHOW COLUMNS FROM `blog_cate` [ RunTime:0.027442s ]
SQL: SELECT * FROM `blog_cate` WHERE ( `is_show` = 1 ) ORDER BY sort ASC LIMIT 100   [ RunTime:0.038591s ]
SQL: SELECT * FROM `blog_evaluate` WHERE (  ( `target_uid` = '15' ) AND ( `target_id` = 0 ) AND ( `status` = 0 ) ) LIMIT 0,5   [ RunTime:0.022235s ]
SQL: SHOW COLUMNS FROM `blog_member` [ RunTime:0.080887s ]
SQL: SELECT `top_pic` FROM `blog_member` WHERE ( `member_id` = 2 ) LIMIT 1   [ RunTime:0.038814s ]
SQL: SELECT `member_name` FROM `blog_member` WHERE ( `member_id` = 2 ) LIMIT 1   [ RunTime:0.023105s ]
SQL: SELECT `top_pic` FROM `blog_member` WHERE ( `member_id` = 2 ) LIMIT 1   [ RunTime:0.034914s ]
SQL: SELECT `member_name` FROM `blog_member` WHERE ( `member_id` = 2 ) LIMIT 1   [ RunTime:0.011340s ]
NOTIC: [8] Undefined index: uid /data/www/blog/App/Runtime/Cache/Home/f1105984bfefe3f9c6c6b0aed51b5873.php 第 25 行.
SQL: SELECT `id`,`title`,`click` FROM `blog_content` ORDER BY click desc LIMIT 5   [ RunTime:0.020588s ]
NOTIC: [8] Undefined variable: order /data/www/blog/App/Runtime/Cache/Home/82fde19a6a150571f89c227782947b1d.php 第 3 行.
SQL: SELECT `id`,`title`,`click` FROM `blog_content` ORDER BY add_time desc LIMIT 5   [ RunTime:0.019743s ]
NOTIC: [8] Undefined variable: order /data/www/blog/App/Runtime/Cache/Home/82fde19a6a150571f89c227782947b1d.php 第 3 行.
SQL: SHOW COLUMNS FROM `blog_link` [ RunTime:0.017194s ]
SQL: SELECT `name`,`link` FROM `blog_link` ORDER BY sort  [ RunTime:0.021200s ]
INFO: ParseTemplate Behavior ::run [ RunTime:0.517806s ]
INFO: [ view_parse ] --END-- [ RunTime:0.518009s ]
INFO: [ view_filter ] --START--
INFO: ContentReplace Behavior ::run [ RunTime:0.004747s ]
INFO: TokenBuild Behavior ::run [ RunTime:0.006172s ]
INFO: WriteHtmlCache Behavior ::run [ RunTime:0.007945s ]
INFO: ShowRuntime Behavior ::run [ RunTime:0.005452s ]
INFO: [ view_filter ] --END-- [ RunTime:0.024831s ]
INFO: [ view_end ] --START--
INFO: ShowPageTrace Behavior ::run [ RunTime:0.004689s ]
INFO: [ view_end ] --END-- [ RunTime:0.004839s ]

[ 2016-10-10T12:11:26+08:00 ] 192.168.33.1 /Home/Detail/clicknum/id/15.html
INFO: [ route_check ] --START--
INFO: CheckRoute Behavior ::run [ RunTime:0.004269s ]
INFO: [ route_check ] --END-- [ RunTime:0.004393s ]
INFO: [ app_begin ] --START--
INFO: ReadHtmlCache Behavior ::run [ RunTime:0.003251s ]
INFO: [ app_begin ] --END-- [ RunTime:0.003377s ]
SQL: SHOW COLUMNS FROM `blog_content` [ RunTime:0.040022s ]
SQL: SELECT `click` FROM `blog_content` WHERE ( `id` = 15 ) LIMIT 1   [ RunTime:0.022817s ]
SQL: UPDATE `blog_content` SET `click`=click+1 WHERE ( `id` = 15 ) [ RunTime:0.023133s ]

[ 2016-10-10T12:12:40+08:00 ] 192.168.33.1 /15.html
INFO: [ route_check ] --START--
INFO: CheckRoute Behavior ::run [ RunTime:0.012981s ]
INFO: [ route_check ] --END-- [ RunTime:0.013192s ]
INFO: [ app_begin ] --START--
INFO: ReadHtmlCache Behavior ::run [ RunTime:0.013648s ]
INFO: [ app_begin ] --END-- [ RunTime:0.013877s ]
SQL: SHOW COLUMNS FROM `blog_content` [ RunTime:0.010028s ]
SQL: SELECT * FROM `blog_content` WHERE ( `id` = 15 ) LIMIT 1   [ RunTime:0.053558s ]
SQL: SHOW COLUMNS FROM `blog_cate` [ RunTime:0.010150s ]
SQL: SELECT * FROM `blog_cate`  [ RunTime:0.016418s ]
SQL: SHOW COLUMNS FROM `blog_evaluate` [ RunTime:0.013339s ]
SQL: SELECT COUNT(*) AS tp_count FROM `blog_evaluate` WHERE ( `target_uid` = 15 ) AND ( `target_id` = 0 ) LIMIT 1   [ RunTime:0.010430s ]
SQL: SELECT * FROM `blog_evaluate` WHERE ( `target_uid` = 15 ) AND ( `target_id` = 0 ) LIMIT 0,5   [ RunTime:0.011436s ]
INFO: [ view_parse ] --START--
NOTIC: [8] Undefined variable: title /data/www/blog/App/Runtime/Cache/Home/0e5084fc0722bdeca7772e9f1781d893.php 第 8 行.
SQL: SHOW COLUMNS FROM `blog_cate` [ RunTime:0.011199s ]
SQL: SELECT * FROM `blog_cate` WHERE ( `is_show` = 1 ) ORDER BY sort ASC LIMIT 100   [ RunTime:0.047487s ]
SQL: SELECT * FROM `blog_evaluate` WHERE (  ( `target_uid` = '15' ) AND ( `target_id` = 0 ) AND ( `status` = 0 ) ) LIMIT 0,5   [ RunTime:0.014413s ]
SQL: SHOW COLUMNS FROM `blog_member` [ RunTime:0.013299s ]
SQL: SELECT `top_pic` FROM `blog_member` WHERE ( `member_id` = 2 ) LIMIT 1   [ RunTime:0.010900s ]
SQL: SELECT `member_name` FROM `blog_member` WHERE ( `member_id` = 2 ) LIMIT 1   [ RunTime:0.008521s ]
SQL: SELECT `top_pic` FROM `blog_member` WHERE ( `member_id` = 2 ) LIMIT 1   [ RunTime:0.008562s ]
SQL: SELECT `member_name` FROM `blog_member` WHERE ( `member_id` = 2 ) LIMIT 1   [ RunTime:0.011760s ]
NOTIC: [8] Undefined index: uid /data/www/blog/App/Runtime/Cache/Home/f1105984bfefe3f9c6c6b0aed51b5873.php 第 25 行.
SQL: SELECT `id`,`title`,`click` FROM `blog_content` ORDER BY click desc LIMIT 5   [ RunTime:0.010696s ]
NOTIC: [8] Undefined variable: order /data/www/blog/App/Runtime/Cache/Home/82fde19a6a150571f89c227782947b1d.php 第 3 行.
SQL: SELECT `id`,`title`,`click` FROM `blog_content` ORDER BY add_time desc LIMIT 5   [ RunTime:0.008888s ]
NOTIC: [8] Undefined variable: order /data/www/blog/App/Runtime/Cache/Home/82fde19a6a150571f89c227782947b1d.php 第 3 行.
SQL: SHOW COLUMNS FROM `blog_link` [ RunTime:0.014869s ]
SQL: SELECT `name`,`link` FROM `blog_link` ORDER BY sort  [ RunTime:0.010031s ]
INFO: ParseTemplate Behavior ::run [ RunTime:0.457905s ]
INFO: [ view_parse ] --END-- [ RunTime:0.458987s ]
INFO: [ view_filter ] --START--
INFO: ContentReplace Behavior ::run [ RunTime:0.005058s ]
INFO: TokenBuild Behavior ::run [ RunTime:0.007461s ]
INFO: WriteHtmlCache Behavior ::run [ RunTime:0.009853s ]
INFO: ShowRuntime Behavior ::run [ RunTime:0.009548s ]
INFO: [ view_filter ] --END-- [ RunTime:0.032365s ]
INFO: [ view_end ] --START--
INFO: ShowPageTrace Behavior ::run [ RunTime:0.006998s ]
INFO: [ view_end ] --END-- [ RunTime:0.007241s ]

[ 2016-10-10T12:12:41+08:00 ] 192.168.33.1 /Home/Detail/clicknum/id/15.html
INFO: [ route_check ] --START--
INFO: CheckRoute Behavior ::run [ RunTime:0.006721s ]
INFO: [ route_check ] --END-- [ RunTime:0.006869s ]
INFO: [ app_begin ] --START--
INFO: ReadHtmlCache Behavior ::run [ RunTime:0.007626s ]
INFO: [ app_begin ] --END-- [ RunTime:0.008023s ]
SQL: SHOW COLUMNS FROM `blog_content` [ RunTime:0.010759s ]
SQL: SELECT `click` FROM `blog_content` WHERE ( `id` = 15 ) LIMIT 1   [ RunTime:0.010762s ]
SQL: UPDATE `blog_content` SET `click`=click+1 WHERE ( `id` = 15 ) [ RunTime:0.030028s ]

